9118	0.00884916	0.48467908497
11678	0.0122371798741	0.827589576831
14225	0.0107649718513	0.641471664421
16936	0.01166783911	0.791259639664
19469	0.0133801921753	1.09362927591
23526	0.0160137579482	1.46173961624
26029	0.0160137579482	1.76475244435
28685	0.0155701587608	1.73351273849
31878	0.0149484582152	1.52947275806
34630	0.0122371798741	1.02801974304
37137	0.0109684259962	0.884368324419
39830	0.00485779431121	0.169494413072
42348	0.00637102400463	0.2736999318
44895	0.00358203309539	0.0871101475786
47694	0.00185834191916	0.031234823633
50248	0.00272018750727	0.050418454688
52765	0.00358203309539	0.0878656478599
55273	0.00485779431121	0.150150480447
57859	0.00358203309539	0.106254057493
61301	0.00185834191916	0.0320928096771
66035	0.00132569205265	-0.0190226000268
69184	0.00132569205265	-0.0519019972999
71998	0.00104452533955	-0.0616078488529
74813	0.00132569205265	-0.00496972887777
78071	0.00132569205265	0.00154214608483
80574	0.00132569205265	0.0146819013171
83621	0.00132569205265	0.0218971157447
86354	0.00185834191916	0.0422271189746
88971	0.00272018750727	0.054067438934
91765	0.00272018750727	0.0533690005541
94693	0.00185834191916	0.0441680348013
97624	0.00185834191916	0.0338902072981
100760	0.00272018750727	0.0565863347147
103279	0.00272018750727	0.0831582478713
105866	0.00321181570318	0.0888392683119
108405	0.00272018750727	0.0666656484827
111222	0.00272018750727	0.0788443468045
114015	0.00272018750727	0.066989965504
116631	0.00272018750727	0.0539838839322
119207	0.00227225754687	0.0500143985264
121743	0.00272018750727	0.061049366137
124272	0.00185834191916	0.042756251758
126803	0.00272018750727	0.055468929233
129335	0.00272018750727	0.0544382464141
131932	0.00272018750727	0.0612992041279
134465	0.00132569205265	-0.00140776229091
136994	0.00185834191916	0.0392133747227
139572	0.00272018750727	0.0547706228681
142151	0.00272018750727	0.0501774125732
144657	0.00272018750727	0.0512887043878
147384	0.00227225754687	0.0496478646528
150202	0.00185834191916	0.046141107101
152787	0.00272018750727	0.0560408579186
155314	0.00272018750727	0.0762494876981
157926	0.00358203309539	0.0975369394291
160464	0.00358203309539	0.120036035078
162972	0.00358203309539	0.139255418675
165508	0.00358203309539	0.133316915948
168140	0.00485779431121	0.19390441617
170684	0.00358203309539	0.142849763157
173515	0.00132569205265	-0.00166509021074
176197	0.00132569205265	0.000980030046776
178727	0.00132569205265	-0.00582641083747
181251	0.00132569205265	0.0129181332886
183836	0.00185834191916	0.0292837477755
186420	0.00132569205265	0.0149468148593
189098	0.00132569205265	0.014840337215
191690	0.00185834191916	0.0255502490327
194194	0.00185834191916	0.0299888702575
196818	0.00132569205265	0.0136251051445
199382	0.00272018750727	0.0492351986468
201903	0.00132569205265	0.0182839918416
204408	0.00132569205265	0.00134492991492
207060	0.00272018750727	0.0504255120177
209668	0.00185834191916	0.0246265253518
212257	0.00550917841652	0.322085733293
214829	0.00793929004445	0.486774749588
217404	0.00712547346484	0.427373018814
219928	0.00793929004445	0.548529343447
222471	0.00884916464107	0.719958212459
225076	0.00884916464107	0.703429753892
227674	0.0107649718513	1.01961944532
230182	0.0111055056838	1.156929916
232704	0.0133505086156	1.54629896348
235330	0.0133505086156	1.56797014782
238787	0.0133505086156	1.58173198928
241354	0.0133505086156	1.56046136026
243928	0.0160137579482	2.15538336849
246738	0.0160137579482	2.13546278398
249243	0.0206521816103	3.25874448963
251898	0.0206521816103	3.24525440671
254521	0.0206521816103	3.07102281973
257200	0.0196645944455	3.13518549502
259769	0.0199937901671	3.11296971538
272388	0.0206521816103	3.25610427582
285662	0.0223688654487	3.58455753
289296	0.0223688654487	3.80047637923
291968	0.0223688654487	3.73321321141
294521	0.0237703682412	4.02998122992
297061	0.0237703682412	4.19780040206
300718	0.0250801437897	4.29108689353
303323	0.0262301634288	4.53133591358
306245	0.0262301634288	4.47630701144
308785	0.0262301634288	4.5532974198
311629	0.0262301634288	4.62933136383
316504	0.0262301634288	4.7784955916
319173	0.0237703682412	4.38697162271
324539	0.0262301634288	4.68981693825
327097	0.0262301634288	4.84640325652
329637	0.0263672431164	4.97725031408
332140	0.0263672431164	4.97033320297
334824	0.0237703682412	4.34798186203
337636	0.0237703682412	4.04256163747
340137	0.0262301634288	4.65823585424
342803	0.0262301634288	4.75873548235
345313	0.0224055563463	3.90763370134
347845	0.0223688654487	3.82193804812
350391	0.0237703682412	3.95674756286
352970	0.0237703682412	3.97498873342
355481	0.0237703682412	4.22442528093
357998	0.0237703682412	4.22826096439
360609	0.0237703682412	4.25020030187
363139	0.0183111206615	2.72303830204
365702	0.0183111206615	2.66286785691
368214	0.0183111206615	2.55145202135
370724	0.0183111206615	2.36972174305
373317	0.0183111206615	2.41718575824
375826	0.0163429536698	2.02828714391
381632	0.0160137579482	1.87927540299
443168	0.0160137579482	1.77543148282
446791	0.0133505086156	1.54472517967
449338	0.0150078253346	1.90310178767
451867	0.00817943508696	0.641139569227
454379	0.00817943508696	0.624069095124
456946	0.00756206531435	0.580730783753
459608	0.00817943508696	0.617438121
462130	0.00756206531435	0.556062806165
465262	0.00817943508696	0.622665845323
467781	0.00817943508696	0.69185505365
470286	0.00756206531435	0.589962475467
473392	0.00884916464107	0.726150028873
475894	0.00817943508696	0.600930968067
478473	0.00358203309539	0.150734620402
481262	0.00637102400463	0.424511945574
483854	0.00547949485682	0.251332803164
486540	0.00550917841652	0.357398533961
489129	0.00817943508696	0.567531734472
491883	0.00756206531435	0.53165963944
494398	0.00637102400463	0.406980671687
496906	0.00817943508696	0.586562833749
499540	0.00550917841652	0.351743094623
502046	0.00637102400463	0.431144235888
504669	0.00712547346484	0.473382970784
507408	0.00712547346484	0.44994220417
509963	0.00550917841652	0.342840377707
512537	0.00358203309539	0.101958978456
515162	0.00547949485682	0.237087557791
517942	0.00817943508696	0.65051348228
520552	0.00884916464107	0.696702723391
523108	0.00884916464107	0.722997894976
525650	0.00884916464107	0.749355285428
528236	0.00884916464107	0.788195163943
530783	0.0107649718513	0.925763529725
533362	0.0142533758743	1.717610311
535968	0.0133505086156	1.60477625486
538516	0.0160137579482	2.20834572008
541341	0.0160137579482	2.27069523232
543899	0.0160137579482	2.2615860838
546691	0.0160137579482	2.27574369358
549260	0.0160137579482	2.15020117792
551916	0.0160137579482	2.14971690602
555433	0.0160137579482	2.08121061721
558788	0.0160137579482	2.21239724127
561425	0.0182700989909	2.67896244908
564066	0.0223688654487	3.9722797079
566715	0.0223688654487	3.83721577423
569375	0.0223688654487	3.9015576602
571907	0.0224055563463	3.97527911142
574430	0.0223688654487	3.58614433208
576950	0.0199937901671	3.38420440885
579496	0.0196645944455	3.31166073284
582052	0.0196645944455	3.28695289418
584590	0.0196645944455	3.32744130609
587241	0.0196645944455	3.40170922875
589750	0.0206521816103	3.53784496686
592276	0.0206521816103	3.61950673466
594825	0.0196645944455	3.3936364823
597473	0.0196645944455	3.33724384825
600115	0.0196645944455	3.43237191788
602636	0.0196645944455	3.42336615874
605294	0.0196645944455	3.46987121296
607797	0.0196645944455	3.39675496123
610375	0.0196645944455	3.33130923053
612978	0.0196645944455	3.32240346726
615949	0.0206521816103	3.71953027463
618465	0.0206521816103	3.61391048343
621048	0.0199937901671	3.54042474786
623933	0.0170126832239	2.60137962922
626469	0.0161394995249	2.20044296957
628975	0.0170126832239	2.58147658966
631640	0.0170126832239	2.59791433322
634210	0.0170126832239	2.72038884577
636742	0.0170126832239	2.46169836237
639297	0.0170126832239	2.47028629598
642007	0.0170126832239	2.44266061485
644558	0.0183111206615	2.96699088998
647186	0.0183111206615	2.92531726952
649864	0.0183111206615	2.84719951288
652624	0.0182700989909	2.74634513981
655671	0.0183111206615	2.81563150743
658294	0.0170126832239	2.73362193932
660932	0.0170126832239	2.69581083697
663442	0.0160137579482	2.22726590373
667682	0.0196645944455	3.2423674881
670229	0.0161394995249	2.36439733603
672832	0.0161394995249	2.26945922524
675494	0.0142533758743	1.62299970957
677996	0.0170126832239	2.58605819196
680805	0.0183111206615	3.03706778563
683804	0.0183111206615	3.10506694322
686403	0.0142533758743	1.64563290938
689469	0.0142533758743	1.72103013424
692065	0.0133505086156	1.54104135931
694595	0.0110941675729	1.30267895991
697314	0.00712547346484	0.523631391115
699868	0.00712547346484	0.505843170453
702474	0.00817943508696	0.621143888915
705006	0.00884916464107	0.706039182609
707518	0.00838288923186	0.68582148687
710146	0.00712547346484	0.465884036385
712656	0.00637102400463	0.42588265473
715166	0.00756206531435	0.517323347973
717687	0.00550917841652	0.363654392771
720425	0.00637102400463	0.408772140741
723171	0.00712547346484	0.482399893459
725690	0.00637102400463	0.429941872833
728201	0.00267916583668	0.0584239952732
731184	0.00358203309539	0.125566606177
733708	0.00321181570318	0.10166712082
736237	0.00272018750727	0.0662686098367
739090	0.00185834191916	0.050313396845
741819	0.00185834191916	0.0294412206858
744320	0.00185834191916	0.0318020116538
746943	0.00185834191916	0.0424370642286
749731	0.00267916583668	0.0595477758907
752286	0.00637102400463	0.422540004365
754846	0.00550917841652	0.394602322951
757363	0.00550917841652	0.368952039629
759879	0.00550917841652	0.387962020701
762422	0.00549784030562	0.296010520542
764963	0.00485779431121	0.233608734794
767475	0.00485779431121	0.204458495136
770002	0.00358203309539	0.171044801595
772517	0.00358203309539	0.135599100031
775140	0.00358203309539	0.116739467252
777876	0.00485779431121	0.205599654
780384	0.00549784030562	0.250696436502
782885	0.00485779431121	0.232371180784
785392	0.00549784030562	0.294271622784
787897	0.00756206531435	0.517356178723
790803	0.00637102400463	0.436493457295
793453	0.00550917841652	0.38850248931
796029	0.00550917841652	0.345974525437
798622	0.00756206531435	0.557759641204
801159	0.00817943508696	0.57268571225
804052	0.00550917841652	0.32243759837
806569	0.00916001491387	0.752525764285
809126	0.00916001491387	0.699964699335
811720	0.00756206531435	0.537456446327
814226	0.00884916464107	0.663653224707
816727	0.00916001491387	0.822557181586
819282	0.00916001491387	0.816365987528
821819	0.00916001491387	0.878502096049
824338	0.0107649718513	0.913148164749
826850	0.00916001491387	0.871649324195
829363	0.0107649718513	0.900102007901
831936	0.00756206531435	0.510271823267
834477	0.00550917841652	0.349297038047
837077	0.00477307440511	0.184795727953
839593	0.00756206531435	0.520743705099
842116	0.00756206531435	0.566858297214
844841	0.00756206531435	0.514852593187
847771	0.00756206531435	0.541040088749
850320	0.00817943508696	0.636632485315
853218	0.00916001491387	0.823299844284
855727	0.0107649718513	0.97619475727
858393	0.00916001491387	0.905474597355
860923	0.0109684259962	1.30670367996
863591	0.0109684259962	1.32868514047
866099	0.0109684259962	1.33311540121
869560	0.0109684259962	1.25799158518
872174	0.0107649718513	1.15933116036
875261	0.0107649718513	1.12526139664
877851	0.0109684259962	1.18401733018
880431	0.00941149806728	0.9328154549
884371	0.00817943508696	0.62706070696
887548	0.00722153148184	0.508951546391
890194	0.00358203309539	0.119945560116
892791	0.00358203309539	0.0959232700989
895358	0.00485779431121	0.226109781768
898175	0.00549784030562	0.259039530996
900758	0.00485779431121	0.200897366274
903742	0.00321181570318	0.0952652827837
906336	0.00185834191916	0.0308382885996
909091	0.00132569205265	0.0198539351113
911612	0.00485779431121	0.194422261557
914154	0.00321181570318	0.0928707583807
916725	0.00358203309539	0.127844563918
919265	0.00272018750727	0.0654931906611
922239	0.00132569205265	-0.0108660249971
924795	0.00132569205265	-0.0406733085401
927424	0.00104452533955	-0.0727400635369
930018	0.00104452533955	-0.0419867257588
932875	0.00132569205265	-0.0451191915199
935402	0.00132569205265	0.00242586107925
938037	0.00272018750727	0.0656406027265
940694	0.00185834191916	0.0310734855011
943264	0.00132569205265	-0.00138013949618
945786	0.00104452533955	-0.0649242042564
948303	0.00104452533955	-0.0609883337747
950899	0.00104452533955	-0.0567567853723
953457	0.00104452533955	-0.0924583915621
956029	0.00104452533955	-0.0785028445534
958790	0.00104452533955	-0.0700010359287
961447	0.00104452533955	-0.0626637272071
964064	0.00104452533955	-0.0486897425726
966776	0.00185834191916	0.0403991455678
969304	0.00321181570318	0.0925042482559
971922	0.00358203309539	0.120378071442
974478	0.00358203309539	0.0967092588544
977017	0.00321181570318	0.0875940911938
981154	0.00132569205265	-0.0369598816615
983655	0.00132569205265	-0.0227448737714
986203	0.00321181570318	0.0956804561429
988765	0.00185834191916	0.0518214753829
991342	0.00185834191916	0.0537023344077
993857	0.00267916583668	0.0601067000534
997409	0.00132569205265	0.0150864799507
999946	0.00185834191916	0.0470132024493
1002447	0.00272018750727	0.0757663149852
1005102	0.00272018750727	0.0772382875439
1007628	0.00185834191916	0.0336617433932
1010133	0.00185834191916	0.031311349012
1012815	0.00185834191916	0.0337578828912
1015342	0.00132569205265	0.0237425258383
1018161	0.00132569205265	0.0229554849211
1020701	0.00132569205265	0.0232038258109
1023310	0.00267916583668	0.0616008511279
1026111	0.00185834191916	0.0349479715806
1028628	0.00185834191916	0.0394607407507
1031134	0.00358203309539	0.181480831699
1033663	0.00185834191916	0.023445900064
1036219	0.00185834191916	0.0376472568605
1038812	0.00358203309539	0.146076771431
1041352	0.00267916583668	0.0716912969947
1043968	0.00132569205265	0.019616880687
1046634	0.00132569205265	0.0132875980344
1049188	0.00132569205265	-0.0111495913006
1051700	0.00132569205265	-0.0366329380777
1054207	0.00104452533955	-0.0673534760717
1056770	0.00132569205265	-0.00836710259318
1059363	0.00132569205265	0.00935110845603
1062228	0.00132569205265	-0.00595772243105
1064732	0.00132569205265	-0.0119904933963
1068370	0.00132569205265	-0.0136489961296
1070881	0.00185834191916	0.0494727657642
1073527	0.00185834191916	0.03642507107
1076032	0.00132569205265	0.000189894344658
1078537	0.00321181570318	0.091978113167
1081098	0.00272018750727	0.0697019193321
1083634	0.00185834191916	0.0310283452272
1086390	0.00358203309539	0.110787131358
1088992	0.00549784030562	0.297093225876
1091525	0.00549784030562	0.305923264939
1094043	0.00637102400463	0.441188344732
1096597	0.00637102400463	0.431960294722
1099121	0.00477307440511	0.236427860567
1101693	0.00477307440511	0.237314824713
1104537	0.00826848576606	0.716084850719
1107055	0.00916001491387	0.901109226746
1109756	0.0109684259962	1.07616173592
1112441	0.0109684259962	1.16277523339
1114973	0.0109684259962	1.15213758964
1117649	0.0109684259962	1.16869610944
1120204	0.0107649718513	1.11397188227
1122921	0.0107649718513	1.07675861125
1125593	0.0109684259962	1.06244318979
1128182	0.0107649718513	1.03912778571
1130933	0.00916001491387	0.992511721328
1133779	0.00826848576606	0.708944443846
1136300	0.00826848576606	0.737134482013
1138916	0.00723286959274	0.543117483845
1141469	0.00549784030562	0.386992123909
1144010	0.00477307440511	0.203089274932
1146664	0.00477307440511	0.223520749481
1149297	0.00549784030562	0.317590942373
1152013	0.00549784030562	0.351693238132
1154531	0.00549784030562	0.373827213887
1157333	0.00549784030562	0.260096376762
1160094	0.00227225754687	0.0605894024484
1162601	0.00227225754687	0.0582234174944
1165105	0.00227225754687	0.0599263773765
1167626	0.00267916583668	0.0743037573993
1170235	0.00227225754687	0.0600926119369
1172918	0.00185834191916	0.0541055824142
1175578	0.00185834191916	0.0496984599158
1178124	0.00185834191916	0.0540977104101
1180659	0.00267916583668	0.0614116867073
1183173	0.00267916583668	0.0740693106782
1185731	0.00132569205265	0.00809101737104
1188350	0.00132569205265	0.0123705179431
1190873	0.00132569205265	-0.00457731448114
1193379	0.00132569205265	-0.0104655276518
1195887	0.00132569205265	-0.0146070173942
1198428	0.00132569205265	-0.017276662169
1200983	0.00132569205265	-0.0183416325599
1203487	0.00132569205265	0.0187989668921
1206024	0.00185834191916	0.0334696180653
1208732	0.00132569205265	0.0203730731737
1211457	0.00132569205265	0.013640498044
1213962	0.00132569205265	-0.0243431911804
1216553	0.00132569205265	-0.0249338028952
1219057	0.00132569205265	-0.0139337759465
1221611	0.00132569205265	-0.0103567838669
1224352	0.00132569205265	-0.0181469654199
1227053	0.00132569205265	-0.0160853336565
1229555	0.00132569205265	-0.00659409933724
1232184	0.00104452533955	-0.0635900294874
1235031	0.00104452533955	-0.0679518659599
1238121	0.00104452533955	-0.067715234356
1240650	0.00104452533955	-0.0672388619278
1243265	0.00104452533955	-0.0645357382018
1245934	0.00104452533955	-0.0886607035063
1248493	0.00104452533955	-0.0868003927171
1251136	0.00104452533955	-0.0944456229918
1253666	0.00104452533955	-0.0427766370121
1256213	0.00132569205265	-0.021911271615
1258727	0.00132569205265	-0.0302850382868
1261260	0.00132569205265	-0.0327558240388
1263780	0.00132569205265	-0.0380516152363
1266308	0.00104452533955	-0.0504118483514
1268968	0.00132569205265	-0.0242706714198
1271489	0.00272018750727	0.0802097483538
1274127	0.00132569205265	-0.0412300832104
1276663	0.00104452533955	-0.0340063415933
1279230	0.00132569205265	-0.0433328950312
1281851	0.00104452533955	-0.053462192649
1284398	0.00104452533955	-0.0495272325352
1287027	0.00104452533955	-0.0787970714737
1289548	0.00104452533955	-0.099419844104
1292087	0.00104452533955	-0.102590916911
1294629	0.00104452533955	-0.102469219128
1297162	0.00104452533955	-0.0886258794926
1299784	0.00104452533955	-0.0949909021147
1302297	0.00104452533955	-0.137706812238
1307278	0.00104452533955	-0.137860808289
1310801	0.00104452533955	-0.130322652636
1313384	0.00104452533955	-0.125575312879
1315956	0.00104452533955	-0.117056902498
1318472	0.00104452533955	-0.115225684596
1321130	0.00104452533955	-0.151608724613
1323664	0.00104452533955	-0.149870648049
1326234	0.00104452533955	-0.110621073516
1328829	0.00104452533955	-0.0676821726374
1331441	0.00104452533955	-0.0811156963464
1334078	0.00104452533955	-0.0753047096077
1336593	0.00104452533955	-0.064629787812
1339346	0.00104452533955	-0.0680905231275
1341948	0.00104452533955	-0.0772756412625
1344450	0.00104452533955	-0.0838392635342
1347019	0.00104452533955	-0.0854025259614
1349528	0.00132569205265	-0.00487289298326
1352068	0.00132569205265	-0.0101071349345
1354677	0.00132569205265	-0.00604200107045
1357236	0.00132569205265	-0.00407058047131
1359771	0.00132569205265	0.000689747510478
1362293	0.00132569205265	0.0242608725093
1364794	0.00132569205265	-0.0130406070966
1367406	0.00132569205265	-5.76139427722e-06
1369908	0.00132569205265	-0.000556526007131
1372418	0.00132569205265	-0.00198070355691
1375119	0.00132569205265	-0.0418044375256
1377792	0.00132569205265	-0.0409940285608
1380308	0.00132569205265	-0.0344319073483
1383461	0.00104452533955	-0.0588909576181
1386059	0.00104452533955	-0.0896458267234
1388560	0.00104452533955	-0.14621910057
1391174	0.00104452533955	-0.14516262454
1394062	0.00104452533955	-0.13987401966
1396661	0.00104452533955	-0.164255681448
1399171	0.00104452533955	-0.160920479568
1401728	0.00104452533955	-0.1800955527
1404287	0.00104452533955	-0.163623565342
1407954	0.00104452533955	-0.139963886701
1410482	0.00104452533955	-0.153174190782
1413303	0.00104452533955	-0.169969330542
1415920	0.00104452533955	-0.18042271072
1418468	0.00104452533955	-0.183305209968
1421128	0.00104452533955	-0.18582162424
1423678	0.00104452533955	-0.18475480983
1426204	0.00104452533955	-0.18530307617
1428719	0.00104452533955	-0.182224818738
1431262	0.00104452533955	-0.182923229644
1433781	0.00104452533955	-0.202192310244
1436338	0.00104452533955	-0.202962886076
1438844	0.00104452533955	-0.194153876975
1441408	0.00104452533955	-0.199337483849
1443999	0.00104452533955	-0.208379956661
1446511	0.00104452533955	-0.181888865074
1449099	0.00104452533955	-0.208473039558
1451630	0.00104452533955	-0.2111496781
1454223	0.00104452533955	-0.210106748156
1456733	0.00104452533955	-0.210915334057
1459359	0.00104452533955	-0.21189719392
1461996	0.00104452533955	-0.214217045577
1464722	0.00104452533955	-0.212006465765
1467235	0.00104452533955	-0.214770261897
1469775	0.00104452533955	-0.20930094691
1472297	0.00104452533955	-0.21554107382
1474806	0.00104452533955	-0.195814640261
1477319	0.00104452533955	-0.199641848914
1479852	0.00104452533955	-0.185888766544
1482424	0.00104452533955	-0.105630103266
1485228	0.00104452533955	-0.105526645202
1487749	0.00104452533955	-0.111775712809
1490533	0.00104452533955	-0.116388549795
1493148	0.00104452533955	-0.108656287193
1495667	0.00104452533955	-0.0554083748721
1498201	0.00104452533955	-0.0411234914791
1501100	0.00132569205265	-0.0032143718563
1503638	0.00358203309539	0.143068788107
1506230	0.00550917841652	0.438393279212
1508740	0.00549784030562	0.402842632961
1511270	0.00637102400463	0.455854825675
1513807	0.00550917841652	0.42021920532
1516310	0.00549784030562	0.343985074665
1518835	0.00756206531435	0.588098049397
1521412	0.00817943508696	0.608434156049
1524415	0.00826848576606	0.674967028666
1526953	0.00549784030562	0.303868815769
1529470	0.00549784030562	0.29260754725
1532143	0.00549784030562	0.286856000079
1534678	0.00550917841652	0.396822423441
1537451	0.00549784030562	0.316413569497
1539953	0.00549784030562	0.268540353281
1542457	0.00497652855001	0.244899109704
1545048	0.00358203309539	0.140833028359
1547647	0.00477307440511	0.213283228455
1550867	0.00358203309539	0.136820169631
1553705	0.00358203309539	0.124116328312
1556592	0.00358203309539	0.126258721342
1559151	0.00358203309539	0.126021800796
1562104	0.00185834191916	0.0418072806206
1564690	0.00185834191916	0.041061154101
1568313	0.00300836155828	0.0915492696222
1572184	0.00272018750727	0.0783278653398
1574840	0.00272018750727	0.0759855548386
1577352	0.00227225754687	0.0547538266983
1579875	0.00227225754687	0.0566521973815
1582391	0.00185834191916	0.0382777084596
1585332	0.00132569205265	0.0224434339907
1587996	0.00185834191916	0.0419087833725
1590537	0.00185834191916	0.0424780969042
1593108	0.00358203309539	0.115351886954
1595729	0.00358203309539	0.136410729261
1598375	0.00358203309539	0.128916661488
1600898	0.00549784030562	0.263055472169
1603558	0.00549784030562	0.243707368383
1606153	0.00549784030562	0.265017023543
1608690	0.00549784030562	0.306025941391
1615017	0.00549784030562	0.305775035406
1618963	0.00549784030562	0.304186933208
1621469	0.00549784030562	0.315998057602
1624023	0.00549784030562	0.290606708266
1626533	0.00549784030562	0.340731506469
1629040	0.00637102400463	0.437498915009
1631559	0.00549784030562	0.320792012382
1634065	0.00549784030562	0.315530405147
1636597	0.00549784030562	0.28713689209
1639104	0.00497652855001	0.249710106757
1641662	0.00477307440511	0.218808105448
1644434	0.00477307440511	0.229678331176
1647298	0.00477307440511	0.216987698339
1649869	0.00358203309539	0.17099621403
1652416	0.00477307440511	0.19147729408
1654950	0.00477307440511	0.190856978996
1657457	0.00358203309539	0.149248447036
1660093	0.00358203309539	0.118184488965
1662601	0.00477307440511	0.203401491512
1665136	0.00358203309539	0.144534048392
1667663	0.00477307440511	0.209526716731
1670165	0.00477307440511	0.203513739863
1672712	0.00549784030562	0.37353798328
1675335	0.00549784030562	0.368053622544
1677853	0.00549784030562	0.314752213424
1680540	0.00549784030562	0.345775571419
1683043	0.00637102400463	0.447813797509
1685580	0.00358203309539	0.178988180123
1688108	0.00358203309539	0.172553373268
1690631	0.00477307440511	0.186595545616
1693141	0.00637102400463	0.460542848799
1695647	0.00916001491387	0.766637686873
1698189	0.00826848576606	0.717255913652
1700707	0.00887884820077	0.72719295579
1703279	0.00756206531435	0.590398415457
1705786	0.00916001491387	0.888624361018
1708289	0.0107649718513	1.1127032428
1710830	0.00916001491387	0.90609706752
1713339	0.00916001491387	0.913822916336
1715870	0.00916001491387	0.797923419625
1718375	0.00826848576606	0.654310971033
1720877	0.00817943508696	0.605136494152
1723427	0.00817943508696	0.583359122276
1725939	0.00756206531435	0.537152293138
1728550	0.00723286959274	0.516003255034
1731054	0.00723286959274	0.497142993845
1733563	0.00756206531435	0.565624928335
1736350	0.00826848576606	0.672791772056
1739292	0.00826848576606	0.66886850982
1742214	0.00826848576606	0.672810819466
1745054	0.00826848576606	0.680789195467
1747606	0.00826848576606	0.704905413091
1750350	0.00826848576606	0.734798865626
1753438	0.00916001491387	0.810375869507
1756416	0.00826848576606	0.679253030568
1759220	0.00549784030562	0.328314395621
1762250	0.00185834191916	0.0535589912906
1764813	0.00272018750727	0.0814710643608
1767335	0.00185834191916	0.0345104546286
1772135	0.00185834191916	0.0304675127845
1774953	0.00185834191916	0.0277870320715
1777517	0.00185834191916	0.0277242837474
1780372	0.00132569205265	0.0237706541084
1783108	0.00132569205265	0.0250535006635
1785626	0.00132569205265	0.0062218864914
1788458	0.00185834191916	0.0417125411332
1791452	0.00185834191916	0.04277157248
1794308	0.00185834191916	0.0423941074405
1797908	0.00358203309539	0.150023292517
1802116	0.00358203309539	0.144314295845
1805078	0.00358203309539	0.132454493782
1808915	0.00549784030562	0.320120858029
1811546	0.00549784030562	0.32552423398
1816480	0.00549784030562	0.342682727613
1819429	0.00185834191916	0.050252386136
1823286	0.00132569205265	-0.000552548095584
1826388	0.00132569205265	-0.00653685769066
1829439	0.00132569205265	0.000858493847772
1832074	0.00132569205265	-0.00777446082793
1834806	0.00132569205265	-0.015555879334
1837313	0.00132569205265	0.0101589062251
1839830	0.00132569205265	0.00377625972033
1842428	0.00185834191916	0.0400611900259
1845044	0.00185834191916	0.0444064023905
1847576	0.00358203309539	0.117880262667
1850152	0.00321181570318	0.098722967552
1852707	0.00321181570318	0.097472472582
1855223	0.00321181570318	0.097610977944
1857750	0.00358203309539	0.111382645555
1860257	0.00549784030562	0.292122180806
1862977	0.00550917841652	0.378760366235
1865840	0.00817943508696	0.56811724673
1868541	0.00884916464107	0.678668620298
1871537	0.00916001491387	0.861447620438
1874356	0.00916001491387	0.817149374634
1876880	0.0107649718513	1.18257616088
1879520	0.0118712932549	1.39848697814
1882158	0.01166783911	1.30078560137
1884826	0.0109684259962	1.20709823212
1887432	0.0107649718513	1.10509693809
1890008	0.0107649718513	1.06597151305
1892554	0.0107649718513	0.960550139891
1895076	0.0107649718513	0.856855562655
1897669	0.00916001491387	0.755896521732
1900339	0.0109684259962	1.22816274595
1902875	0.0133505086156	1.40672410768
1905386	0.0107649718513	1.00856784894
1907915	0.0109684259962	1.23278109403
1910474	0.011859955144	1.34706139471
1913098	0.0133505086156	1.48230233323
1915608	0.0196645944455	2.98566257325
1924757	0.0206521816103	3.15918849083
1928838	0.0206521816103	3.29753942578
1931446	0.0223688654487	3.40073208394
1934393	0.0206521816103	3.30320544681
1936922	0.0223688654487	3.41552159516
1939616	0.0155701587608	2.01422182866
1942574	0.0161394995249	2.32997190533
1945244	0.0224055563463	4.15989076858
1947782	0.0224055563463	4.18976580002
1950508	0.0237703682412	4.40641854331
1953162	0.0237703682412	4.42565021804
1955751	0.0237703682412	4.46899286075
1958525	0.0237703682412	4.34350014641
1961067	0.0224055563463	4.21955520427
1963617	0.0224055563463	4.09054839332
1966370	0.0224055563463	3.95485057682
1969016	0.0224055563463	4.1450146453
1971632	0.0183111206615	2.97789384425
1975413	0.0183111206615	2.73874200764
1977924	0.0196645944455	3.06041644746
1980427	0.0206521816103	3.29551089858
1982975	0.0223688654487	3.50520956935
1985496	0.0223688654487	3.49069023272
1988031	0.0196645944455	3.09022844816
1990555	0.0196645944455	3.11427172087
1993231	0.0161394995249	1.98009130196
1995771	0.0183111206615	2.57229869929
1998391	0.0183111206615	2.60737691028
2000999	0.0183111206615	2.78678673948
2003588	0.0160137579482	1.85221576062
2006105	0.0170126832239	2.13215891365
2008612	0.0160137579482	1.87357080518
2011154	0.0170126832239	2.30593839637
2013657	0.0163429536698	2.09901408572
2016173	0.0160137579482	1.94949460449
2018701	0.0107649718513	1.08017321094
2021210	0.0107649718513	1.06177371414
2023776	0.0133505086156	1.20394677506
2026304	0.0133505086156	1.21536303964
2028834	0.0133505086156	1.15855325502
2031337	0.0118302715843	1.08429240598
2033843	0.0107649718513	0.979285122827
2036345	0.0118302715843	1.08179988666
2038855	0.0118302715843	1.08804326202
2041362	0.0109684259962	1.01509024343
2043905	0.0133505086156	1.21571044484
2046528	0.0118302715843	1.05818123813
2049049	0.0118302715843	1.06773318443
2051614	0.0107649718513	0.877246963326
2054117	0.0107649718513	0.905808787793
2056722	0.0107649718513	0.72470987984
2059233	0.0107649718513	0.750783932162
2061777	0.0107649718513	0.90449237451
2064458	0.0107649718513	0.801421860466
2067028	0.00549784030562	0.178528124932
2069580	0.00485779431121	0.138058885001
2072145	0.00132569205265	-0.00357738719322
2074723	0.00132569205265	-0.0100598265417
2077531	0.00132569205265	-0.0164264873601
2080101	0.00104452533955	-0.0878634359688
2082753	0.00104452533955	-0.0972754065879
2085478	0.00104452533955	-0.117882196326
2087987	0.00104452533955	-0.193169459468
2090597	0.00104452533955	-0.217186734313
2093101	0.00104452533955	-0.203700076556
2095615	0.00104452533955	-0.185932289809
2098185	0.00104452533955	-0.0934500927106
2210585	0.00132569205265	-0.0196476371493
2213095	0.00124797948445	-0.0590722274501
2215669	0.00104452533955	-0.0653726039454
2218300	0.00124797948445	-0.0641444399953
2220833	0.00104452533955	-0.0694922090042
2223446	0.00104452533955	-0.0773731512018
2226188	0.00104452533955	-0.0673095891252
2228690	0.00132569205265	-0.0745711722411
2231386	0.00132569205265	-0.0619075982831
2233905	0.00132569205265	0.0012739431113
2236515	0.00132569205265	0.00483959540725
2239041	0.00550917841652	0.223778920248
2242061	0.00884916464107	0.440279259579
2244563	0.00916001491387	0.573277724674
2247157	0.0112976217178	0.894792942097
2249715	0.0112976217178	0.898369426373
2252310	0.0107649718513	0.656125678914
2254947	0.00817943508696	0.373684873106
2257452	0.00884916464107	0.436347948387
2260033	0.0107649718513	0.806411352707
2262612	0.0107649718513	0.82309151208
2265466	0.0142533758743	1.11808649194
2268837	0.0167908836302	1.70795607707
2271370	0.0196645944455	2.48565398622
2274058	0.0183111206615	2.07427684776
2276595	0.0183111206615	1.8439336319
2279176	0.0196645944455	2.04006979032
2281692	0.0206521816103	2.25347722392
2284266	0.0206521816103	2.21524460474
2287215	0.0183111206615	1.80658741063
2289973	0.0196645944455	1.98530447041
2293251	0.0206521816103	2.04028959991
2295834	0.0196645944455	2.0418567101
2298566	0.0196645944455	2.07151383744
2302895	0.0223688654487	2.27002457296
2305512	0.0223688654487	2.26221536961
2308027	0.0223688654487	2.69240586436
2310733	0.0223688654487	2.53239609627
2314151	0.0223688654487	2.46889272425
2316669	0.0206521816103	2.05141431279
2319287	0.0206521816103	2.10760115017
2322141	0.0196645944455	2.02326269937
2324773	0.0160137579482	1.46649859124
2327503	0.0160137579482	1.36474320083
2330382	0.0150078253346	1.24056249741
2333381	0.0144158083487	1.13789477316
2336910	0.0133801921753	1.02808606345
2341109	0.0107649718513	0.752077987883
2344025	0.00550917841652	0.217199946288
2346674	0.00793929004445	0.438114739489
2349230	0.00485779431121	0.160915177548
2352002	0.00358203309539	0.101926734904
2354560	0.00185834191916	0.0308868740685
2357372	0.00272018750727	0.0489153044764
2360228	0.00185834191916	0.030380766606
2362761	0.00272018750727	0.0517561859451
2365445	0.00358203309539	0.0909843465779
2368077	0.00485779431121	0.117975840811
2370585	0.00358203309539	0.119546396192
2373160	0.00485779431121	0.119695330039
2375709	0.00358203309539	0.089851813158
2378297	0.00547949485682	0.17304918007
2380964	0.00550917841652	0.245958188549
2383516	0.00550917841652	0.244329433423
2386020	0.00550917841652	0.220154331066
2388648	0.00550917841652	0.182234827662
2391155	0.00550917841652	0.205273363041
2394212	0.00550917841652	0.219981884584
2399550	0.00550917841652	0.216968125664
2402072	0.00485779431121	0.138443249511
2404595	0.00485779431121	0.139835809357
2407340	0.00485779431121	0.131433679024
2409874	0.00550917841652	0.207075042883
2412420	0.00485779431121	0.135090481024
2415070	0.00485779431121	0.13687296235
2417801	0.00547949485682	0.155752719846
2420386	0.00358203309539	0.0721459079068
2423119	0.00358203309539	0.0666007972322
2425796	0.00485779431121	0.0914520006627
2428980	0.00272018750727	0.0422292239964
2431506	0.00272018750727	0.0532642216422
2434078	0.00132569205265	0.00823912583292
2436660	0.00132569205265	-0.00400558533147
2439165	0.00132569205265	-0.0157128081191
2442142	0.00104452533955	-0.099685195135
2444660	0.00104452533955	-0.10313875135
2447620	0.00132569205265	-0.0783352688886
2450192	0.00132569205265	-0.0562929725274
2452850	0.00132569205265	-0.0538370166905
2461385	0.00132569205265	-0.0424384174403
2466260	0.00132569205265	-0.0320393338334
2473605	0.00132569205265	-0.00872714421712
2476123	0.00185834191916	0.0283557020593
2478699	0.00104452533955	-0.081963240169
2481279	0.00104452533955	-0.0844285110943
2484125	0.00104452533955	-0.0890719657764
2486735	0.00104452533955	-0.118933963357
2489275	0.00104452533955	-0.079993335763
2491780	0.00132569205265	-0.0718119342346
2494329	0.00132569205265	-0.0609448412433
2496874	0.00132569205265	-0.0460116423201
2499419	0.00132569205265	-0.013818833977
2501978	0.00132569205265	-0.012993956916
2504527	0.00132569205265	-0.0155342277139
2507121	0.00272018750727	0.0652880109847
2509639	0.00547949485682	0.18514212314
2512231	0.00550917841652	0.244288784452
2514732	0.00817943508696	0.414019657532
2517261	0.00550917841652	0.259323462145
2519871	0.00550917841652	0.223711884581
2522373	0.00637102400463	0.299264481058
2524954	0.00549784030562	0.176152050961
2528858	0.00358203309539	0.114333001431
2531429	0.00185834191916	0.0300917569548
2533943	0.00358203309539	0.0800809138454
2536510	0.00358203309539	0.0841745743528
2539506	0.00358203309539	0.0896537045483
2542186	0.00485779431121	0.126417388441
2545020	0.00549784030562	0.201102284947
2547668	0.00485779431121	0.150474979542
2550272	0.00358203309539	0.0834883814678
2552807	0.00549784030562	0.214715203736
2555476	0.00549784030562	0.191448296653
2558854	0.00550917841652	0.2565758368
2561708	0.00637102400463	0.327772419434
2564546	0.0107649718513	0.741075787926
2567134	0.0107649718513	0.715692671947
2569646	0.0107649718513	0.887558034388
2572150	0.0107649718513	0.78810792882
2575147	0.0107649718513	0.709567737533
2580229	0.00550917841652	0.303083325503
2582764	0.00132569205265	-0.0460504842922
2585454	0.00132569205265	-0.0315009076148
2588436	0.00132569205265	-0.0394500596449
2590977	0.00132569205265	-0.0317675040569
2593607	0.00132569205265	-0.0354585279711
2596166	0.00132569205265	-0.025206575403
2598690	0.00132569205265	-0.0160765273031
2601205	0.00132569205265	-0.0742965005338
2603766	0.00132569205265	-0.00265120575204
2606494	0.00132569205265	0.0046507588122
2609158	0.00132569205265	0.004258033121
2611716	0.00132569205265	-0.0075541138649
2614623	0.00132569205265	-0.0108853168786
2617196	0.00132569205265	-0.0220787047874
2619926	0.00132569205265	-0.01589032216
2622443	0.00132569205265	-0.00747090438381
2625053	0.00132569205265	-0.0060250707902
2627748	0.00132569205265	-0.00526552367955
2630492	0.00132569205265	-0.0326485123951
2633086	0.00132569205265	-0.0188911580481
2635612	0.00132569205265	-0.0319481757469
2639014	0.00132569205265	-0.0666804914363
2641584	0.00132569205265	-0.0764547339641
2644094	0.00132569205265	-0.0655412939377
2646868	0.00104452533955	-0.0886962916702
2649615	0.00132569205265	-0.0823233556002
2652132	0.00104452533955	-0.085871549556
2654699	0.00104452533955	-0.110034286277
2657216	0.00104452533955	-0.114840565249
2659811	0.00132569205265	-0.0683603556827
2662491	0.00132569205265	-0.0582083298359
2665489	0.00132569205265	-0.0141708385199
2668013	0.00132569205265	-0.0136208119802
2670563	0.00132569205265	-0.024913019035
2673315	0.00185834191916	0.0338307947386
2675881	0.00547949485682	0.179128315765
2678392	0.00637102400463	0.289180647582
2681071	0.00637102400463	0.277000912232
2684231	0.00637102400463	0.310279384721
2686992	0.00637102400463	0.30649066437
2689733	0.00756206531435	0.376176653663
2692238	0.00884916464107	0.446900408715
2695105	0.00916001491387	0.524885584367
2697777	0.0107649718513	0.681941320188
2701831	0.0133505086156	0.991345670773
2704434	0.0109684259962	0.961254056543
2707033	0.0142533758743	1.28025545087
2709922	0.0142533758743	1.21203149483
2712459	0.0142533758743	1.12858858192
2715063	0.0107649718513	0.798365599476
2717566	0.0107649718513	0.640235088533
2720089	0.0133505086156	0.918960193638
2722665	0.0109684259962	0.855910376878
2725177	0.0107649718513	0.767371748341
2727949	0.0107649718513	0.668161555659
2730607	0.0107649718513	0.769413972739
2733152	0.0107649718513	0.747043841751
2735860	0.0107649718513	0.763888300164
2738555	0.00916001491387	0.57850058144
2741091	0.00884916464107	0.438661934575
2743632	0.00916001491387	0.557324590394
2746191	0.00916001491387	0.494043014012
2749300	0.00817943508696	0.374186027562
2752094	0.00756206531435	0.324517645873
2754648	0.00550917841652	0.22830766812
2757173	0.00549784030562	0.160049640574
2759765	0.00358203309539	0.0860626820941
2762764	0.00132569205265	-0.00573258264922
2765275	0.00132569205265	-0.0266473938245
2767825	0.00132569205265	-0.0608494495973
2770537	0.00104452533955	-0.0708176274784
2773698	0.00104452533955	-0.0806425341871
2776437	0.00104452533955	-0.0937610408291
2779009	0.00104452533955	-0.104894175194
2781536	0.00104452533955	-0.114244495053
2784128	0.00104452533955	-0.114944383269
2786751	0.00104452533955	-0.134047178086
2789603	0.00104452533955	-0.149792690296
2792217	0.00104452533955	-0.230235375697
2794752	0.00104452533955	-0.237364407629
2797305	0.00104452533955	-0.216048373608
2799826	0.00104452533955	-0.254619835876
2802733	0.00104452533955	-0.251661887392
2805458	0.00104452533955	-0.273859179346
2807960	0.00104452533955	-0.276863111882
2810469	0.00104452533955	-0.247307690326
2813181	0.00104452533955	-0.214717462193
2815782	0.00104452533955	-0.219621077646
2818399	0.00104452533955	-0.217993957922
2820938	0.00104452533955	-0.206003352534
2823519	0.00104452533955	-0.219126674347
2826054	0.00104452533955	-0.18651878438
2828701	0.00104452533955	-0.145512475166
2831299	0.00104452533955	-0.12083619507
2833979	0.00104452533955	-0.136402492644
2837133	0.00104452533955	-0.121201878181
2840140	0.00104452533955	-0.0655571310781
2842772	0.00132569205265	-0.0217823006678
2845325	0.00132569205265	-0.0148967346177
2847875	0.00132569205265	-0.0267147598788
2850381	0.00132569205265	-0.00962423789315
2853012	0.00272018750727	0.0631366977468
2855732	0.00185834191916	0.0488893855363
2858240	0.00477307440511	0.142716498114
2860758	0.00549784030562	0.150741620688
2863338	0.00358203309539	0.122292045038
2865902	0.00358203309539	0.11296895775
2868585	0.00756206531435	0.384614640847
2872238	0.00550917841652	0.277644253336
2874841	0.00477307440511	0.136205479736
2877637	0.00477307440511	0.127195034642
2880186	0.00358203309539	0.0869700938929
2882818	0.00185834191916	0.0430525194388
2885459	0.00549784030562	0.218912645243
2887966	0.00637102400463	0.283533266746
2890529	0.00817943508696	0.42366069532
2893200	0.00916001491387	0.474790860666
2895738	0.00785023936535	0.407974880189
2898290	0.00916001491387	0.466553729028
2900960	0.00916001491387	0.608178791124
2903581	0.0109684259962	0.748572753277
2906089	0.00817943508696	0.468087587971
2908879	0.00654479458983	0.333149803337
2911382	0.00549784030562	0.171325583942
2914345	0.00358203309539	0.115993235726
2916886	0.00132569205265	-0.056527040666
2919404	0.00104452533955	-0.0561216021888
2922212	0.00104452533955	-0.0718387467787
2924727	0.00104452533955	-0.0668880587909
2927383	0.00104452533955	-0.115918913158
2930427	0.00104452533955	-0.258946851362
2933263	0.00104452533955	-0.28484364273
2935779	0.00104452533955	-0.275656541577
2938408	0.00104452533955	-0.288783455966
2941255	0.00104452533955	-0.299735245295
2943799	0.00104452533955	-0.308092292631
2946338	0.00104452533955	-0.31056655664
2948963	0.00104452533955	-0.382930404972
2951713	0.00104452533955	-0.30424749502
2954239	0.00104452533955	-0.344991730992
2957012	0.00104452533955	-0.340941464994
2959545	0.00104452533955	-0.349316161126
2962113	0.00104452533955	-0.342756284634
2964633	0.00104452533955	-0.337135971524
2967227	0.00104452533955	-0.343309986405
2969910	0.00104452533955	-0.382665514946
2972781	0.00104452533955	-0.382944093551
2975297	0.00104452533955	-0.385330012301
2977925	0.00104452533955	-0.387947898125
2980532	0.00104452533955	-0.430419370998
2983230	0.00104452533955	-0.431979659479
2985905	0.00104452533955	-0.378632312408
2988409	0.00104452533955	-0.356495654443
2991035	0.00104452533955	-0.350183030358
2993927	0.00104452533955	-0.3081560235
2996558	0.00104452533955	-0.278074385133
2999100	0.00104452533955	-0.277260922361
3001646	0.00104452533955	-0.281282963697
3004158	0.00104452533955	-0.256579697365
3006699	0.00104452533955	-0.263132398948
3009442	0.00104452533955	-0.246674982365
3012126	0.00104452533955	-0.218530784594
3014859	0.00104452533955	-0.224475180497
3017424	0.00104452533955	-0.265757290646
3019993	0.00104452533955	-0.179620562121
3022535	0.00104452533955	-0.16585375811
3025779	0.00104452533955	-0.151729467325
3028286	0.00104452533955	-0.157089563785
3030796	0.00104452533955	-0.151190991979
3033466	0.00104452533955	-0.158194278134
3036091	0.00104452533955	-0.148870654171
3038963	0.00104452533955	-0.137952871388
3041485	0.00104452533955	-0.11908583832
3044095	0.00104452533955	-0.0849123534281
3046641	0.00104452533955	-0.0859726241324
3049243	0.00104452533955	-0.0773990754969
3052056	0.00104452533955	-0.0580408982933
3054574	0.00132569205265	-0.0660503013059
3057173	0.00132569205265	-0.0619530640543
3059692	0.00132569205265	-0.0548176420853
3062200	0.00132569205265	-0.020952794468
3064704	0.00132569205265	-0.0284660435282
3067450	0.00132569205265	-0.0389427305199
3070172	0.00132569205265	-0.0200442497153
3073100	0.00185834191916	0.00381901091896
3075852	0.00185834191916	0.0020905463025
3079060	0.00132569205265	-0.0174357364886
3081611	0.00132569205265	-0.0179001642391
3084247	0.00104452533955	-0.070446577156
3086776	0.00104452533955	-0.0698088235222
3089514	0.00132569205265	-0.00457736407407
3092210	0.00185834191916	0.0376157425344
3094783	0.00358203309539	0.0696571564768
3097351	0.00272018750727	0.06780486973
3100233	0.00358203309539	0.0698798946105
3102754	0.00185834191916	0.0495599466376
3105269	0.00358203309539	0.0907354101073
3108784	0.00549784030562	0.146916043246
3111453	0.00549784030562	0.176393417409
3114092	0.00549784030562	0.166296379408
3117280	0.00477307440511	0.120682223467
3120042	0.00358203309539	0.0758238020353
3123001	0.00185834191916	0.0510659823194
3125867	0.00185834191916	0.0407690731809
3128465	0.00358203309539	0.0826749010012
3131095	0.00756206531435	0.393182484433
3133675	0.00550917841652	0.196362021845
3136304	0.00550917841652	0.219486395828
3138863	0.00637102400463	0.274317062227
3141558	0.00550917841652	0.268016443355
3144218	0.00550917841652	0.226420233259
3147110	0.00185834191916	-0.00178618519567
3149648	0.00185834191916	0.00371835078113
3152320	0.00132569205265	-0.00620675762184
3155054	0.00104452533955	-0.0880361262243
3157813	0.00104452533955	-0.0947200558148
3160695	0.00104452533955	-0.129262179602
3163281	0.00104452533955	-0.0821831473149
3165890	0.00132569205265	-0.0196342826821
3169125	0.00132569205265	-0.0188308537472
3171900	0.00185834191916	0.00233442243189
3174469	0.00185834191916	0.035260586068
3177454	0.00132569205265	-0.00021586404182
3180359	0.00185834191916	0.0358869004995
3182980	0.00185834191916	0.0277636391111
3185485	0.00358203309539	0.0736339336727
3188047	0.00358203309539	0.0996716015507
3190695	0.00272018750727	0.0648413812742
3193261	0.00550917841652	0.176166968653
3195765	0.00485779431121	0.105800967896
3198675	0.00550917841652	0.186064097797
3201247	0.00637102400463	0.26077464805
3203846	0.00550917841652	0.22051438014
3206389	0.00550917841652	0.250586564885
3208995	0.00358203309539	0.0949818859808
3211694	0.00550917841652	0.193640471436
3214351	0.00550917841652	0.274767859839
3217997	0.00550917841652	0.273312556092
3220508	0.00550917841652	0.280024361564
3223075	0.00637102400463	0.289850395638
3226033	0.0112976217178	1.22279016324
3228579	0.0130623345646	1.21001856076
3231097	0.0142533758743	1.28380495147
3233712	0.0142533758743	1.29726856225
3236231	0.0138831584821	1.24221377051
3238859	0.0107649718513	0.917434131028
3241728	0.0107649718513	0.762614697218
3244277	0.0107649718513	0.759504229063
3246925	0.0107649718513	0.824433386559
3249521	0.0107649718513	0.914361889008
3252290	0.0110941675729	1.02759343409
3254888	0.0149894798858	1.41678629629
3257585	0.0149894798858	1.5655355698
3260280	0.0133024796071	1.18509160914
3262797	0.0132544505986	1.14343484188
3265353	0.0133024796071	1.22346021445
3267890	0.0132544505986	1.16825592425
3270637	0.0107649718513	0.800986340269
3273212	0.0132544505986	1.15297762514
3275872	0.0133024796071	1.16933236085
3278393	0.0133024796071	1.25708082458
3281499	0.0133024796071	1.23969907523
3284006	0.0142533758743	1.32508150837
3287190	0.0142533758743	1.44623970473
3289698	0.0142533758743	1.38559466065
3292208	0.0138831584821	1.4005850337
3294719	0.0142533758743	1.4122132957
3297248	0.0160137579482	1.84358821204
3299776	0.0142533758743	1.37551057013
3302460	0.0142533758743	1.23461833084
3304983	0.0133024796071	1.08548625279
3308092	0.00637102400463	0.346308408072
3310626	0.0110941675729	0.944992658217
3313412	0.0138831584821	1.1422654863
3315969	0.0110941675729	0.970953970449
3318476	0.0107649718513	0.890174404252
3321052	0.0133024796071	1.01475058775
3323560	0.0142533758743	1.19750131993
3326081	0.0149894798858	1.29052236141
3328761	0.0107649718513	0.864947729278
3331361	0.0107649718513	0.888195078587
3333878	0.00756206531435	0.418298442615
3336403	0.00884916464107	0.523829550715
3338990	0.00916001491387	0.544674897101
3341573	0.00916001491387	0.545554150362
3344199	0.00916001491387	0.57562677213
3346901	0.00916001491387	0.610408721259
3349418	0.00884916464107	0.520438086707
3351935	0.00756206531435	0.427645012271
3354595	0.00756206531435	0.40406759968
3357916	0.00637102400463	0.352990280604
3360483	0.00272018750727	0.0691907193977
3363708	0.00485779431121	0.12109622499
3366809	0.00185834191916	0.0275506712496
3369365	0.00185834191916	0.0254353056662
3372131	0.00132569205265	-0.0423181508668
3374639	0.00132569205265	-0.0845856801607
3377241	0.00132569205265	-0.0635824243072
3379814	0.00132569205265	-0.083289696835
3383106	0.00132569205265	-0.0912906255107
3386012	0.00104452533955	-0.0758481547236
3388518	0.00104452533955	-0.138445401331
3391062	0.00104452533955	-0.176988975843
3393596	0.00104452533955	-0.204929726664
3396522	0.00104452533955	-0.241689936491
3399044	0.00104452533955	-0.233630161732
3401902	0.00104452533955	-0.227826489834
3404461	0.00104452533955	-0.225316145457
3407059	0.00104452533955	-0.105972016929
3409873	0.00104452533955	-0.0877412355039
3412464	0.00132569205265	-0.0669104130939
3420352	0.00185834191916	0.00348815205507
3422863	0.00756206531435	0.389218341326
3425405	0.00884916464107	0.436675766716
3428134	0.00916001491387	0.518481167732
3430661	0.00916001491387	0.586082913447
3433367	0.00916001491387	0.614037690684
3436109	0.0107649718513	0.63433463499
3438647	0.0107649718513	0.640917077893
3441219	0.0107649718513	0.630821821047
3443817	0.00916001491387	0.56724004331
3446527	0.00916001491387	0.522573333699
3449428	0.00884916464107	0.458372671623
3451936	0.00756206531435	0.360244607087
3454542	0.00550917841652	0.186707560206
3459492	0.00185834191916	0.0538573379163
3462356	0.00185834191916	0.0532208369114
3464874	0.00132569205265	-0.063875656575
3467425	0.00132569205265	-0.00414444459602
3470073	0.00132569205265	-0.0109454898629
3472889	0.00132569205265	-0.018784024287
3477814	0.00132569205265	-0.030988634564
3480396	0.00132569205265	-0.0124722493347
3483302	0.00185834191916	-0.00119914207608
3485877	0.00185834191916	0.0255426371004
3488533	0.00185834191916	0.00710605597124
3492350	0.00132569205265	0.000420089345425
3494876	0.00132569205265	-0.0274120443501
3497926	0.00132569205265	-0.01471555233
3505365	0.00132569205265	-0.0280633526854
3507872	0.00132569205265	-0.0568305070046
3510599	0.00132569205265	-0.0669488119893
3513866	0.00132569205265	-0.0833974333946
3516453	0.00104452533955	-0.0835355857853
3519478	0.00104452533955	-0.114724803483
3522644	0.00104452533955	-0.106438149
3525970	0.00104452533955	-0.107422657777
3528520	0.00104452533955	-0.107131379889
3531519	0.00104452533955	-0.123049777932
3534368	0.00104452533955	-0.167262010043
3536987	0.00104452533955	-0.125355402939
3539642	0.00104452533955	-0.131374699995
3542143	0.00104452533955	-0.13135601487
3544706	0.00104452533955	-0.155310756061
3547605	0.00104452533955	-0.150237464346
3550786	0.00104452533955	-0.139060796471
3553309	0.00104452533955	-0.148446793668
3556010	0.00104452533955	-0.151222571498
3558520	0.00104452533955	-0.173796036281
3561368	0.00104452533955	-0.153383042663
3563964	0.00104452533955	-0.112202834105
3566965	0.00104452533955	-0.106567753246
3569622	0.00104452533955	-0.125574340113
3572480	0.00104452533955	-0.148573626997
3575075	0.00104452533955	-0.148116996977
3577730	0.00104452533955	-0.173473170958
3580402	0.00104452533955	-0.15835446096
3584518	0.00104452533955	-0.151700550457
3587368	0.00104452533955	-0.143033509376
3589959	0.00104452533955	-0.143014644971
3592598	0.00104452533955	-0.137009797385
3595115	0.00104452533955	-0.127697356278
3597726	0.00104452533955	-0.153018309502
3600299	0.00104452533955	-0.138595507015
3603594	0.00104452533955	-0.135048876517
3606111	0.00104452533955	-0.113553770818
3608664	0.00104452533955	-0.137564715464
3611280	0.00104452533955	-0.143598797033
3613805	0.00104452533955	-0.134018345969
3616371	0.00104452533955	-0.145466890652
3618945	0.00104452533955	-0.128546945518
3621647	0.00104452533955	-0.134194256272
3624753	0.00104452533955	-0.137259491486
3627273	0.00104452533955	-0.150583752431
3629858	0.00104452533955	-0.155608079163
3632522	0.00104452533955	-0.140270795673
3635239	0.00104452533955	-0.136258338811
3637752	0.00104452533955	-0.118046737742
3640261	0.00104452533955	-0.0916661683004
3642819	0.00132569205265	-0.0686761555262
3645337	0.00132569205265	-0.0749283120967
3647866	0.00132569205265	-0.0523332837038
3650371	0.00132569205265	-0.0428664996289
3652970	0.00132569205265	-0.0345898938831
3655520	0.00132569205265	-0.0790784973651
3658068	0.00132569205265	-0.0842236033641
3660681	0.00104452533955	-0.0669442284852
3663230	0.00104452533955	-0.0702692908235
3665978	0.00104452533955	-0.102941195713
3668603	0.00104452533955	-0.125608774368
3671251	0.00104452533955	-0.133316404652
3673958	0.00104452533955	-0.202891654335
3677965	0.00104452533955	-0.186950344592
3680501	0.00104452533955	-0.187039466342
3683055	0.00104452533955	-0.183683811687
3685578	0.00104452533955	-0.216028889408
3688128	0.00104452533955	-0.233537592692
3690803	0.00104452533955	-0.18343283888
3693890	0.00104452533955	-0.185464932816
3696422	0.00104452533955	-0.184870297555
3698946	0.00104452533955	-0.170643649297
3701519	0.00104452533955	-0.156959755346
3704156	0.00104452533955	-0.186214960413
3706860	0.00104452533955	-0.1265363493
3709976	0.00104452533955	-0.133750693407
3712544	0.00104452533955	-0.114295289153
3715231	0.00104452533955	-0.114939318504
3718055	0.00104452533955	-0.127415951807
3721394	0.00104452533955	-0.154690019554
3724076	0.00104452533955	-0.166850171052
3727347	0.00104452533955	-0.173360715387
3730654	0.00104452533955	-0.186524979537
3733162	0.00104452533955	-0.187399796909
3735881	0.00104452533955	-0.1500890553
3739318	0.00104452533955	-0.214883724693
3741953	0.00104452533955	-0.2168716616
3744542	0.00104452533955	-0.212526113028
3747346	0.00104452533955	-0.332062317524
3750235	0.00104452533955	-0.327012255322
3753269	0.00104452533955	-0.304230655776
3755798	0.00104452533955	-0.268467663554
3758477	0.00104452533955	-0.269417474279
3760986	0.00104452533955	-0.258982473752
3763797	0.00104452533955	-0.301772684557
3766442	0.00104452533955	-0.309441214427
3770056	0.00104452533955	-0.256001499481
3772786	0.00104452533955	-0.259698933456
3775470	0.00104452533955	-0.24305251264
3778574	0.00104452533955	-0.237233650871
3781207	0.00104452533955	-0.20736854244
3783767	0.00104452533955	-0.175403354224
3786429	0.00104452533955	-0.159968889086
3788937	0.00104452533955	-0.147765581729
3791696	0.00104452533955	-0.0662662647665
3794401	0.00104452533955	-0.0763415934052
3796908	0.00104452533955	-0.15113471658
3799460	0.00104452533955	-0.160152240889
3802324	0.00104452533955	-0.173748598667
3804852	0.00104452533955	-0.158638142981
3807445	0.00104452533955	-0.234852729831
3810002	0.00104452533955	-0.201669810107
3812627	0.00104452533955	-0.191524322843
3815292	0.00104452533955	-0.168657709146
3817892	0.00104452533955	-0.165696868207
3820456	0.00104452533955	-0.152110051364
3823124	0.00104452533955	-0.107943728333
3825652	0.00104452533955	-0.101368049392
3828178	0.00104452533955	-0.0922236845363
3830877	0.00104452533955	-0.0903218677267
3833417	0.00132569205265	-0.0154105443507
3836249	0.00185834191916	0.0280518170912
3838959	0.00185834191916	0.0623778584413
3841601	0.00549784030562	0.174443440279
3844215	0.00549784030562	0.182999505661
3846876	0.00550917841652	0.203207865125
3849637	0.00550917841652	0.229463431053
3852309	0.00550917841652	0.234534781892
3854897	0.00358203309539	0.134983138414
3857636	0.00132569205265	-0.0122027129401
3860199	0.00132569205265	-0.0149789336137
3862811	0.00132569205265	-0.017331650015
3865466	0.00132569205265	-0.0950494387653
3868088	0.00104452533955	-0.0822529459838
3870642	0.00104452533955	-0.0869118401315
3873976	0.00104452533955	-0.0857284129597
3876494	0.00132569205265	-0.0816206564195
3879228	0.00132569205265	-0.099238101393
3882084	0.00104452533955	-0.133626704337
3884625	0.00104452533955	-0.127297171857
3887153	0.00104452533955	-0.117269600276
3889668	0.00104452533955	-0.115068642888
3892185	0.00104452533955	-0.115510122851
3894722	0.00104452533955	-0.114962718217
3897260	0.00104452533955	-0.101528604049
3900323	0.00132569205265	-0.0706183423754
3903033	0.00132569205265	-0.0883599785157
3905562	0.00132569205265	-0.0976400829386
3908107	0.00132569205265	-0.100492741447
3910903	0.00132569205265	-0.0508635863662
3913498	0.00132569205265	-0.0465256567113
3916047	0.00132569205265	-0.106471949723
3919372	0.00132569205265	-0.105038735783
3922261	0.00104452533955	-0.0857675045263
3924787	0.00104452533955	-0.0973968303297
3927331	0.00104452533955	-0.0888666419778
3929858	0.00104452533955	-0.104122819612
3932375	0.00104452533955	-0.097185740713
3935324	0.00104452533955	-0.0897960495204
3937840	0.00104452533955	-0.0868704130407
3940405	0.00132569205265	-0.0998477633111
3943054	0.00132569205265	-0.0798114654608
3945611	0.00132569205265	-0.0637102231849
3948175	0.00132569205265	-0.0417957357131
3950809	0.00132569205265	-0.0738937915303
3953910	0.00132569205265	-0.0725531631615
3957948	0.00132569205265	-0.0679528743494
3960770	0.00132569205265	-0.0662333220243
3965579	0.00132569205265	-0.0643139658496
3968101	0.00132569205265	-0.0592167878058
3970646	0.00132569205265	-0.0394268352538
3973323	0.00132569205265	-0.0707502644509
3975833	0.00185834191916	0.00974191841669
3978764	0.00132569205265	0.00322430534288
3981659	0.00185834191916	0.014282012824
3984197	0.00185834191916	0.0122753856704
3987218	0.00185834191916	0.0124408074189
3989824	0.00185834191916	0.0168768067379
3992327	0.00185834191916	0.0510268220678
3994936	0.00272018750727	0.0736409737729
3997444	0.00358203309539	0.0977130858228
3999947	0.00185834191916	0.0560320571531
4002468	0.0042884535471	0.138024244457
4005214	0.00185834191916	0.0550504922867
4007838	0.00185834191916	0.0502434559166
4010923	0.00185834191916	0.0531995457131
4013954	0.00185834191916	0.0485418450553
4016583	0.00185834191916	0.035770310089
4019153	0.00185834191916	0.0591071718372
4021691	0.00272018750727	0.0827476254199
4024263	0.00485779431121	0.161743928678
4027109	0.00550917841652	0.243605509633
4029739	0.0107649718513	0.821994403843
4032424	0.0105431722576	0.761199716944
4035370	0.0107649718513	0.888550641248
4038140	0.0107649718513	0.913408306427
4041604	0.0107649718513	0.929972814163
4044364	0.0112976217178	1.07669954654
4046947	0.0142533758743	1.27346501476
4050120	0.0149894798858	1.52677045972
4052782	0.0142533758743	1.2938893172
4055374	0.0138831584821	1.28460869892
4058153	0.0130623345646	1.22546143481
4060711	0.0130623345646	1.19983293628
4063221	0.00884916464107	0.496317049488
4065767	0.00884916464107	0.473950819112
4068269	0.00884916464107	0.530227376614
4070934	0.00637102400463	0.395635494264
4073459	0.00817943508696	0.432239106856
4075997	0.00550917841652	0.27585403854
4078833	0.00637102400463	0.368208278669
4081459	0.00485779431121	0.172072373098
4083973	0.00132569205265	-0.00774266407825
4086523	0.00185834191916	0.0473893708549
4089054	0.00550917841652	0.190054882318
4091646	0.00358203309539	0.103422058979
4094274	0.00358203309539	0.0858670123853
4097024	0.00185834191916	0.0189968203194
4099669	0.00272018750727	0.0673780476209
4102251	0.00185834191916	0.0469419711735
4105423	0.00272018750727	0.0747406359296
4107997	0.00550917841652	0.228459338658
4110535	0.00485779431121	0.168739532586
4113100	0.00550917841652	0.259859442711
4115637	0.0111055056838	0.827390431659
4118150	0.0107649718513	0.716563045047
4120725	0.0111055056838	0.817981702043
4123339	0.0112976217178	0.86598011665
4126914	0.0111055056838	0.770008614287
4129428	0.0107649718513	0.659633421339
4132835	0.00884916464107	0.395060928771
4185204	0.00884916464107	0.181902649114
4188777	0.00554586931412	0.0924356230535
4191286	0.00485779431121	0.0847547072917
4197902	0.00554586931412	0.0885609062389
4202201	0.00185834191916	0.0380526133813
4205511	0.00637102400463	0.218625211623
4208016	0.00554586931412	0.138492270373
4210518	0.00485779431121	0.0993791448418
4213084	0.00884916464107	0.266493723029
4215880	0.0149894798858	0.946778150275
4218551	0.0111055056838	0.767596154707
4221052	0.0167908836302	1.34831709228
4223664	0.0182700989909	1.53046661289
4226457	0.0182700989909	1.53310731123
4228999	0.0160137579482	1.18532252801
4231616	0.0107649718513	0.567490611458
4235174	0.0110941675729	0.69601347018
4238429	0.0138831584821	0.810043641366
4241039	0.0167908836302	1.27101444406
4244020	0.0167908836302	1.26893052249
4246793	0.0149894798858	1.04124162905
4249377	0.0223688654487	2.37875394057
4251948	0.0237703682412	2.72178972978
4255275	0.0237703682412	2.9208360035
4258127	0.0223688654487	2.3140469424
4260834	0.0206521816103	2.19203105173
4263485	0.0182700989909	2.02784348722
4266022	0.0167908836302	1.6305092508
4269274	0.0149894798858	1.3749492676
4271789	0.0206521816103	2.19375092839
4274314	0.0149894798858	1.15713423304
4276951	0.0160137579482	1.44965905789
4279491	0.0160137579482	1.4296724028
4282769	0.0170126832239	1.65408398886
4285398	0.0170126832239	1.65466402448
4287936	0.0182700989909	1.91085718828
4290574	0.0237703682412	3.02349264431
4293174	0.0237703682412	3.34101398825
4295809	0.0237703682412	3.5588990245
4298765	0.0250801437897	3.63563609356
4301756	0.0263672431164	4.02001954149
4304321	0.0263672431164	4.08217664808
4306841	0.0263672431164	4.06708290707
4309456	0.0263672431164	4.12510411022
4312261	0.0263672431164	4.00736870687
4314776	0.0237703682412	3.67051664903
4317889	0.0237703682412	3.63201417797
4320411	0.0237703682412	3.63848560955
4322935	0.0182700989909	2.42992683547
4325543	0.0138831584821	1.17522137309
4328158	0.00884916464107	0.591231698403
4332547	0.00554586931412	0.192718336824
4335089	0.00756206531435	0.387940453365
4337714	0.00358203309539	0.0980878409464
4340248	0.00185834191916	0.0508635942824
4342898	0.00185834191916	0.0485814267304
4345548	0.00185834191916	0.0250963279977
4348382	0.00185834191916	-0.0172663247213
4351042	0.00104452533955	-0.0977636976168
4354263	0.00132569205265	-0.109816112788
4356983	0.00104452533955	-0.106876928825
4359860	0.00104452533955	-0.149633065565
4362570	0.00132569205265	-0.109936384484
4365074	0.00132569205265	-0.045829749899
4367587	0.00132569205265	-0.093325591879
4370093	0.00132569205265	-0.061487919651
4372604	0.00132569205265	-0.0620243148878
4375183	0.00132569205265	-0.0878697643057
4377940	0.00132569205265	-0.0807075183839
4380925	0.00132569205265	-0.106331242016
4383464	0.00104452533955	-0.120198945981
4386079	0.00104452533955	-0.12232742249
4388687	0.00104452533955	-0.168566920329
4391245	0.00104452533955	-0.145440927008
4393778	0.00104452533955	-0.129989285022
4396285	0.00104452533955	-0.115522307577
4398807	0.00104452533955	-0.147115375148
4401355	0.00104452533955	-0.141460708575
4403928	0.00104452533955	-0.138004707173
4406440	0.00104452533955	-0.138404812664
4408979	0.00104452533955	-0.134817369981
4411494	0.00104452533955	-0.142549463781
4414095	0.00104452533955	-0.150388203561
4416621	0.00104452533955	-0.163983956911
4419140	0.00104452533955	-0.233015127014
4421852	0.00104452533955	-0.224123327993
4425631	0.00104452533955	-0.227844412439
4428150	0.00104452533955	-0.264095284278
4430796	0.00104452533955	-0.264302079566
4433482	0.00104452533955	-0.265632836614
4436166	0.00104452533955	-0.273479610216
4438739	0.00104452533955	-0.276838397374
4441248	0.00104452533955	-0.278156119399
4443816	0.00104452533955	-0.276544041699
4446470	0.00104452533955	-0.291526078247
4449131	0.00104452533955	-0.336194174364
4451686	0.00104452533955	-0.424518958665
4454244	0.00104452533955	-0.417022769339
4456764	0.00104452533955	-0.374349516351
4459417	0.00104452533955	-0.318307502428
4462014	0.00104452533955	-0.321172626223
4464527	0.00104452533955	-0.264662137022
4467077	0.00104452533955	-0.270777435042
4469735	0.00104452533955	-0.252062498592
4472277	0.00104452533955	-0.213291324209
4474778	0.00104452533955	-0.237499786075
4477555	0.00104452533955	-0.248054725816
4480073	0.00104452533955	-0.215929589933
4482766	0.00104452533955	-0.225419897586
4485317	0.00104452533955	-0.225516493432
4487837	0.00104452533955	-0.261954145506
4490344	0.00104452533955	-0.282318892889
4492852	0.00104452533955	-0.291254014941
4495357	0.00104452533955	-0.312573996605
4497896	0.00104452533955	-0.332733101677
4500485	0.00104452533955	-0.303934121039
4503358	0.00104452533955	-0.283527259948
4505884	0.00104452533955	-0.272743085865
4508424	0.00104452533955	-0.268864718266
4510926	0.00104452533955	-0.23800690379
4513432	0.00104452533955	-0.240444662049
4516175	0.00104452533955	-0.24067908898
4518911	0.00104452533955	-0.236069483683
4521535	0.00104452533955	-0.255131694954
4524038	0.00104452533955	-0.276529720984
4526570	0.00104452533955	-0.297388696345
4529344	0.00104452533955	-0.227845825022
4532085	0.00104452533955	-0.227619431447
4534599	0.00104452533955	-0.237151329406
4537326	0.00104452533955	-0.230988418218
4539958	0.00104452533955	-0.159566892777
4542868	0.00104452533955	-0.165770049207
4545455	0.00104452533955	-0.15305348672
4548162	0.00104452533955	-0.12809810997
4550706	0.00185834191916	-0.00936912884936
4553244	0.00185834191916	-0.0396617937367
4555803	0.00104452533955	-0.0544617197011
4558333	0.00132569205265	-0.053799294401
4560868	0.00132569205265	-0.0536516250577
4563772	0.00104452533955	-0.0796598666348
4566275	0.00104452533955	-0.258365002926
4569073	0.00104452533955	-0.245655328501
4572334	0.00104452533955	-0.349156376207
4577439	0.00104452533955	-0.327534899116
4581637	0.00104452533955	-0.300445711706
4584568	0.00104452533955	-0.317784894258
4587768	0.00104452533955	-0.305151880952
4592360	0.00104452533955	-0.39276056271
4596529	0.00104452533955	-0.435648217564
4599811	0.00104452533955	-0.449459024239
4606864	0.00104452533955	-0.483115122654
4614566	0.00104452533955	-0.499154903693
4619478	0.00104452533955	-0.504292411497
4625108	0.00104452533955	-0.503341537435
4630647	0.00104452533955	-0.539835278876
4636000	0.00104452533955	-0.546192941023
4640656	0.00104452533955	-0.553232478211
4645695	0.00104452533955	-0.558560526697
4650602	0.00104452533955	-0.533346995478
4656360	0.00104452533955	-0.507450718665
4661573	0.00104452533955	-0.505420038244
4666969	0.00104452533955	-0.500011960743
4674209	0.00104452533955	-0.44759964454
4679430	0.00104452533955	-0.456149433507
4684099	0.00104452533955	-0.451418526936
4688751	0.00104452533955	-0.44641072629
4693438	0.00104452533955	-0.408463137457
4698515	0.00104452533955	-0.406415463891
4704080	0.00104452533955	-0.338331097504
4709935	0.00104452533955	-0.326407391811
4715789	0.00104452533955	-0.224306850694
4721625	0.00104452533955	-0.152933653211
4727453	0.00104452533955	-0.156128968112
4733268	0.00104452533955	-0.149111219449
4739272	0.00104452533955	-0.140215544961
4745226	0.00104452533955	-0.123852792894
4751073	0.00104452533955	-0.122844742611
4756979	0.00104452533955	-0.13027626602
4762853	0.00104452533955	-0.125151382992
4768671	0.00104452533955	-0.117015412543
4774521	0.00104452533955	-0.130088834558
4780371	0.00104452533955	-0.131135425298
4786187	0.00104452533955	-0.15138297691
4792042	0.00104452533955	-0.19421982998
4797907	0.00104452533955	-0.187138706911
4810169	0.00104452533955	-0.140123235527
4825894	0.00104452533955	-0.109954790445
4841543	0.00104452533955	-0.106597872917
4860039	0.00104452533955	-0.105161654763
4875837	0.00104452533955	-0.113633328117
4891520	0.00104452533955	-0.112120434642
4904617	0.00104452533955	-0.147930089617
4914704	0.00104452533955	-0.141061324859
4924859	0.00104452533955	-0.137713221135
4936199	0.00104452533955	-0.143974761944
4946288	0.00104452533955	-0.190727827838
4956295	0.00104452533955	-0.219896637369
4966302	0.00104452533955	-0.216048905626
4976638	0.00104452533955	-0.22823223914
4988295	0.00104452533955	-0.244500460569
5042985	0.00104452533955	-0.261565392837
5046529	0.00104452533955	-0.268274019472
5050325	0.00104452533955	-0.2687379485
5056193	0.00104452533955	-0.26652221987
5060275	0.00104452533955	-0.256321159424
5063972	0.00104452533955	-0.252596786944
5067487	0.00104452533955	-0.245872493833
5071057	0.00104452533955	-0.244676695671
5074777	0.00104452533955	-0.188985668123
5078638	0.00104452533955	-0.185921396594
5082254	0.00104452533955	-0.194578279508
5085896	0.00104452533955	-0.193522959482
5089848	0.00104452533955	-0.189923935803
5093686	0.00104452533955	-0.18407575693
5097275	0.00104452533955	-0.184496741975
5100645	0.00104452533955	-0.184600948822
5103154	0.00104452533955	-0.180700148921
5105811	0.00104452533955	-0.178601274965
5108410	0.00104452533955	-0.184315752937
5111348	0.00104452533955	-0.184347975766
5113883	0.00104452533955	-0.1798660364
5116510	0.00104452533955	-0.165997034172
5119408	0.00104452533955	-0.16825228883
5122346	0.00104452533955	-0.20208634343
5144249	0.00104452533955	-0.20303256833
5146758	0.00104452533955	-0.181316228583
5149310	0.00104452533955	-0.118215281982
5151823	0.00104452533955	-0.1134458452
5154375	0.00104452533955	-0.116382128326
5156920	0.00104452533955	-0.104968830943
5159834	0.00104452533955	-0.0968185195234
5162946	0.00104452533955	-0.103217107477
5165615	0.00104452533955	-0.074574562721
5168354	0.00104452533955	-0.0599013902247
5171241	0.00106287078835	-0.0550619254354
5173742	0.00104452533955	-0.0536788706668
5176429	0.00104452533955	-0.0591284257825
5178939	0.00104452533955	-0.069941600319
5182409	0.00104452533955	-0.0905731630046
5184935	0.00104452533955	-0.194862822071
5187453	0.00104452533955	-0.333277888363
5190001	0.00104452533955	-0.316201087087
5192768	0.00104452533955	-0.324647994014
5195347	0.00104452533955	-0.251885835081
5197891	0.00104452533955	-0.268250798108
5200534	0.00104452533955	-0.331395379733
5203053	0.00104452533955	-0.332427819492
5205680	0.00104452533955	-0.347211797256
5208576	0.00104452533955	-0.353627787903
5211090	0.00104452533955	-0.360884749098
5213768	0.00104452533955	-0.471793952864
5216283	0.00104452533955	-0.480294347042
5218908	0.00104452533955	-0.51950292103
5221813	0.00104452533955	-0.501542635961
5224326	0.00104452533955	-0.525067208568
5227409	0.00104452533955	-0.510247826111
5230313	0.00104452533955	-0.507194099715
5232846	0.00104452533955	-0.496327995788
5235407	0.00104452533955	-0.471263440792
5238008	0.00104452533955	-0.467994053615
5240653	0.00104452533955	-0.449477831135
5244812	0.00104452533955	-0.45902815694
5247315	0.00104452533955	-0.477359039709
5249833	0.00104452533955	-0.45679645706
5252749	0.00104452533955	-0.450053727953
5255476	0.00104452533955	-0.427360003348
5258130	0.00104452533955	-0.428501374088
5260676	0.00104452533955	-0.437363788718
5263182	0.00104452533955	-0.439821230248
5265684	0.00104452533955	-0.450944568031
5268195	0.00104452533955	-0.442807102576
5270881	0.00104452533955	-0.426776149077
5276247	0.00104452533955	-0.421555333305
5279176	0.00104452533955	-0.440232655033
5281692	0.00104452533955	-0.428333119722
5284204	0.00104452533955	-0.427276399918
5287666	0.00104452533955	-0.472734317416
5290459	0.00104452533955	-0.4600471335
5292986	0.00104452533955	-0.443660262506
5295496	0.00104452533955	-0.462423033547
5298011	0.00104452533955	-0.524116543122
5300512	0.00104452533955	-0.52623932506
5303036	0.00104452533955	-0.564376505557
5305678	0.00104452533955	-0.535089457873
5308195	0.00104452533955	-0.558815935627
5310699	0.00104452533955	-0.556918543531
5313472	0.00104452533955	-0.562199698063
5317744	0.00104452533955	-0.551737519912
5320274	0.00104452533955	-0.559033375932
5322804	0.00104452533955	-0.557275441475
5325389	0.00104452533955	-0.567557402421
5328688	0.00104452533955	-0.502311025979
5331209	0.00104452533955	-0.607904563891
5334031	0.00104452533955	-0.696044682991
5336624	0.00104452533955	-0.694290178362
5339182	0.00104452533955	-0.758580204565
5341820	0.00104452533955	-0.758021513
5344334	0.00104452533955	-0.783746282337
5347037	0.00104452533955	-0.766849279171
5349555	0.00104452533955	-0.772371322149
5352112	0.00104452533955	-0.766772297909
5354822	0.00104452533955	-0.771628219401
5357342	0.00104452533955	-0.795390956802
5360271	0.00104452533955	-0.793959706556
5362846	0.00104452533955	-0.812147129793
5365418	0.00104452533955	-0.819138609106
5368040	0.00104452533955	-0.625162434066
5370602	0.00104452533955	-0.642791986465
5373181	0.00104452533955	-0.655066236388
5375830	0.00104452533955	-0.548873008927
5378923	0.00104452533955	-0.572956628166
5381836	0.00104452533955	-0.590335987974
5384485	0.00104452533955	-0.58870142675
5387053	0.00104452533955	-0.583929643733
5389579	0.00104452533955	-0.574323462322
5392124	0.00104452533955	-0.580600349233
5394731	0.00104452533955	-0.561798227252
5397239	0.00104452533955	-0.567190092523
5400003	0.00104452533955	-0.56636883528
5402820	0.00104452533955	-0.552414362552
5405357	0.00104452533955	-0.586790370289
5407893	0.00104452533955	-0.585089331027
5410466	0.00104452533955	-0.608048039256
5413133	0.00104452533955	-0.634322697995
5415794	0.00104452533955	-0.614938182756
5418331	0.00104452533955	-0.610226379475
5421663	0.00104452533955	-0.577523908345
5424164	0.00104452533955	-0.577743828064
5426789	0.00104452533955	-0.556823016843
5429728	0.00104452533955	-0.553570878692
5432304	0.00104452533955	-0.544674848439
5434895	0.00104452533955	-0.551066852175
5437409	0.00104452533955	-0.540989646921
5439925	0.00104452533955	-0.542454577051
5443289	0.00104452533955	-0.55102693662
5445793	0.00104452533955	-0.532323510852
5448349	0.00104452533955	-0.528816298349
5450866	0.00104452533955	-0.535862928489
5453424	0.00104452533955	-0.519259769004
5456399	0.00104452533955	-0.520068665966
5459023	0.00104452533955	-0.524721203838
5461661	0.00104452533955	-0.522972559324
5464260	0.00104452533955	-0.535337043228
5466895	0.00104452533955	-0.52714818134
5469412	0.00104452533955	-0.527329739183
5472139	0.00104452533955	-0.573856900912
5474670	0.00104452533955	-0.5711207001
5477259	0.00104452533955	-0.574643291067
5479781	0.00104452533955	-0.573412429541
5482586	0.00104452533955	-0.560666700127
5485290	0.00104452533955	-0.526483234251
5487901	0.00104452533955	-0.520349778468
5490405	0.00104452533955	-0.484623441938
5492976	0.00104452533955	-0.474415885285
5495517	0.00104452533955	-0.486504070228
5498084	0.00104452533955	-0.454038540833
5500997	0.00104452533955	-0.43546196376
5503526	0.00104452533955	-0.417670005932
5506032	0.00104452533955	-0.404457505327
5508559	0.00104452533955	-0.388127218699
5511391	0.00104452533955	-0.364807892125
5513993	0.00104452533955	-0.347372577759
5516611	0.00104452533955	-0.356793152168
5519204	0.00104452533955	-0.314536707476
5521792	0.00104452533955	-0.301520689623
5524875	0.00104452533955	-0.282718671253
5527711	0.00104452533955	-0.251434490085
5530267	0.00104452533955	-0.22244945867
5532817	0.00104452533955	-0.262890656479
5535580	0.00104452533955	-0.266167423455
5538114	0.00104452533955	-0.1857091235
5540661	0.00104452533955	-0.175471232738
5543285	0.00104452533955	-0.205252729822
5545886	0.00104452533955	-0.138105963124
5548476	0.00104452533955	-0.114464005921
5551804	0.00104452533955	-0.102070152992
5554321	0.00132569205265	-0.0844715507701
5556980	0.00132569205265	-0.0324700549245
5559581	0.00132569205265	-0.0310923275538
5562274	0.00185834191916	-0.00253077177331
5564890	0.00185834191916	0.0157077526674
5567410	0.00185834191916	0.0112453622278
5569915	0.00132569205265	-0.104628962232
5572439	0.00185834191916	-0.029963244684
5575107	0.00185834191916	-0.0500745952595
5578850	0.00132569205265	-0.0347301845904
5581354	0.00185834191916	0.0307475975715
5583979	0.00349298241629	0.111504951725
5586481	0.00349298241629	0.118824955076
5589014	0.00185834191916	0.0179652718361
5591533	0.00185834191916	-0.0318986834027
5594089	0.00185834191916	2.30192672461e-05
5596735	0.00185834191916	-0.0100009893067
5599255	0.00185834191916	0.0143438591622
5601984	0.00185834191916	0.0582512086257
5604732	0.00554586931412	0.103149159113
5607261	0.00554586931412	0.196180142462
5609833	0.00884916464107	0.377855843166
5612419	0.00916001491387	0.455651645549
5614957	0.0107649718513	0.58013149607
5617694	0.015067192454	1.01700485987
5620573	0.0170126832239	1.29356853268
5623212	0.0170126832239	1.51140491827
5625868	0.0182700989909	1.63544920064
5628434	0.0206521816103	1.77442433825
5634179	0.0182700989909	1.64820614457
5636717	0.0170126832239	1.52320983354
5639367	0.0170126832239	1.51827233122
5641901	0.0107649718513	0.603995579761
5645015	0.0107649718513	0.594347807812
5647532	0.00554586931412	0.109988468699
5650225	0.00554586931412	0.108793339226
5652877	0.00185834191916	0.0483627163339
5655434	0.00132569205265	-0.0486080260016
5666798	0.00132569205265	-0.122266382445
5669358	0.00104452533955	-0.159395131748
5671900	0.00104452533955	-0.238006398315
5674533	0.00104452533955	-0.220979461214
5677189	0.00104452533955	-0.249355909415
5679762	0.00104452533955	-0.280767724151
5682360	0.00104452533955	-0.299754883628
5684996	0.00104452533955	-0.29186025844
5687522	0.00104452533955	-0.268996302737
5690057	0.00104452533955	-0.209426182089
5692804	0.00104452533955	-0.198391123908
5695329	0.00104452533955	-0.212103540078
5700108	0.00104452533955	-0.235308459029
5702711	0.00104452533955	-0.2598273966
5705320	0.00104452533955	-0.263553729281
5707903	0.00104452533955	-0.245085377712
5710680	0.00104452533955	-0.198019100819
5713504	0.00104452533955	-0.149811957264
5717488	0.00104452533955	-0.131518299459
5720711	0.00104452533955	-0.140388966538
5723334	0.00104452533955	-0.153780434281
5725964	0.00104452533955	-0.171054179547
5729041	0.00104452533955	-0.182796473149
5731668	0.00104452533955	-0.191239771666
5734376	0.00104452533955	-0.191941206576
5736988	0.00104452533955	-0.213133330224
5739647	0.00104452533955	-0.210212946869
5742241	0.00104452533955	-0.210149035556
5745079	0.00104452533955	-0.217495779041
5748760	0.00104452533955	-0.211949830409
5751527	0.00104452533955	-0.263985002879
5754069	0.00104452533955	-0.260204218328
5756608	0.00104452533955	-0.204303310718
5759321	0.00104452533955	-0.203657925595
5762171	0.00104452533955	-0.126697576605
5764832	0.00132569205265	-0.112214024644
5767612	0.00132569205265	-0.0971166412346
5770134	0.00132569205265	-0.0797394013498
5772755	0.00132569205265	-0.0672670761123
5775411	0.00185834191916	-0.0162503216416
5778127	0.00185834191916	-0.0542085827328
5781083	0.00132569205265	-0.0547091339249
5783788	0.00185834191916	-0.0639437222853
5786450	0.00185834191916	-0.0256449286826
5788975	0.00185834191916	-0.0396305564791
5791788	0.00185834191916	-0.0650121937506
5794291	0.00132569205265	-0.0629872486461
5796879	0.00132569205265	-0.0935253342614
5799415	0.00104452533955	-0.140297892271
5802203	0.00104452533955	-0.128824896878
5804861	0.00106287078835	-0.115692296764
5807679	0.00106287078835	-0.114508937346
5810243	0.00106287078835	-0.110149813117
5812821	0.00106287078835	-0.117619631346
5816638	0.00106287078835	-0.129671846284
5871347	0.00104452533955	-0.143057883019
5924971	0.00104452533955	-0.15235768375
5928799	0.00104452533955	-0.309854512336
5931805	0.00104452533955	-0.340788966743
5934536	0.00104452533955	-0.299625364365
5937142	0.00104452533955	-0.283986205934
5939843	0.00104452533955	-0.268417272717
5942670	0.00104452533955	-0.256281713489
5945309	0.00104452533955	-0.240981713403
5948233	0.00104452533955	-0.248515532818
5951082	0.00104452533955	-0.261963794008
5953646	0.00104452533955	-0.276118160924
5956327	0.00104452533955	-0.277881095884
5958890	0.00104452533955	-0.28851629328
5961437	0.00104452533955	-0.307117888937
5964231	0.00104452533955	-0.318384011975
5966926	0.00104452533955	-0.323912424967
5969495	0.00104452533955	-0.329722412396
5972011	0.00104452533955	-0.297061230522
5974608	0.00104452533955	-0.306362811709
5977129	0.00104452533955	-0.290276378859
5980016	0.00104452533955	-0.298552340362
5982668	0.00104452533955	-0.278364728438
5986986	0.00104452533955	-0.276394871995
5990070	0.00104452533955	-0.31743769953
5993279	0.00104452533955	-0.361829580273
5995950	0.00104452533955	-0.399613145273
5999090	0.00104452533955	-0.353356188163
6001631	0.00104452533955	-0.350961155724
6005944	0.00104452533955	-0.322405042825
6009409	0.00104452533955	-0.349735189695
6012298	0.00104452533955	-0.46257490851
6015286	0.00104452533955	-0.478905627038
6017900	0.00104452533955	-0.490638389019
6020770	0.00104452533955	-0.528003154555
6023641	0.00104452533955	-0.528946044156
6026418	0.00104452533955	-0.519122768659
6029592	0.00104452533955	-0.512600150192
6032420	0.00104452533955	-0.475979348179
6035018	0.00104452533955	-0.484335560119
6037588	0.00104452533955	-0.501820799429
6040223	0.00104452533955	-0.50433991896
6042774	0.00104452533955	-0.506811688188
6045488	0.00104452533955	-0.512571470346
6048333	0.00104452533955	-0.513338573277
6050837	0.00104452533955	-0.581373242196
6053362	0.00104452533955	-0.623527965974
6055903	0.00104452533955	-0.586723217042
6058452	0.00104452533955	-0.542607930256
6061380	0.00104452533955	-0.510813727509
6063903	0.00104452533955	-0.498305097222
6066679	0.00104452533955	-0.47305353079
6069262	0.00104452533955	-0.454630345805
6071868	0.00104452533955	-0.446315614507
6074424	0.00104452533955	-0.443402139237
6076956	0.00104452533955	-0.453113656957
6079854	0.00104452533955	-0.439135049004
6083051	0.00104452533955	-0.449553302024
6085572	0.00104452533955	-0.449405013351
6088239	0.00104452533955	-0.432427602354
6090817	0.00104452533955	-0.429010289488
6093337	0.00104452533955	-0.409727507038
6095875	0.00104452533955	-0.414725795854
6098385	0.00104452533955	-0.423913807375
6101065	0.00104452533955	-0.477395174792
6104023	0.00104452533955	-0.543614261318
6106850	0.00104452533955	-0.530307003064
6109606	0.00104452533955	-0.578138411511
6112177	0.00104452533955	-0.581810489995
6114699	0.00104452533955	-0.535281396238
6117508	0.00104452533955	-0.438902965747
6120078	0.00104452533955	-0.399251862662
6122614	0.00104452533955	-0.229770540958
6125260	0.00104452533955	-0.197416403797
6127786	0.00104452533955	-0.153533964185
6130361	0.00104452533955	-0.107003642712
6133314	0.00132569205265	-0.0553604650777
6135908	0.00185834191916	-0.00438856286928
6138423	0.00554586931412	0.0638606608845
6141096	0.00554586931412	0.0803566637915
6144480	0.00884916464107	0.156976197381
6147294	0.00884916464107	0.234981388086
6150143	0.0107649718513	0.367745627416
6152812	0.00884916464107	0.161007688614
6155431	0.00554586931412	0.0840699037071
6158369	0.00554586931412	0.0835920288227
6161158	0.00554586931412	0.0920376805589
6163664	0.00884916464107	0.143230517395
6166711	0.00884916464107	0.209052452119
6169247	0.00884916464107	0.245949073229
6171865	0.0111055056838	0.465570267756
6174370	0.0149894798858	0.539097044617
6176903	0.0149894798858	0.604675389361
6179418	0.0107649718513	0.411122804973
6181951	0.00884916464107	0.234232745133
6184546	0.00637102400463	0.143345747376
6187401	0.00485779431121	0.0576940374449
6189921	0.00132569205265	-0.0124593968503
6193067	0.00132569205265	-0.0244473915081
6199573	0.00132569205265	-0.0355030358769
6202081	0.00132569205265	-0.036273377249
6204585	0.00132569205265	-0.0599301445764
6207356	0.00132569205265	-0.0202229956631
6209998	0.00185834191916	-0.00185469421558
6212512	0.00485779431121	0.0653460577596
6216441	0.00550917841652	0.124831291847
6222662	0.00884916464107	0.269606244983
6225253	0.0149894798858	0.60259267129
6227946	0.0160137579482	0.650503165321
6230542	0.0182700989909	1.17648170027
6233121	0.0182700989909	1.26113561657
6235664	0.0167908836302	1.17246459285
6238193	0.00884916464107	0.33918260131
6240706	0.00485779431121	0.0601406861097
6243322	0.00185834191916	0.0180221227929
6246218	0.00132569205265	-0.0129298637621
6248736	0.00132569205265	-0.0294911707751
6251264	0.00132569205265	-0.0273692556657
6253816	0.00132569205265	-0.0189770453144
6256319	0.00132569205265	-0.014536538627
6258837	0.00132569205265	0.000109508167952
6261343	0.00485779431121	0.0922073838301
6263855	0.00704776089664	0.157600759529
6266359	0.00884916464107	0.203173458343
6269037	0.00884916464107	0.229319126345
6271553	0.0167908836302	0.844636686146
6274290	0.0223688654487	1.26901555015
6277023	0.0223688654487	1.64049426932
6279584	0.029222608483	2.57353702211
6282217	0.029222608483	2.82303161267
6284806	0.029222608483	3.05328335986
6287338	0.0263488976676	2.20560335158
6289873	0.0223688654487	1.65739408438
6292383	0.0223688654487	1.60220686859
6295038	0.0223688654487	1.37516778242
6297930	0.0160137579482	0.820144933183
6300740	0.0182700989909	1.23117243801
6303346	0.0182700989909	1.13667691988
6306095	0.0167908836302	1.10564979771
6308658	0.0167908836302	1.13323981385
6311238	0.0107649718513	0.403872695751
6313768	0.00884916464107	0.323280796874
6316495	0.00884916464107	0.416799294762
6319197	0.00637102400463	0.202989756595
6322089	0.00485779431121	0.0654567645397
6324621	0.00185834191916	0.000444961711764
6327195	0.00185834191916	0.0106800105423
6329954	0.00185834191916	0.0028248494491
6332463	0.00185834191916	0.00565856718458
6335212	0.00185834191916	0.00748649192974
6338100	0.00185834191916	0.00965188769624
6340630	0.00544981129712	0.0992481138092
6343176	0.00485779431121	0.0800342326984
6345948	0.0042884535471	0.0499554027338
6348460	0.00185834191916	0.0258606513962
6351042	0.00185834191916	0.0200154308695
6353557	0.00185834191916	0.00934827001765
6356063	0.00132569205265	-0.00959723559208
6358799	0.00132569205265	-0.0413730961736
6361930	0.00132569205265	-0.0758541931864
6364523	0.00132569205265	-0.118649395183
6367141	0.00132569205265	-0.113871613285
6369702	0.00132569205265	-0.113800440915
6372209	0.00132569205265	-0.114142171573
6374721	0.00132569205265	-0.149121661205
6377319	0.00132569205265	-0.1473611861
6380116	0.00104452533955	-0.141600534553
6382733	0.00104452533955	-0.146630740259
6385339	0.00104452533955	-0.155049974332
6387917	0.00104452533955	-0.18621847569
6390429	0.00104452533955	-0.165665041655
6392941	0.00104452533955	-0.167517345166
6395594	0.00104452533955	-0.166141013382
6398166	0.00104452533955	-0.175930215279
6400742	0.00104452533955	-0.157382891281
6403274	0.00104452533955	-0.160345650511
6405788	0.00104452533955	-0.168045696337
6408365	0.00104452533955	-0.174559082836
6411180	0.00104452533955	-0.169071705313
6413723	0.00104452533955	-0.165000791894
6416322	0.00104452533955	-0.211927671451
6419102	0.00104452533955	-0.211636493448
6421606	0.00104452533955	-0.197926445166
6424218	0.00104452533955	-0.204012420727
6426748	0.00104452533955	-0.179893809371
6429393	0.00104452533955	-0.169835082954
6431956	0.00104452533955	-0.156161833555
6434641	0.00104452533955	-0.125138676027
6437184	0.00104452533955	-0.156143678352
6439910	0.00104452533955	-0.182124115992
6442434	0.00104452533955	-0.188005307456
6444972	0.00104452533955	-0.192721289815
6447655	0.00104452533955	-0.197224711999
6450249	0.00104452533955	-0.174367873697
6452987	0.00104452533955	-0.162413567072
6455553	0.00104452533955	-0.14511065511
6458207	0.00104452533955	-0.174336670665
6460856	0.00104452533955	-0.125692227157
6463420	0.00132569205265	-0.115830230061
6466291	0.00132569205265	-0.0727370120585
6468870	0.00132569205265	-0.0909546229523
6472401	0.00132569205265	-0.108238921501
6474909	0.00132569205265	-0.12867472833
6477423	0.00132569205265	-0.122312598163
6480129	0.00132569205265	-0.124899515882
6482699	0.00132569205265	-0.135465818224
6485347	0.00132569205265	-0.129381862935
6487963	0.00104452533955	-0.12385032489
6490668	0.00104452533955	-0.125246572541
6493516	0.00132569205265	-0.151410298189
6496154	0.00104452533955	-0.172896364238
6498720	0.00104452533955	-0.197928415611
6501264	0.00104452533955	-0.19672385091
6504559	0.00104452533955	-0.121040535159
6507418	0.00104452533955	-0.126439567422
6510034	0.00132569205265	-0.146488196682
6512641	0.00132569205265	-0.139138067374
6515159	0.00104452533955	-0.129996604752
6517809	0.00104452533955	-0.131274231011
6520477	0.00104452533955	-0.145114943152
6523359	0.00104452533955	-0.167972101597
6525866	0.00104452533955	-0.188299005153
6529649	0.00132569205265	-0.0280612565111
6533698	0.00132569205265	-0.0167877669446
6536294	0.00185834191916	0.00721698557027
6539145	0.00485779431121	0.0868974328041
6541931	0.00550917841652	0.11551095522
6544514	0.00550917841652	0.104096407536
6547181	0.00550917841652	0.109895456815
6549895	0.00185834191916	0.045895610936
6552396	0.00185834191916	-0.00164825329557
6555232	0.00185834191916	-0.0199957299046
6557851	0.00132569205265	-0.017854434438
6560354	0.00132569205265	-0.0191184328869
6563160	0.00132569205265	-0.0231400053017
6565834	0.00185834191916	0.0132565447129
6568384	0.00132569205265	-0.065708882641
6570965	0.00185834191916	0.00748875155114
6573743	0.00185834191916	0.0500231841579
6576272	0.00185834191916	-0.0107220048085
6578920	0.00185834191916	-0.0072137566749
6581573	0.00185834191916	-0.0310184210539
6584177	0.00132569205265	-0.0332844727673
6587467	0.00132569205265	-0.0784368859604
6590444	0.00104452533955	-0.137706115609
6593433	0.00104452533955	-0.1530403262
6596111	0.00104452533955	-0.146294107893
6598638	0.00104452533955	-0.147282497259
6601152	0.00104452533955	-0.147928441176
6604320	0.00104452533955	-0.144844756927
6607071	0.00104452533955	-0.144321689382
6609788	0.00104452533955	-0.14194328757
6612397	0.00104452533955	-0.180511141196
6615017	0.00104452533955	-0.216093769763
6618528	0.00104452533955	-0.24440587475
6621115	0.00104452533955	-0.265233923215
6623682	0.00104452533955	-0.293493534438
6626234	0.00104452533955	-0.299542162102
6628762	0.00104452533955	-0.301387925167
6631263	0.00104452533955	-0.26821347978
6633996	0.00104452533955	-0.2486062916
6636764	0.00104452533955	-0.227481106995
6639886	0.00104452533955	-0.198000688804
6643539	0.00104452533955	-0.151943825884
6646125	0.00104452533955	-0.13517240691
6648660	0.00132569205265	-0.131296534324
6651244	0.00132569205265	-0.113496395526
6655269	0.00132569205265	-0.115986070596
6658006	0.00132569205265	-0.132877218071
6660697	0.00104452533955	-0.111118000001
6663278	0.00132569205265	-0.128089698497
6665839	0.00132569205265	-0.131071147509
6668381	0.00104452533955	-0.108945707325
6670979	0.00132569205265	-0.0959534598514
6673923	0.00132569205265	-0.0290768782143
6677022	0.00104452533955	-0.154609346529
6679593	0.00132569205265	-0.123092729598
6682175	0.00132569205265	-0.117958687712
6684771	0.00132569205265	-0.122625272721
6687276	0.00132569205265	-0.134011697955
6689892	0.00104452533955	-0.11665410595
6692758	0.00104452533955	-0.134533135686
6695620	0.00104452533955	-0.173620352056
6698138	0.00104452533955	-0.158472046256
6700655	0.00104452533955	-0.146866556956
6703302	0.00132569205265	-0.107755885227
6705878	0.00185834191916	-0.0319166891277
6708928	0.00554586931412	0.101029296638
6711436	0.00554586931412	0.120742985513
6714040	0.00554586931412	0.0763770232443
6716795	0.00347463696749	0.0654675005935
6719440	0.00185834191916	0.0265713452827
6721965	0.00185834191916	0.0371101468336
6724587	0.00185834191916	0.0383402721491
6727422	0.00185834191916	0.0179238694254
6730384	0.00185834191916	-0.00454365182668
6733570	0.00185834191916	-0.0139651505742
6736299	0.00132569205265	-0.0672117366921
6738881	0.00132569205265	-0.0951323858462
6741554	0.00132569205265	-0.130948398029
6744307	0.00132569205265	-0.130037176656
6747066	0.00132569205265	-0.0960280001163
6749736	0.00132569205265	-0.0957571482286
6752700	0.00132569205265	-0.115449127043
6755941	0.00104452533955	-0.114632489858
6758821	0.00132569205265	-0.0890293526463
6761445	0.00132569205265	-0.0604417214636
6764385	0.00554586931412	0.103764723521
6767276	0.00185834191916	0.0317585954908
6770968	0.00185834191916	0.0223028669134
6773660	0.00349298241629	0.0779782906175
6776388	0.00185834191916	0.0315790215973
6779059	0.00185834191916	-0.0556374778971
6781561	0.00132569205265	-0.105635258835
6784272	0.00106287078835	-0.111481814412
6786961	0.00104452533955	-0.134107162943
6789462	0.00104452533955	-0.171768215252
6792116	0.00104452533955	-0.238508572336
6794901	0.00104452533955	-0.26511978521
6797879	0.00104452533955	-0.293812376447
6800857	0.00104452533955	-0.33514770912
6803931	0.00104452533955	-0.366537141614
6806976	0.00104452533955	-0.392922433792
6809484	0.00104452533955	-0.413398465607
6812282	0.00104452533955	-0.506143766223
6814807	0.00104452533955	-0.569911898114
6817310	0.00104452533955	-0.566688628169
6820140	0.00104452533955	-0.464592498494
6822645	0.00104452533955	-0.463111178717
6825220	0.00104452533955	-0.467306921491
6828266	0.00104452533955	-0.45848307549
6830771	0.00104452533955	-0.458490617573
6833384	0.00104452533955	-0.500847317977
6836203	0.00104452533955	-0.513130492996
6838931	0.00104452533955	-0.523672786076
6842562	0.00104452533955	-0.515217428794
6845169	0.00104452533955	-0.53114730306
6847696	0.00104452533955	-0.553360054735
6850322	0.00104452533955	-0.519776770379
6852860	0.00104452533955	-0.532589814393
6855697	0.00104452533955	-0.532794817118
6859171	0.00104452533955	-0.469795098295
6861780	0.00104452533955	-0.420198809123
6864403	0.00104452533955	-0.328121324535
6867025	0.00104452533955	-0.317844250007
6869620	0.00104452533955	-0.291905900696
6872171	0.00104452533955	-0.271779436618
6875169	0.00104452533955	-0.26095769275
6877704	0.00104452533955	-0.28325675684
6880469	0.00104452533955	-0.278238926083
6883078	0.00104452533955	-0.31116179307
6885701	0.00104452533955	-0.365047905594
6888286	0.00104452533955	-0.376786750043
6890813	0.00104452533955	-0.406027736375
6893689	0.00104452533955	-0.483269612305
6896244	0.00104452533955	-0.533828009618
6898897	0.00104452533955	-0.538379163248
6901557	0.00104452533955	-0.601863531629
6904379	0.00104452533955	-0.64667456015
6907045	0.00104452533955	-0.650304707699
6909600	0.00104452533955	-0.490840500919
6912115	0.00104452533955	-0.451705724932
6914676	0.00104452533955	-0.351505262079
6917218	0.00104452533955	-0.311829613522
6920031	0.00104452533955	-0.26960023446
6922700	0.00104452533955	-0.239574088482
6925258	0.00104452533955	-0.213661145419
6927795	0.00106287078835	-0.19649907155
6930450	0.00106287078835	-0.194631838473
6933096	0.00106287078835	-0.200471864315
6936084	0.00106287078835	-0.202426740667
6938727	0.00106287078835	-0.195149177453
6941335	0.00106287078835	-0.167664978886
6944073	0.00106287078835	-0.140245185699
6946636	0.00106287078835	-0.163827874465
6949148	0.00106287078835	-0.163195820525
6951655	0.00104452533955	-0.172629345441
6954156	0.00104452533955	-0.221649803221
6956798	0.00104452533955	-0.312443747884
6960001	0.00104452533955	-0.345221605618
6962520	0.00104452533955	-0.366594018647
6965442	0.00104452533955	-0.392914955737
6967971	0.00104452533955	-0.428205392789
6970761	0.00104452533955	-0.433838264784
6973381	0.00104452533955	-0.394255346153
6975960	0.00104452533955	-0.396883302368
6978541	0.00104452533955	-0.396380211925
6981208	0.00104452533955	-0.378583441488
6984029	0.00104452533955	-0.438203844475
6986561	0.00104452533955	-0.451402754523
6989243	0.00104452533955	-0.528122170363
6991813	0.00104452533955	-0.506175194867
6995686	0.00104452533955	-0.480629432946
6998314	0.00104452533955	-0.388783010421
7000950	0.00104452533955	-0.375056397403
7003698	0.00104452533955	-0.361883336445
7006245	0.00104452533955	-0.287312899251
7009247	0.00104452533955	-0.246217896463
7011977	0.00104452533955	-0.208657288924
7014494	0.00104452533955	-0.19499276951
7017007	0.00104452533955	-0.108877127524
7019683	0.00104452533955	-0.0940683530644
7022454	0.00132569205265	-0.0923385357019
7025310	0.00132569205265	-0.093562116148
7027960	0.00132569205265	-0.0848296866752
7030553	0.00104452533955	-0.109202431049
7033202	0.00185834191916	-0.0291991229169
7035889	0.00554586931412	0.184002037859
7038586	0.00884916464107	0.302499296376
7041360	0.00916001491387	0.414287270047
7043875	0.0107649718513	0.684677989222
7046474	0.0107649718513	0.534118925687
7049037	0.00884916464107	0.303215811029
7051547	0.00884916464107	0.285396202235
7054119	0.00884916464107	0.268984121736
7056997	0.00884916464107	0.322440370219
7059502	0.00884916464107	0.352795088897
7062068	0.00884916464107	0.351888223086
7064619	0.0107649718513	0.39980447432
7067131	0.0107649718513	0.462883440079
7069672	0.00884916464107	0.305837339722
7072210	0.0107649718513	0.513765453361
7074807	0.0107649718513	0.503914024681
7077845	0.00884916464107	0.356224519433
7080793	0.00554586931412	0.0949137655552
7083659	0.00554586931412	0.0932679180987
7086318	0.00185834191916	0.0278621236794
7088822	0.00185834191916	-0.0069863863755
7091443	0.00132569205265	-0.0243871076964
7093983	0.00185834191916	-0.00690630218014
7096535	0.00185834191916	-0.0206877589226
7099790	0.00132569205265	-0.0267285357695
7102307	0.00132569205265	-0.0450490997173
7105023	0.00132569205265	-0.0570924985223
7107979	0.00132569205265	-0.0626055134926
7111148	0.00132569205265	-0.0707347686402
7118387	0.00132569205265	-0.0927151301876
7120920	0.00132569205265	-0.115267794346
7123553	0.00104452533955	-0.0970509247854
7126413	0.00104452533955	-0.0992744858377
7128936	0.00104452533955	-0.0967767287511
7131597	0.00104452533955	-0.112449824112
7134227	0.00104452533955	-0.170426252531
7136737	0.00104452533955	-0.129509657389
7139428	0.00132569205265	-0.106711810688
7141936	0.00132569205265	-0.0701250229031
7144463	0.00132569205265	-0.0467915164772
7147128	0.00132569205265	-0.0266349827871
7151123	0.00132569205265	-0.0262016034685
