9118	0.00110573	-0.107886422891
11678	0.00110573434648	-0.146346678259
14225	0.00110573434648	-0.12634269055
16936	0.00110573434648	-0.143366667908
19469	0.00110573434648	-0.172618916258
23526	0.00110573434648	-0.206368397456
26029	0.00110573434648	-0.248469632817
28685	0.00110573434648	-0.246405256679
31878	0.00110573434648	-0.228566973936
34630	0.00110573434648	-0.185754250735
37137	0.00110573434648	-0.171509871725
39830	0.00110573434648	-0.0796639081091
42348	0.00110573434648	-0.099460784113
44895	0.00110573434648	-0.059528216254
47694	0.00110573434648	-0.0381897129118
50248	0.00110573434648	-0.0469540597405
52765	0.00110573434648	-0.0595701585989
55273	0.00110573434648	-0.0766819606069
57859	0.00110573434648	-0.0652162372135
61301	0.00110573434648	-0.038824171992
66035	0.00120690731263	-0.00622370745987
69184	0.00142401418176	0.0230304696597
71998	0.00297461513214	0.0734358739574
74813	0.00110573434648	-0.0140095830429
78071	0.00110573434648	-0.019190373132
80574	0.00110573434648	-0.029775835108
83621	0.00110573434648	-0.0354782969225
86354	0.00110573434648	-0.0478482528124
88971	0.00110573434648	-0.0536663921084
91765	0.00110573434648	-0.0539108365774
94693	0.00110573434648	-0.0494826016948
97624	0.00110573434648	-0.0436413807329
100760	0.00110573434648	-0.0566835105419
103279	0.00110573434648	-0.0660776670557
105866	0.00110573434648	-0.0679296976887
108405	0.00110573434648	-0.0592740406282
111222	0.00110573434648	-0.0644693786744
114015	0.00110573434648	-0.0599363502115
116631	0.00110573434648	-0.0548351004254
119207	0.00110573434648	-0.0515480684116
121743	0.00110573434648	-0.0564441552851
124272	0.00110573434648	-0.0482742991298
126803	0.00110573434648	-0.0540906260721
129335	0.00110573434648	-0.0537118306383
131932	0.00110573434648	-0.0562790511176
134465	0.00110573434648	-0.0172009952366
136994	0.00110573434648	-0.046066239709
139572	0.00110573434648	-0.0535718053579
142151	0.00110573434648	-0.0521148475818
144657	0.00110573434648	-0.0526877657976
147384	0.00110573434648	-0.0514547869097
150202	0.00110573434648	-0.0500281958375
152787	0.00110573434648	-0.0545380513649
155314	0.00110573434648	-0.0623305412009
157926	0.00110573434648	-0.0698763371911
160464	0.00110573434648	-0.0764129876625
162972	0.00110573434648	-0.0819985470735
165508	0.00110573434648	-0.080165859079
168140	0.00110573434648	-0.0958598153666
170684	0.00110573434648	-0.0833861054853
173515	0.00110573434648	-0.0192071204074
176197	0.00110573434648	-0.0211818385869
178727	0.00110573434648	-0.0159120897297
181251	0.00110573434648	-0.0304436518345
183836	0.00110573434648	-0.042375366902
186420	0.00110573434648	-0.0321473663207
189098	0.00110573434648	-0.0321272709407
191690	0.00110573434648	-0.0406189507339
194194	0.00110573434648	-0.0408909977414
196818	0.00110573434648	-0.0294368949253
199382	0.00110573434648	-0.0515626450069
201903	0.00110573434648	-0.0331610320136
204408	0.00110573434648	-0.0202232997399
207060	0.00110573434648	-0.0520356183406
209668	0.00110573434648	-0.03762303642
212257	0.00110573434648	-0.118245453341
214829	0.00110573434648	-0.143614356406
217404	0.00110573434648	-0.135393085191
219928	0.00110573434648	-0.151549601462
222471	0.00110573434648	-0.173390572658
225076	0.00110573434648	-0.171220350312
227674	0.00110573434648	-0.206528589129
230182	0.00110573434648	-0.218377852812
232704	0.00110573434648	-0.250972158043
235330	0.00110573434648	-0.256594152888
238787	0.00110573434648	-0.257412780309
241354	0.00110573434648	-0.255751563003
243928	0.00110573434648	-0.293941897806
246738	0.00110573434648	-0.292031455087
249243	0.00110573434648	-0.357872172957
251898	0.00110573434648	-0.352520636749
254521	0.00110573434648	-0.337420484051
257200	0.00110573434648	-0.349296133732
259769	0.00110573434648	-0.344134512357
272388	0.00110573434648	-0.347455617739
285662	0.00110573434648	-0.363533362979
289296	0.00110573434648	-0.373628930189
291968	0.00110573434648	-0.372458022321
294521	0.00110573434648	-0.382682692027
297061	0.00110573434648	-0.388978754869
300718	0.00110573434648	-0.391751423944
303323	0.00110573434648	-0.399230017094
306245	0.00110573434648	-0.398532366846
308785	0.00110573434648	-0.401333133923
311629	0.00110573434648	-0.403949140804
316504	0.00110573434648	-0.409178450936
319173	0.00110573434648	-0.402399260085
324539	0.00110573434648	-0.411484824494
327097	0.00110573434648	-0.417744929204
329637	0.00110573434648	-0.420503363712
332140	0.00110573434648	-0.420270137256
334824	0.00110573434648	-0.402319327462
337636	0.00110573434648	-0.383372025331
340137	0.00110573434648	-0.409571044613
342803	0.00110573434648	-0.415070948889
345313	0.00110573434648	-0.386877879966
347845	0.00110573434648	-0.383911161683
350391	0.00110573434648	-0.387998207007
352970	0.00110573434648	-0.38888561097
355481	0.00110573434648	-0.397675535409
357998	0.00110573434648	-0.397624694277
360609	0.00110573434648	-0.398350592004
363139	0.00110573434648	-0.317038097186
365702	0.00110573434648	-0.310949165607
368214	0.00110573434648	-0.303950234316
370724	0.00110573434648	-0.292813164182
373317	0.00110573434648	-0.295809855452
375826	0.00110573434648	-0.272201698041
381632	0.00110573434648	-0.264741855208
443168	0.00110573434648	-0.248019629857
446791	0.00110573434648	-0.247351177735
449338	0.00110573434648	-0.27889454714
451867	0.00110573434648	-0.168638722273
454379	0.00110573434648	-0.176204299787
456946	0.00110573434648	-0.168841499835
459608	0.00110573434648	-0.174029181944
462130	0.00110573434648	-0.165516991634
465262	0.00110573434648	-0.174835105194
467781	0.00110573434648	-0.183255733456
470286	0.00110573434648	-0.16995323007
473392	0.00110573434648	-0.186039560707
475894	0.00110573434648	-0.169597567059
478473	0.00110573434648	-0.0862850518897
481262	0.00110573434648	-0.140566208167
483854	0.00110573434648	-0.109566487605
486540	0.00110573434648	-0.12989658257
489129	0.00110573434648	-0.162026476115
491883	0.00110573434648	-0.156481602229
494398	0.00110573434648	-0.138098081341
496906	0.00110573434648	-0.164858206641
499540	0.00110573434648	-0.127434105612
502046	0.00110573434648	-0.142260692548
504669	0.00110573434648	-0.149600926088
507408	0.00110573434648	-0.145872602705
509963	0.00110573434648	-0.127775113797
512537	0.00110573434648	-0.0718403242063
515162	0.00110573434648	-0.106758057605
517942	0.00110573434648	-0.168770232005
520552	0.00110573434648	-0.178758973954
523108	0.00110573434648	-0.181745951297
525650	0.00110573434648	-0.184779490577
528236	0.00110573434648	-0.18912303308
530783	0.00110573434648	-0.202586634085
533362	0.00110573434648	-0.270023613935
535968	0.00110573434648	-0.263926365413
538516	0.00110573434648	-0.309183566598
541341	0.00110573434648	-0.313627328025
543899	0.00110573434648	-0.312337368261
546691	0.00110573434648	-0.312627103878
549260	0.00110573434648	-0.303617082536
551916	0.00110573434648	-0.303838590859
555433	0.00110573434648	-0.29654727946
558788	0.00110573434648	-0.305619121995
561425	0.00110573434648	-0.335736734793
564066	0.00110573434648	-0.411079724319
566715	0.00110573434648	-0.402734597214
569375	0.00110573434648	-0.405406358885
571907	0.00110573434648	-0.407646550797
574430	0.00110573434648	-0.385758146876
576950	0.00110573434648	-0.374060564674
579496	0.00110573434648	-0.373894895194
582052	0.00110573434648	-0.37384557887
584590	0.00110573434648	-0.375809768215
587241	0.00110573434648	-0.379333972698
589750	0.00110573434648	-0.387505429797
592276	0.00110573434648	-0.391979733016
594825	0.00110573434648	-0.379512813641
597473	0.00110573434648	-0.378382514697
600115	0.00110573434648	-0.384236152517
602636	0.00110573434648	-0.38428304228
605294	0.00110573434648	-0.387060537701
607797	0.00110573434648	-0.379140179837
610375	0.00110573434648	-0.375486989738
612978	0.00110573434648	-0.374706616858
615949	0.00110573434648	-0.398229616228
618465	0.00110573434648	-0.393720106222
621048	0.00110573434648	-0.38982894388
623933	0.00110573434648	-0.330512469867
626469	0.00110573434648	-0.30241359584
628975	0.00110573434648	-0.332669840893
631640	0.00110573434648	-0.332669697935
634210	0.00110573434648	-0.344653886743
636742	0.00110573434648	-0.323035666952
639297	0.00110573434648	-0.324026975781
642007	0.00110573434648	-0.32163843629
644558	0.00110573434648	-0.357562526362
647186	0.00110573434648	-0.355274238857
649864	0.00110573434648	-0.350629443768
652624	0.00110573434648	-0.34458051296
655671	0.00110573434648	-0.348788000643
658294	0.00110573434648	-0.343258888926
660932	0.00110573434648	-0.34116479801
663442	0.00110573434648	-0.311119665857
667682	0.00110573434648	-0.372211982729
670229	0.00110573434648	-0.317521176767
672832	0.00110573434648	-0.311266401084
675494	0.00110573434648	-0.265682096127
677996	0.00110573434648	-0.333154401509
680805	0.00110573434648	-0.35965032177
683804	0.00110573434648	-0.363114222186
686403	0.00110573434648	-0.26799733378
689469	0.00110573434648	-0.273268268676
692065	0.00110573434648	-0.259789347183
694595	0.00110573434648	-0.242227498908
697314	0.00110573434648	-0.160159358988
699868	0.00110573434648	-0.157305400586
702474	0.00110573434648	-0.172636125702
705006	0.00110573434648	-0.179239050485
707518	0.00110573434648	-0.17770812707
710146	0.00110573434648	-0.143269584049
712656	0.00110573434648	-0.13951048255
715166	0.00110573434648	-0.152448490262
717687	0.00110573434648	-0.129396974342
720425	0.00110573434648	-0.136388804065
723171	0.00110573434648	-0.147805880988
725690	0.00110573434648	-0.141336879227
728201	0.00110573434648	-0.0563674489968
731184	0.00110573434648	-0.0819058155175
733708	0.00110573434648	-0.0746246003546
736237	0.00110573434648	-0.0614330894314
739090	0.00110573434648	-0.0550558147952
741819	0.00110573434648	-0.0443325068336
744320	0.00110573434648	-0.0456093493849
746943	0.00110573434648	-0.0513978006784
749731	0.00110573434648	-0.0596952622291
752286	0.00110573434648	-0.145802754676
754846	0.00110573434648	-0.141783980886
757363	0.00110573434648	-0.137058066903
759879	0.00110573434648	-0.139740803745
762422	0.00110573434648	-0.122771569993
764963	0.00110573434648	-0.109560237266
767475	0.00110573434648	-0.10325490823
770002	0.00110573434648	-0.0950153684244
772517	0.00110573434648	-0.0844160348643
775140	0.00110573434648	-0.0790535814594
777876	0.00110573434648	-0.101745302556
780384	0.00110573434648	-0.11129149585
782885	0.00110573434648	-0.107394392602
785392	0.00110573434648	-0.118831608677
787897	0.00110573434648	-0.15374327288
790803	0.00110573434648	-0.142639845144
793453	0.00110573434648	-0.135877262102
796029	0.00110573434648	-0.128173384583
798622	0.00110573434648	-0.157314686105
801159	0.00110573434648	-0.15906844358
804052	0.00110573434648	-0.120876127388
806569	0.00110573434648	-0.17958766222
809126	0.00110573434648	-0.172767204698
811720	0.00110573434648	-0.151155758183
814226	0.00110573434648	-0.16885029641
816727	0.00110573434648	-0.190132245421
819282	0.00110573434648	-0.190392675344
821819	0.00110573434648	-0.196282903664
824338	0.00110573434648	-0.198242926272
826850	0.00110573434648	-0.195193495834
829363	0.00110573434648	-0.197617328726
831936	0.00110573434648	-0.152040403336
834477	0.00110573434648	-0.127837157808
837077	0.00110573434648	-0.0951350764371
839593	0.00110573434648	-0.154495207593
842116	0.00110573434648	-0.160756368656
844841	0.00110573434648	-0.15375882131
847771	0.00110573434648	-0.157833915204
850320	0.00110573434648	-0.170843496686
853218	0.00110573434648	-0.193420496536
855727	0.00110573434648	-0.209643732756
858393	0.00110573434648	-0.203710941831
860923	0.00110573434648	-0.242359247524
863591	0.00110573434648	-0.246619411279
866099	0.00110573434648	-0.247380772838
869560	0.00110573434648	-0.240855169483
872174	0.00110573434648	-0.233074100455
875261	0.00110573434648	-0.22954673809
877851	0.00110573434648	-0.234655722976
880431	0.00110573434648	-0.207654302241
884371	0.00110573434648	-0.170663291356
887548	0.00110573434648	-0.154547163751
890194	0.00110573434648	-0.0786864038091
892791	0.00110573434648	-0.0722407475114
895358	0.00110573434648	-0.106155351503
898175	0.00110573434648	-0.112415855052
900758	0.00110573434648	-0.0996216293424
903742	0.00110573434648	-0.0712214368396
906336	0.00110573434648	-0.0443134834059
909091	0.00110573434648	-0.0362936870661
911612	0.00110573434648	-0.0977709400468
914154	0.00110573434648	-0.0693772188388
916725	0.00110573434648	-0.0786226571072
919265	0.00110573434648	-0.0586956189945
922239	0.00110573434648	-0.0117675221991
924795	0.00142401418176	0.00802887743339
927424	0.00297461513214	0.0889485743828
930018	0.00211746400796	0.0236693501938
932875	0.00142401418176	0.0132418132853
935402	0.00110573434648	-0.0213061280083
938037	0.00110573434648	-0.0576926509384
940694	0.00110573434648	-0.0420401613228
943264	0.00110573434648	-0.0170292020775
945786	0.00297461513214	0.0771608843934
948303	0.00226640436911	0.067867330974
950899	0.00216523140296	0.0587770931888
953457	0.00377836068517	0.162403970491
956029	0.00297461513214	0.112041367218
958790	0.00297461513214	0.0889848622028
961447	0.00239146103275	0.0675473921001
964064	0.00216523140296	0.0410648642574
966776	0.00110573434648	-0.0482485515531
969304	0.00110573434648	-0.0694655356929
971922	0.00110573434648	-0.078436417738
974478	0.00110573434648	-0.0716019147076
977017	0.00110573434648	-0.06894710497
981154	0.0013706086106	0.00642909901217
983655	0.00120690731263	-0.00452369474806
986203	0.00110573434648	-0.0747196897864
988765	0.00110573434648	-0.0576844883617
991342	0.00110573434648	-0.0589618012309
993857	0.00110573434648	-0.0614968016744
997409	0.00110573434648	-0.0341398136225
999946	0.00110573434648	-0.0555874390993
1002447	0.00110573434648	-0.0676200182643
1005102	0.00110573434648	-0.0680596469902
1007628	0.00110573434648	-0.0477800148074
1010133	0.00110573434648	-0.0461322239134
1012815	0.00110573434648	-0.0476953051984
1015342	0.00110573434648	-0.0406546152662
1018161	0.00110573434648	-0.0400044119451
1020701	0.00110573434648	-0.0401969777886
1023310	0.00110573434648	-0.0615871024784
1026111	0.00110573434648	-0.0472502775956
1028628	0.00110573434648	-0.0503873690031
1031134	0.00110573434648	-0.0992093111854
1033663	0.00110573434648	-0.0415309339296
1036219	0.00110573434648	-0.0495572264772
1038812	0.00110573434648	-0.0904184046667
1041352	0.00110573434648	-0.0656777373515
1043968	0.00110573434648	-0.0376949114725
1046634	0.00110573434648	-0.0327555071563
1049188	0.00110573434648	-0.0134642357007
1051700	0.00138536954743	0.00504067866132
1054207	0.00297461513214	0.0803431090899
1056770	0.00110573434648	-0.0150425171014
1059363	0.00110573434648	-0.0286290154327
1062228	0.00110573434648	-0.016784425592
1064732	0.00110573434648	-0.0122645262163
1068370	0.00110573434648	-0.010908870725
1070881	0.00110573434648	-0.0546455308795
1073527	0.00110573434648	-0.0476938632783
1076032	0.00110573434648	-0.0210493835621
1078537	0.00110573434648	-0.070552008925
1081098	0.00110573434648	-0.061908472795
1083634	0.00110573434648	-0.0444019585848
1086390	0.00110573434648	-0.0772547335364
1088992	0.00110573434648	-0.122650797479
1091525	0.00110573434648	-0.125398260076
1094043	0.00110573434648	-0.149817393627
1096597	0.00110573434648	-0.14810989867
1099121	0.00110573434648	-0.110820694594
1101693	0.00110573434648	-0.111196294427
1104537	0.00110573434648	-0.188612706494
1107055	0.00110573434648	-0.207098724786
1109756	0.00110573434648	-0.221209910465
1112441	0.00110573434648	-0.232385037001
1114973	0.00110573434648	-0.233497154433
1117649	0.00110573434648	-0.242881088052
1120204	0.00110573434648	-0.23615384195
1122921	0.00110573434648	-0.231306708651
1125593	0.00110573434648	-0.224539832678
1128182	0.00110573434648	-0.230258024298
1130933	0.00110573434648	-0.226164718391
1133779	0.00110573434648	-0.190259252908
1136300	0.00110573434648	-0.19376351242
1138916	0.00110573434648	-0.166353452019
1141469	0.00110573434648	-0.141963665606
1144010	0.00110573434648	-0.101531408029
1146664	0.00110573434648	-0.106270389631
1149297	0.00110573434648	-0.127264555311
1152013	0.00110573434648	-0.134390313644
1154531	0.00110573434648	-0.139100849861
1157333	0.00110573434648	-0.118730361341
1160094	0.00110573434648	-0.062008965062
1162601	0.00110573434648	-0.0609720582142
1165105	0.00110573434648	-0.0617625005543
1167626	0.00110573434648	-0.0681441663764
1170235	0.00110573434648	-0.0620623223949
1172918	0.00110573434648	-0.0604074310977
1175578	0.00110573434648	-0.0580270937644
1178124	0.00110573434648	-0.0604912226554
1180659	0.00110573434648	-0.0633103772998
1183173	0.00110573434648	-0.0681819333695
1185731	0.00110573434648	-0.0300438685808
1188350	0.00110573434648	-0.033342583105
1190873	0.00110573434648	-0.0201954254881
1193379	0.00110573434648	-0.015678643249
1195887	0.00110573434648	-0.0124901828822
1198428	0.00110573434648	-0.010440134909
1200983	0.00110573434648	-0.00962026114576
1203487	0.00110573434648	-0.0367600228637
1206024	0.00110573434648	-0.04785984708
1208732	0.00110573434648	-0.0379384807311
1211457	0.00110573434648	-0.0328072628472
1213962	0.00110573434648	-0.00386333744973
1216553	0.00120690731263	-0.00543303904124
1219057	0.00110573434648	-0.0116172689013
1221611	0.00110573434648	-0.0143581342418
1224352	0.00110573434648	-0.00955318938941
1227053	0.00110573434648	-0.0111801957246
1229555	0.00110573434648	-0.0185373497661
1232184	0.00216523140296	0.0633139023557
1235031	0.00226640436911	0.0736405609641
1238121	0.00226640436911	0.0726338650566
1240650	0.00226640436911	0.0713284420781
1243265	0.00216523140296	0.0639489651658
1245934	0.00297461513214	0.12915786705
1248493	0.00297461513214	0.123180133523
1251136	0.00377836068517	0.151671920205
1253666	0.00142401418176	0.0277354356367
1256213	0.00110573434648	-0.00597423524596
1258727	0.0013706086106	-0.00420862413011
1261260	0.0013706086106	-0.00142263388261
1263780	0.0013706086106	0.00393059267662
1266308	0.00216523140296	0.0389751908369
1268968	0.00110573434648	-0.00402239104733
1271489	0.00110573434648	-0.0704673842993
1274127	0.00142401418176	0.00724697834812
1276663	0.00142401418176	0.0172433594707
1279230	0.00142401418176	0.00991572136991
1281851	0.00216523140296	0.0473950468004
1284398	0.00216523140296	0.0392615962774
1287027	0.00297461513214	0.104795314139
1289548	0.00377836068517	0.177565654507
1292087	0.00377836068517	0.188084670808
1294629	0.00377836068517	0.189499372616
1297162	0.00377836068517	0.14148439886
1299784	0.00377836068517	0.1642196225
1302297	0.00544489553853	0.358002296882
1307278	0.00553130756785	0.357749990653
1310801	0.00516526033758	0.322538402164
1313384	0.00516526033758	0.29804415605
1315956	0.00516526033758	0.268575779395
1318472	0.00516526033758	0.261699130991
1321130	0.00645098702385	0.453331246506
1323664	0.00645098702385	0.441058279015
1326234	0.00457298347752	0.22878690646
1328829	0.00226640436911	0.0754193516914
1331441	0.00297461513214	0.114131692331
1334078	0.00297461513214	0.0956150167622
1336593	0.00226640436911	0.0682473941706
1339346	0.00239146103275	0.0730437054299
1341948	0.00297461513214	0.102061145008
1344450	0.00377836068517	0.124704448739
1347019	0.00377836068517	0.13124554581
1349528	0.00110573434648	-0.0186832060572
1352068	0.00110573434648	-0.014621484559
1354677	0.00110573434648	-0.018081956543
1357236	0.00110573434648	-0.0195226455107
1359771	0.00110573434648	-0.0229786080308
1362293	0.00110573434648	-0.0413719385397
1364794	0.00110573434648	-0.0119451987557
1367406	0.00110573434648	-0.0239540904295
1369908	0.00110573434648	-0.0236959510949
1372418	0.00110573434648	-0.0226315164473
1375119	0.0013706086106	0.00618804059923
1377792	0.0013706086106	0.00545472512022
1380308	0.0013706086106	-0.0011747055687
1383461	0.00216523140296	0.0544533752836
1386059	0.00377836068517	0.133343533613
1388560	0.00544489553853	0.368578000227
1391174	0.00544489553853	0.363910743967
1394062	0.00516526033758	0.338567775209
1396661	0.00645098702385	0.470844723517
1399171	0.00645098702385	0.450030272827
1401728	0.00655215999	0.557983364211
1404287	0.00645098702385	0.483296508435
1407954	0.00544489553853	0.353922806447
1410482	0.00645098702385	0.424399524461
1413303	0.00655215999	0.520968658617
1415920	0.00666809389298	0.589898288017
1418468	0.00714443685006	0.609695208026
1421128	0.00714443685006	0.633510798216
1423678	0.00714443685006	0.626143413596
1426204	0.00714443685006	0.626037618844
1428719	0.00666809389298	0.597703833831
1431262	0.00666809389298	0.599966758396
1433781	0.00868591503978	0.750185419805
1436338	0.00868591503978	0.756941732485
1438844	0.00783788667627	0.688632141566
1441408	0.00868591503978	0.72627549991
1443999	0.00868591503978	0.801096350653
1446511	0.00666809389298	0.598545773653
1449099	0.00868591503978	0.822068701498
1451630	0.00868591503978	0.847608192591
1454223	0.00868591503978	0.842806836823
1456733	0.00868591503978	0.850496871863
1459359	0.00868591503978	0.861749812961
1461996	0.00868591503978	0.878359068651
1464722	0.00868591503978	0.861027829582
1467235	0.00868591503978	0.874184939777
1469775	0.00868591503978	0.830534665613
1472297	0.00868591503978	0.881424732972
1474806	0.00868591503978	0.714745155768
1477319	0.00868591503978	0.75208258885
1479852	0.00714443685006	0.646168132778
1482424	0.00377836068517	0.194122835295
1485228	0.00377836068517	0.194769687252
1487749	0.00377836068517	0.216675177915
1490533	0.00457298347752	0.233398562297
1493148	0.00377836068517	0.205084999325
1495667	0.00216523140296	0.0475228144787
1498201	0.00142401418176	0.0248634640593
1501100	0.00110573434648	-0.020881655626
1503638	0.00110573434648	-0.0911961863749
1506230	0.00110573434648	-0.154357706895
1508740	0.00110573434648	-0.147536987904
1511270	0.00110573434648	-0.154194808099
1513807	0.00110573434648	-0.14834713703
1516310	0.00110573434648	-0.133040389512
1518835	0.00110573434648	-0.171098080464
1521412	0.00110573434648	-0.17183198058
1524415	0.00110573434648	-0.180498710135
1526953	0.00110573434648	-0.127264825394
1529470	0.00110573434648	-0.12588083162
1532143	0.00110573434648	-0.121632981114
1534678	0.00110573434648	-0.139672496589
1537451	0.00110573434648	-0.126150725642
1539953	0.00110573434648	-0.118268882856
1542457	0.00110573434648	-0.113343646051
1545048	0.00110573434648	-0.0896456711926
1547647	0.00110573434648	-0.105974785052
1550867	0.00110573434648	-0.0869399739895
1553705	0.00110573434648	-0.0836403162684
1556592	0.00110573434648	-0.083545319736
1559151	0.00110573434648	-0.0837399605662
1562104	0.00110573434648	-0.0518022044562
1564690	0.00110573434648	-0.0507132336497
1568313	0.00110573434648	-0.0714086042717
1572184	0.00110573434648	-0.0657707864884
1574840	0.00110573434648	-0.0649699387141
1577352	0.00110573434648	-0.057110107271
1579875	0.00110573434648	-0.0582346040756
1582391	0.00110573434648	-0.0499139116146
1585332	0.00110573434648	-0.0382988336496
1587996	0.00110573434648	-0.0510933203623
1590537	0.00110573434648	-0.0513410859276
1593108	0.00110573434648	-0.0808367310092
1595729	0.00110573434648	-0.0850353781134
1598375	0.00110573434648	-0.082692036638
1600898	0.00110573434648	-0.115220699226
1603558	0.00110573434648	-0.111399444053
1606153	0.00110573434648	-0.11510081077
1608690	0.00110573434648	-0.123385048006
1615017	0.00110573434648	-0.122813959606
1618963	0.00110573434648	-0.122935345629
1621469	0.00110573434648	-0.125792345498
1624023	0.00110573434648	-0.117962186458
1626533	0.00110573434648	-0.127924317494
1629040	0.00110573434648	-0.145856458228
1631559	0.00110573434648	-0.127004387323
1634065	0.00110573434648	-0.127636856167
1636597	0.00110573434648	-0.120906003052
1639104	0.00110573434648	-0.113045098027
1641662	0.00110573434648	-0.105699610198
1644434	0.00110573434648	-0.107594265603
1647298	0.00110573434648	-0.104547203518
1649869	0.00110573434648	-0.0943482096773
1652416	0.00110573434648	-0.101127259433
1654950	0.00110573434648	-0.101437793346
1657457	0.00110573434648	-0.0903518574778
1660093	0.00110573434648	-0.0809355236124
1662601	0.00110573434648	-0.102877586382
1665136	0.00110573434648	-0.0880126256961
1667663	0.00110573434648	-0.10402458231
1670165	0.00110573434648	-0.102573730517
1672712	0.00110573434648	-0.138047159184
1675335	0.00110573434648	-0.137172671268
1677853	0.00110573434648	-0.125543519622
1680540	0.00110573434648	-0.131080965279
1683043	0.00110573434648	-0.147444906179
1685580	0.00110573434648	-0.0976513512433
1688108	0.00110573434648	-0.095917634666
1690631	0.00110573434648	-0.0987507523969
1693141	0.00110573434648	-0.151900470955
1695647	0.00110573434648	-0.191933250986
1698189	0.00110573434648	-0.186722390121
1700707	0.00110573434648	-0.187861855375
1703279	0.00110573434648	-0.17015590542
1705786	0.00110573434648	-0.207138306694
1708289	0.00110573434648	-0.235548290191
1710830	0.00110573434648	-0.214022002416
1713339	0.00110573434648	-0.210854965029
1715870	0.00110573434648	-0.197596646613
1718375	0.00110573434648	-0.177796334028
1720877	0.00110573434648	-0.164887393592
1723427	0.00110573434648	-0.162455672864
1725939	0.00110573434648	-0.158376660198
1728550	0.00110573434648	-0.157172130421
1731054	0.00110573434648	-0.151264271
1733563	0.00110573434648	-0.162581392098
1736350	0.00110573434648	-0.181472283322
1739292	0.00110573434648	-0.181461413857
1742214	0.00110573434648	-0.182315349579
1745054	0.00110573434648	-0.183536178898
1747606	0.00110573434648	-0.186869029887
1750350	0.00110573434648	-0.190814802423
1753438	0.00110573434648	-0.19959121244
1756416	0.00110573434648	-0.179559647804
1759220	0.00110573434648	-0.124967473326
1762250	0.00110573434648	-0.0578838989604
1764813	0.00110573434648	-0.0674935043789
1767335	0.00110573434648	-0.0489908412565
1772135	0.00110573434648	-0.0469799498096
1774953	0.00110573434648	-0.0458276036661
1777517	0.00110573434648	-0.0450005270541
1780372	0.00110573434648	-0.0420353151858
1783108	0.00110573434648	-0.0431116218679
1785626	0.00110573434648	-0.028154081665
1788458	0.00110573434648	-0.0532880045939
1791452	0.00110573434648	-0.05299885571
1794308	0.00110573434648	-0.0529949639458
1797908	0.00110573434648	-0.0891676200554
1802116	0.00110573434648	-0.0873191431165
1805078	0.00110573434648	-0.0839807463344
1808915	0.00110573434648	-0.127860652283
1811546	0.00110573434648	-0.128969373647
1816480	0.00110573434648	-0.131883182097
1819429	0.00110573434648	-0.0565200769342
1823286	0.00110573434648	-0.0213652648963
1826388	0.00110573434648	-0.0180705620442
1829439	0.00110573434648	-0.0231786156073
1832074	0.00110573434648	-0.0163409230299
1834806	0.00110573434648	-0.0105319235008
1837313	0.00110573434648	-0.0300341851544
1839830	0.00110573434648	-0.0249740111176
1842428	0.00110573434648	-0.0498779190239
1845044	0.00110573434648	-0.0521706182044
1847576	0.00110573434648	-0.0803440215532
1850152	0.00110573434648	-0.0742964369711
1852707	0.00110573434648	-0.0745390374213
1855223	0.00110573434648	-0.0732329045422
1857750	0.00110573434648	-0.0782440549228
1860257	0.00110573434648	-0.118874243461
1862977	0.00110573434648	-0.136353889015
1865840	0.00110573434648	-0.16078314418
1868541	0.00110573434648	-0.174238400301
1871537	0.00110573434648	-0.196454566903
1874356	0.00110573434648	-0.190139067126
1876880	0.00110573434648	-0.232329891296
1879520	0.00110573434648	-0.25048112846
1882158	0.00110573434648	-0.238739876077
1884826	0.00110573434648	-0.227964540012
1887432	0.00110573434648	-0.216622781008
1890008	0.00110573434648	-0.211613694439
1892554	0.00110573434648	-0.199132988928
1895076	0.00110573434648	-0.185614720918
1897669	0.00110573434648	-0.173366557807
1900339	0.00110573434648	-0.227053949377
1902875	0.00110573434648	-0.246659191791
1905386	0.00110573434648	-0.21326164878
1907915	0.00110573434648	-0.23295677267
1910474	0.00110573434648	-0.242630272638
1913098	0.00110573434648	-0.252662109677
1915608	0.00110573434648	-0.33986670943
1924757	0.00110573434648	-0.346385920886
1928838	0.00110573434648	-0.355817250442
1931446	0.00110573434648	-0.363225239795
1934393	0.00110573434648	-0.359445865499
1936922	0.00110573434648	-0.366105408408
1939616	0.00110573434648	-0.293064646889
1942574	0.00110573434648	-0.314352213638
1945244	0.00110573434648	-0.411177083384
1947782	0.00110573434648	-0.41344975424
1950508	0.00110573434648	-0.425769415917
1953162	0.00110573434648	-0.426298450679
1955751	0.00110573434648	-0.428159864619
1958525	0.00110573434648	-0.422333734808
1961067	0.00110573434648	-0.415809194325
1963617	0.00110573434648	-0.409162986791
1966370	0.00110573434648	-0.402836061316
1969016	0.00110573434648	-0.410660541151
1971632	0.00110573434648	-0.349652579287
1975413	0.00110573434648	-0.335708097555
1977924	0.00110573434648	-0.346494351979
1980427	0.00110573434648	-0.360175380949
1982975	0.00110573434648	-0.374606928788
1985496	0.00110573434648	-0.373269360512
1988031	0.00110573434648	-0.348385498393
1990555	0.00110573434648	-0.347059027292
1993231	0.00110573434648	-0.273199580843
1995771	0.00110573434648	-0.309671746567
1998391	0.00110573434648	-0.311000748072
2000999	0.00110573434648	-0.321914058179
2003588	0.00110573434648	-0.263741222676
2006105	0.00110573434648	-0.278563181637
2008612	0.00110573434648	-0.264139523031
2011154	0.00110573434648	-0.288914511679
2013657	0.00110573434648	-0.27778644464
2016173	0.00110573434648	-0.269970192807
2018701	0.00110573434648	-0.213965943549
2021210	0.00110573434648	-0.208551980555
2023776	0.00110573434648	-0.202154058032
2026304	0.00110573434648	-0.202091216808
2028834	0.00110573434648	-0.197815508349
2031337	0.00110573434648	-0.193987325067
2033843	0.00110573434648	-0.186837888788
2036345	0.00110573434648	-0.194255749695
2038855	0.00110573434648	-0.196252831258
2041362	0.00110573434648	-0.189435070381
2043905	0.00110573434648	-0.203691711416
2046528	0.00110573434648	-0.19121243665
2049049	0.00110573434648	-0.191504637711
2051614	0.00110573434648	-0.172775806859
2054117	0.00110573434648	-0.176351106493
2056722	0.00110573434648	-0.15884849499
2059233	0.00110573434648	-0.164544164436
2061777	0.00110573434648	-0.182903504698
2064458	0.00110573434648	-0.17212401866
2067028	0.00110573434648	-0.080869270023
2069580	0.00110573434648	-0.0709339200985
2072145	0.00120690731263	-0.0131586943753
2074723	0.00120690731263	-0.0078661206644
2077531	0.00142401418176	-0.00540128932334
2080101	0.00463551180935	0.202995604835
2082753	0.00544489553853	0.259392808191
2085478	0.00655215999	0.385330112418
2087987	0.0119985856335	1.11994259362
2090597	0.0135014191889	1.37728755455
2093101	0.0123259882295	1.25111413258
2095615	0.0135014191889	1.21109088371
2098185	0.00868591503978	0.34165292629
2210585	0.00377836068517	0.0362928346731
2213095	0.00457298347752	0.0993310213089
2215669	0.00548354017286	0.179869523505
2218300	0.00377836068517	0.085191658698
2220833	0.00516526033758	0.177126536611
2223446	0.00463551180935	0.176030957373
2226188	0.00457298347752	0.134362438461
2228690	0.00377836068517	0.0942978169769
2231386	0.00297461513214	0.0588169591501
2233905	0.00120690731263	-0.0138712592889
2236515	0.00120690731263	-0.0173566145822
2239041	0.00110573434648	-0.0811409454327
2242061	0.00110573434648	-0.11126642907
2244563	0.00110573434648	-0.127701027552
2247157	0.00110573434648	-0.158819741337
2249715	0.00110573434648	-0.159708135994
2252310	0.00110573434648	-0.133157199714
2254947	0.00110573434648	-0.0996831720695
2257452	0.00110573434648	-0.108747031773
2260033	0.00110573434648	-0.149195103906
2262612	0.00110573434648	-0.152489200933
2265466	0.00110573434648	-0.177040564362
2268837	0.00110573434648	-0.217544792686
2271370	0.00110573434648	-0.276964468881
2274058	0.00110573434648	-0.241425415268
2276595	0.00110573434648	-0.223020027857
2279176	0.00110573434648	-0.230174585711
2281692	0.00110573434648	-0.241665676702
2284266	0.00110573434648	-0.237236013869
2287215	0.00110573434648	-0.209811585722
2289973	0.00110573434648	-0.220247254008
2293251	0.00110573434648	-0.222964109154
2295834	0.00110573434648	-0.227159112692
2298566	0.00110573434648	-0.226651441772
2302895	0.00110573434648	-0.237349701114
2305512	0.00110573434648	-0.24016001448
2308027	0.00110573434648	-0.261909230147
2310733	0.00110573434648	-0.252357690129
2314151	0.00110573434648	-0.246714517707
2316669	0.00110573434648	-0.222082851687
2319287	0.00110573434648	-0.227144663455
2322141	0.00110573434648	-0.224466913845
2324773	0.00110573434648	-0.193056816934
2327503	0.00110573434648	-0.188581640134
2330382	0.00110573434648	-0.183730995981
2333381	0.00110573434648	-0.174345777836
2336910	0.00110573434648	-0.168425433803
2341109	0.00110573434648	-0.144745005993
2344025	0.00110573434648	-0.0793118490838
2346674	0.00110573434648	-0.117401350988
2349230	0.00110573434648	-0.0719131878577
2352002	0.00110573434648	-0.0601505266968
2354560	0.00110573434648	-0.0339396214113
2357372	0.00110573434648	-0.0421801323537
2360228	0.00110573434648	-0.033149473602
2362761	0.00110573434648	-0.0421639489941
2365445	0.00110573434648	-0.0547076808289
2368077	0.00110573434648	-0.063488246873
2370585	0.00110573434648	-0.0631238915958
2373160	0.00110573434648	-0.0625469086226
2375709	0.00110573434648	-0.0524831437506
2378297	0.00110573434648	-0.0700384571683
2380964	0.00110573434648	-0.0830153746065
2383516	0.00110573434648	-0.081485170871
2386020	0.00110573434648	-0.0759192290716
2388648	0.00110573434648	-0.0683754622005
2391155	0.00110573434648	-0.0729770092294
2394212	0.00110573434648	-0.0750264627859
2399550	0.00110573434648	-0.074255524436
2402072	0.00110573434648	-0.0610181922093
2404595	0.00110573434648	-0.0641720443964
2407340	0.00110573434648	-0.0644134546164
2409874	0.00110573434648	-0.075770882424
2412420	0.00110573434648	-0.0595280521084
2415070	0.00110573434648	-0.0626825736836
2417801	0.00110573434648	-0.0661016281229
2420386	0.00110573434648	-0.044219517149
2423119	0.00110573434648	-0.0421950870659
2425796	0.00110573434648	-0.0490786321461
2428980	0.00110573434648	-0.0320156516973
2431506	0.00110573434648	-0.0367453449871
2434078	0.00120690731263	-0.017864349531
2436660	0.00142401418176	-0.0124589775223
2439165	0.00142401418176	-0.00109808007255
2442142	0.00655215999	0.319406793686
2444660	0.00655215999	0.338971187593
2447620	0.00377836068517	0.118901775451
2450192	0.00297461513214	0.0586598184891
2452850	0.00297461513214	0.0539090789389
2461385	0.00216523140296	0.0373016844969
2466260	0.00216523140296	0.0182617960963
2473605	0.00138536954743	-0.00353469932452
2476123	0.00110573434648	-0.0291056276765
2478699	0.00516526033758	0.209375040373
2481279	0.0054301346017	0.216751302825
2484125	0.0054301346017	0.239573203726
2486735	0.00868591503978	0.436309820972
2489275	0.00463551180935	0.188807812519
2491780	0.00377836068517	0.0855700748507
2494329	0.00226640436911	0.0561235346831
2496874	0.00216523140296	0.0322491477709
2499419	0.00142401418176	-0.00375363533385
2501978	0.00142401418176	-0.00450890767388
2504527	0.00142401418176	-0.00188382156193
2507121	0.00110573434648	-0.0463730222546
2509639	0.00110573434648	-0.0800612869207
2512231	0.00110573434648	-0.0906994724646
2514732	0.00110573434648	-0.117251087911
2517261	0.00110573434648	-0.0896009544376
2519871	0.00110573434648	-0.0829145680182
2522373	0.00110573434648	-0.0955582577735
2524954	0.00110573434648	-0.0747367683798
2528858	0.00110573434648	-0.0594469001517
2531429	0.00110573434648	-0.0312941255979
2533943	0.00110573434648	-0.0498557784595
2536510	0.00110573434648	-0.0514820809476
2539506	0.00110573434648	-0.0531807218213
2542186	0.00110573434648	-0.0631760694087
2545020	0.00110573434648	-0.0790496841073
2547668	0.00110573434648	-0.0687693729997
2550272	0.00110573434648	-0.0513745653443
2552807	0.00110573434648	-0.0833037998527
2555476	0.00110573434648	-0.078373298049
2558854	0.00110573434648	-0.0913205440156
2561708	0.00110573434648	-0.103107379749
2564546	0.00110573434648	-0.152570306789
2567134	0.00110573434648	-0.150472975569
2569646	0.00110573434648	-0.169599421788
2572150	0.00110573434648	-0.160161512904
2575147	0.00110573434648	-0.15137028927
2580229	0.00110573434648	-0.103261898737
2582764	0.00216523140296	0.0285040915478
2585454	0.00144789787925	0.0130852535367
2588436	0.00216523140296	0.0217573505361
2590977	0.00144789787925	0.013930283254
2593607	0.00144789787925	0.0178023413755
2596166	0.00138536954743	0.0108814085834
2598690	0.00130808027878	-7.73700885475e-05
2601205	0.00313831643011	0.0811272459105
2603766	0.00120690731263	-0.00786815444008
2606494	0.00120690731263	-0.0140517624095
2609158	0.00120690731263	-0.0137711998541
2611716	0.00130808027878	-0.00586530053988
2614623	0.00130808027878	-0.00348373688757
2617196	0.00138536954743	0.00962799228728
2619926	0.00130808027878	0.00249588955194
2622443	0.00130808027878	-0.00574178341776
2625053	0.00130808027878	-0.00763083435595
2627748	0.00120690731263	-0.00681835133582
2630492	0.00138536954743	0.0181001024321
2633086	0.00130808027878	0.00266880611889
2635612	0.00138536954743	0.0157445799559
2639014	0.00297461513214	0.0673384834081
2641584	0.00377836068517	0.0921766643878
2644094	0.00297461513214	0.0616978039034
2646868	0.00463551180935	0.215085139731
2649615	0.00377836068517	0.0961798036005
2652132	0.00463551180935	0.19629857922
2654699	0.00645098702385	0.335146524478
2657216	0.00645098702385	0.366237516981
2659811	0.00297461513214	0.06704591983
2662491	0.00216523140296	0.0498260864988
2665489	0.00130808027878	-0.00313993822783
2668013	0.00130808027878	-0.00290336925536
2670563	0.00138536954743	0.00992805999704
2673315	0.00110573434648	-0.0334781738929
2675881	0.00110573434648	-0.0775212689769
2678392	0.00110573434648	-0.0951272984967
2681071	0.00110573434648	-0.0911714616232
2684231	0.00110573434648	-0.0982737853192
2686992	0.00110573434648	-0.0951468190178
2689733	0.00110573434648	-0.105238612741
2692238	0.00110573434648	-0.112972299568
2695105	0.00110573434648	-0.123150624102
2697777	0.00110573434648	-0.139807690168
2701831	0.00110573434648	-0.168962510303
2704434	0.00110573434648	-0.168293792987
2707033	0.00110573434648	-0.200532100163
2709922	0.00110573434648	-0.186112606199
2712459	0.00110573434648	-0.178728525061
2715063	0.00110573434648	-0.147442442132
2717566	0.00110573434648	-0.131358420011
2720089	0.00110573434648	-0.15720911324
2722665	0.00110573434648	-0.15106128715
2725177	0.00110573434648	-0.145785693545
2727949	0.00110573434648	-0.133107957896
2730607	0.00110573434648	-0.14349360182
2733152	0.00110573434648	-0.141105120303
2735860	0.00110573434648	-0.142714729067
2738555	0.00110573434648	-0.124653865816
2741091	0.00110573434648	-0.108055643504
2743632	0.00110573434648	-0.121681618504
2746191	0.00110573434648	-0.113738252083
2749300	0.00110573434648	-0.0985736586154
2752094	0.00110573434648	-0.0916562012862
2754648	0.00110573434648	-0.0784703290556
2757173	0.00110573434648	-0.0674022599123
2759765	0.00110573434648	-0.0473128196318
2762764	0.00130808027878	-0.00510809198022
2765275	0.00163548287472	0.0121545535512
2767825	0.00377836068517	0.0723768458702
2770537	0.00463551180935	0.18445943133
2773698	0.00645098702385	0.245477024466
2776437	0.00712055315257	0.325254001422
2779009	0.00868591503978	0.391146057984
2781536	0.00868591503978	0.490709060803
2784128	0.00868591503978	0.472872431157
2786751	0.00976929579375	0.648051400669
2789603	0.0109299658164	0.793771534227
2792217	0.0159569386585	1.79365744442
2794752	0.0159569386585	1.85773458122
2797305	0.0146086836404	1.53070965991
2799826	0.0159569386585	1.96261304314
2802733	0.0153646617984	1.87423498929
2805458	0.01696866832	2.188121835
2807960	0.0159569386585	2.11226870236
2810469	0.0135014191889	1.66107741999
2813181	0.0123646328638	1.29399126768
2815782	0.0123646328638	1.35611866764
2818399	0.0123646328638	1.33207803941
2820938	0.0121622869315	1.21924160072
2823519	0.0135014191889	1.45534893102
2826054	0.0120372302678	1.04818320135
2828701	0.00868591503978	0.628734950908
2831299	0.00712055315257	0.424199616071
2833979	0.00868591503978	0.545129195554
2837133	0.00712055315257	0.442967748735
2840140	0.00463551180935	0.139070097823
2842772	0.00153430990857	0.00412554992363
2845325	0.00130808027878	0.00234256405383
2847875	0.00163548287472	0.0128083429299
2850381	0.00130808027878	-0.0028114609886
2853012	0.00110573434648	-0.042748792097
2855732	0.00110573434648	-0.0402477756143
2858240	0.00110573434648	-0.0658082470763
2860758	0.00110573434648	-0.0692549785599
2863338	0.00110573434648	-0.0621434354689
2865902	0.00110573434648	-0.0593389701098
2868585	0.00110573434648	-0.116078047082
2872238	0.00110573434648	-0.0944509459659
2874841	0.00110573434648	-0.0632490084972
2877637	0.00110573434648	-0.0611053528264
2880186	0.00110573434648	-0.0511634235736
2882818	0.00110573434648	-0.0379481022246
2885459	0.00110573434648	-0.0817831256427
2887966	0.00110573434648	-0.0932498050388
2890529	0.00110573434648	-0.112709044479
2893200	0.00110573434648	-0.120321904309
2895738	0.00110573434648	-0.113596463576
2898290	0.00110573434648	-0.122362270718
2900960	0.00110573434648	-0.138197113061
2903581	0.00110573434648	-0.155339651275
2906089	0.00110573434648	-0.123907778412
2908879	0.00110573434648	-0.105684858048
2911382	0.00110573434648	-0.0779005009681
2914345	0.00110573434648	-0.063879647525
2916886	0.00234369363776	0.0563503960148
2919404	0.00393293922247	0.100663466379
2922212	0.00463551180935	0.16480681207
2924727	0.00463551180935	0.140765509102
2927383	0.00712055315257	0.436785039259
2930427	0.0153646617984	1.93508717231
2933263	0.0159569386585	2.27340391371
2935779	0.0174984168482	2.38238852588
2938408	0.0188944392613	2.8425474395
2941255	0.0202188105819	2.99238431267
2943799	0.0196026500243	3.03085654811
2946338	0.0188944392613	2.93563821423
2948963	0.0246830284376	4.74311812897
2951713	0.0174984168482	2.58716868563
2954239	0.023031254521	3.94500974636
2957012	0.023031254521	3.90608702158
2959545	0.0235371193518	4.04618389602
2962113	0.0226026789589	3.86884221202
2964633	0.020483684846	3.40530882659
2967227	0.0218319398641	3.5791767519
2969910	0.0236474150786	4.46243564785
2972781	0.0236474150786	4.53151122038
2975297	0.0236474150786	4.56429871777
2977925	0.0236474150786	4.5731012912
2980532	0.0265849156814	5.53340275958
2983230	0.0236474150786	5.05189070175
2985905	0.0218705844984	4.20092985779
2988409	0.0218319398641	3.73703109939
2991035	0.0218319398641	3.62328880909
2993927	0.0188944392613	2.82502893708
2996558	0.0175461842432	2.42575696833
2999100	0.0175461842432	2.43446174217
3001646	0.0175461842432	2.48478751397
3004158	0.0149747308707	1.86365051894
3006699	0.0159569386585	2.00073770527
3009442	0.0153646617984	1.86730040191
3012126	0.0137276488187	1.4779179641
3014859	0.0146086836404	1.59342237609
3017424	0.0159569386585	2.12736272789
3019993	0.0120758749022	1.04452561075
3022535	0.0120758749022	0.935880121542
3025779	0.0109299658164	0.787801276194
3028286	0.0109299658164	0.848414595705
3030796	0.0109299658164	0.787427128525
3033466	0.0109299658164	0.847079588566
3036091	0.010510513015	0.739497052273
3038963	0.00868591503978	0.624966773205
3041485	0.00868591503978	0.471598472679
3044095	0.00616222906224	0.234644713113
3046641	0.00616222906224	0.240732265403
3049243	0.00463551180935	0.193336666096
3052056	0.00377836068517	0.108608947601
3054574	0.00292120956099	0.0713796205819
3057173	0.00292120956099	0.0652648294345
3059692	0.00234369363776	0.053411325207
3062200	0.00153430990857	0.00602481444366
3064704	0.00163548287472	0.0170971818734
3067450	0.00163548287472	0.0306074053515
3070172	0.00153430990857	0.00547932554036
3073100	0.00110573434648	-0.014156071702
3075852	0.00110573434648	-0.0141305793077
3079060	0.00153430990857	0.000672779045999
3081611	0.00153430990857	0.00128344865516
3084247	0.00463551180935	0.145242400467
3086776	0.00463551180935	0.143022065982
3089514	0.00130808027878	-0.00756814517081
3092210	0.00110573434648	-0.0330330263823
3094783	0.00110573434648	-0.0472829749342
3097351	0.00110573434648	-0.0437760683708
3100233	0.00110573434648	-0.0445537352934
3102754	0.00110573434648	-0.0379907535389
3105269	0.00110573434648	-0.0493753871415
3108784	0.00110573434648	-0.0624290606938
3111453	0.00110573434648	-0.0685205142945
3114092	0.00110573434648	-0.0675877472386
3117280	0.00110573434648	-0.0557599258609
3120042	0.00110573434648	-0.0440901883412
3123001	0.00110573434648	-0.0377078864258
3125867	0.00110573434648	-0.0330249383114
3128465	0.00110573434648	-0.0478876747657
3131095	0.00110573434648	-0.108191721374
3133675	0.00110573434648	-0.0764496070333
3136304	0.00110573434648	-0.0800421957392
3138863	0.00110573434648	-0.0900178267621
3141558	0.00110573434648	-0.0899156548548
3144218	0.00110573434648	-0.0827506517526
3147110	0.00130808027878	-0.0144517447334
3149648	0.00130808027878	-0.019254603656
3152320	0.00130808027878	-0.00504085700959
3155054	0.00616222906224	0.234613785753
3157813	0.00616222906224	0.270349038299
3160695	0.00868591503978	0.49150148849
3163281	0.00463551180935	0.200086795492
3165890	0.00153430990857	0.00208223820664
3169125	0.00153430990857	0.00230525340885
3171900	0.00130808027878	-0.0176653889939
3174469	0.00110573434648	-0.0296438508667
3177454	0.00130808027878	-0.00842600199394
3180359	0.00110573434648	-0.0293927199673
3182980	0.00110573434648	-0.024383161217
3185485	0.00110573434648	-0.0428498741239
3188047	0.00110573434648	-0.0510373397265
3190695	0.00110573434648	-0.0389529881068
3193261	0.00110573434648	-0.0664635675494
3195765	0.00110573434648	-0.0524713317864
3198675	0.00110573434648	-0.0688370962162
3201247	0.00110573434648	-0.084147680318
3203846	0.00110573434648	-0.0767645013984
3206389	0.00110573434648	-0.0847627171315
3208995	0.00110573434648	-0.0521666230634
3211694	0.00110573434648	-0.078846561024
3214351	0.00110573434648	-0.09368692711
3217997	0.00110573434648	-0.0915376397315
3220508	0.00110573434648	-0.0927667350043
3223075	0.00110573434648	-0.0936448634602
3226033	0.00110573434648	-0.213415937033
3228579	0.00110573434648	-0.207844401477
3231097	0.00110573434648	-0.203052488388
3233712	0.00110573434648	-0.202493536985
3236231	0.00110573434648	-0.199690118199
3238859	0.00110573434648	-0.173370020464
3241728	0.00110573434648	-0.154484615661
3244277	0.00110573434648	-0.158572464949
3246925	0.00110573434648	-0.161952824332
3249521	0.00110573434648	-0.169249410043
3252290	0.00110573434648	-0.178812517785
3254888	0.00110573434648	-0.208672825946
3257585	0.00110573434648	-0.220059999032
3260280	0.00110573434648	-0.194561399985
3262797	0.00110573434648	-0.193382208003
3265353	0.00110573434648	-0.202257220633
3267890	0.00110573434648	-0.198010837194
3270637	0.00110573434648	-0.162616599351
3273212	0.00110573434648	-0.193844762165
3275872	0.00110573434648	-0.195987584302
3278393	0.00110573434648	-0.202912942739
3281499	0.00110573434648	-0.20073769521
3284006	0.00110573434648	-0.208950211992
3287190	0.00110573434648	-0.222121724626
3289698	0.00110573434648	-0.219599431846
3292208	0.00110573434648	-0.22409717855
3294719	0.00110573434648	-0.22214469919
3297248	0.00110573434648	-0.245557379676
3299776	0.00110573434648	-0.207528098486
3302460	0.00110573434648	-0.194057888817
3304983	0.00110573434648	-0.183366494952
3308092	0.00110573434648	-0.105087377131
3310626	0.00110573434648	-0.162907087943
3313412	0.00110573434648	-0.182843609015
3315969	0.00110573434648	-0.168698429829
3318476	0.00110573434648	-0.159937171498
3321052	0.00110573434648	-0.168751490302
3323560	0.00110573434648	-0.18091334519
3326081	0.00110573434648	-0.187449833844
3328761	0.00110573434648	-0.155550660798
3331361	0.00110573434648	-0.161902933149
3333878	0.00110573434648	-0.11050569592
3336403	0.00110573434648	-0.11724036606
3338990	0.00110573434648	-0.118897404522
3341573	0.00110573434648	-0.119671961293
3344199	0.00110573434648	-0.123753639171
3346901	0.00110573434648	-0.129398006713
3349418	0.00110573434648	-0.117691950873
3351935	0.00110573434648	-0.109657265246
3354595	0.00110573434648	-0.10729916743
3357916	0.00110573434648	-0.102236246923
3360483	0.00110573434648	-0.0425013361964
3363708	0.00110573434648	-0.0603956223931
3366809	0.00110573434648	-0.0257175471634
3369365	0.00110573434648	-0.0247316167224
3372131	0.00163548287472	0.0277369066607
3374639	0.00377836068517	0.111993637867
3377241	0.00234369363776	0.0635255747475
3379814	0.00377836068517	0.107985767536
3383106	0.00377836068517	0.128148720833
3386012	0.00377836068517	0.151201519882
3388518	0.00868591503978	0.530360276112
3391062	0.00868591503978	0.758857965469
3393596	0.0123407491663	1.11716572964
3396522	0.0145609162454	1.61462700856
3399044	0.0133377178909	1.46062556049
3401902	0.0123407491663	1.3962781704
3404461	0.0123407491663	1.3405932968
3407059	0.00626340202839	0.317499413621
3409873	0.00463551180935	0.215803707018
3412464	0.00308491085896	0.0708353042137
3420352	0.00130808027878	-0.0148267818149
3422863	0.00110573434648	-0.103703329572
3425405	0.00110573434648	-0.107023721794
3428134	0.00110573434648	-0.120184180094
3430661	0.00110573434648	-0.126076981658
3433367	0.00110573434648	-0.127713726135
3436109	0.00110573434648	-0.12885694718
3438647	0.00110573434648	-0.129470125074
3441219	0.00110573434648	-0.128753935685
3443817	0.00110573434648	-0.121851463336
3446527	0.00110573434648	-0.117673422908
3449428	0.00110573434648	-0.111064375611
3451936	0.00110573434648	-0.1000179681
3454542	0.00110573434648	-0.069698255742
3459492	0.00110573434648	-0.0401569590904
3462356	0.00110573434648	-0.0417979666963
3464874	0.00303714346397	0.0703801778145
3467425	0.00130808027878	-0.00569087755866
3470073	0.00153430990857	-0.00473612127826
3472889	0.00153430990857	0.00561046460643
3477814	0.00163548287472	0.0190132851712
3480396	0.00153430990857	-0.00325846881606
3483302	0.00130808027878	-0.0137834143825
3485877	0.00110573434648	-0.023446357809
3488533	0.00110573434648	-0.0129775507376
3492350	0.00153430990857	-0.0154921768699
3494876	0.00161159917722	0.0148994449992
3497926	0.00153430990857	0.00302663911134
3505365	0.00161159917722	0.0168933630921
3507872	0.00234369363776	0.0631803208962
3510599	0.00377836068517	0.0856267011259
3513866	0.00463551180935	0.132149837911
3516453	0.00616222906224	0.232109256787
3519478	0.00868591503978	0.440988451708
3522644	0.00712055315257	0.388595043682
3525970	0.00712055315257	0.390552380821
3528520	0.00712055315257	0.376285316888
3531519	0.00868591503978	0.499913699925
3534368	0.0117337113694	0.922074838774
3536987	0.00868591503978	0.480274645146
3539642	0.00868591503978	0.533644655487
3542143	0.00712055315257	0.442122414708
3544706	0.00868591503978	0.683351335116
3547605	0.00868591503978	0.666363780154
3550786	0.00868591503978	0.580444949446
3553309	0.00868591503978	0.654245952843
3556010	0.00868591503978	0.674780615373
3558520	0.0109299658164	0.904221839271
3561368	0.00868591503978	0.673499407014
3563964	0.00616222906224	0.34668906033
3566965	0.00616222906224	0.319624284049
3569622	0.00736154371919	0.455818262417
3572480	0.00868591503978	0.647436990868
3575075	0.00868591503978	0.648737587035
3577730	0.0109299658164	0.869146373123
3580402	0.00868591503978	0.718414780684
3584518	0.00868591503978	0.67043877393
3587368	0.00868591503978	0.602718606824
3589959	0.00868591503978	0.599350229604
3592598	0.00868591503978	0.552923845593
3595115	0.00736154371919	0.476999276318
3597726	0.00868591503978	0.660062231822
3600299	0.00848356910749	0.539569986518
3603594	0.00740931111418	0.490078048781
3606111	0.00616222906224	0.342323555844
3608664	0.00740931111418	0.494701682823
3611280	0.00740931111418	0.527515481692
3613805	0.00712055315257	0.472318326589
3616371	0.0080549935454	0.558810316725
3618945	0.00712055315257	0.446417185478
3621647	0.00736154371919	0.49054402695
3624753	0.00868591503978	0.537313267123
3627273	0.00868591503978	0.659547105897
3629858	0.00868591503978	0.705807676772
3632522	0.00868591503978	0.553437084425
3635239	0.00848356910749	0.525729043409
3637752	0.00712055315257	0.409052769188
3640261	0.00463551180935	0.23715283419
3642819	0.00377836068517	0.0770740844309
3645337	0.00377836068517	0.0972447041422
3647866	0.00169801120654	0.0453111059032
3650371	0.00158771547973	0.0325772296637
3652970	0.00158771547973	0.0232122039888
3655520	0.00366806495835	0.0935286064632
3658068	0.00463551180935	0.128277359996
3660681	0.00463551180935	0.148870468605
3663230	0.00463551180935	0.160948404344
3665978	0.00616222906224	0.311362311011
3668603	0.00868591503978	0.491217762465
3671251	0.00868591503978	0.551219486631
3673958	0.0133377178909	1.30910299229
3677965	0.0133377178909	1.16989367432
3680501	0.0122634598976	1.14039753471
3683055	0.0122634598976	1.06934914552
3685578	0.014141463444	1.48089211411
3688128	0.0146086836404	1.70063793263
3690803	0.0122782208345	1.08609077963
3693890	0.0122782208345	1.11895321123
3696422	0.0119508182385	1.08116605366
3698946	0.0109299658164	0.912065672688
3701519	0.00911449060187	0.733995697927
3704156	0.0117484723062	1.02476088121
3706860	0.00740931111418	0.47885134141
3709976	0.00868591503978	0.576004098402
3712544	0.00740931111418	0.431538113393
3715231	0.00868591503978	0.452479480766
3718055	0.00868591503978	0.568800088018
3721394	0.0109299658164	0.835604272084
3724076	0.0117484723062	0.944417424034
3727347	0.0119508182385	1.00828653062
3730654	0.0133377178909	1.17970300931
3733162	0.0122634598976	1.14737133356
3735881	0.00868591503978	0.653034778778
3739318	0.0133377178909	1.42028388847
3741953	0.0133377178909	1.4034082233
3744542	0.0122634598976	1.31073032552
3747346	0.0188944392613	3.12728346954
3750235	0.0179895207421	2.9242790346
3753269	0.0172813099791	2.6331640007
3755798	0.0152634888323	2.02666867571
3758477	0.0152634888323	2.03806108888
3760986	0.0146086836404	1.87261139718
3763797	0.0146086836404	2.16616408015
3766442	0.01696866832	2.47302594106
3770056	0.0133377178909	1.72510416736
3772786	0.0146086836404	1.77732769959
3775470	0.0121622869315	1.42616314255
3778574	0.0121622869315	1.37018144527
3781207	0.0109299658164	1.09636780829
3783767	0.00868591503978	0.804598164745
3786429	0.00868591503978	0.669533947716
3788937	0.00868591503978	0.574029203039
3791696	0.00377836068517	0.122229667846
3794401	0.00393293922247	0.148938847939
3796908	0.00868591503978	0.584860772593
3799460	0.00868591503978	0.662021234166
3802324	0.00868591503978	0.775597739033
3804852	0.00868591503978	0.600777797168
3807445	0.0133377178909	1.48482869659
3810002	0.0117337113694	1.10995300044
3812627	0.0109299658164	1.02661046688
3815292	0.00976929579375	0.798561709933
3817892	0.0099182361549	0.78143069311
3820456	0.00868591503978	0.651972980937
3823124	0.00616222906224	0.32677926356
3825652	0.00616222906224	0.304079456255
3828178	0.00616222906224	0.249718471896
3830877	0.00463551180935	0.224980394123
3833417	0.00153430990857	-0.00166322966106
3836249	0.00110573434648	-0.0268099776004
3838959	0.00110573434648	-0.0462117800489
3841601	0.00110573434648	-0.0712725024205
3844215	0.00110573434648	-0.0724266432226
3846876	0.00110573434648	-0.0753106400371
3849637	0.00110573434648	-0.0818948459346
3852309	0.00110573434648	-0.0846864480991
3854897	0.00110573434648	-0.0644083027728
3857636	0.00153430990857	-0.00421640463173
3860199	0.00153430990857	-0.000893721822649
3862811	0.00153430990857	0.00103617482819
3865466	0.00377836068517	0.146535421722
3868088	0.00463551180935	0.187017172808
3870642	0.00463551180935	0.205358860083
3873976	0.00463551180935	0.201614633203
3876494	0.00377836068517	0.106924952008
3879228	0.00377836068517	0.144576198421
3882084	0.00712055315257	0.441728670383
3884625	0.00698073555209	0.388491861755
3887153	0.00620087369656	0.344912158325
3889668	0.00620087369656	0.333511954639
3892185	0.00620087369656	0.338444332359
3894722	0.00620087369656	0.329452245729
3897260	0.00463551180935	0.250489125261
3900323	0.00234369363776	0.075316071976
3903033	0.00377836068517	0.119079638505
3905562	0.00377836068517	0.146154197864
3908107	0.00463551180935	0.150264610071
3910903	0.00169801120654	0.0395445805043
3913498	0.00161159917722	0.0323781028856
3916047	0.00463551180935	0.172777227592
3919372	0.00463551180935	0.170791383833
3922261	0.00463551180935	0.207815828733
3924787	0.00620087369656	0.280149258673
3927331	0.00463551180935	0.22092950088
3929858	0.00620087369656	0.312878875062
3932375	0.00620087369656	0.277835557237
3935324	0.00463551180935	0.230971276062
3937840	0.00463551180935	0.21574323345
3940405	0.00463551180935	0.159867179813
3943054	0.00377836068517	0.10617393814
3945611	0.00234369363776	0.0687638998497
3948175	0.00169801120654	0.029129329836
3950809	0.00377836068517	0.100116870366
3953910	0.00377836068517	0.0999498290475
3957948	0.00377836068517	0.0845232575666
3960770	0.00377836068517	0.0827990008984
3965579	0.00308491085896	0.0781691754237
3968101	0.00234369363776	0.0640931725502
3970646	0.00169801120654	0.028495155042
3973323	0.00377836068517	0.0877726906911
3975833	0.00120690731263	-0.0191468084231
3978764	0.00120690731263	-0.00865468964912
3981659	0.00120690731263	-0.0220368616283
3984197	0.00120690731263	-0.0208297926001
3987218	0.00120690731263	-0.0204478951637
3989824	0.00120690731263	-0.0238701438066
3992327	0.00110573434648	-0.0363906051498
3994936	0.00110573434648	-0.0431511097122
3997444	0.00110573434648	-0.0524078605231
3999947	0.00110573434648	-0.0389270628802
4002468	0.00110573434648	-0.0639434847981
4005214	0.00110573434648	-0.0385238907766
4007838	0.00110573434648	-0.0355268758722
4010923	0.00110573434648	-0.0368954697624
4013954	0.00110573434648	-0.0341980103403
4016583	0.00110573434648	-0.0273742342833
4019153	0.00110573434648	-0.0405452821869
4021691	0.00110573434648	-0.0469248273876
4024263	0.00110573434648	-0.0706097958609
4027109	0.00110573434648	-0.0870624964591
4029739	0.00110573434648	-0.162825061241
4032424	0.00110573434648	-0.153081972152
4035370	0.00110573434648	-0.166582508944
4038140	0.00110573434648	-0.165599995758
4041604	0.00110573434648	-0.16779238102
4044364	0.00110573434648	-0.180734212045
4046947	0.00110573434648	-0.197503491538
4050120	0.00110573434648	-0.215775773628
4052782	0.00110573434648	-0.202999481698
4055374	0.00110573434648	-0.201126918197
4058153	0.00110573434648	-0.196289448533
4060711	0.00110573434648	-0.194423525827
4063221	0.00110573434648	-0.119354751427
4065767	0.00110573434648	-0.11614239309
4068269	0.00110573434648	-0.122705398826
4070934	0.00110573434648	-0.106738292146
4073459	0.00110573434648	-0.110883809626
4075997	0.00110573434648	-0.0900544000324
4078833	0.00110573434648	-0.106452181935
4081459	0.00110573434648	-0.0690977177583
4083973	0.00151042621107	-0.0081473342143
4086523	0.00110573434648	-0.0317549970932
4089054	0.00110573434648	-0.0714098901954
4091646	0.00110573434648	-0.0492832008749
4094274	0.00110573434648	-0.0438216836192
4097024	0.00118302361513	-0.0192320593633
4099669	0.00110573434648	-0.0360634515528
4102251	0.00110573434648	-0.0295547998976
4105423	0.00110573434648	-0.0375042590313
4107997	0.00110573434648	-0.0758403721265
4110535	0.00110573434648	-0.0637766912114
4113100	0.00110573434648	-0.0819804163184
4115637	0.00110573434648	-0.146968417102
4118150	0.00110573434648	-0.1312263133
4120725	0.00110573434648	-0.140297525795
4123339	0.00110573434648	-0.143772117561
4126914	0.00110573434648	-0.129259273643
4129428	0.00110573434648	-0.115904116072
4132835	0.00110573434648	-0.0802230923437
4185204	0.00110573434648	-0.0326732811518
4188777	0.00118302361513	-0.03150752699
4191286	0.00118302361513	-0.0295129185542
4197902	0.00118302361513	-0.0301892089192
4202201	0.00153430990857	-0.0366554111242
4205511	0.00110573434648	-0.054998264648
4208016	0.00110573434648	-0.0424921107478
4210518	0.00118302361513	-0.0377818038687
4213084	0.00110573434648	-0.0598038530443
4215880	0.00110573434648	-0.130085757934
4218551	0.00110573434648	-0.125882565975
4221052	0.00110573434648	-0.160318148788
4223664	0.00110573434648	-0.170763434377
4226457	0.00110573434648	-0.172156908084
4228999	0.00110573434648	-0.151837133337
4231616	0.00110573434648	-0.100367326057
4235174	0.00110573434648	-0.10898246034
4238429	0.00110573434648	-0.116230451036
4241039	0.00110573434648	-0.153621978126
4244020	0.00110573434648	-0.15775813628
4246793	0.00110573434648	-0.143971110927
4249377	0.00110573434648	-0.233871896286
4251948	0.00110573434648	-0.249760580249
4255275	0.00110573434648	-0.260945403716
4258127	0.00110573434648	-0.236304231919
4260834	0.00110573434648	-0.229848064948
4263485	0.00110573434648	-0.223579016747
4266022	0.00110573434648	-0.200211048592
4269274	0.00110573434648	-0.181244018953
4271789	0.00110573434648	-0.230699415784
4274314	0.00110573434648	-0.159475114662
4276951	0.00110573434648	-0.181015522219
4279491	0.00110573434648	-0.181688847253
4282769	0.00110573434648	-0.193230710458
4285398	0.00110573434648	-0.194160466548
4287936	0.00110573434648	-0.211230090586
4290574	0.00110573434648	-0.277562811971
4293174	0.00110573434648	-0.297992956592
4295809	0.00110573434648	-0.310123354197
4298765	0.00110573434648	-0.315547123784
4301756	0.00110573434648	-0.339203086914
4304321	0.00110573434648	-0.344431623816
4306841	0.00110573434648	-0.346239547012
4309456	0.00110573434648	-0.349083770066
4312261	0.00110573434648	-0.344496538164
4314776	0.00110573434648	-0.328641063301
4317889	0.00110573434648	-0.326691792579
4320411	0.00110573434648	-0.330813678214
4322935	0.00110573434648	-0.273995463736
4325543	0.00110573434648	-0.182034323923
4328158	0.00110573434648	-0.124303949764
4332547	0.00110573434648	-0.0694181162398
4335089	0.00110573434648	-0.0986402509734
4337714	0.00110573434648	-0.0450171830598
4340248	0.00110573434648	-0.0301514023449
4342898	0.00153430990857	-0.0546678216197
4345548	0.00153430990857	-0.0363398180343
4348382	0.00153430990857	-0.00366204511374
4351042	0.00463551180935	0.24961903342
4354263	0.00463551180935	0.210778068285
4356983	0.00676926685913	0.335593447089
4359860	0.00853133650248	0.602161158109
4362570	0.00463551180935	0.206632862566
4365074	0.00169801120654	0.0435510477982
4367587	0.00463551180935	0.15556342015
4370093	0.00169801120654	0.0638136267662
4372604	0.00169801120654	0.0641873851418
4375183	0.00463551180935	0.140905705048
4377940	0.00377836068517	0.123664083658
4380925	0.00463551180935	0.202533524949
4383464	0.00698073555209	0.416661130497
4386079	0.00698073555209	0.430512290215
4388687	0.00868591503978	0.771287418436
4391245	0.00853133650248	0.607604653342
4393778	0.00728425445054	0.480130160926
4396285	0.00676926685913	0.391788291279
4398807	0.00853133650248	0.6084762807
4401355	0.00853133650248	0.581421946175
4403928	0.00853133650248	0.558250000933
4406440	0.00853133650248	0.583252504934
4408979	0.00853133650248	0.561739991186
4411494	0.00853133650248	0.621942655183
4414095	0.00868591503978	0.671698439633
4416621	0.00868591503978	0.739628053503
4419140	0.0145609162454	1.72453756724
4421852	0.0145609162454	1.5965579371
4425631	0.0145609162454	1.67692442844
4428150	0.0171801370129	2.23289419361
4430796	0.0171801370129	2.2417451709
4433482	0.0156681806969	2.06758760172
4436166	0.01696866832	2.29926816467
4438739	0.0171801370129	2.35837296792
4441248	0.0171801370129	2.37974311318
4443816	0.01696866832	2.32169654174
4446470	0.0149894918075	2.20185476425
4449131	0.0190967851936	3.09607337578
4451686	0.0211532509747	4.50922477175
4454244	0.0211532509747	4.44144031568
4456764	0.0211532509747	3.96060376032
4459417	0.0190967851936	2.87789860112
4462014	0.0190967851936	2.95387862995
4464527	0.0145609162454	1.96599866706
4467077	0.0156681806969	2.08425938059
4469735	0.0145609162454	1.80665645818
4472277	0.0122156925026	1.28483246872
4474778	0.014141463444	1.64236665284
4477555	0.0145609162454	1.81683852919
4480073	0.0134480136178	1.37431859737
4482766	0.0134480136178	1.50729661877
4485317	0.0134480136178	1.48762242636
4487837	0.0156681806969	2.07165810931
4490344	0.0156681806969	2.22853354015
4492852	0.0156681806969	2.3118555632
4495357	0.0169300236856	2.62246133015
4497896	0.0170311966518	2.85478149028
4500485	0.0156681806969	2.37568913586
4503358	0.014141463444	1.9949691135
4505884	0.013221783988	1.70244833338
4508424	0.0122156925026	1.66223517898
4510926	0.0109299658164	1.27288680291
4513432	0.0117871169406	1.30265172198
4516175	0.0117871169406	1.2967168428
4518911	0.0117871169406	1.26278827596
4521535	0.0117871169406	1.47544268868
4524038	0.013221783988	1.74427406141
4526570	0.014141463444	2.0118269783
4529344	0.0109299658164	1.08823544672
4532085	0.0109299658164	1.08387600165
4534599	0.0109299658164	1.19022856699
4537326	0.0109299658164	1.11521410826
4539958	0.00687043982528	0.530728928745
4542868	0.00687043982528	0.575639193878
4545455	0.00687043982528	0.496541280532
4548162	0.00671586128797	0.334407550748
4550706	0.00153430990857	-0.0226451216731
4553244	0.00153430990857	0.00187421031296
4555803	0.00171277214337	0.0718888596166
4558333	0.00153430990857	0.0472385361791
4560868	0.00153430990857	0.0472372379154
4563772	0.00395682291997	0.147151106736
4566275	0.0122156925026	1.58194095688
4569073	0.0117871169406	1.44133292534
4572334	0.0156681806969	2.7412046697
4577439	0.0156681806969	2.54217427573
4581637	0.0149894918075	2.2299096426
4584568	0.0156681806969	2.4430562281
4587768	0.0149894918075	2.29136640672
4592360	0.0179269924103	3.49955479009
4596529	0.0190967851936	3.98233194416
4599811	0.01956400539	4.32567865821
4606864	0.0202574552162	4.67455711984
4614566	0.0209747887399	5.03865050385
4619478	0.0209747887399	5.15872499975
4625108	0.0209747887399	5.1087839934
4630647	0.0229539652524	6.15837504156
4636000	0.0251888932683	6.80897294148
4640656	0.0264746199546	7.14828932611
4645695	0.0265849156814	7.40832687705
4650602	0.0236474150786	6.21073335782
4656360	0.0209747887399	5.14039859152
4661573	0.0229061978574	5.58887877571
4666969	0.0211532509747	5.21721085766
4674209	0.0190729014961	4.06983069819
4679430	0.0190729014961	4.18122246885
4684099	0.0184419800017	4.06541145407
4688751	0.0184419800017	4.0085319255
4693438	0.0170311966518	3.42152137263
4698515	0.0167037940558	3.36479496444
4704080	0.0145461553086	2.45798867964
4709935	0.014141463444	2.3185388532
4715789	0.0109299658164	1.11110617104
4721625	0.00687043982528	0.498560019303
4727453	0.00687043982528	0.519939480815
4733268	0.00687043982528	0.476669294992
4739272	0.00687043982528	0.41552889836
4745226	0.00463551180935	0.321203264408
4751073	0.00463551180935	0.316858443664
4756979	0.00671586128797	0.365990490187
4762853	0.00671586128797	0.325969600119
4768671	0.00463551180935	0.295275082346
4774521	0.00671586128797	0.366188777843
4780371	0.00671586128797	0.369520297507
4786187	0.00687043982528	0.484177507227
4792042	0.00815616651154	0.812331280671
4797907	0.00740931111418	0.748735947069
4810169	0.00687043982528	0.403572969371
4825894	0.00463551180935	0.251743462868
4841543	0.00463551180935	0.235281385481
4860039	0.00463551180935	0.228848068975
4875837	0.00463551180935	0.268924433971
4891520	0.00463551180935	0.259843435371
4904617	0.00687043982528	0.485163968988
4914704	0.00687043982528	0.441684270278
4924859	0.00687043982528	0.420600444544
4936199	0.00687043982528	0.458556184079
4946288	0.00815616651154	0.794328702847
4956295	0.0109299658164	1.04205241404
4966302	0.0109299658164	1.03153267223
4976638	0.0109299658164	1.18176316097
4988295	0.0117871169406	1.35839858744
5042985	0.013174016593	1.6108568483
5046529	0.013174016593	1.63198868791
5050325	0.013174016593	1.65172744938
5056193	0.013174016593	1.64450229658
5060275	0.0122156925026	1.53822508734
5063972	0.0122156925026	1.51773299463
5067487	0.0117871169406	1.41316601168
5071057	0.0117871169406	1.36247328203
5074777	0.00923954726552	0.845924157882
5078638	0.00815616651154	0.78928760346
5082254	0.00923954726552	0.922369916923
5085896	0.00923954726552	0.91123808478
5089848	0.00923954726552	0.896226170706
5093686	0.00923954726552	0.83865656238
5097275	0.00815616651154	0.799377789954
5100645	0.00923954726552	0.824954014039
5103154	0.00815616651154	0.780003936961
5105811	0.00815616651154	0.768677436979
5108410	0.00923954726552	0.847618268803
5111348	0.00923954726552	0.848147651646
5113883	0.00923954726552	0.812571797054
5116510	0.00815616651154	0.694460649742
5119408	0.00815616651154	0.704297754215
5122346	0.00923954726552	0.93578059529
5144249	0.0109299658164	0.990692218998
5146758	0.00815616651154	0.752066048561
5149310	0.00687043982528	0.336532520363
5151823	0.00687043982528	0.307140487712
5154375	0.00687043982528	0.32604409894
5156920	0.00463551180935	0.272813192336
5159834	0.00463551180935	0.236684099771
5162946	0.00463551180935	0.265639365884
5165615	0.00395682291997	0.151876772055
5168354	0.00395682291997	0.0944160639774
5171241	0.00171277214337	0.0721429826226
5173742	0.00366806495835	0.0785873925779
5176429	0.00395682291997	0.0978530868888
5178939	0.00395682291997	0.138788094046
5182409	0.00463551180935	0.225459445268
5184935	0.0109299658164	0.964613408316
5187453	0.0149894918075	2.47293659393
5190001	0.014141463444	2.28490766091
5192768	0.0145461553086	2.37537623988
5195347	0.013174016593	1.57099412591
5197891	0.013174016593	1.70793659985
5200534	0.0156681806969	2.55526128504
5203053	0.0156681806969	2.62677028426
5205680	0.0156681806969	2.7659665551
5208576	0.0167902060852	2.93707152596
5211090	0.0167902060852	2.99586343998
5213768	0.0264746199546	6.35178165697
5216283	0.0264746199546	6.54309544689
5218908	0.0285402084964	7.36163253454
5221813	0.0264746199546	6.80403220351
5224326	0.0290938407221	7.4944966319
5227409	0.0285402084964	7.21197358007
5230313	0.0264746199546	6.80526331393
5232846	0.0261563401193	6.40359817632
5235407	0.0251888932683	5.9474543645
5238008	0.0261563401193	6.07533681113
5240653	0.0264746199546	5.85260544228
5244812	0.0264746199546	6.0893051785
5247315	0.0264746199546	6.31227387278
5249833	0.0261563401193	5.89590713661
5252749	0.0257664091915	5.78564631403
5255476	0.0251888932683	5.30584510067
5258130	0.0251888932683	5.36621799879
5260676	0.0251888932683	5.47521943226
5263182	0.0251888932683	5.52076533879
5265684	0.0251888932683	5.70713615511
5268195	0.0251888932683	5.46549521014
5270881	0.0251888932683	5.33045629389
5276247	0.0251888932683	5.20856413431
5279176	0.0261563401193	5.63878107234
5281692	0.0244954434421	5.19310732814
5284204	0.0237247043472	5.05074964743
5287666	0.0261563401193	6.14256457845
5290459	0.0251888932683	5.83488786663
5292986	0.0251116039997	5.42618973902
5295496	0.0251888932683	5.87712205783
5298011	0.0285549694332	7.40848576021
5300512	0.0290938407221	7.52130505419
5303036	0.0302158661104	8.38472469244
5305678	0.0273317710788	7.20265846979
5308195	0.0290938407221	8.01590709179
5310699	0.0295758218554	8.05152020324
5313472	0.0323109765259	8.90293637011
5317744	0.0323109765259	8.76600200078
5320274	0.0321859198622	8.78638685448
5322804	0.031656171334	8.62237251713
5325389	0.0323109765259	8.98697789898
5328688	0.0264746199546	6.64000052121
5331209	0.0323109765259	9.61222171318
5334031	0.0372128927043	12.4163128471
5336624	0.0372128927043	12.3323574255
5339182	0.0393944151491	14.5453864059
5341820	0.0393944151491	14.6151555541
5344334	0.0408586040702	15.4561585882
5347037	0.0398763962823	14.9733662952
5349555	0.0398763962823	14.9985965968
5352112	0.0393944151491	14.7148443293
5354822	0.0393944151491	14.803970472
5357342	0.0398763962823	15.5250628174
5360271	0.0398763962823	15.4916794985
5362846	0.0419806294585	16.4198130488
5365418	0.0419806294585	16.6638070203
5368040	0.0342753921015	10.310743344
5370602	0.0355997634221	11.0523229707
5373181	0.0372128927043	11.6116226839
5375830	0.0302158661104	8.07099317829
5378923	0.0329271370834	9.14535629237
5381836	0.0355997634221	10.20047351
5384485	0.0342753921015	9.92920616316
5387053	0.0342753921015	9.87309422554
5389579	0.0342753921015	9.6315776268
5392124	0.035123420465	9.87457882427
5394731	0.0337365208126	9.29924315051
5397239	0.0337365208126	9.31840467453
5400003	0.0328793696884	9.17890988104
5402820	0.0329271370834	8.83297723206
5405357	0.0355997634221	10.1897405835
5407893	0.0354121784266	10.0920722988
5410466	0.0356622917539	10.5870262173
5413133	0.0383349180926	11.6090342363
5415794	0.0353974174898	10.5874688041
5418331	0.0353974174898	10.5088128154
5421663	0.0337365208126	9.471274629
5424164	0.0329271370834	9.34816171904
5426789	0.0323109765259	8.73185207578
5429728	0.0323109765259	8.69885528297
5432304	0.031656171334	8.42673223279
5434895	0.0313526524355	8.42274175724
5437409	0.0302158661104	8.09845562209
5439925	0.0302158661104	8.15704428405
5443289	0.031656171334	8.50187180634
5445793	0.0297247622165	7.74549735617
5448349	0.0290938407221	7.53094835859
5450866	0.0302158661104	8.07234709919
5453424	0.0297247622165	7.68977124337
5456399	0.0302158661104	7.78008252638
5459023	0.0302158661104	7.867540251
5461661	0.0302158661104	7.75327052595
5464260	0.0302158661104	7.93658322818
5466895	0.0290938407221	7.5895019134
5469412	0.0290938407221	7.43441230711
5472139	0.0337365208126	9.39497237629
5474670	0.0337365208126	9.38866004464
5477259	0.0337365208126	9.52886759955
5479781	0.0337365208126	9.49253448797
5482586	0.0342753921015	9.32447401457
5485290	0.031703938729	8.10328082857
5487901	0.031703938729	8.02385584405
5490405	0.0285402084964	6.67815921735
5492976	0.0278081140358	6.4886618203
5495517	0.0285402084964	6.74592644954
5498084	0.0278081140358	6.14360217098
5500997	0.0264746199546	5.67590611731
5503526	0.0251888932683	5.21700836159
5506032	0.0251888932683	4.91020818544
5508559	0.0229539652524	4.5560719762
5511391	0.0229539652524	4.05112632364
5513993	0.0211532509747	3.6728327272
5516611	0.0211532509747	3.8638319734
5519204	0.01956400539	2.97886077315
5521792	0.0184419800017	2.79904921376
5524875	0.0179269924103	2.51394949132
5527711	0.0156681806969	1.97774603241
5530267	0.014141463444	1.53584130574
5532817	0.0156681806969	2.0348345621
5535580	0.0165400927579	2.16065211385
5538114	0.0122156925026	1.13489650819
5540661	0.0122156925026	1.04588439502
5543285	0.0145609162454	1.49253599625
5545886	0.00853133650248	0.614379214356
5548476	0.00746271668534	0.437564411899
5551804	0.00687043982528	0.351401986554
5554321	0.00463551180935	0.158311415464
5556980	0.00169801120654	0.0375570273027
5559581	0.00169801120654	0.0353053929284
5562274	0.00153430990857	-0.00613084877841
5564890	0.00153430990857	-0.0199097332079
5567410	0.00153430990857	-0.0166821712628
5569915	0.00676926685913	0.2295702314
5572439	0.00169801120654	0.0118037837092
5575107	0.00169801120654	0.0299378091004
5578850	0.00169801120654	0.0397657279391
5581354	0.00153430990857	-0.0295388991944
5583979	0.00153430990857	-0.0717702261172
5586481	0.00153430990857	-0.0743348386604
5589014	0.00153430990857	-0.0168724337127
5591533	0.00169801120654	0.0184858634602
5594089	0.00169801120654	-0.00774283334613
5596735	0.00169801120654	0.00232375133783
5599255	0.00153430990857	-0.0107766967267
5601984	0.00153430990857	-0.0450178955216
5604732	0.00153430990857	-0.0580548504367
5607261	0.00153430990857	-0.0844545324799
5609833	0.00110573434648	-0.074963997351
5612419	0.00110573434648	-0.0837816651911
5614957	0.00110573434648	-0.0966488560662
5617694	0.00110573434648	-0.129382988205
5620573	0.00110573434648	-0.145781082334
5623212	0.00110573434648	-0.163227586541
5625868	0.00110573434648	-0.171290909173
5628434	0.00110573434648	-0.179854026064
5634179	0.00110573434648	-0.176668862114
5636717	0.00110573434648	-0.171516198665
5639367	0.00110573434648	-0.179426440969
5641901	0.00110573434648	-0.106373987859
5645015	0.00110573434648	-0.101227801293
5647532	0.00153430990857	-0.0595708340406
5650225	0.00153430990857	-0.0543920965865
5652877	0.00153430990857	-0.0309629752301
5655434	0.00463551180935	0.106287547154
5666798	0.0145609162454	0.724537402391
5669358	0.0202574552162	1.54375367775
5671900	0.0251888932683	3.20817317883
5674533	0.0251888932683	2.82008287753
5677189	0.0275432397717	3.38901440566
5679762	0.028617497765	3.93260444887
5682360	0.0290938407221	4.31618847651
5684996	0.028617497765	4.09977114503
5687522	0.0251888932683	3.52403075621
5690057	0.0202574552162	1.98806653358
5692804	0.0209747887399	2.00770008331
5695329	0.0229539652524	2.36038133618
5700108	0.0251888932683	2.97457508277
5702711	0.0251888932683	3.36912203114
5705320	0.0251888932683	3.26993364422
5707903	0.0229539652524	2.96081321966
5710680	0.0179269924103	1.81070381426
5713504	0.0145609162454	1.15721145459
5717488	0.0145609162454	1.04482788499
5720711	0.0179269924103	1.2771804966
5723334	0.0209747887399	1.52916301298
5725964	0.0209747887399	1.82792951772
5729041	0.0229539652524	2.17304644687
5731668	0.0229539652524	2.32064935751
5734376	0.0229539652524	2.13142723707
5736988	0.0229539652524	2.58706866764
5739647	0.0229539652524	2.55952170771
5742241	0.0229539652524	2.48798664287
5745079	0.0229539652524	2.57586242701
5748760	0.0229539652524	2.36282261065
5751527	0.0229539652524	2.90820657322
5754069	0.0211532509747	2.82836599229
5756608	0.0179269924103	1.8515893002
5759321	0.0179269924103	1.83666617284
5762171	0.0117871169406	0.725172408391
5764832	0.00746271668534	0.360290973447
5767612	0.00687043982528	0.293312142137
5770134	0.00687043982528	0.209772798698
5772755	0.00463551180935	0.161664302927
5775411	0.00169801120654	0.0158518368844
5778127	0.00346571902606	0.0595930065028
5781083	0.00463551180935	0.11558194831
5783788	0.00346571902606	0.0687993732281
5786450	0.00169801120654	0.0285151156131
5788975	0.00346571902606	0.0443966325838
5791788	0.00463551180935	0.0938257728703
5794291	0.00687043982528	0.180881709326
5796879	0.00746271668534	0.327772970311
5799415	0.0145609162454	1.11031040037
5802203	0.017888347776	1.17374847876
5804861	0.0145609162454	0.913111889968
5807679	0.0209747887399	1.08955611405
5810243	0.0209747887399	1.08477216121
5812821	0.0251888932683	1.43937861151
5816638	0.0337365208126	2.05365152867
5871347	0.134203818168	8.88603574457
5924971	0.138918149351	11.7929108753
5928799	0.0885281798437	11.4960543138
5931805	0.0764598975973	11.6131805873
5934536	0.0518912729577	7.01932167937
5937142	0.0620997971792	7.86705332552
5939843	0.0658853261455	7.86258012545
5942670	0.0599091519737	6.81182315433
5945309	0.0654419896466	6.67585712415
5948233	0.0654419896466	6.95804897207
5951082	0.0583585510233	6.95385782863
5953646	0.0596442777096	7.52616215474
5956327	0.0533407009419	6.77134166542
5958890	0.0478408697272	6.47202464519
5961437	0.0478408697272	6.95305589563
5964231	0.0458616932148	7.03704385343
5966926	0.0478408697272	7.49872285803
5969495	0.0358168702912	5.87811876484
5972011	0.0414269972327	5.92613335163
5974608	0.0447930733976	6.36660665856
5977129	0.0414269972327	5.83772833971
5980016	0.0414269972327	5.94665609673
5982668	0.0392693584854	5.07065615174
5986986	0.0380609210678	4.84861494508
5990070	0.0358168702912	5.36143988278
5993279	0.0368377227134	6.46002050512
5995950	0.0414269972327	8.08457126655
5999090	0.0414269972327	6.93360264273
6001631	0.0414269972327	6.90749153495
6005944	0.038754370894	5.90524787223
6009409	0.0358168702912	6.2169559598
6012298	0.038754370894	8.54686920485
6015286	0.0458616932148	10.3988356926
6017900	0.0458616932148	10.790961687
6020770	0.0458616932148	11.6028175254
6023641	0.0573468213619	13.9179972629
6026418	0.0633764011048	14.8065981274
6029592	0.0669061785676	15.521286105
6032420	0.0654419896466	13.702287259
6035018	0.0695162765745	14.7040449157
6037588	0.0745432494166	16.4772395298
6040223	0.0745193657191	16.8582200182
6042774	0.0745193657191	16.7935077208
6045488	0.0714420475158	16.2075511049
6048333	0.0637515710957	14.8337158845
6050837	0.0661593231703	17.6380797222
6053362	0.0695162765745	19.3078191348
6055903	0.0645461938881	17.145822081
6058452	0.068668248211	16.4063974684
6061380	0.0744329536898	16.8586720417
6063903	0.0744329536898	16.770198636
6066679	0.0744329536898	15.7267259604
6069262	0.0714420475158	14.4853501816
6071868	0.0669061785676	13.7209314574
6074424	0.0627932470054	12.7142614669
6076956	0.0561383839442	12.023099191
6079854	0.0518912729577	10.6806045829
6083051	0.0475668727025	10.4732743071
6085572	0.0492811749508	10.4600592884
6088239	0.0492811749508	9.96368757868
6090817	0.0518912729577	10.0842831424
6093337	0.0475668727025	9.19251703867
6095875	0.049810923479	9.68802956957
6098385	0.0480432156595	9.65225267201
6101065	0.0517366944204	11.4190625029
6104023	0.0525699618471	13.4084672623
6106850	0.0491800019847	12.0889509495
6109606	0.0517366944204	13.867828147
6112177	0.0504032003391	13.7000997502
6114699	0.0421204470589	10.8842797335
6117508	0.0447930733976	9.51257313229
6120078	0.0414269972327	8.20215578377
6122614	0.0229539652524	2.71504979441
6125260	0.0229539652524	2.34197172336
6127786	0.0179269924103	1.39598698937
6130361	0.014141463444	0.745393801015
6133314	0.00687043982528	0.166065801168
6135908	0.00169801120654	0.0120359270368
6138423	0.00153430990857	-0.0279059093446
6141096	0.00153430990857	-0.0305300578475
6144480	0.00153430990857	-0.0481110743713
6147294	0.00153430990857	-0.0617552355397
6150143	0.00153430990857	-0.0822199832182
6152812	0.00153430990857	-0.0467639176641
6155431	0.00153430990857	-0.0286422572099
6158369	0.00153430990857	-0.0265571700875
6161158	0.00153430990857	-0.0287012255285
6163664	0.00153430990857	-0.0408880729228
6166711	0.00153430990857	-0.0536101940088
6169247	0.00153430990857	-0.0610645052511
6171865	0.00110573434648	-0.0570166516118
6174370	0.00110573434648	-0.0651036933996
6176903	0.00110573434648	-0.0664143487811
6179418	0.00110573434648	-0.0524313810747
6181951	0.00153430990857	-0.0622827776242
6184546	0.00153430990857	-0.0467110071331
6187401	0.00153430990857	-0.0258251868654
6189921	0.00377836068517	0.0376110721845
6193067	0.00463551180935	0.0666837559547
6199573	0.00463551180935	0.108138374053
6202081	0.00463551180935	0.0905198238324
6204585	0.00728425445054	0.169296992477
6207356	0.00377836068517	0.0448793612886
6209998	0.00161159917722	0.00526427244768
6212512	0.00153430990857	-0.033040673472
6216441	0.00153430990857	-0.0484654866159
6222662	0.00110573434648	-0.0381825976074
6225253	0.00110573434648	-0.0709016628098
6227946	0.00110573434648	-0.0782848168164
6230542	0.00110573434648	-0.121043881867
6233121	0.00110573434648	-0.129335333593
6235664	0.00110573434648	-0.137405261397
6238193	0.00110573434648	-0.0538147045299
6240706	0.00153430990857	-0.0333743942901
6243322	0.00161159917722	-0.01195831527
6246218	0.00206405843681	0.0274721654132
6248736	0.00463551180935	0.0608901844826
6251264	0.00463551180935	0.06061473093
6253816	0.00377836068517	0.0493911670055
6256319	0.00206405843681	0.0317882837262
6258837	0.00161159917722	0.00845889374614
6261343	0.00130808027878	-0.0253683489282
6263855	0.00130808027878	-0.0351396396291
6266359	0.00120690731263	-0.0412188814953
6269037	0.00120690731263	-0.0481766238809
6271553	0.00110573434648	-0.0900416655932
6274290	0.00110573434648	-0.114960949169
6277023	0.00110573434648	-0.152136688121
6279584	0.00110573434648	-0.182437694632
6282217	0.00110573434648	-0.190882454161
6284806	0.00110573434648	-0.198393546743
6287338	0.00110573434648	-0.165508849081
6289873	0.00110573434648	-0.14099734812
6292383	0.00110573434648	-0.133436716627
6295038	0.00110573434648	-0.120995502686
6297930	0.00110573434648	-0.0975151783787
6300740	0.00110573434648	-0.126479587983
6303346	0.00110573434648	-0.117055348819
6306095	0.00110573434648	-0.118782771518
6308658	0.00110573434648	-0.122055219486
6311238	0.00110573434648	-0.0629653076176
6313768	0.00110573434648	-0.0545945418999
6316495	0.00110573434648	-0.0717710962053
6319197	0.00110573434648	-0.0445200928953
6322089	0.00130808027878	-0.0270796951372
6324621	0.00161159917722	-0.00473145674914
6327195	0.00161159917722	-0.0122009168845
6329954	0.00161159917722	-0.00394467520528
6332463	0.00161159917722	-0.00610743206926
6335212	0.00161159917722	-0.00880746892653
6338100	0.00161159917722	-0.00967975100502
6340630	0.00120690731263	-0.0351689103991
6343176	0.00153430990857	-0.0430935467593
6345948	0.00153430990857	-0.0300034130923
6348460	0.00161159917722	-0.0212147796992
6351042	0.00161159917722	-0.0163359306753
6353557	0.00161159917722	-0.00802679709159
6356063	0.00161159917722	0.017570247408
6358799	0.00463551180935	0.0770727738272
6361930	0.00728425445054	0.224763242528
6364523	0.0122156925026	0.54672521702
6367141	0.0122156925026	0.548767280998
6369702	0.0134480136178	0.542586666998
6372209	0.0122156925026	0.534597201739
6374721	0.0145609162454	0.88140140078
6377319	0.0134480136178	0.777026967146
6380116	0.015933054961	1.20769783575
6382733	0.0187841435345	1.38350010733
6385339	0.0209747887399	1.58783768583
6387917	0.0229539652524	2.16112379078
6390429	0.0236474150786	2.05101620988
6392941	0.0236474150786	2.15733008366
6395594	0.0236474150786	2.14785511745
6398166	0.0236474150786	2.20723725599
6400742	0.0229539652524	1.92163057509
6403274	0.0236474150786	1.97297081864
6405788	0.0236474150786	2.10859582643
6408365	0.0229539652524	2.12656026636
6411180	0.0229539652524	1.95639858837
6413723	0.0209747887399	1.72399141896
6416322	0.0236474150786	2.55797431036
6419102	0.0251888932683	2.67198376777
6421606	0.0229539652524	2.3414214286
6424218	0.0229539652524	2.44836216094
6426748	0.0209747887399	1.81348196603
6429393	0.0190967851936	1.57448262325
6431956	0.0190967851936	1.39607768646
6434641	0.014141463444	0.890374127077
6437184	0.0190967851936	1.39962419006
6439910	0.0209747887399	1.90446834499
6442434	0.0229539652524	2.1706276862
6444972	0.0211532509747	2.13554156222
6447655	0.0209747887399	2.09488806594
6450249	0.0209747887399	1.71089181211
6452987	0.0190967851936	1.53478474007
6455553	0.01696866832	1.26223006239
6458207	0.0187841435345	1.57071124366
6460856	0.0134480136178	0.847508954117
6463420	0.00868591503978	0.441158371512
6466291	0.0067545059223	0.198203539709
6468870	0.00868591503978	0.320456652669
6472401	0.0109299658164	0.464433867019
6474909	0.0134480136178	0.616256151116
6477423	0.0122156925026	0.564412489301
6480129	0.0122156925026	0.592615135713
6482699	0.0134480136178	0.665213985136
6485347	0.0122156925026	0.580676968908
6487963	0.0134480136178	0.78817265504
6490668	0.0134480136178	0.781012061518
6493516	0.0109299658164	0.640723665478
6496154	0.0134480136178	1.10866518738
6498720	0.0145609162454	1.47955022636
6501264	0.0145609162454	1.46982836723
6504559	0.0109299658164	0.675195577787
6507418	0.0134480136178	0.776872090297
6510034	0.0122156925026	0.663140119985
6512641	0.0122156925026	0.609124662122
6515159	0.0134480136178	0.883965456858
6517809	0.0145609162454	0.918650783831
6520477	0.0145609162454	1.0872019683
6523359	0.0160581116246	1.39920374518
6525866	0.0156681806969	1.51596372458
6529649	0.00169801120654	0.035287074279
6533698	0.00169801120654	0.0256366040558
6536294	0.00153430990857	-0.00709498790093
6539145	0.00153430990857	-0.0539507283829
6541931	0.00153430990857	-0.0643090070225
6544514	0.00153430990857	-0.0603963066824
6547181	0.00153430990857	-0.0635727175977
6549895	0.00153430990857	-0.0407254928723
6552396	0.00153430990857	-0.00238190405071
6555232	0.00153430990857	0.0134518633131
6557851	0.00169801120654	0.0253220524173
6560354	0.00169801120654	0.0270995469764
6563160	0.00169801120654	0.0315820632968
6565834	0.00153430990857	-0.0176808151882
6568384	0.00377836068517	0.109322214266
6570965	0.00153430990857	-0.0150004890747
6573743	0.00153430990857	-0.0477142741438
6576272	0.00153430990857	0.00676426431164
6578920	0.00153430990857	0.00513034244068
6581573	0.00169801120654	0.0234827960376
6584177	0.00377836068517	0.0496304747649
6587467	0.0067545059223	0.189913436305
6590444	0.0145609162454	1.01764065889
6593433	0.0179269924103	1.38783857739
6596111	0.0190342568618	1.37665670458
6598638	0.0209747887399	1.48591872188
6601152	0.0209747887399	1.53274426283
6604320	0.0209747887399	1.46091239247
6607071	0.0209747887399	1.4710649834
6609788	0.0209747887399	1.40186425485
6612397	0.0229539652524	2.01393154101
6615017	0.0251888932683	2.78576914291
6618528	0.0337365208126	4.16092987196
6621115	0.0337365208126	4.45078217774
6623682	0.0383349180926	5.58081471291
6626234	0.0383349180926	5.67259330768
6628762	0.0353974174898	5.27964411629
6631263	0.0313526524355	4.27160336683
6633996	0.0302158661104	3.72586414451
6636764	0.0278081140358	3.18063074979
6639886	0.0251888932683	2.51305390242
6643539	0.0209747887399	1.504708644
6646125	0.0145609162454	1.06868186453
6648660	0.0134480136178	0.654082117369
6651244	0.0109299658164	0.49149488355
6655269	0.0117871169406	0.51573363319
6658006	0.0122156925026	0.642832041485
6660697	0.0134480136178	0.684817655478
6663278	0.0122156925026	0.594458524138
6665839	0.0134480136178	0.67357859551
6668381	0.0134480136178	0.705018697772
6670979	0.00853133650248	0.362263643648
6673923	0.00377836068517	0.0574026012328
6677022	0.0179269924103	1.42525073653
6679593	0.0145609162454	0.677120612934
6682175	0.0145609162454	0.638604671229
6684771	0.0145609162454	0.671928064199
6687276	0.0145609162454	0.747230548412
6689892	0.0145609162454	0.827283511171
6692758	0.0179269924103	1.16196603328
6695620	0.0229539652524	1.9466681655
6698138	0.0179269924103	1.47084923391
6700655	0.0145609162454	1.0554875005
6703302	0.00853133650248	0.406600323739
6705878	0.00169801120654	0.0295173572376
6708928	0.00153430990857	-0.0510172825307
6711436	0.00153430990857	-0.0547371082939
6714040	0.00153430990857	-0.0411072392017
6716795	0.00153430990857	-0.0311800094787
6719440	0.00153430990857	-0.0107242937665
6721965	0.00153430990857	-0.018858986441
6724587	0.00153430990857	-0.0194994378835
6727422	0.00169801120654	-0.0110770841129
6730384	0.00169801120654	0.00920053152367
6733570	0.00169801120654	0.0166530769784
6736299	0.00676926685913	0.175368011696
6738881	0.00853133650248	0.345956854988
6741554	0.0134480136178	0.634702043841
6744307	0.0122156925026	0.634761486435
6747066	0.00853133650248	0.356859329157
6749736	0.00853133650248	0.376972234575
6752700	0.0122156925026	0.530753887026
6755941	0.0145609162454	0.838915738976
6758821	0.00687043982528	0.263371716952
6761445	0.00463551180935	0.110807671677
6764385	0.00153430990857	-0.0607751703355
6767276	0.00153430990857	-0.0167124767322
6770968	0.00169801120654	-0.0172918988392
6773660	0.00153430990857	-0.037291783141
6776388	0.00153430990857	-0.0138668436557
6779059	0.00463551180935	0.0579219819047
6781561	0.0117871169406	0.446518735727
6784272	0.0141562243808	0.77325860993
6786961	0.0156681806969	1.11421435233
6789462	0.0211532509747	1.87786484929
6792116	0.0298884635145	3.58411358506
6794901	0.0337365208126	4.54361928022
6797879	0.0380609210678	5.43414466688
6800857	0.0414269972327	6.88469599816
6803931	0.0457752811854	8.18299409118
6806976	0.0478408697272	8.8781070041
6809484	0.0457752811854	8.95953916968
6812282	0.049810923479	11.9911636324
6814807	0.0480579765964	13.2291698004
6817310	0.0491800019847	13.3869130015
6820140	0.0447930733976	9.89691806259
6822645	0.0475668727025	10.446873619
6825220	0.0511444175603	11.2855072271
6828266	0.0511444175603	11.0241496142
6830771	0.0478942752984	10.558585403
6833384	0.0518912729577	12.0681998122
6836203	0.054525254662	13.0077315683
6838931	0.0595817493778	14.4081102551
6842562	0.0634866968316	15.0340482926
6845169	0.0634866968316	15.257739367
6847696	0.065745508545	16.4608540311
6850322	0.0634866968316	15.1685965981
6852860	0.064069850931	15.7779277239
6855697	0.0619895014524	15.4822570079
6859171	0.0535521696349	11.6342000337
6861780	0.0478169860297	9.53637007321
6864403	0.0447930733976	6.97055700375
6867025	0.0458616932148	6.94464138965
6869620	0.0415372929595	5.88151605218
6872171	0.0393080031198	5.18742302153
6875169	0.0358168702912	4.53093106905
6877704	0.0298884635145	4.30329124723
6880469	0.0282900951691	3.94910848606
6883078	0.0298884635145	4.59340486233
6885701	0.0358168702912	6.41843575891
6888286	0.0404152675712	7.34998872527
6890813	0.0415372929595	8.34891269426
6893689	0.0458616932148	10.7035362783
6896244	0.0564896702377	14.2000770881
6898897	0.056644248775	14.404354129
6901557	0.0614211082898	17.1451604927
6904379	0.0640937346285	19.0600475702
6907045	0.0620997971792	18.5469492257
6909600	0.0478408697272	11.1573982518
6912115	0.0447930733976	9.65980294324
6914676	0.0393080031198	6.53749307268
6917218	0.038754370894	5.69451595843
6920031	0.0380609210678	4.83526318218
6922700	0.0337365208126	3.99762056908
6925258	0.0298884635145	3.11938588251
6927795	0.0251888932683	2.48547635926
6930450	0.0251888932683	2.49642968923
6933096	0.0261563401193	2.6089155348
6936084	0.0282900951691	2.70561323338
6938727	0.0251888932683	2.29719606484
6941335	0.0209747887399	1.57359289774
6944073	0.0141562243808	0.987628438976
6946636	0.0156681806969	1.28542403551
6949148	0.0156681806969	1.22834014543
6951655	0.0179269924103	1.49808771582
6954156	0.0199061689228	2.11832669028
6956798	0.0298884635145	4.64831624599
6960001	0.0358168702912	6.17469668225
6962520	0.0394330597834	7.00838451018
6965442	0.0414269972327	7.85987033532
6967971	0.0492277693797	10.3262386671
6970761	0.0517366944204	10.7759750593
6973381	0.0473884104677	8.93711604318
6975960	0.0492038856822	9.57814610191
6978541	0.0492038856822	9.46959552821
6981208	0.0438347493073	7.98760330793
6984029	0.0492038856822	10.5383061129
6986561	0.0485877251246	10.7016416474
6989243	0.0539955061338	13.7745906978
6991813	0.0525699618471	12.6505609655
6995686	0.0517366944204	11.800816389
6998314	0.0433288844765	8.10187758179
7000950	0.0433288844765	7.87153079151
7003698	0.0421204470589	7.50081253634
7006245	0.0313526524355	4.34979396779
7009247	0.0304182120427	3.58444381924
7011977	0.0251888932683	2.65766900987
7014494	0.0211532509747	2.12451408873
7017007	0.0131979002905	0.684269234305
7019683	0.0117871169406	0.524577215314
7022454	0.00746271668534	0.308625225443
7025310	0.00746271668534	0.311790841399
7027960	0.00687043982528	0.255124729825
7030553	0.0109299658164	0.578180172946
7033202	0.00169801120654	0.0213191749062
7035889	0.00153430990857	-0.0825776378624
7038586	0.00110573434648	-0.0670048866887
7041360	0.00110573434648	-0.0815949428361
7043875	0.00110573434648	-0.113556080731
7046474	0.00110573434648	-0.0946674786974
7049037	0.00110573434648	-0.0620179029647
7051547	0.00110573434648	-0.0566644207574
7054119	0.00110573434648	-0.0524685066193
7056997	0.00110573434648	-0.0566039225087
7059502	0.00110573434648	-0.0600250412244
7062068	0.00110573434648	-0.059830109356
7064619	0.00110573434648	-0.0671604345553
7067131	0.00110573434648	-0.0758251382504
7069672	0.00110573434648	-0.057591172168
7072210	0.00110573434648	-0.0847674231045
7074807	0.00110573434648	-0.0872388526332
7077845	0.00110573434648	-0.06881654053
7080793	0.00153430990857	-0.0483849379234
7083659	0.00153430990857	-0.0443976295646
7086318	0.00153430990857	-0.0174750746228
7088822	0.00169801120654	0.00742776459083
7091443	0.00463551180935	0.0444654221646
7093983	0.00169801120654	0.0084829882253
7096535	0.00169801120654	0.0223183208145
7099790	0.00463551180935	0.0662752699573
7102307	0.00728425445054	0.14357340592
7105023	0.00868591503978	0.222629681928
7107979	0.00868591503978	0.266115227481
7111148	0.0134480136178	0.343229871942
7118387	0.0145609162454	0.606236225227
7120920	0.0209747887399	0.914591083303
7123553	0.0209747887399	1.0179981906
7126413	0.0209747887399	1.05232931906
7128936	0.0179269924103	0.887007114245
7131597	0.0179269924103	1.00781650585
7134227	0.0251888932683	2.20514894975
7136737	0.0209747887399	1.40391009441
7139428	0.0145609162454	0.587182159768
7141936	0.0134480136178	0.338833656861
7144463	0.00868591503978	0.198564875871
7147128	0.00687043982528	0.0906337783672
7151123	0.00853133650248	0.119605077431
