9118	0.00669231	0.488574850839
11678	0.00824809451938	0.863907221705
14225	0.00772287334566	0.829898497555
16936	0.00868909256153	1.05382246408
19469	0.00806736026696	0.913690498099
23526	0.00669231338256	0.700062224409
26029	0.00251511997142	0.134394640336
28685	0.00348133918729	0.179522883147
31878	0.00407090110824	0.32518583932
34630	0.00669231338256	0.79312376189
37137	0.00806736026696	1.04540453758
39830	0.00735381044578	1.05257866066
42348	0.00735381044578	0.929526915541
44895	0.00735381044578	1.01248928881
47694	0.00926636649319	1.56087431125
50248	0.00937047200908	1.69435736584
52765	0.010557190246	2.11208831379
55273	0.0109139651566	2.22015845682
57859	0.010557190246	2.24120725086
61301	0.010557190246	2.30480783829
66035	0.0119199491411	2.72479252168
69184	0.0119199491411	2.76494721789
71998	0.0112707400672	2.64765758673
74813	0.010019681083	2.06680919463
78071	0.010557190246	2.1598594503
80574	0.00926636649319	1.87233285652
83621	0.00962314140377	1.95127453865
86354	0.00944240715135	1.91010274622
88971	0.00984364042485	1.9728010043
91765	0.010557190246	2.21139765112
94693	0.010557190246	2.20882956893
97624	0.0103244032357	2.21223327029
100760	0.00669231338256	0.916591292946
103279	0.00615949781381	0.802354863379
105866	0.00631565608765	0.817301505478
108405	0.00645193197716	0.835372095462
111222	0.00470022779785	0.464924823027
114015	0.00470022779785	0.482045569923
116631	0.00470022779785	0.439128691331
119207	0.0058746580455	0.691296308069
121743	0.00645193197716	0.799920379417
124272	0.00645193197716	0.808836747194
126803	0.00645193197716	0.863030417589
129335	0.00645193197716	0.881180813536
131932	0.00645193197716	0.871840430656
134465	0.00926636649319	1.80385465547
136994	0.00868909256153	1.60049588536
139572	0.00962314140377	1.93066349137
142151	0.00926636649319	1.71626813384
144657	0.00926636649319	1.72772275656
147384	0.00868909256153	1.64666992472
150202	0.00904586747211	1.66160587966
152787	0.00926636649319	1.75242269947
155314	0.00868909256153	1.66862250771
157926	0.00868909256153	1.57551102201
160464	0.00926636649319	1.82762935362
162972	0.00926636649319	1.82258797181
165508	0.00868909256153	1.70571364067
168140	0.00850835830911	1.52285086573
170684	0.00868909256153	1.708869508
173515	0.010557190246	2.66517576762
176197	0.0109139651566	2.81110824831
178727	0.0109139651566	2.79465151182
181251	0.0109139651566	2.7981431745
183836	0.0119398315255	3.2088936097
186420	0.0119398315255	3.23381869192
189098	0.0119398315255	3.25902130851
191690	0.0121603305465	3.42788522388
194194	0.0112707400672	2.81311863521
196818	0.0112707400672	2.79940783069
199382	0.010557190246	2.5619078381
201903	0.0109139651566	2.74477465544
204408	0.0109139651566	2.71965484065
207060	0.00962314140377	2.12813091651
209668	0.00962314140377	2.09093752108
212257	0.0058746580455	0.827542657964
214829	0.00570621178237	0.74554277584
217404	0.0058746580455	0.820594852557
219928	0.00486867406098	0.603008305421
222471	0.00486867406098	0.564814926591
225076	0.00357785030815	0.32146092155
227674	0.00357785030815	0.29868939938
230182	0.00357785030815	0.265771932434
232704	0.00193025164473	0.101316772634
235330	0.00193025164473	0.0943723705132
238787	0.00193025164473	0.076677686302
241354	0.00193025164473	0.0500840509776
243928	0.00193025164473	0.0360176579561
246738	0.00148925360258	0.02605087962
249243	0.00108802032908	-0.0310574611649
251898	0.00108802032908	-0.0237872549333
254521	0.00108802032908	-0.0210737963207
257200	0.00108802032908	-0.0231817571912
259769	0.0012687545815	-0.0120421689935
272388	0.0012687545815	-0.00766790471971
285662	0.00148925360258	-0.00570779130794
289296	0.00108802032908	-0.0356497713365
291968	0.00108802032908	-0.0287327682599
294521	0.00108802032908	-0.0315447843168
297061	0.00108802032908	-0.0300890300423
300718	0.00108802032908	-0.0367532556411
303323	0.00108802032908	-0.0612249365076
306245	0.00108802032908	-0.0540898169857
308785	0.00104825556043	-0.0780492136255
311629	0.00104825556043	-0.0852842167951
316504	0.00104825556043	-0.127021465683
319173	0.00108802032908	-0.0168948723003
324539	0.00108802032908	-0.0376370041631
327097	0.00108802032908	-0.0531644807197
329637	0.00104825556043	-0.113258808386
332140	0.00104825556043	-0.102350288304
334824	0.00290406525563	0.193898357684
337636	0.00357785030815	0.290497246431
340137	0.00251511997142	0.167390920455
342803	0.00193025164473	0.108084275387
345313	0.00251511997142	0.167174975621
347845	0.00251511997142	0.157007486094
350391	0.00193025164473	0.0966524120886
352970	0.00228702655531	0.112284663832
355481	0.00148925360258	0.0172191923484
357998	0.00104825556043	-0.0787161695771
360609	0.00108802032908	-0.0550316369627
363139	0.00193025164473	0.0388264008798
365702	0.00251511997142	0.138334200718
368214	0.00357785030815	0.211267726729
370724	0.00409078349257	0.374422284542
373317	0.00490843882963	0.496154361637
375826	0.00645193197716	0.797528774943
381632	0.00669231338256	0.862134256866
443168	0.00806736026696	1.09706297098
446791	0.00824809451938	1.33997978573
449338	0.00962314140377	1.96527145477
451867	0.010557190246	2.49054976599
454379	0.00669231338256	1.19503183267
456946	0.00669231338256	1.18547352729
459608	0.00669231338256	1.12272648979
462130	0.00669231338256	1.15760726389
465262	0.00669231338256	1.02469781577
467781	0.00641976160354	0.960471818922
470286	0.0042592297557	0.473674612818
473392	0.00357785030815	0.343749693129
475894	0.00407090110824	0.391166313551
478473	0.0058746580455	0.757611486129
481262	0.0058746580455	0.838765271241
483854	0.0058746580455	0.828591737896
486540	0.00522544897156	0.689886648674
489129	0.00617938019814	0.957744222134
491883	0.00617938019814	0.939269068418
494398	0.00669231338256	1.11402592994
496906	0.00669231338256	1.05726231681
499540	0.00739826880869	1.26691921754
502046	0.00739826880869	1.31078850129
504669	0.00772287334566	1.44977802574
507408	0.00739826880869	1.31539180758
509963	0.00739826880869	1.24365154607
512537	0.00570621178237	0.709479765268
515162	0.00486867406098	0.552432673983
517942	0.00357785030815	0.291206189431
520552	0.00409078349257	0.420165559277
523108	0.00409078349257	0.384132005274
525650	0.00393462521873	0.349768313346
528236	0.00357785030815	0.287860637531
530783	0.00357785030815	0.325150958495
533362	0.00290406525563	0.203045393806
535968	0.00357785030815	0.276926911669
538516	0.00357785030815	0.240424101707
541341	0.00357785030815	0.246179562295
543899	0.00348133918729	0.224683901295
546691	0.00228702655531	0.127368958434
549260	0.00251511997142	0.168416892877
551916	0.00290406525563	0.216486957623
555433	0.00357785030815	0.257196460851
558788	0.00251511997142	0.179602680495
561425	0.00251511997142	0.173445221502
564066	0.00290406525563	0.216463712044
566715	0.00357785030815	0.352805290604
569375	0.00393462521873	0.369167676894
571907	0.00357785030815	0.334603127092
574430	0.00409078349257	0.435532739852
576950	0.00470022779785	0.536230255617
579496	0.00470022779785	0.499229854438
582052	0.00357785030815	0.323373384075
584590	0.00357785030815	0.26379076927
587241	0.00357785030815	0.330608308315
589750	0.00357785030815	0.270480565494
592276	0.00251511997142	0.145681813126
594825	0.00251511997142	0.133335590595
597473	0.00251511997142	0.135186679196
600115	0.00251511997142	0.14849969768
602636	0.00251511997142	0.142056242097
605294	0.00251511997142	0.165651430842
607797	0.00393462521873	0.334205738502
610375	0.00409078349257	0.355435261736
612978	0.00290406525563	0.214884034591
615949	0.00193025164473	0.0700161922723
618465	0.00193025164473	0.0911076436751
621048	0.00251511997142	0.179086461896
623933	0.00393462521873	0.342748175375
626469	0.00407090110824	0.375697365496
628975	0.00409078349257	0.464141982375
631640	0.0042592297557	0.479413926136
634210	0.00486867406098	0.605885561556
636742	0.00486867406098	0.607266918989
639297	0.00500494995049	0.636456882115
642007	0.00500494995049	0.670674521942
644558	0.00486867406098	0.579900613986
647186	0.00500494995049	0.612484436482
649864	0.00470022779785	0.535354450345
652624	0.00486867406098	0.540108105168
655671	0.00486867406098	0.544229927938
658294	0.00500494995049	0.628831423353
660932	0.00490843882963	0.554028503597
663442	0.0058746580455	0.789871539921
667682	0.00500494995049	0.66213133256
670229	0.00470022779785	0.552822203143
672832	0.00470022779785	0.541885702871
675494	0.00490843882963	0.601549479179
677996	0.00470022779785	0.529800696997
680805	0.00470022779785	0.529723438434
683804	0.00470022779785	0.545983739663
686403	0.00409078349257	0.420657974435
689469	0.00357785030815	0.343434587121
692065	0.00409078349257	0.455545328557
694595	0.00490843882963	0.59618098964
697314	0.00615949781381	1.0153425131
699868	0.00645193197716	1.04956359044
702474	0.0058746580455	0.907232543454
705006	0.00570621178237	0.743187831482
707518	0.00500494995049	0.627350301482
710146	0.00669231338256	1.09199460875
712656	0.00624372094537	0.918722166214
715166	0.00624372094537	0.898064761423
717687	0.00669231338256	1.01402816968
720425	0.00669231338256	1.03220291156
723171	0.00645193197716	0.983463109471
725690	0.00645193197716	0.992269836133
728201	0.00645193197716	1.03580004419
731184	0.0058746580455	0.817043097224
733708	0.00486867406098	0.659535543527
736237	0.00500494995049	0.698327147635
739090	0.00522544897156	0.759862317936
741819	0.0058746580455	0.896850912133
744320	0.0058746580455	0.871632659342
746943	0.0058746580455	0.867240095045
749731	0.00624372094537	0.971489717951
752286	0.00824809451938	1.66401786148
754846	0.00868909256153	1.74083244079
757363	0.0058746580455	0.824418126373
759879	0.00669231338256	1.11939648585
762422	0.00645193197716	1.00764137111
764963	0.00669231338256	1.09750620648
767475	0.00669231338256	1.13022389542
770002	0.00739826880869	1.18307638541
772517	0.00669231338256	1.11704784352
775140	0.00669231338256	1.13074043556
777876	0.00669231338256	1.09519672301
780384	0.00669231338256	1.04145349585
782885	0.00669231338256	1.07819568156
785392	0.00739826880869	1.15484572086
787897	0.0058746580455	0.800238379277
790803	0.00615949781381	0.838667998556
793453	0.0058746580455	0.781872926746
796029	0.0058746580455	0.769690969028
798622	0.00470022779785	0.515374434181
801159	0.00470022779785	0.497118356405
804052	0.00486867406098	0.533192734001
806569	0.00251511997142	0.181538068457
809126	0.00357785030815	0.27327390248
811720	0.00357785030815	0.313830821775
814226	0.00251511997142	0.173361795256
816727	0.00251511997142	0.183641364099
819282	0.00251511997142	0.143743928755
821819	0.00251511997142	0.177753820084
824338	0.00251511997142	0.153663648758
826850	0.00251511997142	0.127887764014
829363	0.00193025164473	0.0701546089258
831936	0.00148925360258	0.0133652535733
834477	0.00135297771307	-0.017527207965
837077	0.00135297771307	-0.0246734078974
839593	0.0012687545815	-0.0291661284864
842116	0.00108802032908	-0.0422725675162
844841	0.00108802032908	-0.0543376032729
847771	0.00108802032908	-0.0635917012114
850320	0.00108802032908	-0.0625856446568
853218	0.00108802032908	-0.0619996841997
855727	0.00108802032908	-0.066081383964
858393	0.00108802032908	-0.0703117705416
860923	0.00104825556043	-0.09622007492
863591	0.00108802032908	-0.0698330122977
866099	0.00104825556043	-0.0883617261425
869560	0.00104825556043	-0.108211778337
872174	0.00104825556043	-0.118006977253
875261	0.00104825556043	-0.109418325825
877851	0.00104825556043	-0.109863033984
880431	0.00104825556043	-0.12257566792
884371	0.00104825556043	-0.152049281634
887548	0.00104825556043	-0.159640001832
890194	0.00104825556043	-0.160577593837
892791	0.00104825556043	-0.16298005823
895358	0.00104825556043	-0.158279839205
898175	0.00104825556043	-0.159526515054
900758	0.00104825556043	-0.180504334159
903742	0.00104825556043	-0.177486550761
906336	0.00104825556043	-0.190777295036
909091	0.00104825556043	-0.194875410292
911612	0.00104825556043	-0.275214451598
914154	0.00104825556043	-0.272409484955
916725	0.00104825556043	-0.233698241878
919265	0.00104825556043	-0.268496295437
922239	0.00104825556043	-0.271703872597
924795	0.00104825556043	-0.253152893158
927424	0.00104825556043	-0.273346530506
930018	0.00104825556043	-0.251813043607
932875	0.00104825556043	-0.251968862955
935402	0.00104825556043	-0.257725378033
938037	0.00104825556043	-0.230088138487
940694	0.00104825556043	-0.231615934987
943264	0.00104825556043	-0.229340443388
945786	0.00104825556043	-0.230655113934
948303	0.00104825556043	-0.232410115423
950899	0.00104825556043	-0.238243115135
953457	0.00104825556043	-0.183608092833
956029	0.00104825556043	-0.198635780718
958790	0.00104825556043	-0.213737562299
961447	0.00104825556043	-0.225156680215
964064	0.00104825556043	-0.240126360441
966776	0.00104825556043	-0.231392177753
969304	0.00104825556043	-0.222649453674
971922	0.00104825556043	-0.222538854927
974478	0.00104825556043	-0.224903682712
977017	0.00104825556043	-0.229425853118
981154	0.00104825556043	-0.160803987412
983655	0.00104825556043	-0.160325238248
986203	0.00104825556043	-0.228655355982
988765	0.00104825556043	-0.224171077833
991342	0.00104825556043	-0.235099898651
993857	0.00104825556043	-0.24850630085
997409	0.00104825556043	-0.263905816944
999946	0.00104825556043	-0.213422663044
1002447	0.00104825556043	-0.206065170933
1005102	0.00104825556043	-0.201964675449
1007628	0.00104825556043	-0.179920363473
1010133	0.00104825556043	-0.116213074187
1012815	0.00104825556043	-0.119363217847
1015342	0.00104825556043	-0.106877321843
1018161	0.00104825556043	-0.0946420191322
1020701	0.00108802032908	-0.0439395271242
1023310	0.00135297771307	-0.0327551625669
1026111	0.00191796365544	0.0680732307956
1028628	0.00191796365544	0.0709623526782
1031134	0.00135297771307	-0.00628520688042
1033663	0.00135297771307	-0.000631465110928
1036219	0.00135297771307	0.00138490577228
1038812	0.00135297771307	-0.0102363433689
1041352	0.00148925360258	0.0170986715239
1043968	0.00191796365544	0.0325389674399
1046634	0.00191796365544	0.048979998799
1049188	0.00135297771307	-0.00708659691736
1051700	0.00148925360258	0.0440356188919
1054207	0.00191796365544	0.0628572816495
1056770	0.00191796365544	0.0850314502604
1059363	0.00251511997142	0.198612886714
1062228	0.00290406525563	0.233869600343
1064732	0.00357785030815	0.253917497583
1068370	0.00357785030815	0.338985479204
1070881	0.00357785030815	0.345349607989
1073527	0.0044996111611	0.511362791993
1076032	0.0044996111611	0.509160861373
1078537	0.00393462521873	0.456221496221
1081098	0.00393462521873	0.430264965864
1083634	0.00477216294012	0.560322611593
1086390	0.00570621178237	0.780362546211
1088992	0.00570621178237	0.767036876176
1091525	0.0058746580455	0.805290231481
1094043	0.00500494995049	0.693777628476
1096597	0.00500494995049	0.713083352195
1099121	0.00522544897156	0.755817604018
1101693	0.00500494995049	0.7043883726
1104537	0.00477216294012	0.553212378407
1107055	0.00500494995049	0.67461004178
1109756	0.0058746580455	0.883825873723
1112441	0.0058746580455	0.991676694714
1114973	0.0058746580455	0.863975293934
1117649	0.00624372094537	1.00031482009
1120204	0.00643204959283	1.1121697065
1122921	0.0069970355352	1.29200877529
1125593	0.00765853259842	1.52933540451
1128182	0.00824809451938	1.69803693565
1130933	0.00920202574595	2.14106348902
1133779	0.0100319690723	2.57605365152
1136300	0.0103366912249	2.67721507465
1138916	0.0111344641777	3.26996700023
1141469	0.0111344641777	3.27387949172
1144010	0.0119199491411	3.78030905104
1146664	0.0121603305465	3.77479744004
1149297	0.0129060507413	4.16800587159
1152013	0.0128218276098	4.06970184948
1154531	0.0129060507413	4.21036892408
1157333	0.0139886634624	4.62879827223
1160094	0.0146501605256	5.49129949091
1162601	0.0146501605256	5.52078400087
1165105	0.0145536494047	5.45103917993
1167626	0.0145536494047	5.41822600272
1170235	0.0149747650626	5.58923656424
1172918	0.0159409842784	6.25638026185
1175578	0.0156362621258	5.85698797693
1178124	0.0159409842784	6.0714559285
1180659	0.0159409842784	6.21090349229
1183173	0.0159409842784	6.2512240822
1185731	0.0164737998472	6.58576621767
1188350	0.0159409842784	6.46987130097
1190873	0.0164737998472	6.51748030866
1193379	0.0164737998472	6.51151744509
1195887	0.0165182582101	6.5961289613
1198428	0.0165182582101	6.68267060095
1200983	0.0165182582101	6.72222225927
1203487	0.0156362621258	5.9502327058
1206024	0.0159409842784	6.03825670038
1208732	0.0159409842784	6.18956378708
1211457	0.0156362621258	5.88800894399
1213962	0.0156362621258	5.68008731445
1216553	0.0149747650626	5.4735595074
1219057	0.0143852031416	4.83952235081
1221611	0.0139886634624	4.49663521303
1224352	0.0133148784098	4.32166515873
1227053	0.0128218276098	4.03494906425
1229555	0.0143852031416	4.79880007915
1232184	0.0129060507413	4.22193845734
1235031	0.0133148784098	4.37666949956
1238121	0.0143852031416	4.73707169178
1240650	0.0135154950466	4.57617018209
1243265	0.0135154950466	4.57176081929
1245934	0.0135154950466	4.43660965352
1248493	0.0135154950466	4.40697493288
1251136	0.0135154950466	4.31246582023
1253666	0.0119199491411	3.53016726486
1256213	0.0111344641777	3.10799103114
1258727	0.0111344641777	3.15624241275
1261260	0.01169945012	3.52068738057
1263780	0.0119199491411	3.61199939251
1266308	0.0121603305465	3.8228070261
1268968	0.0121603305465	3.80516270618
1271489	0.010557190246	2.70518216304
1274127	0.0119199491411	3.78652723529
1276663	0.0119199491411	3.72006280767
1279230	0.0119199491411	3.87238728255
1281851	0.0128218276098	4.33983041951
1284398	0.0128218276098	4.32289617858
1287027	0.0176283477105	7.34751071874
1289548	0.0193402871211	8.35654226854
1292087	0.0193402871211	8.73091381369
1294629	0.0182056216422	8.07289373106
1297162	0.0173557959315	7.24497654056
1299784	0.0165182582101	6.91433224315
1302297	0.0170633617681	6.75662929309
1307278	0.0176283477105	7.04094732902
1310801	0.0176283477105	7.10301838862
1313384	0.0170510737788	6.59805217059
1315956	0.0173557959315	6.96278263954
1318472	0.0170510737788	6.78641468147
1321130	0.0170510737788	6.82830949407
1323664	0.0170510737788	6.76821347396
1326234	0.0159409842784	5.81371582695
1328829	0.0145536494047	5.29511600477
1331441	0.0149747650626	5.47809508024
1334078	0.0145536494047	5.34680179763
1336593	0.0143852031416	4.57309054979
1339346	0.0143852031416	4.88271471858
1341948	0.0143852031416	5.07770228595
1344450	0.0134956126623	4.52681886242
1347019	0.0133148784098	4.26933560101
1349528	0.0129060507413	4.18925967976
1352068	0.0128218276098	4.16304779798
1354677	0.0134956126623	4.49559061578
1357236	0.0134956126623	4.45280453702
1359771	0.0129060507413	4.17877938435
1362293	0.0129060507413	4.12149745575
1364794	0.0128218276098	3.96721967263
1367406	0.0143852031416	5.29401528696
1369908	0.0145536494047	5.42987381504
1372418	0.0145536494047	5.57406369806
1375119	0.0143852031416	5.45592721435
1377792	0.0143852031416	5.43408937892
1380308	0.0145536494047	5.47402102291
1383461	0.0156362621258	5.85906779813
1386059	0.0156362621258	5.84556662035
1388560	0.0176283477105	7.89557995647
1391174	0.0182056216422	8.12347485474
1394062	0.0176283477105	7.69074469572
1396661	0.0198532203056	9.68966876948
1399171	0.0198532203056	9.71101478441
1401728	0.0193402871211	9.45481292414
1404287	0.0193402871211	8.84444798157
1407954	0.0182056216422	8.15229448024
1410482	0.0182056216422	7.85956584453
1413303	0.0185425141684	8.32628432126
1415920	0.0182056216422	7.88442493021
1418468	0.0176283477105	7.73152574687
1421128	0.0170510737788	7.06436982052
1423678	0.0164737998472	6.67601485737
1426204	0.0165182582101	6.75469368394
1428719	0.0165182582101	6.88031851081
1431262	0.0170510737788	7.05545803485
1433781	0.0159409842784	6.22569065844
1436338	0.0156362621258	5.93726067943
1438844	0.0111344641777	2.93382814853
1441408	0.0111344641777	2.94235743978
1443999	0.0111344641777	2.93525360664
1446511	0.00984364042485	2.42862011609
1449099	0.0103366912249	2.56940581347
1451630	0.0103366912249	2.57644479536
1454223	0.0100319690723	2.52360457578
1456733	0.0103366912249	2.64548041578
1459359	0.0111344641777	3.08094660519
1461996	0.0117316204937	3.24333584821
1464722	0.0119521195147	3.5734115364
1467235	0.0129060507413	4.17314344202
1469775	0.0133148784098	4.19356563827
1472297	0.0134956126623	4.48353649653
1474806	0.0129060507413	4.21698349039
1477319	0.0134956126623	4.59839259367
1479852	0.0143852031416	5.15065231966
1482424	0.0143852031416	5.03056064039
1485228	0.0143852031416	5.04974863236
1487749	0.0143852031416	5.12714854837
1490533	0.0143852031416	5.29898507497
1493148	0.0143852031416	5.25560736563
1495667	0.0143852031416	4.9784652493
1498201	0.0143852031416	5.14477998228
1501100	0.0134956126623	4.89398461999
1503638	0.0117117381093	3.45177472662
1506230	0.010557190246	2.97661989136
1508740	0.010557190246	3.03555400949
1511270	0.0111344641777	3.22679413576
1513807	0.0111344641777	3.21544263256
1516310	0.010557190246	2.89205752593
1518835	0.00984364042485	2.49540164461
1521412	0.00984364042485	2.50728575676
1524415	0.00984364042485	2.52742150007
1526953	0.00984364042485	2.34681111411
1529470	0.00838437040889	1.89882985409
1532143	0.00984364042485	2.38313556067
1534678	0.00984364042485	2.39741290919
1537451	0.0100319690723	2.53695572005
1539953	0.00984364042485	2.44538942049
1542457	0.00984364042485	2.44476106204
1545048	0.0100319690723	2.58097703219
1547647	0.00984364042485	2.52071344364
1550867	0.0111344641777	3.02082793275
1553705	0.0111344641777	3.08191487077
1556592	0.0117117381093	3.29350542976
1559151	0.0111344641777	3.20175263751
1562104	0.0119521195147	3.574972898
1564690	0.0128218276098	3.92044234066
1568313	0.0124773406885	3.74597421312
1572184	0.0129060507413	4.05854486185
1574840	0.0129060507413	4.04623410595
1577352	0.0129060507413	4.06101240846
1579875	0.0134956126623	4.18615149776
1582391	0.0128218276098	3.86078483961
1585332	0.0124773406885	3.65407262766
1587996	0.0128218276098	3.6851565137
1590537	0.0128218276098	3.82408862351
1593108	0.010557190246	2.66929307696
1595729	0.010557190246	2.68278201134
1598375	0.0117117381093	3.07422050741
1600898	0.0117117381093	3.2910425486
1603558	0.0119521195147	3.36836629268
1606153	0.0117117381093	3.24155612476
1608690	0.0117117381093	3.18999337009
1615017	0.0117117381093	3.19250992313
1618963	0.0117117381093	3.10137246153
1621469	0.0103366912249	2.52734739659
1624023	0.0103366912249	2.5412355857
1626533	0.010557190246	2.59496490099
1629040	0.00984364042485	2.14934484265
1631559	0.00984364042485	2.12014195067
1634065	0.0103366912249	2.47311620507
1636597	0.00864463419862	1.78974190564
1639104	0.0103366912249	2.57484161737
1641662	0.0100319690723	2.45047236513
1644434	0.0100319690723	2.45860585058
1647298	0.0100319690723	2.51425858634
1649869	0.0117117381093	3.30575063638
1652416	0.010557190246	2.69806359895
1654950	0.0119521195147	3.4534923376
1657457	0.0117316204937	3.20120491483
1660093	0.0134956126623	4.18129229546
1662601	0.0103366912249	2.42882409971
1665136	0.0119521195147	3.37960032024
1667663	0.0119521195147	3.25434169616
1670165	0.0117117381093	3.09381625731
1672712	0.0121603305465	3.43313234672
1675335	0.0119521195147	3.33050301159
1677853	0.0121603305465	3.37168499152
1680540	0.0121603305465	3.36749580083
1683043	0.0117316204937	3.09403594979
1685580	0.0117117381093	2.98958952166
1688108	0.0111344641777	2.7298689438
1690631	0.0111344641777	2.78074137983
1693141	0.0117316204937	3.22475311789
1695647	0.01169945012	3.05270528723
1698189	0.0117316204937	3.16345009231
1700707	0.0117316204937	3.08650424751
1703279	0.0117117381093	3.40105734812
1705786	0.00865692218791	1.88832465676
1708289	0.00865692218791	1.97974864766
1710830	0.00709354665606	1.22858206509
1713339	0.00709354665606	1.16584251565
1715870	0.00709354665606	1.25633542752
1718375	0.00709354665606	1.25322436471
1720877	0.00765853259842	1.31515610707
1723427	0.00824809451938	1.43147199694
1725939	0.00824809451938	1.42971064546
1728550	0.00769070297204	1.3831296186
1731054	0.00824809451938	1.48921767552
1733563	0.00709354665606	1.21434640163
1736350	0.0058746580455	0.849107459653
1739292	0.00624372094537	0.869969620835
1742214	0.00624372094537	0.870921873255
1745054	0.0058746580455	0.780301042134
1747606	0.0058746580455	0.779049684526
1750350	0.0058746580455	0.757575283758
1753438	0.0058746580455	0.741286365548
1756416	0.0058746580455	0.739500357071
1759220	0.00624372094537	0.911232349928
1762250	0.00643204959283	0.950053559616
1764813	0.0058746580455	0.833944759332
1767335	0.00765853259842	1.51592176291
1772135	0.00765853259842	1.44598023035
1774953	0.00709354665606	1.35811321111
1777517	0.00896164434055	2.01552292984
1780372	0.0111344641777	3.03037286061
1783108	0.0111344641777	3.08312573005
1785626	0.0119199491411	3.57806927897
1788458	0.0121603305465	3.78290634137
1791452	0.0124773406885	3.84645745181
1794308	0.0124773406885	3.82546699746
1797908	0.0111344641777	2.91175675089
1802116	0.01169945012	3.06299007987
1805078	0.0117316204937	3.20512478775
1808915	0.0119199491411	3.33046280919
1811546	0.0119199491411	3.33757175459
1816480	0.0117316204937	3.21761525935
1819429	0.0128218276098	3.7596692564
1823286	0.0119199491411	3.42684756382
1826388	0.0128218276098	3.87020302331
1829439	0.0129060507413	3.99257772509
1832074	0.0129060507413	4.04043716053
1834806	0.0134956126623	4.22168317437
1837313	0.0128218276098	3.86478343676
1839830	0.0128218276098	3.87050041812
1842428	0.0134956126623	4.14390128152
1845044	0.0134956126623	4.15696421335
1847576	0.0134956126623	4.13519006898
1850152	0.0139886634624	4.32442311803
1852707	0.0139886634624	4.30783184525
1855223	0.0139886634624	4.36005896819
1857750	0.0134956126623	4.19329280593
1860257	0.0145536494047	5.05591738736
1862977	0.0143852031416	4.97945937421
1865840	0.0159409842784	5.72012847662
1868541	0.0159409842784	5.5481287071
1871537	0.0157204852573	5.26992113818
1874356	0.0159409842784	5.32810381614
1876880	0.01169945012	3.05969144707
1879520	0.01169945012	2.9990377042
1882158	0.0111344641777	2.89939122321
1884826	0.01169945012	3.05664656009
1887432	0.0117316204937	3.17912323656
1890008	0.0119199491411	3.26977116638
1892554	0.0121603305465	3.3909105733
1895076	0.0121603305465	3.41265472537
1897669	0.0128218276098	3.49735288252
1900339	0.010557190246	2.48688380327
1902875	0.010557190246	2.46647164947
1905386	0.00896164434055	1.8578448405
1907915	0.00824809451938	1.53846700815
1910474	0.00962314140377	1.93161262199
1913098	0.00865692218791	1.86649789475
1915608	0.00962314140377	1.8007507904
1924757	0.00865692218791	1.64261115412
1928838	0.00962314140377	1.78311002557
1931446	0.00984364042485	1.97343515418
1934393	0.00984364042485	2.0915846501
1936922	0.0100319690723	2.19906441402
1939616	0.00864463419862	1.73617805145
1942574	0.00824809451938	1.55566691188
1945244	0.00824809451938	1.53363865777
1947782	0.00765853259842	1.43393092789
1950508	0.00709354665606	1.19234067178
1953162	0.00765853259842	1.35632019816
1955751	0.00765853259842	1.31550958357
1958525	0.00864463419862	1.66307563358
1961067	0.00864463419862	1.64169716556
1963617	0.00838437040889	1.57050646469
1966370	0.00838437040889	1.54861478484
1969016	0.00838437040889	1.58475089842
1971632	0.00864463419862	1.6922902849
1975413	0.00865692218791	1.71628732095
1977924	0.00962314140377	1.90061081643
1980427	0.00962314140377	1.93584144511
1982975	0.00984364042485	1.95620495919
1985496	0.00984364042485	1.9412783857
1988031	0.010557190246	2.23966134014
1990555	0.0103366912249	2.16755416407
1993231	0.0111344641777	2.33421390527
1995771	0.0111344641777	2.37113770167
1998391	0.0111344641777	2.38496355247
2000999	0.0111344641777	2.29975941079
2003588	0.0111344641777	2.36753356922
2006105	0.0111344641777	2.3238132433
2008612	0.00984364042485	1.69542695303
2011154	0.010557190246	1.97275197087
2013657	0.0111344641777	2.0736765638
2016173	0.0111344641777	2.12278785091
2018701	0.00864463419862	1.5428814597
2021210	0.0069970355352	0.98532260349
2023776	0.00908563224077	1.36296405504
2026304	0.00908563224077	1.36627561878
2028834	0.00984364042485	1.49810159486
2031337	0.00908563224077	1.34584687697
2033843	0.00984364042485	1.44552274607
2036345	0.00961085341448	1.43034953251
2038855	0.00864463419862	1.21978062019
2041362	0.0069970355352	0.77069710358
2043905	0.00624372094537	0.601404774934
2046528	0.00624372094537	0.633406763896
2049049	0.00643204959283	0.672387839295
2051614	0.00762636222481	0.916155635146
2054117	0.0074900863353	0.830043775029
2056722	0.0058746580455	0.571908260928
2059233	0.00477216294012	0.347219052259
2061777	0.00357785030815	0.233644696185
2064458	0.00251511997142	0.128042652272
2067028	0.00104825556043	-0.0498409224674
2069580	0.00104825556043	-0.0703979490791
2072145	0.00191796365544	0.057987410808
2074723	0.00228702655531	0.0751797514968
2077531	0.00251511997142	0.10853117425
2080101	0.00393462521873	0.267242908478
2082753	0.00357785030815	0.165529518621
2085478	0.00357785030815	0.197061439743
2087987	0.00366966783475	0.225562018575
2090597	0.00393462521873	0.232419823064
2093101	0.00393462521873	0.241634205449
2095615	0.00670460137185	0.573745141039
2098185	0.00604310430863	0.350301479455
2210585	0.00984364042485	0.203741425183
2213095	0.00366966783475	0.113908403087
2215669	0.00103596757114	-0.0118465533014
2218300	0.00103596757114	-0.105867127189
2220833	0.00170975262365	0.0313096661121
2223446	0.00508917308205	0.396053746808
2226188	0.00508917308205	0.336889300495
2228690	0.00366966783475	0.187162175309
2231386	0.00385040208717	0.230464622844
2233905	0.00193025164473	0.0512395096011
2236515	0.00193025164473	0.0652329104487
2239041	0.00193025164473	0.0610594912432
2242061	0.00104825556043	0.0096547708381
2244563	0.00104825556043	0.00623159250244
2247157	0.00148925360258	0.030324471416
2249715	0.00104825556043	0.00402442249469
2252310	0.00106813794476	0.0116228130646
2254947	0.00103596757114	0.00886721489951
2257452	0.00103596757114	-0.00446469173767
2260033	0.00103596757114	-0.00284671690315
2262612	0.00103596757114	-0.00555788376369
2265466	0.00103596757114	-0.0306716330815
2268837	0.00170975262365	0.0459399807733
2271370	0.00103596757114	-0.0386451478116
2274058	0.00103596757114	-0.000672134570777
2276595	0.00193025164473	0.0452139147092
2279176	0.00154130636052	0.0249991784804
2281692	0.00103596757114	-0.00673097581603
2284266	0.00103596757114	-0.00196371064521
2287215	0.00170975262365	0.0361663622316
2289973	0.00154130636052	0.0281196532305
2293251	0.00120441383427	0.0171606112272
2295834	0.00103596757114	-0.00398978381418
2298566	0.00103596757114	-0.00177702517249
2302895	0.00103596757114	-0.00962151121348
2305512	0.00103596757114	-0.0220620362088
2308027	0.00103596757114	-0.0435989359394
2310733	0.00103596757114	-0.0443046337459
2314151	0.00103596757114	-0.068779544672
2316669	0.00103596757114	-0.0698999552988
2319287	0.00103596757114	-0.0826988774352
2322141	0.00103596757114	-0.0743124110159
2324773	0.00103596757114	-0.0754140790086
2327503	0.00103596757114	-0.071148567833
2330382	0.00103596757114	-0.0673954216763
2333381	0.00103596757114	-0.0433130702004
2336910	0.00103596757114	-0.0341363106854
2341109	0.00115236107632	0.0106951794587
2344025	0.00300057637649	0.087178962538
2346674	0.00540148962973	0.34045779123
2349230	0.0056219886508	0.521546233213
2352002	0.00573838215599	0.586412171833
2354560	0.00309239390309	0.161028749542
2357372	0.00309239390309	0.126290199347
2360228	0.00309239390309	0.135377366096
2362761	0.00158107112918	0.0488567932043
2365445	0.00203435716062	0.0807600086555
2368077	0.00158107112918	0.051689614309
2370585	0.00158107112918	0.0244992733933
2373160	0.00103596757114	-0.0516759622842
2375709	0.00103596757114	-0.079363190569
2378297	0.00103596757114	-0.105697527528
2380964	0.00103596757114	-0.103030729108
2383516	0.00103596757114	-0.0891440275591
2386020	0.00103596757114	-0.0667296922766
2388648	0.00103596757114	-0.0694157001562
2391155	0.00103596757114	-0.0808206163347
2394212	0.00110030831837	-0.0468584294431
2399550	0.00115236107632	-0.0348522481509
2402072	0.00115236107632	-0.0467829315457
2404595	0.00103596757114	-0.0699480124749
2407340	0.00103596757114	-0.0838764689397
2409874	0.00115236107632	-0.056775372941
2412420	0.00115236107632	-0.0241954491939
2415070	0.00115236107632	-0.0380466342904
2417801	0.00115236107632	-0.0325316523667
2420386	0.00115236107632	-0.0340324002318
2423119	0.00115236107632	-0.0461599365808
2425796	0.00115236107632	-0.0530458267312
2428980	0.00115236107632	-0.0329377120361
2431506	0.00115236107632	-0.0279712169431
2434078	0.00115236107632	-0.00199375976808
2436660	0.00115236107632	-0.0106662786566
2439165	0.00158107112918	0.03154036263
2442142	0.00331289292416	0.209318045061
2444660	0.00309239390309	0.156655387022
2447620	0.00115236107632	-0.00320877810009
2450192	0.00115236107632	-0.0776800394524
2452850	0.00115236107632	-0.129668675596
2461385	0.00103596757114	-0.152837581467
2466260	0.00103596757114	-0.224573291605
2473605	0.00103596757114	-0.302022744203
2476123	0.00103596757114	-0.358797259629
2478699	0.00103596757114	-0.360095019452
2481279	0.00103596757114	-0.376418445027
2484125	0.00103596757114	-0.346912274137
2486735	0.00103596757114	-0.330126282526
2489275	0.00103596757114	-0.387608836871
2491780	0.00103596757114	-0.397566498024
2494329	0.00103596757114	-0.409985412611
2496874	0.00103596757114	-0.445576261962
2499419	0.00103596757114	-0.461115587037
2501978	0.00103596757114	-0.535846579121
2504527	0.00103596757114	-0.554052027175
2507121	0.00103596757114	-0.593373346142
2509639	0.00103596757114	-0.588771444978
2512231	0.00103596757114	-0.600805650465
2514732	0.00103596757114	-0.639753700932
2517261	0.00103596757114	-0.521609772462
2519871	0.00103596757114	-0.484769326169
2522373	0.00103596757114	-0.48398225545
2524954	0.00103596757114	-0.417542990297
2528858	0.00103596757114	-0.382730410667
2531429	0.00103596757114	-0.369954932015
2533943	0.00103596757114	-0.244481931441
2536510	0.00103596757114	-0.31777828536
2539506	0.00103596757114	-0.322156486567
2542186	0.00103596757114	-0.31308886176
2545020	0.00103596757114	-0.316230745753
2547668	0.00103596757114	-0.284013293916
2550272	0.00103596757114	-0.252463076496
2552807	0.00103596757114	-0.249143302906
2555476	0.00103596757114	-0.238893987844
2558854	0.00103596757114	-0.274725688621
2561708	0.00103596757114	-0.347596273292
2564546	0.00103596757114	-0.496125937905
2567134	0.00103596757114	-0.495902081253
2569646	0.00103596757114	-0.484775438905
2572150	0.00103596757114	-0.464452385437
2575147	0.00103596757114	-0.406773228431
2580229	0.00103596757114	-0.255453203572
2582764	0.00103596757114	-0.226557070855
2585454	0.00103596757114	-0.225693057757
2588436	0.00103596757114	-0.207164141582
2590977	0.00103596757114	-0.202730013523
2593607	0.00103596757114	-0.19212003611
2596166	0.00103596757114	-0.204864084721
2598690	0.00115236107632	-0.167024250375
2601205	0.00158107112918	-0.00642865081318
2603766	0.00115236107632	-0.0823002269026
2606494	0.00115236107632	-0.114694574615
2609158	0.00115236107632	-0.097078030929
2611716	0.00115236107632	-0.077226502588
2614623	0.00115236107632	-0.0576335331425
2617196	0.00115236107632	-0.0486433478072
2619926	0.00115236107632	-0.0492084682919
2622443	0.00115236107632	-0.0583398141898
2625053	0.00115236107632	-0.0557339952793
2627748	0.00115236107632	-0.0632169216406
2630492	0.00115236107632	-0.035858430434
2633086	0.00158107112918	-0.0129760699347
2635612	0.00158107112918	0.0319162821397
2639014	0.00158107112918	0.0198331724387
2641584	0.00158107112918	0.0462900013663
2644094	0.00158107112918	0.0315802083351
2646868	0.00309239390309	0.173050128389
2649615	0.00309239390309	0.13534569717
2652132	0.00309239390309	0.176342113875
2654699	0.00309239390309	0.158522838727
2657216	0.00331289292416	0.247942023445
2659811	0.00309239390309	0.156226686435
2662491	0.00309239390309	0.113091025501
2665489	0.00158107112918	0.0424428766128
2668013	0.00158107112918	0.00661459309049
2670563	0.00158107112918	-0.0107777577359
2673315	0.00115236107632	-0.0610690626781
2675881	0.00115236107632	-0.209369830089
2678392	0.00103596757114	-0.226623842726
2681071	0.00103596757114	-0.243835508358
2684231	0.00103596757114	-0.286455024499
2686992	0.00103596757114	-0.303288250463
2689733	0.00103596757114	-0.365789605072
2692238	0.00103596757114	-0.391023253789
2695105	0.00103596757114	-0.426650214242
2697777	0.00103596757114	-0.46319863759
2701831	0.00103596757114	-0.488085548626
2704434	0.00103596757114	-0.493511112174
2707033	0.00103596757114	-0.541077346308
2709922	0.00103596757114	-0.544039334171
2712459	0.00103596757114	-0.521710455185
2715063	0.00103596757114	-0.522731378675
2717566	0.00103596757114	-0.530134490691
2720089	0.00103596757114	-0.602744311793
2722665	0.00103596757114	-0.595699627651
2725177	0.00103596757114	-0.57425612933
2727949	0.00103596757114	-0.576248098165
2730607	0.00103596757114	-0.583745989483
2733152	0.00103596757114	-0.587809860008
2735860	0.00103596757114	-0.603602902498
2738555	0.00103596757114	-0.609530815156
2741091	0.00103596757114	-0.56814696826
2743632	0.00103596757114	-0.550456663594
2746191	0.00103596757114	-0.556080303155
2749300	0.00103596757114	-0.565993146272
2752094	0.00103596757114	-0.569561524549
2754648	0.00103596757114	-0.572827271186
2757173	0.00103596757114	-0.564575712197
2759765	0.00103596757114	-0.526426630095
2762764	0.00103596757114	-0.468557489803
2765275	0.00103596757114	-0.436601041816
2767825	0.00103596757114	-0.389337054687
2770537	0.00103596757114	-0.362804689445
2773698	0.00103596757114	-0.37935627671
2776437	0.00103596757114	-0.369713881752
2779009	0.00103596757114	-0.37776386505
2781536	0.00103596757114	-0.364571644925
2784128	0.00103596757114	-0.345402558334
2786751	0.00103596757114	-0.336664669681
2789603	0.00103596757114	-0.34119967185
2792217	0.00103596757114	-0.318021395011
2794752	0.00103596757114	-0.317992751021
2797305	0.00103596757114	-0.332279849099
2799826	0.00103596757114	-0.279951614561
2802733	0.00103596757114	-0.31757141999
2805458	0.00103596757114	-0.303253305377
2807960	0.00115236107632	-0.206886435626
2810469	0.00115236107632	-0.22059843922
2813181	0.00115236107632	-0.186757879565
2815782	0.00115236107632	-0.158166773384
2818399	0.00115236107632	-0.140872926451
2820938	0.00115236107632	-0.150047833333
2823519	0.00115236107632	-0.166315234965
2826054	0.00115236107632	-0.18613403081
2828701	0.00115236107632	-0.239269033074
2831299	0.00103596757114	-0.264853967587
2833979	0.00103596757114	-0.269215540728
2837133	0.00103596757114	-0.311978537124
2840140	0.00103596757114	-0.396990795154
2842772	0.00103596757114	-0.436601964524
2845325	0.00103596757114	-0.463046194986
2847875	0.00103596757114	-0.46967591811
2850381	0.00103596757114	-0.466866335832
2853012	0.00103596757114	-0.511087604798
2855732	0.00103596757114	-0.517961906735
2858240	0.00103596757114	-0.549543221947
2860758	0.00103596757114	-0.597708761925
2863338	0.00103596757114	-0.628139294218
2865902	0.00103596757114	-0.622409889009
2868585	0.00103596757114	-0.679996275809
2872238	0.00103596757114	-0.602856621845
2874841	0.00103596757114	-0.570241162321
2877637	0.00103596757114	-0.552777103381
2880186	0.00103596757114	-0.539539490128
2882818	0.00103596757114	-0.566407770617
2885459	0.00103596757114	-0.570713799447
2887966	0.00103596757114	-0.587093724171
2890529	0.00103596757114	-0.595006179065
2893200	0.00103596757114	-0.591633920558
2895738	0.00103596757114	-0.591247665929
2898290	0.00103596757114	-0.587351233698
2900960	0.00103596757114	-0.583362085279
2903581	0.00103596757114	-0.578271044884
2906089	0.00103596757114	-0.511253534351
2908879	0.00103596757114	-0.421216957038
2911382	0.00103596757114	-0.409236787586
2914345	0.00103596757114	-0.349406193942
2916886	0.00103596757114	-0.214243497932
2919404	0.00103596757114	-0.200983075425
2922212	0.00103596757114	-0.194581841119
2924727	0.00103596757114	-0.197003036272
2927383	0.00103596757114	-0.193949013948
2930427	0.00110030831837	-0.170217405539
2933263	0.00110030831837	-0.151355273556
2935779	0.00110030831837	-0.102410231717
2938408	0.00110030831837	-0.0853108400479
2941255	0.00110030831837	-0.0827508887742
2943799	0.00110030831837	-0.0744743188843
2946338	0.00110030831837	-0.0777261662297
2948963	0.00115236107632	-0.025263274787
2951713	0.00158107112918	0.0100221973844
2954239	0.00158107112918	0.0211742955726
2957012	0.00158107112918	0.0169173474424
2959545	0.00158107112918	0.0119896340184
2962113	0.00158107112918	0.00919985352084
2964633	0.00158107112918	0.023414650932
2967227	0.00158107112918	0.0546351880766
2969910	0.00158107112918	0.0873659630306
2972781	0.00170975262365	0.109915059526
2975297	0.00309239390309	0.181898375042
2977925	0.00309239390309	0.202376694186
2980532	0.00441538802954	0.39571870584
2983230	0.00309239390309	0.183571027825
2985905	0.00307251151876	0.112602841808
2988409	0.00158107112918	0.0864272243343
2991035	0.00158107112918	0.071214745054
2993927	0.00158107112918	0.0300664636306
2996558	0.00158107112918	0.0240784783382
2999100	0.00158107112918	0.0416896012612
3001646	0.00158107112918	0.0734641002491
3004158	0.00158107112918	0.0811639658641
3006699	0.00158107112918	0.0716321947984
3009442	0.00158107112918	0.0194585639983
3012126	0.00118453144994	-0.0464377743192
3014859	0.00118453144994	-0.0258644518908
3017424	0.00158107112918	-0.0204522302374
3019993	0.00118453144994	-0.0729877236299
3022535	0.00118453144994	-0.0432755446527
3025779	0.00118453144994	-0.0497466493398
3028286	0.00118453144994	-0.0479991212487
3030796	0.00158107112918	-0.0391933950596
3033466	0.00158107112918	-0.0293011369649
3036091	0.00158107112918	-0.01850195718
3038963	0.00309239390309	0.186993931886
3041485	0.00331289292416	0.237487405771
3044095	0.00331289292416	0.250146416482
3046641	0.00441538802954	0.303029427305
3049243	0.00331289292416	0.25970165222
3052056	0.00309239390309	0.25310711679
3054574	0.00653615510872	0.717985725729
3057173	0.0062636033297	0.686159342062
3059692	0.0062636033297	0.596979227848
3062200	0.00309239390309	0.208083491074
3064704	0.00158107112918	0.088989169104
3067450	0.00158107112918	0.0428690859117
3070172	0.00158107112918	0.0214179828763
3073100	0.00158107112918	-0.0176732810214
3075852	0.00158107112918	-0.00783890369348
3079060	0.00158107112918	0.0516695524566
3081611	0.00158107112918	-0.0209712283686
3084247	0.00110030831837	-0.141918121371
3086776	0.00110030831837	-0.174627930857
3089514	0.00103596757114	-0.356614513788
3092210	0.00103596757114	-0.376847274601
3094783	0.00103596757114	-0.454652544344
3097351	0.00103596757114	-0.464851216879
3100233	0.00103596757114	-0.490647546714
3102754	0.00103596757114	-0.50480351178
3105269	0.00103596757114	-0.533954725601
3108784	0.00103596757114	-0.540951713687
3111453	0.00103596757114	-0.533901029965
3114092	0.00103596757114	-0.525081603788
3117280	0.00103596757114	-0.455904248636
3120042	0.00103596757114	-0.43228028575
3123001	0.00103596757114	-0.416199804051
3125867	0.00103596757114	-0.423593950924
3128465	0.00103596757114	-0.42613899149
3131095	0.00103596757114	-0.311180501943
3133675	0.00103596757114	-0.360242921161
3136304	0.00103596757114	-0.354322514264
3138863	0.00103596757114	-0.473256038036
3141558	0.00103596757114	-0.422881221864
3144218	0.00103596757114	-0.413234312786
3147110	0.00103596757114	-0.385211442597
3149648	0.00103596757114	-0.395477847662
3152320	0.00103596757114	-0.399239874911
3155054	0.00103596757114	-0.381535256281
3157813	0.00103596757114	-0.380616504233
3160695	0.00103596757114	-0.386356428731
3163281	0.00103596757114	-0.419059806969
3165890	0.00103596757114	-0.470695034135
3169125	0.00103596757114	-0.47216105368
3171900	0.00103596757114	-0.487823012285
3174469	0.00103596757114	-0.493407238275
3177454	0.00103596757114	-0.569590880536
3180359	0.00103596757114	-0.624210765585
3182980	0.00103596757114	-0.634109662846
3185485	0.00103596757114	-0.664605753496
3188047	0.00103596757114	-0.687316669151
3190695	0.00103596757114	-0.709140988998
3193261	0.00103596757114	-0.749375503743
3195765	0.00103596757114	-0.761320738355
3198675	0.00103596757114	-0.776860970072
3201247	0.00103596757114	-0.78959443653
3203846	0.00103596757114	-0.795426988509
3206389	0.00103596757114	-0.788116664393
3208995	0.00103596757114	-0.706690497696
3211694	0.00103596757114	-0.731728193583
3214351	0.00103596757114	-0.729131498374
3217997	0.00103596757114	-0.723553342279
3220508	0.00103596757114	-0.750401110156
3223075	0.00103596757114	-0.76438357099
3226033	0.00103596757114	-0.77831716137
3228579	0.00103596757114	-0.738688215613
3231097	0.00103596757114	-0.706449343823
3233712	0.00103596757114	-0.609481829219
3236231	0.00103596757114	-0.591738077812
3238859	0.00103596757114	-0.568626496708
3241728	0.00103596757114	-0.503140132641
3244277	0.00103596757114	-0.538466225145
3246925	0.00103596757114	-0.541442741873
3249521	0.00103596757114	-0.531812534202
3252290	0.00103596757114	-0.539167822804
3254888	0.00103596757114	-0.53857035609
3257585	0.00103596757114	-0.516976268264
3260280	0.00103596757114	-0.500847748248
3262797	0.00103596757114	-0.500099580735
3265353	0.00103596757114	-0.525267628953
3267890	0.00103596757114	-0.485975648277
3270637	0.00103596757114	-0.465302434517
3273212	0.00103596757114	-0.498341847444
3275872	0.00103596757114	-0.513981523691
3278393	0.00103596757114	-0.531904568896
3281499	0.00103596757114	-0.522747023031
3284006	0.00103596757114	-0.532632306684
3287190	0.00103596757114	-0.571329982486
3289698	0.00103596757114	-0.582390371244
3292208	0.00103596757114	-0.610344402026
3294719	0.00103596757114	-0.651378958486
3297248	0.00103596757114	-0.638644753955
3299776	0.00103596757114	-0.659638735466
3302460	0.00103596757114	-0.671786694555
3304983	0.00103596757114	-0.696897475282
3308092	0.00103596757114	-0.677664057352
3310626	0.00103596757114	-0.701941724401
3313412	0.00103596757114	-0.706086670049
3315969	0.00103596757114	-0.690490969457
3318476	0.00103596757114	-0.692022377159
3321052	0.00103596757114	-0.702424282208
3323560	0.00103596757114	-0.702441443922
3326081	0.00103596757114	-0.693370791152
3328761	0.00103596757114	-0.641547508305
3331361	0.00103596757114	-0.652213267051
3333878	0.00103596757114	-0.498555011814
3336403	0.00103596757114	-0.466502916068
3338990	0.00103596757114	-0.503362988587
3341573	0.00103596757114	-0.488871336915
3344199	0.00103596757114	-0.488559636055
3346901	0.00103596757114	-0.488052180503
3349418	0.00103596757114	-0.472737096716
3351935	0.00103596757114	-0.483303120825
3354595	0.00103596757114	-0.49530423875
3357916	0.00103596757114	-0.510980791412
3360483	0.00103596757114	-0.562143261079
3363708	0.00103596757114	-0.574860427296
3366809	0.00103596757114	-0.562369720545
3369365	0.00103596757114	-0.572213098872
3372131	0.00103596757114	-0.596982272575
3374639	0.00103596757114	-0.537402868271
3377241	0.00103596757114	-0.562802987406
3379814	0.00103596757114	-0.538896199549
3383106	0.00103596757114	-0.52443364216
3386012	0.00103596757114	-0.502933582291
3388518	0.00103596757114	-0.448728508316
3391062	0.00103596757114	-0.402276773937
3393596	0.00103596757114	-0.348311742302
3396522	0.00115236107632	-0.311308121076
3399044	0.00115236107632	-0.284177911002
3401902	0.00115236107632	-0.27029036195
3404461	0.00115236107632	-0.287434500642
3407059	0.00103596757114	-0.365128335077
3409873	0.00103596757114	-0.384180207737
3412464	0.00103596757114	-0.428701443132
3420352	0.00103596757114	-0.405574034434
3422863	0.00103596757114	-0.452105175937
3425405	0.00103596757114	-0.491038528271
3428134	0.00103596757114	-0.496421686839
3430661	0.00103596757114	-0.502637257334
3433367	0.00103596757114	-0.505283502629
3436109	0.00103596757114	-0.49806403066
3438647	0.00103596757114	-0.499069276033
3441219	0.00103596757114	-0.536961707054
3443817	0.00103596757114	-0.529096124927
3446527	0.00103596757114	-0.51986746164
3449428	0.00103596757114	-0.511315382319
3451936	0.00103596757114	-0.495662192116
3454542	0.00103596757114	-0.491584937321
3459492	0.00103596757114	-0.443319777027
3462356	0.00103596757114	-0.449571742676
3464874	0.00103596757114	-0.230317120906
3467425	0.00103596757114	-0.441188259516
3470073	0.00103596757114	-0.403593147174
3472889	0.00103596757114	-0.39430924179
3477814	0.00103596757114	-0.433768627699
3480396	0.00103596757114	-0.44650730188
3483302	0.00103596757114	-0.45514638559
3485877	0.00103596757114	-0.391255424358
3488533	0.00103596757114	-0.343661251012
3492350	0.00103596757114	-0.297165363561
3494876	0.00103596757114	-0.275037999265
3497926	0.00103596757114	-0.251268094173
3505365	0.00103596757114	-0.211648446973
3507872	0.00103596757114	-0.169679627288
3510599	0.00103596757114	-0.152512503788
3513866	0.00115236107632	-0.136073729023
3516453	0.00115236107632	-0.107337560272
3519478	0.00115236107632	-0.0764308087528
3522644	0.00115236107632	-0.0705347117037
3525970	0.00115236107632	-0.0344567035791
3528520	0.00115236107632	-0.0277813936118
3531519	0.00115236107632	0.000758286099881
3534368	0.00158107112918	0.0436262388248
3536987	0.00115236107632	-0.00423680292442
3539642	0.00115236107632	-0.00232874322683
3542143	0.00115236107632	-0.0463000673335
3544706	0.00115236107632	-0.0477958826814
3547605	0.00115236107632	-0.0320439292118
3550786	0.00115236107632	-0.039558063494
3553309	0.00115236107632	-0.0455390205607
3556010	0.00115236107632	-0.0558504876681
3558520	0.00115236107632	-0.024746495299
3561368	0.00103596757114	-0.0757504990324
3563964	0.00103596757114	-0.113640073454
3566965	0.00103596757114	-0.107741177082
3569622	0.00115236107632	-0.00626691873185
3572480	0.00115236107632	-0.00208425661549
3575075	0.00158107112918	0.00747437868267
3577730	0.00158107112918	0.0118560635019
3580402	0.00158107112918	0.0265960725956
3584518	0.00158107112918	0.0366820897907
3587368	0.00331289292416	0.179478788283
3589959	0.00349362717658	0.188944699243
3592598	0.00353339194524	0.193461800693
3595115	0.00331289292416	0.164966020035
3597726	0.00241101445553	0.103001555894
3600299	0.00158107112918	0.045775123639
3603594	0.00158107112918	0.0507158236578
3606111	0.00104825556043	-0.0177496767137
3608664	0.00132080733945	0.00682158209383
3611280	0.00132080733945	0.0112945951987
3613805	0.00241101445553	0.107947570505
3616371	0.00366966783475	0.231571164913
3618945	0.00433116489797	0.300759174395
3621647	0.00441538802954	0.326728531159
3624753	0.00582260528755	0.500658248318
3627273	0.0062636033297	0.657381364144
3629858	0.00726958731422	0.789268109016
3632522	0.00726958731422	0.824667027919
3635239	0.00753454469821	0.961085840361
3637752	0.00984364042485	1.58332150267
3640261	0.00753454469821	0.911283238558
3642819	0.0062636033297	0.628239088226
3645337	0.00653615510872	0.691253643017
3647866	0.00653615510872	0.711308850441
3650371	0.00653615510872	0.672715960303
3652970	0.00584248767188	0.597960922169
3655520	0.0062636033297	0.654274072032
3658068	0.00838437040889	1.05456905905
3660681	0.00864463419862	1.15353087452
3663230	0.00762636222481	0.966827879194
3665978	0.00864463419862	1.27973393351
3668603	0.00984364042485	1.62821072247
3671251	0.0102004153354	1.71454785089
3673958	0.00984364042485	1.48766753962
3677965	0.00864463419862	1.2780575701
3680501	0.00864463419862	1.1339196777
3683055	0.00838437040889	1.10590963461
3685578	0.0109139651566	1.75059442222
3688128	0.0109139651566	1.76120083872
3690803	0.0105770726303	1.61702685221
3693890	0.0105770726303	1.61684355745
3696422	0.00984364042485	1.5271551942
3698946	0.00945469514064	1.30094719073
3701519	0.00984364042485	1.45563131897
3704156	0.00864463419862	1.33024870604
3706860	0.00643204959283	0.627519333269
3709976	0.00582260528755	0.477443475276
3712544	0.00582260528755	0.44485430792
3715231	0.00643204959283	0.514468006324
3718055	0.00702920590882	0.574738097377
3721394	0.00702920590882	0.605996380094
3724076	0.00702920590882	0.599980158731
3727347	0.00777492610361	0.777398362523
3730654	0.00838437040889	0.967080549803
3733162	0.00818375377214	0.927323261276
3735881	0.00643204959283	0.638231291668
3739318	0.00984364042485	1.58851959929
3741953	0.0103366912249	1.70856979606
3744542	0.010557190246	1.78146124538
3747346	0.010557190246	1.97666842188
3750235	0.00864463419862	1.37733563874
3753269	0.00984364042485	1.65303694131
3755798	0.00984364042485	1.6200928248
3758477	0.0094026423827	1.44149076822
3760986	0.00864463419862	1.26882148674
3763797	0.00864463419862	1.62325822795
3766442	0.00864463419862	1.3756625196
3770056	0.00769070297204	1.12448169547
3772786	0.00864463419862	1.3326141932
3775470	0.00868909256153	1.47019951092
3778574	0.00868909256153	1.36027647112
3781207	0.0119398315255	2.6980894974
3783767	0.0103366912249	1.96123063052
3786429	0.00961085341448	1.70996786794
3788937	0.00920202574595	1.6066829788
3791696	0.00806736026696	1.25269465218
3794401	0.00772287334566	1.24494241271
3796908	0.00789131960879	1.16382805817
3799460	0.00832002966165	1.20694480371
3802324	0.0092540785039	1.5695412138
3804852	0.00824809451938	1.27701961854
3807445	0.0126457869516	2.96961946948
3810002	0.00868909256153	1.35887361574
3812627	0.00842413517754	1.2315918603
3815292	0.00789131960879	1.0883132976
3817892	0.00739826880869	1.00010477821
3820456	0.00500494995049	0.494461236987
3823124	0.00470022779785	0.343385996064
3825652	0.00193025164473	0.0333082582802
3828178	0.00148925360258	0.000990963540971
3830877	0.00148925360258	0.00331766041927
3833417	0.00104825556043	-0.124529855093
3836249	0.00104825556043	-0.185392091516
3838959	0.00104825556043	-0.222425701795
3841601	0.00104825556043	-0.225929459557
3844215	0.00104825556043	-0.214885410387
3846876	0.00104825556043	-0.237257077126
3849637	0.00104825556043	-0.228271123022
3852309	0.00104825556043	-0.234592148103
3854897	0.00104825556043	-0.208900034195
3857636	0.00108802032908	-0.0910099074244
3860199	0.00108802032908	-0.0698884928133
3862811	0.00108802032908	-0.0552847788204
3865466	0.00148925360258	-0.049330950249
3868088	0.00148925360258	-0.0444130077958
3870642	0.00148925360258	-0.0316318857949
3873976	0.00148925360258	-0.0247912716586
3876494	0.00148925360258	-0.0225959524978
3879228	0.00251511997142	0.144870182732
3882084	0.00570621178237	0.6030510501
3884625	0.00735381044578	0.961595768342
3887153	0.00669231338256	0.851828769082
3889668	0.00735381044578	0.980603089556
3892185	0.00735381044578	1.00696023554
3894722	0.00735381044578	0.975275179604
3897260	0.00669231338256	0.86481040949
3900323	0.00735381044578	0.925147399306
3903033	0.00806736026696	1.1257440031
3905562	0.00868909256153	1.21693532565
3908107	0.00903357948282	1.2834591642
3910903	0.00903357948282	1.31494223513
3913498	0.00791120199312	1.06080719922
3916047	0.00669231338256	0.762183182174
3919372	0.0069970355352	0.789773686323
3922261	0.00735381044578	0.834955440601
3924787	0.00735381044578	0.781151368283
3927331	0.00669231338256	0.647715922212
3929858	0.00669231338256	0.593032101402
3932375	0.00669231338256	0.629695551237
3935324	0.00669231338256	0.621732444502
3937840	0.00669231338256	0.5589171967
3940405	0.0058746580455	0.501686629141
3943054	0.00490843882963	0.407722070813
3945611	0.00835220003527	1.03154506837
3948175	0.00835220003527	1.04426195426
3950809	0.0107776892671	1.6275860751
3953910	0.0117117381093	1.86599710188
3957948	0.0121603305465	2.14307525102
3960770	0.0141571097255	2.79316862673
3965579	0.0151829760943	3.06972112437
3968101	0.0151829760943	3.17047405127
3970646	0.0148262011838	3.12031507399
3973323	0.0148262011838	3.32299931627
3975833	0.0148262011838	2.99532198277
3978764	0.0148262011838	3.08486159542
3981659	0.0148262011838	3.07391828019
3984197	0.0143852031416	2.97820981406
3987218	0.0141571097255	2.91661119508
3989824	0.0134511542994	2.5953158054
3992327	0.0117117381093	2.08368414524
3994936	0.0121603305465	2.19112304412
3997444	0.0117117381093	2.11354993167
3999947	0.0107776892671	1.80852258136
4002468	0.010071733841	1.51318724686
4005214	0.0107776892671	1.79202532186
4007838	0.0117117381093	2.00002893456
4010923	0.0117117381093	2.00567264622
4013954	0.0117117381093	2.04201986594
4016583	0.0117117381093	2.06822745129
4019153	0.0117117381093	2.03941571293
4021691	0.0115830566149	1.96570387343
4024263	0.0121603305465	2.39880691492
4027109	0.0118035556359	2.31675844686
4029739	0.00735381044578	0.983239165973
4032424	0.00772287334566	0.942612272687
4035370	0.00615949781381	0.586862409022
4038140	0.00669231338256	0.692411559634
4041604	0.00669231338256	0.620107967407
4044364	0.0058746580455	0.458360193064
4046947	0.00251511997142	0.138230453711
4050120	0.00409078349257	0.185770806391
4052782	0.00409078349257	0.198564173188
4055374	0.00486867406098	0.370019855211
4058153	0.00486867406098	0.422281471547
4060711	0.0058746580455	0.589300018968
4063221	0.0092540785039	1.33825955284
4065767	0.0107776892671	1.6390631434
4068269	0.0107776892671	1.65771127678
4070934	0.0115830566149	1.97021857928
4073459	0.0107776892671	1.6948799782
4075997	0.010071733841	1.4503278248
4078833	0.010071733841	1.46082729613
4081459	0.0132230608832	2.62811076571
4083973	0.0153192519838	3.53325341013
4086523	0.0168305747578	3.95632637129
4089054	0.0134113895307	2.62274570996
4091646	0.0132230608832	2.26737005007
4094274	0.0134113895307	2.36611559195
4097024	0.0132230608832	2.25654672156
4099669	0.0132230608832	2.29334067716
4102251	0.0121603305465	2.0199837382
4105423	0.0132230608832	2.16827825923
4107997	0.0115830566149	1.80767478584
4110535	0.0107776892671	1.70210737642
4113100	0.0107776892671	1.61550860247
4115637	0.00824809451938	1.02460980741
4118150	0.00669231338256	0.580864151241
4120725	0.00669231338256	0.594025744591
4123339	0.00824809451938	0.778997910209
4126914	0.0121603305465	1.50647091353
4129428	0.0121603305465	1.3286822571
4132835	0.0141571097255	1.49431984918
4185204	0.0231408232374	1.89801979647
4188777	0.0169469682629	1.92938354053
4191286	0.0168305747578	1.94947560341
4197902	0.0169469682629	2.16473186947
4202201	0.0147343836572	1.72552871169
4205511	0.0121603305465	1.36824182025
4208016	0.0132230608832	1.68777932809
4210518	0.0147343836572	2.22421255917
4213084	0.0147343836572	2.17314820806
4215880	0.0107776892671	1.42463940848
4218551	0.00806736026696	0.831285031978
4221052	0.00903357948282	0.859421560075
4223664	0.00903357948282	0.881491983077
4226457	0.00806736026696	0.733839661814
4228999	0.00735381044578	0.611559286248
4231616	0.00735381044578	0.612222468248
4235174	0.00735381044578	0.608389548957
4238429	0.00669231338256	0.548972538207
4241039	0.00402644274533	0.163656989811
4244020	0.00193025164473	0.00823884224519
4246793	0.00193025164473	0.0415063600522
4249377	0.00193025164473	0.00903129484504
4251948	0.00193025164473	-0.00667719217017
4255275	0.00193025164473	-0.00229344004765
4258127	0.00228702655531	0.0559422408696
4260834	0.00228702655531	0.0888646943495
4263485	0.00228702655531	0.0641647959128
4266022	0.00570621178237	0.383204377955
4269274	0.00486867406098	0.274848394562
4271789	0.00486867406098	0.250859496184
4274314	0.00402644274533	0.146168071311
4276951	0.00193025164473	0.00600557378493
4279491	0.00193025164473	-0.0477294288576
4282769	0.00193025164473	-0.0503007655498
4285398	0.00193025164473	-0.0675262860022
4287936	0.00148925360258	-0.0592218404636
4290574	0.00108802032908	-0.0716596809216
4293174	0.00108802032908	-0.100140354829
4295809	0.00108802032908	-0.117697105277
4298765	0.00108802032908	-0.128642115043
4301756	0.00108802032908	-0.15283241123
4304321	0.00108802032908	-0.1622144063
4306841	0.00108802032908	-0.169739903649
4309456	0.00108802032908	-0.161103358958
4312261	0.00108802032908	-0.160776107572
4314776	0.00108802032908	-0.148599355947
4317889	0.00108802032908	-0.169080482796
4320411	0.00108802032908	-0.189646187937
4322935	0.00108802032908	-0.148940062616
4325543	0.00148925360258	-0.0740865874104
4328158	0.00193025164473	-0.0421218492556
4332547	0.00193025164473	0.00717890495434
4335089	0.00293623562925	0.138759140391
4337714	0.00486867406098	0.408655816223
4340248	0.00669231338256	0.60725221457
4342898	0.00669231338256	0.610899267951
4345548	0.00669231338256	0.67144188215
4348382	0.00735381044578	0.766986799426
4351042	0.00735381044578	0.979948790278
4354263	0.0101161922039	1.46956767817
4356983	0.010071733841	1.519678212
4359860	0.00937047200908	1.39813246531
4362570	0.0092540785039	1.22699929215
4365074	0.010071733841	1.41332552209
4367587	0.010071733841	1.51308308588
4370093	0.0115830566149	1.96709520789
4372604	0.0121603305465	2.04762181942
4375183	0.0132230608832	2.37572340714
4377940	0.0121603305465	2.10170377139
4380925	0.0121603305465	2.27520197607
4383464	0.0141571097255	2.82740445505
4386079	0.0153192519838	3.30381246819
4388687	0.0153192519838	3.36660068342
4391245	0.0141571097255	2.77512911195
4393778	0.0134511542994	2.60998892132
4396285	0.0141571097255	2.7190828824
4398807	0.0121603305465	2.21305292775
4401355	0.0132230608832	2.40675774822
4403928	0.0134511542994	2.38494534325
4406440	0.0153192519838	3.03988022893
4408979	0.0168305747578	3.40961267357
4411494	0.0170510737788	3.8064453667
4414095	0.0168305747578	3.72779587703
4416621	0.0170510737788	4.60133644543
4419140	0.0217213179901	6.09135566629
4421852	0.0217213179901	5.90034323116
4425631	0.0220704985056	6.11336059263
4428150	0.0219418170111	6.34355549584
4430796	0.0210077681689	5.72809341364
4433482	0.0196251268895	5.06894238736
4436166	0.0205989405004	5.61870469362
4438739	0.0205989405004	5.6730793477
4441248	0.0210399385425	5.85464147711
4443816	0.0205989405004	5.80013908353
4446470	0.0181015161263	5.51930936589
4449131	0.017167467284	5.3678217656
4451686	0.0168305747578	4.41156328167
4454244	0.0168305747578	4.65345718525
4456764	0.0168305747578	4.61153391749
4459417	0.0176283477105	4.72830492258
4462014	0.0196251268895	5.06440732395
4464527	0.0196251268895	5.21073838905
4467077	0.0205989405004	6.03778769355
4469735	0.0210399385425	6.62599808187
4472277	0.0196251268895	5.28998476104
4474778	0.0196251268895	5.44473069068
4477555	0.0196251268895	5.28807532019
4480073	0.0181015161263	5.11187417316
4482766	0.0181015161263	5.09751010383
4485317	0.0181015161263	5.17251581
4487837	0.0170510737788	4.93225129624
4490344	0.0181015161263	5.26212550467
4492852	0.0176283477105	5.02720184065
4495357	0.0168305747578	4.79782487033
4497896	0.0168305747578	5.16776460689
4500485	0.0168305747578	4.96784657123
4503358	0.0146899252942	4.21381800226
4505884	0.0132230608832	3.35195435351
4508424	0.0132230608832	3.448989545
4510926	0.0117117381093	3.07820075424
4513432	0.0124451703148	3.16676805704
4516175	0.0124451703148	3.14108216111
4518911	0.0117117381093	3.08982185856
4521535	0.0117117381093	3.12555237953
4524038	0.0134511542994	3.65338681825
4526570	0.0134511542994	3.67500212789
4529344	0.0132230608832	3.72903737845
4532085	0.0134511542994	3.86762558715
4534599	0.0134511542994	3.90024468745
4537326	0.0132230608832	3.7064100625
4539958	0.0092540785039	2.00048432639
4542868	0.0092540785039	2.04726060713
4545455	0.0092540785039	1.98449177039
4548162	0.00840425279321	1.83871669252
4550706	0.00669231338256	0.979798807297
4553244	0.0069970355352	1.14360689255
4555803	0.0069970355352	1.25963454926
4558333	0.0069970355352	1.18354484788
4560868	0.0069970355352	1.38448782847
4563772	0.010071733841	2.09702570736
4566275	0.0132230608832	3.73755097669
4569073	0.0134511542994	3.92809605389
4572334	0.0141571097255	4.34224692476
4577439	0.0153192519838	5.12338434719
4581637	0.0153192519838	4.93240992655
4584568	0.0153192519838	4.91601445735
4587768	0.0153192519838	5.1567704
4592360	0.0153192519838	5.17140781204
4596529	0.0141571097255	4.14706237498
4599811	0.0153192519838	5.40421019122
4606864	0.0141571097255	4.61570085143
4614566	0.0168305747578	6.17342982162
4619478	0.0168305747578	6.39310568315
4625108	0.0168305747578	6.13139613206
4630647	0.0168305747578	7.09789650398
4636000	0.0181015161263	8.09047966823
4640656	0.0181015161263	7.82135167904
4645695	0.0184904614105	8.15016377927
4650602	0.0170510737788	7.03753850446
4656360	0.0141571097255	5.19535425259
4661573	0.0168305747578	6.67542671366
4666969	0.0153192519838	5.86655769101
4674209	0.0127498924675	3.82505320245
4679430	0.0132230608832	4.05732246116
4684099	0.0127498924675	3.77844616328
4688751	0.0130943793888	3.95904533053
4693438	0.0134511542994	4.05647716811
4698515	0.0127498924675	3.80165130645
4704080	0.0130943793888	3.81105726492
4709935	0.0132230608832	3.89115357143
4715789	0.0117117381093	3.36659876723
4721625	0.0107776892671	2.4498514561
4727453	0.0107776892671	2.5487075611
4733268	0.0107776892671	2.81953876978
4739272	0.0103764559936	2.46952071739
4745226	0.010071733841	2.2057454905
4751073	0.0092540785039	2.13436368434
4756979	0.0103764559936	2.50770717859
4762853	0.010071733841	2.48797386326
4768671	0.010071733841	2.18775793165
4774521	0.010071733841	2.23722112598
4780371	0.010071733841	2.29961025994
4786187	0.010071733841	2.53133024136
4792042	0.010071733841	2.46456967574
4797907	0.010071733841	2.27798251575
4810169	0.010071733841	2.24015492015
4825894	0.00840425279321	1.89950513933
4841543	0.00886513321969	2.02321338304
4860039	0.00886513321969	1.96220094082
4875837	0.00868909256153	1.92628198443
4891520	0.00886513321969	1.95500546368
4904617	0.010071733841	2.49308901024
4914704	0.010071733841	2.1898920103
4924859	0.0092540785039	2.15993470023
4936199	0.010071733841	2.1946797471
4946288	0.0103764559936	2.57029255247
4956295	0.0107776892671	2.86086772499
4966302	0.010071733841	2.25597180519
4976638	0.0107776892671	2.66449734871
4988295	0.010071733841	2.22370202537
5042985	0.0107776892671	2.59763723519
5046529	0.0107776892671	2.68917249539
5050325	0.0107776892671	2.86803634115
5056193	0.0117117381093	3.11310206447
5060275	0.0117117381093	3.26347662322
5063972	0.0117117381093	3.34374787356
5067487	0.0117117381093	3.21186462417
5071057	0.0117117381093	2.96707070293
5074777	0.0107776892671	2.82007302879
5078638	0.0107776892671	2.74306583102
5082254	0.0117117381093	3.05508538918
5085896	0.0117117381093	3.09737018193
5089848	0.0117117381093	3.11428741878
5093686	0.0117117381093	3.21203524084
5097275	0.0117117381093	3.19078855403
5100645	0.0124451703148	3.51058134157
5103154	0.0130943793888	3.62298216135
5105811	0.0130943793888	3.5618003665
5108410	0.0134511542994	3.66026634444
5111348	0.0124451703148	3.43514980096
5113883	0.0130943793888	3.57412455999
5116510	0.0132230608832	3.580635858
5119408	0.0124451703148	3.33109829994
5122346	0.0153192519838	5.45054432401
5144249	0.0176283477105	6.18143026554
5146758	0.0168305747578	5.56619377411
5149310	0.0196251268895	6.31003001169
5151823	0.0196251268895	6.44418208348
5154375	0.0184904614105	6.29218457616
5156920	0.0196251268895	6.38816636335
5159834	0.0184904614105	6.33393993392
5162946	0.0196251268895	6.31023237109
5165615	0.0196251268895	6.44848650601
5168354	0.0181138041156	6.11118882382
5171241	0.0196251268895	6.39402945689
5173742	0.0196251268895	6.74812028208
5176429	0.0196251268895	6.86655877368
5178939	0.0196251268895	6.60341684287
5182409	0.0196251268895	6.35104213143
5184935	0.0196251268895	6.78665033821
5187453	0.0205989405004	7.40467755683
5190001	0.0217213179901	8.04684015666
5192768	0.0205989405004	7.69945287122
5195347	0.0221424336479	8.98042555107
5197891	0.0232449287533	9.12362615415
5200534	0.0221424336479	9.10432555061
5203053	0.0221424336479	9.00687639625
5205680	0.0219418170111	8.63718384039
5208576	0.0232449287533	9.27037649741
5211090	0.0232449287533	9.39047140745
5213768	0.02518496158	10.999996881
5216283	0.02518496158	10.8076220341
5218908	0.0232449287533	9.15672413888
5221813	0.0253656958324	10.5961748683
5224326	0.02518496158	10.204912235
5227409	0.0266243492117	10.5059629313
5230313	0.02518496158	10.15682282
5232846	0.02518496158	10.000839904
5235407	0.02518496158	9.6540201297
5238008	0.0266243492117	10.0816943154
5240653	0.02518496158	9.73342940561
5244812	0.0268325602434	10.0314462089
5247315	0.0268325602434	10.4256761563
5249833	0.0274098341751	10.7495642481
5252749	0.0268325602434	10.4578909769
5255476	0.0266243492117	9.88367668912
5258130	0.0266243492117	9.98013628111
5260676	0.0266243492117	9.97514750017
5263182	0.0268325602434	10.1472189636
5265684	0.0268325602434	10.5734578655
5268195	0.0268325602434	10.5271063345
5270881	0.0274098341751	10.8606253341
5276247	0.0274098341751	10.8449534196
5279176	0.0268325602434	10.3284023516
5281692	0.0268325602434	9.97195192915
5284204	0.0268325602434	10.3718307663
5287666	0.0274098341751	11.6505732026
5290459	0.0274098341751	11.4923580261
5292986	0.0274098341751	11.4896359632
5295496	0.0274098341751	11.6246760632
5298011	0.02518496158	10.5579360747
5300512	0.0266243492117	11.1690195668
5303036	0.0268325602434	11.5048154285
5305678	0.02518496158	10.1047772672
5308195	0.0266044668273	10.3914462561
5310699	0.0268325602434	10.5175318702
5313472	0.0266044668273	8.98758807126
5317744	0.0239385961901	7.96476700576
5320274	0.0268325602434	9.02572709857
5322804	0.0268325602434	9.20283142058
5325389	0.0266044668273	9.20087591629
5328688	0.0239385961901	8.19173999457
5331209	0.0205989405004	6.53210841934
5334031	0.0216692652321	6.89456273802
5336624	0.0216692652321	7.08197168447
5339182	0.0239385961901	8.13817751571
5341820	0.0239385961901	8.18657673756
5344334	0.0266243492117	8.80530480854
5347037	0.0266243492117	8.9105677784
5349555	0.02518496158	8.32717588986
5352112	0.0232449287533	7.71423027152
5354822	0.0232449287533	7.69460431393
5357342	0.0266243492117	10.2741280084
5360271	0.0266243492117	10.1150285131
5362846	0.0253656958324	10.7095306399
5365418	0.02518496158	10.4883132484
5368040	0.0232449287533	8.1152734824
5370602	0.0232449287533	8.55331748258
5373181	0.0247041987692	9.03794572386
5375830	0.0198134555369	6.13905557035
5378923	0.0222588271531	7.37496108096
5381836	0.0232449287533	7.84677965962
5384485	0.0232449287533	7.39069155976
5387053	0.0232449287533	7.3952428163
5389579	0.0232449287533	7.20168131008
5392124	0.0239385961901	7.63960027881
5394731	0.0219418170111	6.63561533834
5397239	0.0216692652321	6.62297318783
5400003	0.0219418170111	6.78677236545
5402820	0.0244515293745	8.18994227238
5405357	0.0239385961901	8.1813172244
5407893	0.0239385961901	8.22958724247
5410466	0.0232449287533	7.84155991883
5413133	0.0232449287533	7.63590891962
5415794	0.02518496158	8.15678860014
5418331	0.0232449287533	7.90373476082
5421663	0.0232449287533	7.64516683808
5424164	0.021986275374	6.84254652844
5426789	0.0232449287533	7.66334365658
5429728	0.0232449287533	7.40713327657
5432304	0.0232449287533	7.39710867964
5434895	0.0232449287533	7.89086455456
5437409	0.0239385961901	8.25045429287
5439925	0.0239385961901	8.27172756288
5443289	0.0217213179901	6.63255673693
5445793	0.0205989405004	6.38012810936
5448349	0.0205989405004	6.26025492721
5450866	0.0198532203056	6.00000887457
5453424	0.0198134555369	5.61186539871
5456399	0.0196450092738	5.1826112296
5459023	0.0198134555369	5.41166375531
5461661	0.0198532203056	5.44054300804
5464260	0.0198134555369	5.2661079017
5466895	0.0190156825842	4.89582067891
5469412	0.0184904614105	5.0147657725
5472139	0.0217213179901	6.40813841322
5474670	0.0220704985056	6.33025495359
5477259	0.0220704985056	6.52126561943
5479781	0.0232449287533	6.49710485712
5482586	0.0198532203056	5.12863767426
5485290	0.0198532203056	5.03646881995
5487901	0.0190156825842	4.74653447885
5490405	0.0168305747578	3.75191340339
5492976	0.0168305747578	3.68307266384
5495517	0.0176283477105	4.25106324349
5498084	0.0153192519838	3.17903720983
5500997	0.0153192519838	3.10738186655
5503526	0.0141571097255	2.5710110818
5506032	0.0141571097255	2.42363486998
5508559	0.0121603305465	2.10936418851
5511391	0.0107776892671	1.71422120044
5513993	0.0117117381093	2.08623911883
5516611	0.0107776892671	1.84364112397
5519204	0.0107776892671	1.67231312254
5521792	0.0107776892671	1.59833412524
5524875	0.0092540785039	1.17771682004
5527711	0.00824809451938	1.04958697013
5530267	0.00669231338256	0.664204840548
5532817	0.00669231338256	0.833041354781
5535580	0.00735381044578	1.01566981524
5538114	0.00615949781381	0.615976464935
5540661	0.00669231338256	0.61393048265
5543285	0.00669231338256	0.686629218282
5545886	0.00407090110824	0.241435988108
5548476	0.00193025164473	0.00403249100782
5551804	0.00148925360258	-0.0571211911738
5554321	0.00108802032908	-0.0941301982384
5556980	0.00108802032908	-0.139698187122
5559581	0.00108802032908	-0.17696983926
5562274	0.00108802032908	-0.183231253875
5564890	0.00108802032908	-0.148861466907
5567410	0.00108802032908	-0.126965968637
5569915	0.00193025164473	0.0458940253593
5572439	0.00148925360258	-0.0301937710028
5575107	0.00193025164473	-0.00344684184529
5578850	0.00193025164473	-0.00064923800528
5581354	0.00148925360258	-0.047662101686
5583979	0.00108802032908	-0.0495336574968
5586481	0.00108802032908	-0.0662073069252
5589014	0.00108802032908	-0.0707067926414
5591533	0.00108802032908	-0.100168767618
5594089	0.00108802032908	-0.0775722563267
5596735	0.00108802032908	-0.0498550587799
5599255	0.00108802032908	-0.0671458495781
5601984	0.00108802032908	-0.0858155179303
5604732	0.00108802032908	-0.121497014072
5607261	0.00108802032908	-0.148117820965
5609833	0.00108802032908	-0.156057555461
5612419	0.00108802032908	-0.147053610999
5614957	0.00108802032908	-0.142714918125
5617694	0.00108802032908	-0.116280228132
5620573	0.00108802032908	-0.0723291230388
5623212	0.00113247869199	-0.0130674608517
5625868	0.00193025164473	-0.0103468133602
5628434	0.00193025164473	0.0274314456619
5634179	0.00926636649319	0.749576855684
5636717	0.00402644274533	0.133088998962
5639367	0.00193025164473	0.00356045970693
5641901	0.00108802032908	-0.0637356808875
5645015	0.00108802032908	-0.0631260822993
5647532	0.00108802032908	-0.0345435163472
5650225	0.00113247869199	-0.0188846350648
5652877	0.00144479523967	-0.0182483079843
5655434	0.00348133918729	0.0804523797706
5666798	0.0113426752095	0.613540412858
5669358	0.0123808295676	1.05098693981
5671900	0.0123808295676	1.27891772776
5674533	0.00984364042485	0.766337616136
5677189	0.00870897494585	0.577922694152
5679762	0.00735381044578	0.448868635111
5682360	0.00530967210313	0.229999806732
5684996	0.00482421569807	0.165253526997
5687522	0.00193025164473	0.0487973266281
5690057	0.00113247869199	-0.0178479871247
5692804	0.00113247869199	-0.0150662721135
5695329	0.00113247869199	-0.0172531071585
5700108	0.00113247869199	-0.00895964051597
5702711	0.00113247869199	-0.0439477351028
5705320	0.00113247869199	-0.0666001490317
5707903	0.00103596757114	-0.136457734043
5710680	0.00103596757114	-0.198022883851
5713504	0.00103596757114	-0.228646310745
5717488	0.00103596757114	-0.193856493803
5720711	0.00103596757114	-0.175758890342
5723334	0.00103596757114	-0.15351780504
5725964	0.00103596757114	-0.12330418732
5729041	0.00113247869199	-0.096438605804
5731668	0.00113247869199	-0.0808175934944
5734376	0.00113247869199	-0.0776977539062
5736988	0.00113247869199	-0.040100033395
5739647	0.00113247869199	-0.0525532905012
5742241	0.00113247869199	-0.0728675164282
5745079	0.00115236107632	-0.120709691895
5748760	0.00103596757114	-0.157849124866
5751527	0.00103596757114	-0.159526488511
5754069	0.00115236107632	-0.151738389861
5756608	0.00115236107632	-0.131622496527
5759321	0.00115236107632	-0.124445158057
5762171	0.00115236107632	-0.117967147613
5764832	0.00115236107632	-0.151958972448
5767612	0.00115236107632	-0.162485616747
5770134	0.00115236107632	-0.174072538503
5772755	0.00115236107632	-0.150970649906
5775411	0.00103596757114	-0.169163165381
5778127	0.00103596757114	-0.177929092199
5781083	0.00103596757114	-0.231890553841
5783788	0.00103596757114	-0.291185918264
5786450	0.00103596757114	-0.332747305976
5788975	0.00103596757114	-0.345842157491
5791788	0.00103596757114	-0.332506021019
5794291	0.00103596757114	-0.320935933385
5796879	0.00103596757114	-0.301367272157
5799415	0.00103596757114	-0.224871668033
5802203	0.00103596757114	-0.213073109509
5804861	0.00103596757114	-0.252804816701
5807679	0.00103596757114	-0.22760813171
5810243	0.00103596757114	-0.202437126311
5812821	0.00103596757114	-0.167604360031
5816638	0.00103596757114	-0.124704551883
5871347	0.00158107112918	0.00887642730959
5924971	0.00118453144994	-0.0216928494629
5928799	0.00158107112918	-0.00998856290244
5931805	0.00158107112918	0.0265488114674
5934536	0.00110030831837	-0.0460450742394
5937142	0.00110030831837	-0.0601577095222
5939843	0.00110030831837	-0.0697634923272
5942670	0.00103596757114	-0.089781365823
5945309	0.00103596757114	-0.112327099312
5948233	0.00103596757114	-0.106111928821
5951082	0.00110030831837	-0.100460741669
5953646	0.00110030831837	-0.0771408232395
5956327	0.00110030831837	-0.110288727563
5958890	0.00103596757114	-0.147896765731
5961437	0.00103596757114	-0.169559279457
5964231	0.00110030831837	-0.151472478174
5966926	0.00110030831837	-0.146606218768
5969495	0.00103596757114	-0.191164493794
5972011	0.00103596757114	-0.275007185293
5974608	0.00103596757114	-0.312352548121
5977129	0.00103596757114	-0.347025650321
5980016	0.00103596757114	-0.362806183752
5982668	0.00103596757114	-0.368864552118
5986986	0.00103596757114	-0.375192926265
5990070	0.00103596757114	-0.374106347095
5993279	0.00103596757114	-0.392576335929
5995950	0.00103596757114	-0.346182414098
5999090	0.00103596757114	-0.364057040308
6001631	0.00103596757114	-0.374565278413
6005944	0.00103596757114	-0.390453825705
6009409	0.00103596757114	-0.410889639519
6012298	0.00103596757114	-0.43307280913
6015286	0.00103596757114	-0.381564295152
6017900	0.00103596757114	-0.383872445673
6020770	0.00103596757114	-0.406812886009
6023641	0.00103596757114	-0.243179947138
6026418	0.00103596757114	-0.221550679067
6029592	0.00103596757114	-0.191564797657
6032420	0.00103596757114	-0.140070290305
6035018	0.00110030831837	-0.124048807425
6037588	0.00110030831837	-0.0947161959484
6040223	0.00118453144994	-0.096526903566
6042774	0.00118453144994	-0.0856129482854
6045488	0.00118453144994	-0.0701947615016
6048333	0.00118453144994	-0.0396836041473
6050837	0.00331289292416	0.149733040249
6053362	0.00309239390309	0.0930428192951
6055903	0.00158107112918	-0.0285810651258
6058452	0.00118453144994	-0.0496272204909
6061380	0.00158107112918	-0.0241859829985
6063903	0.00158107112918	-0.00177754904144
6066679	0.00158107112918	0.00122070498765
6069262	0.00158107112918	-0.00462013110518
6071868	0.00158107112918	-0.0212766733021
6074424	0.00118453144994	-0.0356319404673
6076956	0.00118453144994	-0.0816199460533
6079854	0.00103596757114	-0.123499614187
6083051	0.00103596757114	-0.170038180193
6085572	0.00103596757114	-0.177270976361
6088239	0.00103596757114	-0.20973443985
6090817	0.00103596757114	-0.223140384769
6093337	0.00103596757114	-0.187202922069
6095875	0.00103596757114	-0.158454047749
6098385	0.00103596757114	-0.133584430907
6101065	0.00118453144994	-0.122777095996
6104023	0.00118453144994	-0.0502443786245
6106850	0.00158107112918	-0.0084893652238
6109606	0.00158107112918	-0.004399998812
6112177	0.00158107112918	-0.0317407760303
6114699	0.00110030831837	-0.148496156326
6117508	0.00110030831837	-0.167156843934
6120078	0.00103596757114	-0.180054128403
6122614	0.00103596757114	-0.218347985996
6125260	0.00103596757114	-0.221714543412
6127786	0.00103596757114	-0.231956326403
6130361	0.00103596757114	-0.246480393689
6133314	0.00103596757114	-0.269277810119
6135908	0.00103596757114	-0.285046463367
6138423	0.00103596757114	-0.328613639344
6141096	0.00103596757114	-0.369467571843
6144480	0.00103596757114	-0.413265320938
6147294	0.00103596757114	-0.458808880299
6150143	0.00103596757114	-0.476646768861
6152812	0.00103596757114	-0.43241638178
6155431	0.00103596757114	-0.429641878465
6158369	0.00103596757114	-0.439118637238
6161158	0.00103596757114	-0.462404601742
6163664	0.00103596757114	-0.499489623122
6166711	0.00103596757114	-0.535374188097
6169247	0.00103596757114	-0.580839135684
6171865	0.00103596757114	-0.636544592911
6174370	0.00103596757114	-0.635108882794
6176903	0.00103596757114	-0.612779281801
6179418	0.00103596757114	-0.579234718811
6181951	0.00103596757114	-0.54146061209
6184546	0.00103596757114	-0.514518193901
6187401	0.00103596757114	-0.490752485348
6189921	0.00103596757114	-0.47461269726
6193067	0.00103596757114	-0.440197880846
6199573	0.00115236107632	-0.41173927323
6202081	0.00115236107632	-0.424815227976
6204585	0.00103596757114	-0.411209233105
6207356	0.00103596757114	-0.437980182003
6209998	0.00103596757114	-0.436138232006
6212512	0.00103596757114	-0.426052254159
6216441	0.00110030831837	-0.390099259326
6222662	0.00115236107632	-0.338646145072
6225253	0.00115236107632	-0.338025799952
6227946	0.00115236107632	-0.338084529852
6230542	0.00115236107632	-0.353064100724
6233121	0.00103596757114	-0.388515718048
6235664	0.00103596757114	-0.488325413782
6238193	0.00103596757114	-0.434972252464
6240706	0.00103596757114	-0.378054350615
6243322	0.00115236107632	-0.36717948853
6246218	0.00115236107632	-0.324429289671
6248736	0.00115236107632	-0.277976345271
6251264	0.00115236107632	-0.25721659814
6253816	0.00115236107632	-0.306128974073
6256319	0.00115236107632	-0.321500986116
6258837	0.00115236107632	-0.378917600494
6261343	0.00115236107632	-0.419815209927
6263855	0.00115236107632	-0.415683006635
6266359	0.00115236107632	-0.405164276483
6269037	0.00115236107632	-0.42387536657
6271553	0.00103596757114	-0.445399240591
6274290	0.00103596757114	-0.498555402271
6277023	0.00103596757114	-0.572631777264
6279584	0.00103596757114	-0.586640608497
6282217	0.00103596757114	-0.604199626017
6284806	0.00103596757114	-0.624083559494
6287338	0.00103596757114	-0.597879768349
6289873	0.00103596757114	-0.564568545204
6292383	0.00103596757114	-0.54321678984
6295038	0.00103596757114	-0.512800974073
6297930	0.00103596757114	-0.490694564069
6300740	0.00103596757114	-0.474707578542
6303346	0.00103596757114	-0.459990804316
6306095	0.00103596757114	-0.438086797483
6308658	0.00103596757114	-0.401787266368
6311238	0.00103596757114	-0.360346761066
6313768	0.00103596757114	-0.363665629877
6316495	0.00103596757114	-0.366910252953
6319197	0.00103596757114	-0.356496030465
6322089	0.00103596757114	-0.330805016449
6324621	0.00115236107632	-0.288307740353
6327195	0.00115236107632	-0.266187628033
6329954	0.00115236107632	-0.230760425562
6332463	0.00115236107632	-0.229477772722
6335212	0.00103596757114	-0.231586274458
6338100	0.00103596757114	-0.22233213298
6340630	0.00103596757114	-0.207406683359
6343176	0.00115236107632	-0.177593703382
6345948	0.00115236107632	-0.130966081051
6348460	0.00115236107632	-0.0641744595487
6351042	0.00115236107632	-0.0281620987225
6353557	0.00158107112918	-0.0187436966226
6356063	0.00158107112918	0.0253520773258
6358799	0.00307251151876	0.0827559770551
6361930	0.00846859354045	0.569083139766
6364523	0.00779480848793	0.448446855647
6367141	0.00349362717658	0.134341834579
6369702	0.00349362717658	0.111979695968
6372209	0.00512893785071	0.158825163497
6374721	0.00512893785071	0.167641592911
6377319	0.00512893785071	0.19744835957
6380116	0.0062636033297	0.295953311725
6382733	0.00820363615647	0.552073793951
6385339	0.00984364042485	0.550991303753
6387917	0.0112707400672	0.799644951709
6390429	0.0112707400672	0.804970642552
6392941	0.0128738803677	0.887056828476
6395594	0.0128738803677	0.889784546103
6398166	0.0113227928251	0.702268753434
6400742	0.00891718597764	0.412038867828
6403274	0.00821592414576	0.354949990986
6405788	0.00775504371928	0.293082766468
6408365	0.00704908829314	0.231391329318
6411180	0.00500494995049	0.145669097314
6413723	0.00346145680296	0.124601793941
6416322	0.00158107112918	0.000155718997121
6419102	0.00140503047101	-0.0209304529708
6421606	0.00140503047101	-0.0251774780918
6424218	0.00140503047101	-0.0136742996983
6426748	0.00140503047101	-0.0197223662399
6429393	0.00140503047101	-0.0197727498598
6431956	0.00115236107632	-0.0726579981856
6434641	0.00115236107632	-0.0602352309506
6437184	0.00115236107632	-0.0665783074219
6439910	0.00113247869199	-0.0522413472645
6442434	0.00113247869199	-0.0430429647677
6444972	0.00113247869199	-0.0786558478139
6447655	0.00113247869199	-0.0934585931245
6450249	0.00113247869199	-0.103782561142
6452987	0.00113247869199	-0.0964337042533
6455553	0.00113247869199	-0.082693291828
6458207	0.00140503047101	-0.0563730988652
6460856	0.00140503047101	-0.0544810146093
6463420	0.00140503047101	-0.0453791976906
6466291	0.00140503047101	-0.0493773061316
6468870	0.00140503047101	-0.0171107454225
6472401	0.00193025164473	-0.0183390693273
6474909	0.00193025164473	0.0202668807469
6477423	0.00500494995049	0.123940826626
6480129	0.00891718597764	0.387801077915
6482699	0.012289012041	0.70044176071
6485347	0.0153192519838	1.31377958925
6487963	0.0191841288473	2.55448702583
6490668	0.0200017841844	2.74301875103
6493516	0.0191841288473	2.8858425871
6496154	0.0224471558005	4.75761436927
6498720	0.0256780123801	6.18104264792
6501264	0.0256780123801	6.4459302139
6504559	0.0225313789321	3.792813943
6507418	0.0242111479691	3.55200905586
6510034	0.0211364496634	2.58513243985
6512641	0.0187308428159	2.01723739691
6515159	0.0187828955738	2.09651391208
6517809	0.0211364496634	2.66998070036
6520477	0.0239906489481	3.39003463136
6523359	0.0256780123801	4.28450749163
6525866	0.0236736388061	4.70271708304
6529649	0.012289012041	1.02349449508
6533698	0.012289012041	0.889834980946
6536294	0.00903357948282	0.460235781502
6539145	0.00490843882963	0.14584586909
6541931	0.00490843882963	0.174978839466
6544514	0.00669231338256	0.341909548268
6547181	0.00669231338256	0.360012632329
6549895	0.00775504371928	0.46683135815
6552396	0.00903357948282	0.662221041275
6555232	0.012289012041	0.991914900951
6557851	0.0153192519838	1.48803469655
6560354	0.0162457064311	1.82255798136
6563160	0.0184904614105	2.07032204187
6565834	0.0138003348149	1.61564277159
6568384	0.0225190909428	4.98507710639
6570965	0.0243871886273	4.65480846749
6573743	0.0162457064311	2.23185745464
6576272	0.0211364496634	2.64408636466
6578920	0.0243871886273	2.88983922941
6581573	0.0243871886273	2.92079601367
6584177	0.0264237325749	3.63838445814
6587467	0.0264237325749	3.92585450527
6590444	0.027189335154	4.10618528421
6593433	0.0336036891495	4.78994034603
6596111	0.0363736653027	4.91822797386
6598638	0.0396366922559	4.99203193909
6601152	0.0418218000823	5.32872568816
6604320	0.0482115780992	5.99025261914
6607071	0.0525695057628	6.7334267823
6609788	0.0534193314735	7.05168257118
6612397	0.0566624760423	8.14510839549
6615017	0.0601261196323	9.5012566105
6618528	0.0643109074385	11.0688227676
6621115	0.062707767138	11.2722697423
6623682	0.062707767138	11.6525457383
6626234	0.0601261196323	11.0414660086
6628762	0.0601261196323	10.2487235398
6631263	0.0601261196323	10.115173293
6633996	0.0639985908908	9.58603503718
6636764	0.0659509117069	9.86116599524
6639886	0.0676704455125	10.3128038635
6643539	0.0709779308287	10.7475254335
6646125	0.0690133220233	9.85808164207
6648660	0.0690133220233	9.53274535201
6651244	0.0659509117069	9.04334780946
6655269	0.0659509117069	11.2245367535
6658006	0.0676903278969	13.3355737757
6660697	0.0665679504072	13.6651308215
6663278	0.0692461090337	13.6425949745
6665839	0.0717113630342	14.7921994592
6668381	0.0717113630342	13.7294874415
6670979	0.0717113630342	13.4263275182
6673923	0.0717113630342	12.3526596525
6677022	0.0710697483553	11.1632943561
6679593	0.0717113630342	10.9856108653
6682175	0.0710697483553	9.94273872301
6684771	0.0692461090337	8.94711721223
6687276	0.0644395889329	8.09362909896
6689892	0.0558202447267	7.5190563628
6692758	0.0439501615565	6.6949767163
6695620	0.0418937352246	7.23109316756
6698138	0.0418937352246	7.14898809721
6700655	0.0302119807018	3.96558672423
6703302	0.0280315664697	3.05702467496
6705878	0.0225190909428	2.15825098823
6708928	0.0162457064311	1.67504372657
6711436	0.0196251268895	1.71696515754
6714040	0.0243871886273	2.38201070111
6716795	0.0359970080077	3.38920122921
6719440	0.0439501615565	4.0416658076
6721965	0.0479068559466	4.06667715847
6724587	0.0503522275627	4.00044196774
6727422	0.0537959887684	4.3157908232
6730384	0.0503522275627	3.9797113291
6733570	0.0482115780992	3.11450049933
6736299	0.0305611612174	3.6274105683
6738881	0.0479068559466	5.66337317275
6741554	0.0479068559466	6.83332295157
6744307	0.0503522275627	7.8864705055
6747066	0.0479068559466	8.12445491529
6749736	0.0479068559466	7.89282675763
6752700	0.0445274354882	6.9957284932
6755941	0.0418937352246	6.4882422532
6758821	0.0243871886273	3.63534115814
6761445	0.00669231338256	0.45511285495
6764385	0.00228702655531	0.0479954180773
6767276	0.00903357948282	0.405746131204
6770968	0.012289012041	0.557095372817
6773660	0.00486867406098	0.186687341658
6776388	0.00669231338256	0.227387377992
6779059	0.0121404481622	0.605253262678
6781561	0.0225190909428	2.0537040974
6784272	0.0418218000823	3.66746261949
6786961	0.0503522275627	4.86136047984
6789462	0.0566624760423	6.59758689557
6792116	0.0659509117069	8.62700260617
6794901	0.0710697483553	10.2316769592
6797879	0.0710697483553	10.9380990586
6800857	0.0717113630342	11.6338493763
6803931	0.0717113630342	13.5631908264
6806976	0.0717113630342	14.9358987634
6809484	0.0717113630342	16.0167756469
6812282	0.0717113630342	19.8033711112
6814807	0.0717113630342	22.6846190162
6817310	0.0717113630342	23.2577268989
6820140	0.0717113630342	19.8125831217
6822645	0.0717113630342	20.5016078237
6825220	0.0719517444396	21.1687495485
6828266	0.0719517444396	21.9811097498
6830771	0.0719517444396	21.7275848167
6833384	0.0719517444396	20.7046108125
6836203	0.0719517444396	20.1973988707
6838931	0.0719517444396	20.0963753546
6842562	0.0719517444396	19.7587734347
6845169	0.0719517444396	18.7307458438
6847696	0.0719517444396	19.333152798
6850322	0.0719517444396	19.1598902456
6852860	0.0719517444396	19.2828690279
6855697	0.0719517444396	19.6155555584
6859171	0.0717312454185	15.9040758964
6861780	0.0719517444396	14.8819841051
6864403	0.0719517444396	15.262202268
6867025	0.0719517444396	16.0446596229
6869620	0.0719517444396	15.9255523661
6872171	0.0719517444396	15.8572029017
6875169	0.0719517444396	15.8270239176
6877704	0.0717312454185	13.4652177559
6880469	0.0717312454185	12.4509989738
6883078	0.0717312454185	10.5927296099
6885701	0.0717312454185	12.5304209364
6888286	0.0717312454185	15.2121197137
6890813	0.0717312454185	16.6527129414
6893689	0.0717312454185	17.9058841581
6896244	0.0719517444396	20.2334033204
6898897	0.0719517444396	20.6993923124
6901557	0.0719517444396	23.077541301
6904379	0.0719517444396	26.042748685
6907045	0.0719517444396	26.2206558939
6909600	0.0719517444396	23.3280168665
6912115	0.0719517444396	21.9666587634
6914676	0.0719517444396	16.9586150052
6917218	0.0719517444396	15.8369323257
6920031	0.0719517444396	15.2162800911
6922700	0.0719517444396	14.514568086
6925258	0.0719517444396	13.7613800727
6927795	0.0719517444396	13.7982200691
6930450	0.0719517444396	13.5529821611
6933096	0.0719517444396	13.5102055671
6936084	0.0719517444396	13.7324471653
6938727	0.0717312454185	12.6649615641
6941335	0.0717312454185	11.3899798947
6944073	0.0717312454185	11.1726502667
6946636	0.0717312454185	12.1011592979
6949148	0.0717312454185	11.9156583403
6951655	0.0717312454185	11.6541218262
6954156	0.0709779308287	10.3961122604
6956798	0.0692461090337	11.9019351976
6960001	0.0717113630342	14.8641330965
6962520	0.0717113630342	15.9072806838
6965442	0.0717113630342	16.5078086727
6967971	0.0717113630342	18.7687762766
6970761	0.0717113630342	18.3335996296
6973381	0.0717113630342	16.7403114655
6975960	0.0716271399026	16.8524879906
6978541	0.0716271399026	16.4648549811
6981208	0.0716271399026	15.1942685023
6984029	0.0710697483553	15.9350094958
6986561	0.0692461090337	15.7088187791
6989243	0.0676903278969	15.7774628489
6991813	0.0659509117069	14.4142231359
6995686	0.0659509117069	13.1741937096
6998314	0.0632850410696	11.1194741679
7000950	0.0632850410696	10.7943299045
7003698	0.0571952916111	10.0144112511
7006245	0.0503522275627	8.62365047308
7009247	0.0522127308522	8.14096125006
7011977	0.0482115780992	7.15518481471
7014494	0.0418937352246	5.81297879852
7017007	0.0363736653027	4.63949308824
7019683	0.0302119807018	3.93735329504
7022454	0.0261634687852	3.01476054592
7025310	0.0225190909428	2.40442008572
7027960	0.0187828955738	2.06165201566
7030553	0.0138003348149	1.51496890467
7033202	0.0138003348149	1.11775593157
7035889	0.00903357948282	0.586148350267
7038586	0.00798313713539	0.402872455772
7041360	0.00544594799264	0.179427210707
7043875	0.00193025164473	-0.00589216849767
7046474	0.00193025164473	-0.0598204876296
7049037	0.00193025164473	-0.0181884521153
7051547	0.00193025164473	-0.0421471556183
7054119	0.00140503047101	-0.0476228077896
7056997	0.00140503047101	-0.0665585838724
7059502	0.00140503047101	-0.0822438234463
7062068	0.00140503047101	-0.104736371199
7064619	0.00113247869199	-0.0995051553473
7067131	0.00113247869199	-0.127192090498
7069672	0.00113247869199	-0.160860743374
7072210	0.00113247869199	-0.185443655355
7074807	0.00113247869199	-0.263866388239
7077845	0.00113247869199	-0.252965931315
7080793	0.00113247869199	-0.205383576686
7083659	0.00113247869199	-0.169457467506
7086318	0.00113247869199	-0.140340110054
7088822	0.00113247869199	-0.118383953115
7091443	0.00113247869199	-0.105708909221
7093983	0.00113247869199	-0.157209616853
7096535	0.00113247869199	-0.155009982176
7099790	0.00113247869199	-0.144362439169
7102307	0.00113247869199	-0.130913418252
7105023	0.00113247869199	-0.112214171793
7107979	0.00113247869199	-0.0979711955879
7111148	0.00113247869199	-0.0837107973639
7118387	0.00140503047101	-0.0798824548256
7120920	0.00156118874485	-0.010108972434
7123553	0.00193025164473	0.00525258318521
7126413	0.00348133918729	0.0579551325645
7128936	0.00532955448745	0.154541208874
7131597	0.00532955448745	0.144884243608
7134227	0.00775504371928	0.285555090057
7136737	0.00775504371928	0.265652066562
7139428	0.00348133918729	0.0697375037707
7141936	0.00156118874485	-0.0295040840283
7144463	0.00140503047101	-0.0414092619903
7147128	0.00140503047101	-0.0560495201498
7151123	0.00140503047101	-0.0417766608298
