9118	0.0010691	-0.168890170055
11678	0.00106909763412	-0.239667462884
14225	0.00106909763412	-0.23820272251
16936	0.00106909763412	-0.272014516406
19469	0.00106909763412	-0.258892759215
23526	0.00106909763412	-0.233574630925
26029	0.00106909763412	-0.123916270677
28685	0.00106909763412	-0.13879054226
31878	0.00106909763412	-0.176513900748
34630	0.00106909763412	-0.260139822029
37137	0.00106909763412	-0.29605114134
39830	0.00106909763412	-0.318018955644
42348	0.00106909763412	-0.300016194582
44895	0.00106909763412	-0.314668419072
47694	0.00106909763412	-0.384471873054
50248	0.00106909763412	-0.400682974141
52765	0.00106909763412	-0.444706303766
55273	0.00106909763412	-0.460632403148
57859	0.00106909763412	-0.467946256278
61301	0.00106909763412	-0.483329943148
66035	0.00106909763412	-0.521506901365
69184	0.00106909763412	-0.52762118727
71998	0.00106909763412	-0.520175298443
74813	0.00106909763412	-0.465471790638
78071	0.00106909763412	-0.473593909992
80574	0.00106909763412	-0.446800354403
83621	0.00106909763412	-0.453864114126
86354	0.00106909763412	-0.450648272643
88971	0.00106909763412	-0.458182826638
91765	0.00106909763412	-0.483431225643
94693	0.00106909763412	-0.484684038209
97624	0.00106909763412	-0.486486154608
100760	0.00106909763412	-0.316519673448
103279	0.00106909763412	-0.297053867718
105866	0.00106909763412	-0.300962745445
108405	0.00106909763412	-0.303194535431
111222	0.00106909763412	-0.232917105779
114015	0.00106909763412	-0.236950341146
116631	0.00106909763412	-0.225373572437
119207	0.00106909763412	-0.267512548948
121743	0.00106909763412	-0.288977680961
124272	0.00106909763412	-0.291413608938
126803	0.00106909763412	-0.306967245648
129335	0.00106909763412	-0.313026176766
131932	0.00106909763412	-0.312035140814
134465	0.00106909763412	-0.444653317099
136994	0.00106909763412	-0.418828329537
139572	0.00106909763412	-0.454697422683
142151	0.00106909763412	-0.428080603015
144657	0.00106909763412	-0.431455420796
147384	0.00106909763412	-0.421878664056
150202	0.00106909763412	-0.42253728793
152787	0.00106909763412	-0.436647458002
155314	0.00106909763412	-0.428280657157
157926	0.00106909763412	-0.417637561215
160464	0.00106909763412	-0.44664778281
162972	0.00106909763412	-0.448384737829
165508	0.00106909763412	-0.437035557115
168140	0.00106909763412	-0.415439327946
170684	0.00106909763412	-0.44156838581
173515	0.00106909763412	-0.568397811847
176197	0.00106909763412	-0.582861878444
178727	0.00106909763412	-0.583189237397
181251	0.00106909763412	-0.580748106353
183836	0.00106909763412	-0.614862787072
186420	0.00106909763412	-0.61531010177
189098	0.00106909763412	-0.618357873522
191690	0.00106909763412	-0.632070923923
194194	0.00106909763412	-0.57214124687
196818	0.00106909763412	-0.571440695552
199382	0.00106909763412	-0.548853076529
201903	0.00106909763412	-0.566783369752
204408	0.00106909763412	-0.562623349484
207060	0.00106909763412	-0.496553628705
209668	0.00106909763412	-0.487561903195
212257	0.00106909763412	-0.323119423119
214829	0.00106909763412	-0.307627349161
217404	0.00106909763412	-0.320337074343
219928	0.00106909763412	-0.27856781939
222471	0.00106909763412	-0.270640917588
225076	0.00106909763412	-0.208591338946
227674	0.00106909763412	-0.200631535612
230182	0.00106909763412	-0.192316111876
232704	0.00103647415665	-0.123305037385
235330	0.00103647415665	-0.119027554989
238787	0.00103647415665	-0.107664219104
241354	0.00104893521621	-0.0990133031737
243928	0.00104893521621	-0.0902174124494
246738	0.00104893521621	-0.0773410962429
249243	0.00115450700697	-0.0174354331102
251898	0.00115450700697	-0.0242923877668
254521	0.00115450700697	-0.0279173043091
257200	0.00115450700697	-0.024298084667
259769	0.00113434458906	-0.035236831056
272388	0.00113434458906	-0.0374961968046
285662	0.00113434458906	-0.0476670577191
289296	0.00115450700697	-0.0115121554118
291968	0.00115450700697	-0.0189271550626
294521	0.00115450700697	-0.015896695666
297061	0.00115450700697	-0.0182326787617
300718	0.00115450700697	-0.0114334826358
303323	0.00115450700697	0.0145995761268
306245	0.00115450700697	0.00718972110189
308785	0.00115450700697	0.0325345790479
311629	0.00115450700697	0.0400879413355
316504	0.00248367379395	0.0926076930482
319173	0.0011218835295	-0.0383072281256
324539	0.0011218835295	-0.0171861215495
327097	0.0011218835295	-0.00221911678091
329637	0.00145105996135	0.0697439829819
332140	0.00145105996135	0.0543692624196
334824	0.00101631173874	-0.153331015492
337636	0.00106909763412	-0.19969474175
340137	0.00101631173874	-0.149306187639
342803	0.00103647415665	-0.127128864406
345313	0.00101631173874	-0.149190736469
347845	0.00101631173874	-0.144767782185
350391	0.00103647415665	-0.117926383624
352970	0.00103647415665	-0.125280117616
355481	0.00104893521621	-0.0698917105328
357998	0.00115450700697	0.032075767871
360609	0.00115450700697	0.00790109671652
363139	0.00104893521621	-0.0845306538977
365702	0.00103647415665	-0.127210098319
368214	0.00101631173874	-0.151795262704
370724	0.00106909763412	-0.203794419067
373317	0.00106909763412	-0.230238516582
375826	0.00106909763412	-0.285879531875
381632	0.00106909763412	-0.298790974077
443168	0.00106909763412	-0.309917016421
446791	0.00106909763412	-0.377716820454
449338	0.00106909763412	-0.456352464855
451867	0.00106909763412	-0.538436173229
454379	0.00106909763412	-0.38973701885
456946	0.00106909763412	-0.386852707714
459608	0.00106909763412	-0.376327187754
462130	0.00106909763412	-0.380941019161
465262	0.00106909763412	-0.360435989685
467781	0.00106909763412	-0.351122122491
470286	0.00106909763412	-0.249191489536
473392	0.00106909763412	-0.215916678077
475894	0.00106909763412	-0.228578106966
478473	0.00106909763412	-0.306975678308
481262	0.00106909763412	-0.329934869427
483854	0.00106909763412	-0.329086633399
486540	0.00106909763412	-0.301727388985
489129	0.00106909763412	-0.351042885333
491883	0.00106909763412	-0.34850148554
494398	0.00106909763412	-0.374869762687
496906	0.00106909763412	-0.363477680599
499540	0.00106909763412	-0.396004816284
502046	0.00106909763412	-0.400722235674
504669	0.00106909763412	-0.419517521979
507408	0.00106909763412	-0.394054873846
509963	0.00106909763412	-0.385699235369
512537	0.00106909763412	-0.300064700656
515162	0.00106909763412	-0.264250528766
517942	0.00106909763412	-0.200713593513
520552	0.00106909763412	-0.231653909897
523108	0.00106909763412	-0.221365521196
525650	0.00106909763412	-0.212505103555
528236	0.00101631173874	-0.184835627908
530783	0.00106909763412	-0.206101648277
533362	0.00101631173874	-0.15815811092
535968	0.00101631173874	-0.182732101763
538516	0.00101631173874	-0.171497407136
541341	0.00101631173874	-0.173091727076
543899	0.00101631173874	-0.167462006211
546691	0.00104893521621	-0.139732779702
549260	0.00101631173874	-0.147917746566
551916	0.00101631173874	-0.163903499022
555433	0.00101631173874	-0.174942761427
558788	0.00101631173874	-0.151236196514
561425	0.00101631173874	-0.150396015495
564066	0.00101631173874	-0.171281228773
566715	0.00106909763412	-0.221074553439
569375	0.00106909763412	-0.226809753571
571907	0.00106909763412	-0.217069034465
574430	0.00106909763412	-0.242538074031
576950	0.00106909763412	-0.264338549925
579496	0.00106909763412	-0.254544123542
582052	0.00106909763412	-0.207151265116
584590	0.00101631173874	-0.179536315612
587241	0.00106909763412	-0.207808475476
589750	0.00101631173874	-0.181086487835
592276	0.00104893521621	-0.145544521278
594825	0.00104893521621	-0.139709687559
597473	0.00104893521621	-0.140380008612
600115	0.00104893521621	-0.145583900157
602636	0.00104893521621	-0.142060994171
605294	0.00104893521621	-0.151174944825
607797	0.00106909763412	-0.201101985294
610375	0.00106909763412	-0.205430187285
612978	0.00101631173874	-0.159030979499
615949	0.00104893521621	-0.107429108117
618465	0.00104893521621	-0.119009295478
621048	0.00101631173874	-0.149819606217
623933	0.00106909763412	-0.210735363187
626469	0.00106909763412	-0.217038871022
628975	0.00106909763412	-0.249762639636
631640	0.00106909763412	-0.249743771506
634210	0.00106909763412	-0.285075073363
636742	0.00106909763412	-0.287384688389
639297	0.00106909763412	-0.292022350477
642007	0.00106909763412	-0.299929743633
644558	0.00106909763412	-0.275347365765
647186	0.00106909763412	-0.281486401334
649864	0.00106909763412	-0.263721970376
652624	0.00106909763412	-0.262128215749
655671	0.00106909763412	-0.262757222401
658294	0.00106909763412	-0.286186200101
660932	0.00106909763412	-0.26853680145
663442	0.00106909763412	-0.320897146361
667682	0.00106909763412	-0.294496410294
670229	0.00106909763412	-0.272678156383
672832	0.00106909763412	-0.270387989702
675494	0.00106909763412	-0.284501796821
677996	0.00106909763412	-0.270880131517
680805	0.00106909763412	-0.273415061878
683804	0.00106909763412	-0.277679033577
686403	0.00106909763412	-0.237919325475
689469	0.00106909763412	-0.215824498562
692065	0.00106909763412	-0.247273519868
694595	0.00106909763412	-0.282507526688
697314	0.00106909763412	-0.374167594826
699868	0.00106909763412	-0.378374191001
702474	0.00106909763412	-0.351266556652
705006	0.00106909763412	-0.311722687213
707518	0.00106909763412	-0.288048503222
710146	0.00106909763412	-0.362403234933
712656	0.00106909763412	-0.337345160777
715166	0.00106909763412	-0.333744392497
717687	0.00106909763412	-0.357493255287
720425	0.00106909763412	-0.360034783836
723171	0.00106909763412	-0.351665404858
725690	0.00106909763412	-0.353796445997
728201	0.00106909763412	-0.37640930037
731184	0.00106909763412	-0.327753198566
733708	0.00106909763412	-0.310031094123
736237	0.00106909763412	-0.315620701062
739090	0.00106909763412	-0.324769825907
741819	0.00106909763412	-0.349371697986
744320	0.00106909763412	-0.345279659377
746943	0.00106909763412	-0.346769799013
749731	0.00106909763412	-0.366081535816
752286	0.00106909763412	-0.45956467092
754846	0.00106909763412	-0.469980535796
757363	0.00106909763412	-0.325577762676
759879	0.00106909763412	-0.375815501669
762422	0.00106909763412	-0.359305206453
764963	0.00106909763412	-0.367998487549
767475	0.00106909763412	-0.372809573077
770002	0.00106909763412	-0.381486541126
772517	0.00106909763412	-0.371698812582
775140	0.00106909763412	-0.374125253875
777876	0.00106909763412	-0.367785203503
780384	0.00106909763412	-0.358353113057
782885	0.00106909763412	-0.364283242729
785392	0.00106909763412	-0.373417726485
787897	0.00106909763412	-0.310715069296
790803	0.00106909763412	-0.317491201218
793453	0.00106909763412	-0.306646583136
796029	0.00106909763412	-0.303669309942
798622	0.00106909763412	-0.255453576334
801159	0.00106909763412	-0.251328435261
804052	0.00106909763412	-0.255876840092
806569	0.00104893521621	-0.164184201974
809126	0.00101631173874	-0.178850744618
811720	0.00101631173874	-0.189669431653
814226	0.00104893521621	-0.157512112986
816727	0.00104893521621	-0.161369465757
819282	0.00104893521621	-0.145122044021
821819	0.00104893521621	-0.15770600806
824338	0.00104893521621	-0.145069736755
826850	0.00104893521621	-0.135301737813
829363	0.00104893521621	-0.107060978655
831936	0.0011218835295	-0.0732136457227
834477	0.0011218835295	-0.0496882786974
837077	0.0011218835295	-0.0423330783378
839593	0.0011218835295	-0.0304110564757
842116	0.0011218835295	-0.0107751258183
844841	0.0011218835295	0.00140169984661
847771	0.0011218835295	0.0106354774907
850320	0.0011218835295	0.00995650887489
853218	0.0011218835295	0.00962892523967
855727	0.0011218835295	0.0135436493438
858393	0.0011218835295	0.0176714812405
860923	0.00145105996135	0.0519840540364
863591	0.0011218835295	0.0181703055277
866099	0.00145105996135	0.039798747981
869560	0.00145105996135	0.0668868343346
872174	0.00248367379395	0.0719976732507
875261	0.00145105996135	0.0659767654724
877851	0.00145105996135	0.0668915226124
880431	0.00248367379395	0.0806944994256
884371	0.00253645968933	0.151143092196
887548	0.00253645968933	0.167956362246
890194	0.00253645968933	0.169905062998
892791	0.00253645968933	0.175990961259
895358	0.00253645968933	0.163602164481
898175	0.00253645968933	0.163605259964
900758	0.00289055824031	0.213269399013
903742	0.00289055824031	0.204502021195
906336	0.00289055824031	0.245914556319
909091	0.00289055824031	0.258451244095
911612	0.00513430600956	0.581895815907
914154	0.00513430600956	0.578106516041
916725	0.00387808753587	0.375704153208
919265	0.00451627798167	0.536285642302
922239	0.00451627798167	0.545068370178
924795	0.00451627798167	0.476022915449
927424	0.00513430600956	0.579528975068
930018	0.00451627798167	0.466028970433
932875	0.00451627798167	0.464594322955
935402	0.00451627798167	0.496326462599
938037	0.00387808753587	0.372714923229
940694	0.00387808753587	0.386319529498
943264	0.00387808753587	0.387483845931
945786	0.00387808753587	0.392398054712
948303	0.00387808753587	0.398008695571
950899	0.00451627798167	0.423479773803
953457	0.00289055824031	0.233331104042
956029	0.00289055824031	0.275323651265
958790	0.00387808753587	0.333792515565
961447	0.00387808753587	0.370727682486
964064	0.00451627798167	0.429725565016
966776	0.00387808753587	0.389100593049
969304	0.00387808753587	0.349617008585
971922	0.00387808753587	0.348274097778
974478	0.00387808753587	0.35242769355
977017	0.00387808753587	0.37026670808
981154	0.00253645968933	0.166888326174
983655	0.00253645968933	0.165232927306
986203	0.00289055824031	0.307925119763
988765	0.00289055824031	0.30203588889
991342	0.00387808753587	0.349707545713
993857	0.00387808753587	0.40739254863
997409	0.00451627798167	0.48888331675
999946	0.00289055824031	0.277318191715
1002447	0.00289055824031	0.255806435365
1005102	0.00289055824031	0.246330423513
1007628	0.00253645968933	0.185021984158
1010133	0.00145105996135	0.0643364551943
1012815	0.00145105996135	0.0690457543824
1015342	0.00145105996135	0.0514353429899
1018161	0.00129270227521	0.0351020351518
1020701	0.00115450700697	-0.0100438410882
1023310	0.00115450700697	-0.0364398052916
1026111	0.00104893521621	-0.111602524994
1028628	0.00104893521621	-0.113028561464
1031134	0.00113434458906	-0.0551914046519
1033663	0.00113434458906	-0.0616091468837
1036219	0.00113434458906	-0.0629511747975
1038812	0.00113434458906	-0.053039371036
1041352	0.00113434458906	-0.0742406840436
1043968	0.00113434458906	-0.0915230547544
1046634	0.00104893521621	-0.101941065397
1049188	0.00113434458906	-0.0599413483869
1051700	0.00104893521621	-0.100546784466
1054207	0.00104893521621	-0.115999573143
1056770	0.00104893521621	-0.125007216353
1059363	0.00104893521621	-0.175497686258
1062228	0.00104893521621	-0.187401048373
1064732	0.00104893521621	-0.196311201435
1068370	0.00101631173874	-0.209328098688
1070881	0.00101631173874	-0.211743874475
1073527	0.00106909763412	-0.265971410088
1076032	0.00106909763412	-0.26656892756
1078537	0.00106909763412	-0.254761113552
1081098	0.00106909763412	-0.248373250244
1083634	0.00106909763412	-0.279786262894
1086390	0.00106909763412	-0.326851943973
1088992	0.00106909763412	-0.32436559163
1091525	0.00106909763412	-0.331925017992
1094043	0.00106909763412	-0.311299027642
1096597	0.00106909763412	-0.316059420817
1099121	0.00106909763412	-0.319723710883
1101693	0.00106909763412	-0.309644717025
1104537	0.00106909763412	-0.27743641939
1107055	0.00106909763412	-0.302785292966
1109756	0.00106909763412	-0.348269341979
1112441	0.00106909763412	-0.371001719264
1114973	0.00106909763412	-0.345442050137
1117649	0.00106909763412	-0.372741029831
1120204	0.00106909763412	-0.391761309234
1122921	0.00106909763412	-0.420754063874
1125593	0.00106909763412	-0.449517535977
1128182	0.00106909763412	-0.472735722549
1130933	0.00106909763412	-0.532485123491
1133779	0.00106909763412	-0.584522819379
1136300	0.00106909763412	-0.594769224524
1138916	0.00106909763412	-0.652379212668
1141469	0.00106909763412	-0.652629042976
1144010	0.00106909763412	-0.698746380862
1146664	0.00106909763412	-0.694531894987
1149297	0.00106909763412	-0.724902436603
1152013	0.00106909763412	-0.719936800888
1154531	0.00106909763412	-0.731588169932
1157333	0.00106909763412	-0.765370186418
1160094	0.00106909763412	-0.838531015441
1162601	0.00106909763412	-0.842043012381
1165105	0.00106909763412	-0.837357050041
1167626	0.00106909763412	-0.83527711709
1170235	0.00106909763412	-0.851193507668
1172918	0.00106909763412	-0.896819373826
1175578	0.00106909763412	-0.863603229169
1178124	0.00106909763412	-0.878076799447
1180659	0.00106909763412	-0.890077541582
1183173	0.00106909763412	-0.897220020648
1185731	0.00106909763412	-0.933054578956
1188350	0.00106909763412	-0.926643071696
1190873	0.00106909763412	-0.927493851166
1193379	0.00106909763412	-0.925124744885
1195887	0.00106909763412	-0.929450320313
1198428	0.00106909763412	-0.935100399889
1200983	0.00106909763412	-0.935159032699
1203487	0.00106909763412	-0.871682576369
1206024	0.00106909763412	-0.876902002608
1208732	0.00106909763412	-0.886499392567
1211457	0.00106909763412	-0.863207180984
1213962	0.00106909763412	-0.834912181366
1216553	0.00106909763412	-0.820009941468
1219057	0.00106909763412	-0.769851711811
1221611	0.00106909763412	-0.744137298781
1224352	0.00106909763412	-0.729389668908
1227053	0.00106909763412	-0.701556089334
1229555	0.00106909763412	-0.76803604723
1232184	0.00106909763412	-0.731515299994
1235031	0.00106909763412	-0.743565815734
1238121	0.00106909763412	-0.771979193669
1240650	0.00106909763412	-0.764821443474
1243265	0.00106909763412	-0.759183449205
1245934	0.00106909763412	-0.737478881376
1248493	0.00106909763412	-0.732795006596
1251136	0.00106909763412	-0.723154746229
1253666	0.00106909763412	-0.675077410648
1256213	0.00106909763412	-0.630625075661
1258727	0.00106909763412	-0.638638166245
1261260	0.00106909763412	-0.676113558467
1263780	0.00106909763412	-0.683445164468
1266308	0.00106909763412	-0.694952839753
1268968	0.00106909763412	-0.695698375581
1271489	0.00106909763412	-0.578568553086
1274127	0.00106909763412	-0.703984149266
1276663	0.00106909763412	-0.69910724787
1279230	0.00106909763412	-0.718605252681
1281851	0.00106909763412	-0.754611340351
1284398	0.00106909763412	-0.752401296515
1287027	0.00106909763412	-0.949751457199
1289548	0.00106909763412	-1.01139582228
1292087	0.00106909763412	-1.03374553658
1294629	0.00106909763412	-1.01001898083
1297162	0.00106909763412	-0.961677956162
1299784	0.00106909763412	-0.938935362268
1302297	0.00106909763412	-0.89981279755
1307278	0.00106909763412	-0.912640138529
1310801	0.00106909763412	-0.921160182916
1313384	0.00106909763412	-0.884451511083
1315956	0.00106909763412	-0.9186967446
1318472	0.00106909763412	-0.902449195506
1321130	0.00106909763412	-0.910229996545
1323664	0.00106909763412	-0.90606995672
1326234	0.00106909763412	-0.847199213924
1328829	0.00106909763412	-0.810914049856
1331441	0.00106909763412	-0.826493162196
1334078	0.00106909763412	-0.815825363621
1336593	0.00106909763412	-0.752305432223
1339346	0.00106909763412	-0.775982587831
1341948	0.00106909763412	-0.789350764593
1344450	0.00106909763412	-0.750249712728
1347019	0.00106909763412	-0.7310749467
1349528	0.00106909763412	-0.72499046498
1352068	0.00106909763412	-0.723476308165
1354677	0.00106909763412	-0.749703069218
1357236	0.00106909763412	-0.746689572698
1359771	0.00106909763412	-0.722248977982
1362293	0.00106909763412	-0.713292331202
1364794	0.00106909763412	-0.695640548365
1367406	0.00106909763412	-0.824879176449
1369908	0.00106909763412	-0.837538191583
1372418	0.00106909763412	-0.845595116261
1375119	0.00106909763412	-0.845123284496
1377792	0.00106909763412	-0.843641985208
1380308	0.00106909763412	-0.844939576462
1383461	0.00106909763412	-0.873848764226
1386059	0.00106909763412	-0.871089779306
1388560	0.00106909763412	-1.00823661359
1391174	0.00106909763412	-1.02255942347
1394062	0.00106909763412	-0.99383638869
1396661	0.00106909763412	-1.1226529472
1399171	0.00106909763412	-1.12209349312
1401728	0.00106909763412	-1.12093421817
1404287	0.00106909763412	-1.07203026139
1407954	0.00106909763412	-1.02151633985
1410482	0.00106909763412	-1.00277866935
1413303	0.00106909763412	-1.02345498162
1415920	0.00106909763412	-0.994749114849
1418468	0.00106909763412	-0.986837563105
1421128	0.00106909763412	-0.951174967457
1423678	0.00106909763412	-0.927523678634
1426204	0.00106909763412	-0.929683592636
1428719	0.00106909763412	-0.935916667338
1431262	0.00106909763412	-0.940352295991
1433781	0.00106909763412	-0.893949476536
1436338	0.00106909763412	-0.876028559171
1438844	0.00106909763412	-0.607719508
1441408	0.00106909763412	-0.606929120375
1443999	0.00106909763412	-0.604865006171
1446511	0.00106909763412	-0.553750113351
1449099	0.00106909763412	-0.565404943191
1451630	0.00106909763412	-0.567853038665
1454223	0.00106909763412	-0.563721693587
1456733	0.00106909763412	-0.575375896413
1459359	0.00106909763412	-0.618912596954
1461996	0.00106909763412	-0.632573782001
1464722	0.00106909763412	-0.663065886125
1467235	0.00106909763412	-0.715388983255
1469775	0.00106909763412	-0.715870592743
1472297	0.00106909763412	-0.748707357096
1474806	0.00106909763412	-0.72963277949
1477319	0.00106909763412	-0.763550267788
1479852	0.00106909763412	-0.811273353873
1482424	0.00106909763412	-0.814603501698
1485228	0.00106909763412	-0.814074553549
1487749	0.00106909763412	-0.817590979161
1490533	0.00106909763412	-0.832492119167
1493148	0.00106909763412	-0.827355444431
1495667	0.00106909763412	-0.814192409161
1498201	0.00106909763412	-0.826533161104
1501100	0.00106909763412	-0.810712581268
1503638	0.00106909763412	-0.675086736446
1506230	0.00106909763412	-0.630277020391
1508740	0.00106909763412	-0.635309302714
1511270	0.00106909763412	-0.651494421763
1513807	0.00106909763412	-0.649300075136
1516310	0.00106909763412	-0.612076299964
1518835	0.00106909763412	-0.578720714431
1521412	0.00106909763412	-0.579118334223
1524415	0.00106909763412	-0.580173408845
1526953	0.00106909763412	-0.563066430157
1529470	0.00106909763412	-0.508192786481
1532143	0.00106909763412	-0.555792357307
1534678	0.00106909763412	-0.554944683798
1537451	0.00106909763412	-0.571747635724
1539953	0.00106909763412	-0.565703712637
1542457	0.00106909763412	-0.564768863376
1545048	0.00106909763412	-0.576873604674
1547647	0.00106909763412	-0.573259540601
1550867	0.00106909763412	-0.621866286499
1553705	0.00106909763412	-0.62913764501
1556592	0.00106909763412	-0.650192377158
1559151	0.00106909763412	-0.642678046133
1562104	0.00106909763412	-0.673258864786
1564690	0.00106909763412	-0.69411474443
1568313	0.00106909763412	-0.677989649354
1572184	0.00106909763412	-0.701510730432
1574840	0.00106909763412	-0.700326787774
1577352	0.00106909763412	-0.700643597404
1579875	0.00106909763412	-0.711488375673
1582391	0.00106909763412	-0.688731432427
1585332	0.00106909763412	-0.659360175487
1587996	0.00106909763412	-0.655797126237
1590537	0.00106909763412	-0.668217756087
1593108	0.00106909763412	-0.570440095617
1595729	0.00106909763412	-0.573154869722
1598375	0.00106909763412	-0.60987299541
1600898	0.00106909763412	-0.628901971504
1603558	0.00106909763412	-0.633912719786
1606153	0.00106909763412	-0.615187124349
1608690	0.00106909763412	-0.607687675627
1615017	0.00106909763412	-0.604132439243
1618963	0.00106909763412	-0.597085295711
1621469	0.00106909763412	-0.552298844326
1624023	0.00106909763412	-0.552158745471
1626533	0.00106909763412	-0.556571970228
1629040	0.00106909763412	-0.511093761772
1631559	0.00106909763412	-0.512465295615
1634065	0.00106909763412	-0.547840006882
1636597	0.00106909763412	-0.473113972927
1639104	0.00106909763412	-0.561430811184
1641662	0.00106909763412	-0.549058226403
1644434	0.00106909763412	-0.550341675524
1647298	0.00106909763412	-0.562365841586
1649869	0.00106909763412	-0.638573819539
1652416	0.00106909763412	-0.574572837912
1654950	0.00106909763412	-0.63975943136
1657457	0.00106909763412	-0.612512100954
1660093	0.00106909763412	-0.702969354112
1662601	0.00106909763412	-0.536507908488
1665136	0.00106909763412	-0.62646755157
1667663	0.00106909763412	-0.611830650596
1670165	0.00106909763412	-0.596098203911
1672712	0.00106909763412	-0.623489485355
1675335	0.00106909763412	-0.616922737565
1677853	0.00106909763412	-0.617493145633
1680540	0.00106909763412	-0.615671400214
1683043	0.00106909763412	-0.590511264512
1685580	0.00106909763412	-0.591153760906
1688108	0.00106909763412	-0.56939130812
1690631	0.00106909763412	-0.574982295977
1693141	0.00106909763412	-0.624705161201
1695647	0.00106909763412	-0.607609620085
1698189	0.00106909763412	-0.613331870874
1700707	0.00106909763412	-0.600465152878
1703279	0.00106909763412	-0.659126886865
1705786	0.00106909763412	-0.487478253897
1708289	0.00106909763412	-0.503227160778
1710830	0.00106909763412	-0.402966838097
1713339	0.00106909763412	-0.38392992341
1715870	0.00106909763412	-0.393594382098
1718375	0.00106909763412	-0.389818350784
1720877	0.00106909763412	-0.392019638792
1723427	0.00106909763412	-0.406227902509
1725939	0.00106909763412	-0.405152469641
1728550	0.00106909763412	-0.399257337209
1731054	0.00106909763412	-0.414819574915
1733563	0.00106909763412	-0.379500985146
1736350	0.00106909763412	-0.319044908509
1739292	0.00106909763412	-0.323229665169
1742214	0.00106909763412	-0.32325968286
1745054	0.00106909763412	-0.305180690484
1747606	0.00106909763412	-0.305540728848
1750350	0.00106909763412	-0.302071749233
1753438	0.00106909763412	-0.300933156395
1756416	0.00106909763412	-0.305373169947
1759220	0.00106909763412	-0.337180903414
1762250	0.00106909763412	-0.344814716605
1764813	0.00106909763412	-0.323664711555
1767335	0.00106909763412	-0.445197535446
1772135	0.00106909763412	-0.4337458706
1774953	0.00106909763412	-0.424065205967
1777517	0.00106909763412	-0.501593193505
1780372	0.00106909763412	-0.630374694709
1783108	0.00106909763412	-0.635617188178
1785626	0.00106909763412	-0.675061579095
1788458	0.00106909763412	-0.692696523853
1791452	0.00106909763412	-0.691767457407
1794308	0.00106909763412	-0.691697459668
1797908	0.00106909763412	-0.583190405043
1802116	0.00106909763412	-0.597109754337
1805078	0.00106909763412	-0.611234149896
1808915	0.00106909763412	-0.62215164816
1811546	0.00106909763412	-0.624582805438
1816480	0.00106909763412	-0.612170389621
1819429	0.00106909763412	-0.671891221544
1823286	0.00106909763412	-0.643375693588
1826388	0.00106909763412	-0.687584463507
1829439	0.00106909763412	-0.692850967404
1832074	0.00106909763412	-0.696782221086
1834806	0.00106909763412	-0.708722791402
1837313	0.00106909763412	-0.681398382178
1839830	0.00106909763412	-0.680449497188
1842428	0.00106909763412	-0.7043251656
1845044	0.00106909763412	-0.705886729993
1847576	0.00106909763412	-0.701786897145
1850152	0.00106909763412	-0.713069668505
1852707	0.00106909763412	-0.714902205393
1855223	0.00106909763412	-0.719514819561
1857750	0.00106909763412	-0.706480752211
1860257	0.00106909763412	-0.782542969799
1862977	0.00106909763412	-0.777184322476
1865840	0.00106909763412	-0.824129148386
1868541	0.00106909763412	-0.802898968803
1871537	0.00106909763412	-0.781646071933
1874356	0.00106909763412	-0.778144392883
1876880	0.00106909763412	-0.604682095349
1879520	0.00106909763412	-0.59631975228
1882158	0.00106909763412	-0.588065337855
1884826	0.00106909763412	-0.599583966425
1887432	0.00106909763412	-0.606610577321
1890008	0.00106909763412	-0.613242609194
1892554	0.00106909763412	-0.621204566443
1895076	0.00106909763412	-0.622944869101
1897669	0.00106909763412	-0.626236402662
1900339	0.00106909763412	-0.538819338894
1902875	0.00106909763412	-0.532180040609
1905386	0.00106909763412	-0.463624917436
1907915	0.00106909763412	-0.421969116898
1910474	0.00106909763412	-0.474125645123
1913098	0.00106909763412	-0.467468200717
1915608	0.00106909763412	-0.440928161144
1924757	0.00106909763412	-0.414602556266
1928838	0.00106909763412	-0.437503207009
1931446	0.00106909763412	-0.466587592615
1934393	0.00106909763412	-0.484067231882
1936922	0.00106909763412	-0.494711503386
1939616	0.00106909763412	-0.457016834058
1942574	0.00106909763412	-0.427683475893
1945244	0.00106909763412	-0.429709883407
1947782	0.00106909763412	-0.415491107851
1950508	0.00106909763412	-0.373238999397
1953162	0.00106909763412	-0.390390308574
1955751	0.00106909763412	-0.384390274063
1958525	0.00106909763412	-0.431219297927
1961067	0.00106909763412	-0.428135091905
1963617	0.00106909763412	-0.418476482388
1966370	0.00106909763412	-0.412524769083
1969016	0.00106909763412	-0.424902954372
1971632	0.00106909763412	-0.439920494333
1975413	0.00106909763412	-0.441387624014
1977924	0.00106909763412	-0.464803676587
1980427	0.00106909763412	-0.469731179764
1982975	0.00106909763412	-0.462416382506
1985496	0.00106909763412	-0.460385917453
1988031	0.00106909763412	-0.487807493191
1990555	0.00106909763412	-0.479611793533
1993231	0.00106909763412	-0.488077097572
1995771	0.00106909763412	-0.487165627535
1998391	0.00106909763412	-0.488968785852
2000999	0.00106909763412	-0.479892149568
2003588	0.00106909763412	-0.481972189154
2006105	0.00106909763412	-0.467980535701
2008612	0.00106909763412	-0.397087880643
2011154	0.00106909763412	-0.423886519857
2013657	0.00106909763412	-0.43453659839
2016173	0.00106909763412	-0.441756827757
2018701	0.00106909763412	-0.39736811514
2021210	0.00106909763412	-0.324660381768
2023776	0.00106909763412	-0.338718525134
2026304	0.00106909763412	-0.336492101196
2028834	0.00106909763412	-0.348488932475
2031337	0.00106909763412	-0.330219722353
2033843	0.00106909763412	-0.342192341108
2036345	0.00106909763412	-0.343405620893
2038855	0.00106909763412	-0.31729458645
2041362	0.00106909763412	-0.25526358583
2043905	0.00106909763412	-0.224940846674
2046528	0.00106909763412	-0.231635301141
2049049	0.00106909763412	-0.237816122826
2051614	0.00106909763412	-0.274205910973
2054117	0.00106909763412	-0.261228655465
2056722	0.00106909763412	-0.225215590326
2059233	0.00106909763412	-0.176573243458
2061777	0.00104893521621	-0.145713308826
2064458	0.00104893521621	-0.116316960659
2067028	0.00115450700697	0.016542887548
2069580	0.00145105996135	0.0364574920386
2072145	0.00104893521621	-0.076984657906
2074723	0.00104893521621	-0.0858709828462
2077531	0.00104893521621	-0.0985450677108
2080101	0.00104893521621	-0.149536814773
2082753	0.00104893521621	-0.116062299814
2085478	0.00104893521621	-0.125621832907
2087987	0.00104893521621	-0.134808292147
2090597	0.00104893521621	-0.138931539143
2093101	0.00104893521621	-0.138100209413
2095615	0.00106909763412	-0.193425553618
2098185	0.00104893521621	-0.13788360171
2210585	0.00104893521621	-0.0457469464745
2213095	0.00106909763412	-0.0787025648169
2215669	0.00104893521621	-0.00929238647223
2218300	0.00368710637226	0.149657266214
2220833	0.00106909763412	-0.0602268401999
2223446	0.00106909763412	-0.177217888646
2226188	0.00106909763412	-0.163332247641
2228690	0.00106909763412	-0.126134420279
2231386	0.00106909763412	-0.140014315955
2233905	0.00106909763412	-0.0732861312572
2236515	0.00106909763412	-0.0818274160847
2239041	0.00106909763412	-0.0780413355678
2242061	0.00106909763412	-0.0397271604743
2244563	0.00106909763412	-0.0366319173481
2247157	0.00106909763412	-0.0585370124318
2249715	0.00106909763412	-0.0340970233083
2252310	0.00106909763412	-0.0420172116719
2254947	0.00106909763412	-0.0382720283233
2257452	0.00106909763412	-0.0245619774796
2260033	0.00106909763412	-0.0266313017346
2262612	0.00106909763412	-0.0236627524719
2265466	0.00104893521621	0.00242497748695
2268837	0.00106909763412	-0.0696021744516
2271370	0.00104893521621	0.0103428792208
2274058	0.00106909763412	-0.0270021308679
2276595	0.00106909763412	-0.0655813929625
2279176	0.00106909763412	-0.0492344198283
2281692	0.00108926005203	-0.0170551296324
2284266	0.00108926005203	-0.0216426465195
2287215	0.00106909763412	-0.0538161527365
2289973	0.00106909763412	-0.048250678461
2293251	0.00106909763412	-0.0387682665605
2295834	0.00108926005203	-0.0184323189314
2298566	0.00108926005203	-0.019855236169
2302895	0.00108926005203	-0.0109950085171
2305512	0.00108926005203	0.000633778050542
2308027	0.00163433976663	0.0255568977445
2310733	0.00163433976663	0.0257615228184
2314151	0.00265449253966	0.075263470877
2316669	0.00289055824031	0.0740807608236
2319287	0.00289055824031	0.110998775112
2322141	0.00289055824031	0.0822809194215
2324773	0.00289055824031	0.0834281523712
2327503	0.00265449253966	0.0744659353513
2330382	0.00208154904881	0.0633323509246
2333381	0.00153646933421	0.0219801794738
2336910	0.00108926005203	0.01035289024
2341109	0.00108926005203	-0.0363912836183
2344025	0.00106909763412	-0.0920441206545
2346674	0.00106909763412	-0.166887500323
2349230	0.00106909763412	-0.210575669305
2352002	0.00106909763412	-0.230259134201
2354560	0.00106909763412	-0.125051310752
2357372	0.00106909763412	-0.111366465688
2360228	0.00106909763412	-0.113137051929
2362761	0.00106909763412	-0.0713981019799
2365445	0.00106909763412	-0.0893104870338
2368077	0.00106909763412	-0.0730235688388
2370585	0.00106909763412	-0.055989676388
2373160	0.00158925522959	0.019562195288
2375709	0.00194335378057	0.0677604342345
2378297	0.00334546888084	0.160723743262
2380964	0.0037523533272	0.158645102056
2383516	0.00304891592646	0.122495252173
2386020	0.00208154904881	0.0657495707273
2388648	0.00208154904881	0.0703700652812
2391155	0.00280514886746	0.0952360811643
2394212	0.00158925522959	0.0251235340256
2399550	0.00158925522959	0.00980827584863
2402072	0.00158925522959	0.0247309100814
2404595	0.00194335378057	0.0642249775119
2407340	0.00208154904881	0.0856349479873
2409874	0.00171974913948	0.0308821704239
2412420	0.00110172111159	-0.000594487646595
2415070	0.00158925522959	0.0127528703306
2417801	0.00158925522959	0.0051375888288
2420386	0.00158925522959	0.00750309228897
2423119	0.00171974913948	0.0257323039696
2425796	0.00171974913948	0.0342111294158
2428980	0.00158925522959	0.00671419687569
2431506	0.00158925522959	-0.000558146741241
2434078	0.00108926005203	-0.0202999478206
2436660	0.00110172111159	-0.013465163298
2439165	0.00106909763412	-0.0598492824938
2442142	0.00106909763412	-0.140690842643
2444660	0.00106909763412	-0.12235774938
2447620	0.00110172111159	-0.0190463254694
2450192	0.00194335378057	0.0750346810091
2452850	0.00466693430947	0.252046356909
2461385	0.00713428671981	0.480359505862
2466260	0.0101591799043	1.04933686811
2473605	0.0128299745378	1.75646861759
2476123	0.0147042210394	2.33171805507
2478699	0.0147042210394	2.3158162951
2481279	0.0147042210394	2.40970867523
2484125	0.0119557183914	1.95396827511
2486735	0.0115085091092	1.76429981529
2489275	0.0147042210394	2.48795100534
2491780	0.0147042210394	2.65420626453
2494329	0.0152896255898	2.80988782365
2496874	0.0161514206767	3.35784773738
2499419	0.0179479591638	3.5692618459
2501978	0.0193020480699	4.60362326447
2504527	0.0193020480699	4.84559558146
2507121	0.0193020480699	5.19825461879
2509639	0.0179479591638	4.7742322397
2512231	0.0188750012056	5.06380222086
2514732	0.0193020480699	5.6724501166
2517261	0.0161514206767	3.92516202596
2519871	0.0161514206767	3.39646861353
2522373	0.0152896255898	3.35871396144
2524954	0.0128299745378	2.45760576474
2528858	0.0120008029284	2.12515795743
2531429	0.0109154032004	1.8591250251
2533943	0.00804116634373	0.881993810879
2536510	0.0109154032004	1.50536669116
2539506	0.0109154032004	1.54298643488
2542186	0.0109154032004	1.49989743857
2545020	0.0109154032004	1.51998886606
2547668	0.00915918954918	1.19233417744
2550272	0.00804116634373	0.923174198484
2552807	0.00804116634373	0.879076432437
2555476	0.00804116634373	0.834239128744
2558854	0.00804116634373	0.967512761243
2561708	0.0102321282176	1.61440875498
2564546	0.0157896207674	3.57752474281
2567134	0.0157896207674	3.57666669041
2569646	0.0153097880077	3.36648120172
2572150	0.0147042210394	3.05045753974
2575147	0.0120008029284	2.30923976796
2580229	0.00713428671981	0.791575536365
2582764	0.00713428671981	0.706236088648
2585454	0.00713428671981	0.706243016757
2588436	0.0062321667971	0.576197211631
2590977	0.0062321667971	0.562052803347
2593607	0.00541069654603	0.513700631913
2596166	0.00541069654603	0.516005800106
2598690	0.00466693430947	0.314007132547
2601205	0.00110172111159	-0.035704508191
2603766	0.00334546888084	0.0888356829528
2606494	0.00356907352193	0.195093968883
2609158	0.00347596279073	0.142656318611
2611716	0.00334546888084	0.0837183254771
2614623	0.00194335378057	0.0506629815791
2617196	0.00194335378057	0.0366263142787
2619926	0.00194335378057	0.0381639497355
2622443	0.00194335378057	0.0534493206069
2625053	0.00194335378057	0.04747160431
2627748	0.00194335378057	0.0582909940276
2630492	0.00171974913948	0.0138012480456
2633086	0.00110172111159	-0.0355371607002
2635612	0.00110172111159	-0.0657828869298
2639014	0.00110172111159	-0.0546447739471
2641584	0.00110172111159	-0.0724503588863
2644094	0.00110172111159	-0.0634664222598
2646868	0.00106909763412	-0.130678426707
2649615	0.00106909763412	-0.119649183936
2652132	0.00106909763412	-0.131075955927
2654699	0.00106909763412	-0.126463681459
2657216	0.00106909763412	-0.155411949148
2659811	0.00106909763412	-0.123367801076
2662491	0.00106909763412	-0.106521468144
2665489	0.00110172111159	-0.0682619831059
2668013	0.00110172111159	-0.0427016280591
2670563	0.00110172111159	-0.0310376477428
2673315	0.00194335378057	0.0527866410557
2675881	0.00631757616996	0.55645181681
2678392	0.00728494304761	0.778051312547
2681071	0.00804116634373	0.942066570977
2684231	0.0097445940996	1.24045883724
2686992	0.0109154032004	1.48807513528
2689733	0.0129153839107	2.1940030111
2692238	0.0145737271295	2.54898133734
2695105	0.0159479784535	3.05721647711
2697777	0.0179479591638	3.58261591662
2701831	0.0179479591638	3.94840506907
2704434	0.0179479591638	3.87966628722
2707033	0.0189402481606	4.52771848417
2709922	0.0189402481606	4.68095893087
2712459	0.0189402481606	4.35233171075
2715063	0.0189402481606	4.36966128391
2717566	0.0189402481606	4.54716755543
2720089	0.0229402095811	6.12677397043
2722665	0.0235054517136	6.13832806912
2725177	0.0235054517136	6.00702567818
2727949	0.0235054517136	6.10882090474
2730607	0.0235054517136	6.23904547864
2733152	0.0235054517136	6.24750052299
2735860	0.0241311810998	6.65460960055
2738555	0.0241311810998	6.71598850796
2741091	0.0229402095811	5.6976034469
2743632	0.0235054517136	5.6353153754
2746191	0.0235054517136	5.82130428241
2749300	0.0235054517136	6.09367125668
2752094	0.0235054517136	6.04929458117
2754648	0.0222367721803	5.67590213567
2757173	0.0203423632608	5.21191310021
2759765	0.0206312148569	4.88933695597
2762764	0.0179479591638	3.74655359611
2765275	0.0158750301402	3.06037764531
2767825	0.0158750301402	2.73383171251
2770537	0.0147042210394	2.46739250817
2773698	0.0158750301402	2.78077222244
2776437	0.0158750301402	2.63404664909
2779009	0.0147042210394	2.60842153965
2781536	0.0145737271295	2.42393974215
2784128	0.0145737271295	2.16086558485
2786751	0.0133098072975	2.05559982732
2789603	0.0133098072975	2.0747490651
2792217	0.0115085091092	1.66776325228
2794752	0.0109154032004	1.60956447152
2797305	0.0115085091092	1.73403020762
2799826	0.00879738963986	1.18887404958
2802733	0.0100209846361	1.52565305633
2805458	0.0097445940996	1.33003562363
2807960	0.00541069654603	0.474903920433
2810469	0.00673216197466	0.606737668626
2813181	0.00541069654603	0.485745303333
2815782	0.00477250610023	0.349940578686
2818399	0.00356907352193	0.269553346094
2820938	0.00356907352193	0.285962765571
2823519	0.00541069654603	0.391837043222
2826054	0.00631757616996	0.491052842932
2828701	0.00804116634373	0.824482913362
2831299	0.00879738963986	1.06952753034
2833979	0.00804116634373	1.04413877334
2837133	0.0102321282176	1.49672292173
2840140	0.0147042210394	2.73715034779
2842772	0.015980601931	3.29819922196
2845325	0.0179479591638	3.57253564917
2847875	0.0167368252271	3.62095218897
2850381	0.0167368252271	3.58169029723
2853012	0.0179479591638	4.17432816699
2855732	0.0179479591638	4.22240479081
2858240	0.0189402481606	4.69968228694
2860758	0.0206312148569	5.59020232665
2863338	0.0211964569894	6.05825746036
2865902	0.0211964569894	6.00607645884
2868585	0.0206840007522	6.36335129151
2872238	0.0222367721803	5.83030761848
2874841	0.0206840007522	5.30041049444
2877637	0.0203548243204	5.05998267978
2880186	0.0189402481606	4.63988057012
2882818	0.0189402481606	4.73534341296
2885459	0.0206840007522	5.2727762966
2887966	0.0213020287801	5.62336619967
2890529	0.0225784096717	5.98696338991
2893200	0.0225784096717	5.85872486699
2895738	0.0213020287801	5.62181404838
2898290	0.0203548243204	5.43825917621
2900960	0.0189402481606	5.13014730788
2903581	0.0189402481606	4.94444710994
2906089	0.0167368252271	3.89661164256
2908879	0.0133098072975	2.58510575537
2911382	0.0128299745378	2.3650569215
2914345	0.0109154032004	1.68640456372
2916886	0.00631757616996	0.609013683395
2919404	0.00541069654603	0.52796873101
2922212	0.00541069654603	0.508790804073
2924727	0.00631757616996	0.541792826727
2927383	0.00541069654603	0.511295682052
2930427	0.00480512957771	0.345888671931
2933263	0.00437808271344	0.268913364969
2935779	0.00316694877678	0.116714379983
2938408	0.00194335378057	0.0834747822955
2941255	0.00194335378057	0.0793272859883
2943799	0.00194335378057	0.0612161080353
2946338	0.00194335378057	0.0645875725895
2948963	0.00171974913948	-0.0211502066813
2951713	0.00110172111159	-0.058839534875
2954239	0.00110172111159	-0.0644907541573
2957012	0.00110172111159	-0.061200435739
2959545	0.00110172111159	-0.0579329049215
2962113	0.00110172111159	-0.0567098578904
2964633	0.00108926005203	-0.0684537105262
2967227	0.00108926005203	-0.0896017572377
2969910	0.00108926005203	-0.109722317895
2972781	0.00108926005203	-0.125358374091
2975297	0.00108926005203	-0.148788693594
2977925	0.00108926005203	-0.155532800825
2980532	0.00108926005203	-0.21029060008
2983230	0.00108926005203	-0.146984711522
2985905	0.00108926005203	-0.117422350682
2988409	0.00108926005203	-0.102797193686
2991035	0.00108926005203	-0.0916639755014
2993927	0.00108926005203	-0.0644615613855
2996558	0.00110172111159	-0.059892837191
2999100	0.00108926005203	-0.0718170702457
3001646	0.00108926005203	-0.093577478081
3004158	0.00108926005203	-0.0984147707932
3006699	0.00108926005203	-0.0895350528881
3009442	0.00110172111159	-0.0526547171175
3012126	0.00171974913948	0.00836234306917
3014859	0.00171974913948	-0.0210203635506
3017424	0.00158925522959	-0.0458464596886
3019993	0.00171974913948	0.0426049467642
3022535	0.00171974913948	0.00995914987288
3025779	0.00171974913948	0.0210106461309
3028286	0.00171974913948	0.0169058565516
3030796	0.00171974913948	-0.0164938818198
3033466	0.00171974913948	-0.0273160422221
3036091	0.00158925522959	-0.037497601239
3038963	0.00108926005203	-0.132213576697
3041485	0.00108926005203	-0.155535477214
3044095	0.00108926005203	-0.153983343858
3046641	0.00108926005203	-0.160181394545
3049243	0.00108926005203	-0.158013922162
3052056	0.00108926005203	-0.165869027842
3054574	0.00106909763412	-0.245142565807
3057173	0.00106909763412	-0.238394941669
3059692	0.00106909763412	-0.223120663315
3062200	0.00108926005203	-0.145449226722
3064704	0.00108926005203	-0.099952601362
3067450	0.00110172111159	-0.0661410805769
3070172	0.00110172111159	-0.0505389161408
3073100	0.00171974913948	-0.0408512898721
3075852	0.00158925522959	-0.0516141608823
3079060	0.00110172111159	-0.0816455234308
3081611	0.00158925522959	-0.0497775005642
3084247	0.00356907352193	0.220923204441
3086776	0.00442316725047	0.335165793309
3089514	0.0109154032004	1.73110680631
3092210	0.0118626076602	2.02299702773
3094783	0.0133098072975	2.84022631939
3097351	0.0145737271295	3.14285649592
3100233	0.0157896207674	3.57497740863
3102754	0.0179479591638	4.06092901807
3105269	0.0189402481606	4.66846622736
3108784	0.0193020480699	4.90122667653
3111453	0.0189402481606	4.6302741277
3114092	0.018086154432	4.34948731004
3117280	0.0153097880077	3.2036750149
3120042	0.0146917599798	2.96497746697
3123001	0.0145737271295	2.7616632781
3125867	0.0133098072975	2.59826590726
3128465	0.0128299745378	2.47570191929
3131095	0.0109154032004	1.51771835238
3133675	0.0118626076602	1.99732153118
3136304	0.0118626076602	2.00918122847
3138863	0.0145737271295	3.20911147026
3141558	0.0147042210394	2.93635679944
3144218	0.0147042210394	2.87067762692
3147110	0.0147042210394	2.6606638073
3149648	0.0145737271295	2.66766811255
3152320	0.0145737271295	2.6776294969
3155054	0.0145737271295	2.52221353818
3157813	0.0145737271295	2.5538140533
3160695	0.0145737271295	2.55692523858
3163281	0.0147042210394	2.8530437022
3165890	0.0179277967459	3.78740973305
3169125	0.0189402481606	4.08061092626
3171900	0.0193020480699	4.4035286
3174469	0.0193020480699	4.40364420554
3177454	0.0206312148569	5.20208988152
3180359	0.0235457765494	6.56119679008
3182980	0.0245380655462	6.93336681556
3185485	0.0235457765494	6.96916078753
3188047	0.0269200085836	7.77638996346
3190695	0.0269200085836	8.37031210912
3193261	0.0269200085836	9.01852964517
3195765	0.0285178645487	9.3509354135
3198675	0.0285178645487	9.6881917729
3201247	0.0285178645487	9.63031597808
3203846	0.0269200085836	9.63532494614
3206389	0.0269200085836	9.31168035441
3208995	0.0222367721803	6.89158713329
3211694	0.0235457765494	7.71374945669
3214351	0.0235457765494	7.61742243404
3217997	0.0235457765494	7.55076443683
3220508	0.0235457765494	7.70922680525
3223075	0.0233144705499	7.73752471129
3226033	0.0194930292335	7.02801547851
3228579	0.0194930292335	6.69523239089
3231097	0.0211110476165	6.60707586515
3233712	0.0179479591638	4.97614467167
3236231	0.0179479591638	4.65918171057
3238859	0.0158750301402	4.259539444
3241728	0.0158750301402	3.68711420614
3244277	0.0175458344186	4.19516636967
3246925	0.0189402481606	4.53007274098
3249521	0.0189402481606	4.49998585251
3252290	0.0189402481606	4.59593411279
3254888	0.0179479591638	4.35731735709
3257585	0.0158750301402	3.91654313938
3260280	0.0158750301402	3.75577960745
3262797	0.0158750301402	3.68442840362
3265353	0.0158750301402	3.89781015506
3267890	0.0145737271295	3.26764021139
3270637	0.0145737271295	3.07708782982
3273212	0.0158750301402	3.61085913633
3275872	0.0158750301402	3.77984042675
3278393	0.0158750301402	4.07009303663
3281499	0.0158750301402	3.91760855028
3284006	0.0158750301402	3.8059940543
3287190	0.0158750301402	4.27610184904
3289698	0.0158750301402	4.25439729402
3292208	0.0158750301402	4.5399191326
3294719	0.0158750301402	4.84966162406
3297248	0.0175458344186	4.93839348899
3299776	0.0179479591638	5.24807029357
3302460	0.0183548436101	5.57153156353
3304983	0.0193020480699	6.13823237806
3308092	0.0211839959298	6.3252570855
3310626	0.0194930292335	6.36892918241
3313412	0.0229402095811	7.01186707034
3315969	0.0233144705499	7.00632630428
3318476	0.0235457765494	7.28311791131
3321052	0.0241311810998	7.57175331702
3323560	0.0245380655462	7.72060927283
3326081	0.0241311810998	7.45047100564
3328761	0.0211839959298	6.06656961073
3331361	0.0193020480699	5.75479422184
3333878	0.0189402481606	4.07658569142
3336403	0.0175458344186	3.59815975465
3338990	0.0189402481606	4.23097262438
3341573	0.0189402481606	4.15132081183
3344199	0.0189402481606	4.13785971934
3346901	0.0189402481606	4.16057799384
3349418	0.0179479591638	3.79237439181
3351935	0.0179479591638	3.95227846154
3354595	0.0179479591638	4.04481758317
3357916	0.0189402481606	4.31934828055
3360483	0.0193020480699	5.03940202761
3363708	0.0189402481606	4.87627415359
3366809	0.0189402481606	4.65537865669
3369365	0.0189402481606	4.79019191745
3372131	0.0189402481606	5.0248804267
3374639	0.0158750301402	3.91626255354
3377241	0.0179479591638	4.50485931872
3379814	0.0162368300496	4.08971404331
3383106	0.0158750301402	3.8489150838
3386012	0.0147042210394	3.35387397581
3388518	0.0128827604332	2.621746141
3391062	0.0100209846361	1.90277077653
3393596	0.00879738963986	1.51451629191
3396522	0.00804116634373	1.10196604207
3399044	0.00719953367475	0.905921876198
3401902	0.00719953367475	0.816349084955
3404461	0.00719953367475	0.898901693989
3407059	0.0097445940996	1.62346116756
3409873	0.0109154032004	1.92136736424
3412464	0.0118626076602	2.42809219845
3420352	0.0147042210394	2.69169426104
3422863	0.0158750301402	3.20151085476
3425405	0.0179479591638	4.02155088028
3428134	0.0179479591638	4.05024335021
3430661	0.0179479591638	4.24564154213
3433367	0.0188951636235	4.34544231882
3436109	0.0188951636235	4.30307634873
3438647	0.0189402481606	4.350494012
3441219	0.0193020480699	4.94467716478
3443817	0.0193020480699	4.89751668926
3446527	0.0193020480699	4.74548609997
3449428	0.0193020480699	4.5506190313
3451936	0.0188951636235	4.2110487835
3454542	0.0179479591638	4.01745613082
3459492	0.0161514206767	3.23174083978
3462356	0.0147042210394	2.93422745541
3464874	0.00713428671981	0.73655018094
3467425	0.0138952118479	2.78423970542
3470073	0.0138952118479	2.51627727645
3472889	0.0147042210394	2.53011750057
3477814	0.0159479784535	3.11975198914
3480396	0.0161514206767	3.27943477873
3483302	0.0161514206767	3.47469727043
3485877	0.0147042210394	2.63492298871
3488533	0.0128625980153	2.01268559182
3492350	0.0111467091999	1.47094421112
3494876	0.0115085091092	1.40191176604
3497926	0.0101591799043	1.1681910723
3505365	0.00915918954918	0.890980160329
3507872	0.00713428671981	0.544788623461
3510599	0.0062321667971	0.429579443298
3513866	0.00532528717318	0.305985443527
3516453	0.00356907352193	0.185458104592
3519478	0.00194335378057	0.07859831932
3522644	0.00194335378057	0.0677061837632
3525970	0.00158925522959	0.0123122120276
3528520	0.00158925522959	0.000858334358782
3531519	0.00110172111159	-0.0209616182838
3534368	0.00106909763412	-0.0632247140165
3536987	0.00110172111159	-0.0191452896688
3539642	0.00110172111159	-0.0230250891764
3542143	0.00145105996135	0.00608047214337
3544706	0.00158925522959	0.0108415558934
3547605	0.00110172111159	0.00296258879825
3550786	0.00145105996135	0.00447533628903
3553309	0.00158925522959	0.0104536495637
3556010	0.00158925522959	0.0247110459022
3558520	0.00110172111159	-0.00538873462938
3561368	0.00194335378057	0.0597674206365
3563964	0.00302875350855	0.148417215794
3566965	0.00302875350855	0.135994107462
3569622	0.00110172111159	-0.0221852159593
3572480	0.00110172111159	-0.0255197412334
3575075	0.00106909763412	-0.0424173227511
3577730	0.00106909763412	-0.0454511053395
3580402	0.00106909763412	-0.0545299507212
3584518	0.00106909763412	-0.061507262988
3587368	0.00106909763412	-0.122639581095
3589959	0.00106909763412	-0.126876149559
3592598	0.00106909763412	-0.128264326602
3595115	0.00106909763412	-0.120541612618
3597726	0.00106909763412	-0.0993854962289
3600299	0.00106909763412	-0.0698452852666
3603594	0.00106909763412	-0.0744257145561
3606111	0.00108926005203	-0.0156535613351
3608664	0.00106909763412	-0.0425514448434
3611280	0.00106909763412	-0.0473071066663
3613805	0.00106909763412	-0.112165807281
3616371	0.00106909763412	-0.155988327926
3618945	0.00106909763412	-0.174220842775
3621647	0.00106909763412	-0.179773172829
3624753	0.00106909763412	-0.21114750253
3627273	0.00106909763412	-0.239538262598
3629858	0.00106909763412	-0.260509128449
3632522	0.00106909763412	-0.267531485762
3635239	0.00106909763412	-0.295906114858
3637752	0.00106909763412	-0.37336974591
3640261	0.00106909763412	-0.285023327451
3642819	0.00106909763412	-0.231037883088
3645337	0.00106909763412	-0.238481451524
3647866	0.00106909763412	-0.244563229615
3650371	0.00106909763412	-0.239852439146
3652970	0.00106909763412	-0.230242077261
3655520	0.00106909763412	-0.241998395417
3658068	0.00106909763412	-0.287594932131
3660681	0.00106909763412	-0.298429290298
3663230	0.00106909763412	-0.278277322184
3665978	0.00106909763412	-0.323272030335
3668603	0.00106909763412	-0.361801842926
3671251	0.00106909763412	-0.372640782269
3673958	0.00106909763412	-0.350937281037
3677965	0.00106909763412	-0.319337103982
3680501	0.00106909763412	-0.299346851418
3683055	0.00106909763412	-0.300257200841
3685578	0.00106909763412	-0.36128315283
3688128	0.00106909763412	-0.358677377691
3690803	0.00106909763412	-0.343942860374
3693890	0.00106909763412	-0.347112050513
3696422	0.00106909763412	-0.338732375763
3698946	0.00106909763412	-0.314699972514
3701519	0.00106909763412	-0.336675431812
3704156	0.00106909763412	-0.332196749747
3706860	0.00106909763412	-0.223685642937
3709976	0.00106909763412	-0.186200006865
3712544	0.00106909763412	-0.176539149601
3715231	0.00106909763412	-0.185036910232
3718055	0.00106909763412	-0.193121746415
3721394	0.00106909763412	-0.197980399244
3724076	0.00106909763412	-0.19995622267
3727347	0.00106909763412	-0.228787988657
3730654	0.00106909763412	-0.254377104808
3733162	0.00106909763412	-0.256028708071
3735881	0.00106909763412	-0.227571838535
3739318	0.00106909763412	-0.354361784412
3741953	0.00106909763412	-0.373617162462
3744542	0.00106909763412	-0.38869924238
3747346	0.00106909763412	-0.414373591542
3750235	0.00106909763412	-0.349998988211
3753269	0.00106909763412	-0.372233069269
3755798	0.00106909763412	-0.368798498996
3758477	0.00106909763412	-0.349630989833
3760986	0.00106909763412	-0.330736105796
3763797	0.00106909763412	-0.410906156525
3766442	0.00106909763412	-0.360050865216
3770056	0.00106909763412	-0.324807339115
3772786	0.00106909763412	-0.353633993538
3775470	0.00106909763412	-0.371898404788
3778574	0.00106909763412	-0.359240027843
3781207	0.00106909763412	-0.514964132104
3783767	0.00106909763412	-0.433131568599
3786429	0.00106909763412	-0.406006929697
3788937	0.00106909763412	-0.392600869294
3791696	0.00106909763412	-0.35325899208
3794401	0.00106909763412	-0.359814672265
3796908	0.00106909763412	-0.330409708433
3799460	0.00106909763412	-0.334071691614
3802324	0.00106909763412	-0.378116967389
3804852	0.00106909763412	-0.352306132438
3807445	0.00106909763412	-0.528636171017
3810002	0.00106909763412	-0.351778474171
3812627	0.00106909763412	-0.331596873701
3815292	0.00106909763412	-0.310939220944
3817892	0.00106909763412	-0.292798212729
3820456	0.00106909763412	-0.209321220173
3823124	0.00106909763412	-0.176464220043
3825652	0.0011218835295	-0.0720799725968
3828178	0.0011218835295	-0.0458711059764
3830877	0.0011218835295	-0.0510145295411
3833417	0.00266695359922	0.134108724073
3836249	0.00451627798167	0.341644619592
3838959	0.00560167770965	0.510405707406
3841601	0.00595577626063	0.529146737419
3844215	0.00560167770965	0.469299118035
3846876	0.00595577626063	0.587647945154
3849637	0.00595577626063	0.538955779281
3852309	0.00595577626063	0.579919610173
3854897	0.00451627798167	0.409682969097
3857636	0.00145105996135	0.0631804189179
3860199	0.0011218835295	0.0326703034807
3862811	0.0011218835295	0.0180036434904
3865466	0.0011218835295	-0.00776000111364
3868088	0.0011218835295	-0.0102278809063
3870642	0.0011218835295	-0.0196666107513
3873976	0.0011218835295	-0.0247262979392
3876494	0.0011218835295	-0.030790721532
3879228	0.00103647415665	-0.118218221236
3882084	0.00106909763412	-0.245834677946
3884625	0.00106909763412	-0.2966210132
3887153	0.00106909763412	-0.274122017901
3889668	0.00106909763412	-0.291649768129
3892185	0.00106909763412	-0.29472677107
3894722	0.00106909763412	-0.294827765552
3897260	0.00106909763412	-0.279999021441
3900323	0.00106909763412	-0.285666664597
3903033	0.00106909763412	-0.311792573892
3905562	0.00106909763412	-0.317808608059
3908107	0.00106909763412	-0.325376892928
3910903	0.00106909763412	-0.328378501814
3913498	0.00106909763412	-0.301973598544
3916047	0.00106909763412	-0.249896565219
3919372	0.00106909763412	-0.25130926515
3922261	0.00106909763412	-0.250467326492
3924787	0.00106909763412	-0.236895565642
3927331	0.00106909763412	-0.214158829069
3929858	0.00106909763412	-0.204858785728
3932375	0.00106909763412	-0.208073121728
3935324	0.00106909763412	-0.202654767083
3937840	0.00103647415665	-0.186185580911
3940405	0.00103647415665	-0.191543414956
3943054	0.00103647415665	-0.173712112708
3945611	0.00106909763412	-0.276661151554
3948175	0.00106909763412	-0.279193606228
3950809	0.00106909763412	-0.348054427188
3953910	0.00106909763412	-0.361287608743
3957948	0.00106909763412	-0.390794411069
3960770	0.00106909763412	-0.440372645855
3965579	0.00106909763412	-0.449922946515
3968101	0.00106909763412	-0.468937190948
3970646	0.00106909763412	-0.472844816744
3973323	0.00106909763412	-0.493481375976
3975833	0.00106909763412	-0.45937924087
3978764	0.00106909763412	-0.463681314839
3981659	0.00106909763412	-0.465078841429
3984197	0.00106909763412	-0.458589572925
3987218	0.00106909763412	-0.455536379479
3989824	0.00106909763412	-0.435374715831
3992327	0.00106909763412	-0.394788041245
3994936	0.00106909763412	-0.400994485477
3997444	0.00106909763412	-0.400094959885
3999947	0.00106909763412	-0.369011575822
4002468	0.00106909763412	-0.344803008018
4005214	0.00106909763412	-0.371733843582
4007838	0.00106909763412	-0.388254850172
4010923	0.00106909763412	-0.380229862873
4013954	0.00106909763412	-0.381199894473
4016583	0.00106909763412	-0.386518905405
4019153	0.00106909763412	-0.389673882863
4021691	0.00106909763412	-0.386719953269
4024263	0.00106909763412	-0.438225530321
4027109	0.00106909763412	-0.433677908266
4029739	0.00106909763412	-0.283844355959
4032424	0.00106909763412	-0.267978438642
4035370	0.00103647415665	-0.206054187147
4038140	0.00103647415665	-0.212047649082
4041604	0.00103647415665	-0.203225175152
4044364	0.00103647415665	-0.175007265061
4046947	0.00113434458906	-0.10390907852
4050120	0.00113434458906	-0.120050139027
4052782	0.00113434458906	-0.129124794621
4055374	0.00103647415665	-0.165893051308
4058153	0.00103647415665	-0.177186910994
4060711	0.00103647415665	-0.209522646386
4063221	0.00106909763412	-0.316528025782
4065767	0.00106909763412	-0.352072658483
4068269	0.00106909763412	-0.352664598729
4070934	0.00106909763412	-0.383018075954
4073459	0.00106909763412	-0.352652279194
4075997	0.00106909763412	-0.335124736186
4078833	0.00106909763412	-0.342175162397
4081459	0.00106909763412	-0.446949207922
4083973	0.00106909763412	-0.516476087272
4086523	0.00106909763412	-0.534534421982
4089054	0.00106909763412	-0.42855112534
4091646	0.00106909763412	-0.389777177712
4094274	0.00106909763412	-0.392829331802
4097024	0.00106909763412	-0.382396752713
4099669	0.00106909763412	-0.39293840481
4102251	0.00106909763412	-0.360794070177
4105423	0.00106909763412	-0.361563318875
4107997	0.00106909763412	-0.346686369507
4110535	0.00106909763412	-0.334869429469
4113100	0.00106909763412	-0.326047541806
4115637	0.00106909763412	-0.270340077812
4118150	0.00103647415665	-0.185491325567
4120725	0.00103647415665	-0.180633018259
4123339	0.00103647415665	-0.190202666447
4126914	0.00103647415665	-0.247224608902
4129428	0.00103647415665	-0.221347438637
4132835	0.00103647415665	-0.223903495818
4185204	0.00103647415665	-0.162751385942
4188777	0.00106909763412	-0.250426255865
4191286	0.00106909763412	-0.263637121767
4197902	0.00106909763412	-0.28023419017
4202201	0.00106909763412	-0.268471999094
4205511	0.00106909763412	-0.249538881006
4208016	0.00106909763412	-0.282780127367
4210518	0.00106909763412	-0.336032638792
4213084	0.00106909763412	-0.336601311807
4215880	0.00106909763412	-0.288711741101
4218551	0.00103647415665	-0.215712243691
4221052	0.00103647415665	-0.208321869839
4223664	0.00103647415665	-0.209494853159
4226457	0.00103647415665	-0.190397420665
4228999	0.00103647415665	-0.173296660651
4231616	0.00103647415665	-0.171890322585
4235174	0.00103647415665	-0.165857303655
4238429	0.00103647415665	-0.156898923218
4241039	0.0011218835295	-0.097804091638
4244020	0.0011218835295	-0.0357968898024
4246793	0.0011218835295	-0.0553664378822
4249377	0.0011218835295	-0.037588801235
4251948	0.0011218835295	-0.0277344519272
4255275	0.0011218835295	-0.0295374314301
4258127	0.0011218835295	-0.0683334739879
4260834	0.0011218835295	-0.0835344782099
4263485	0.0011218835295	-0.0739179744851
4266022	0.00103647415665	-0.143583226483
4269274	0.00103647415665	-0.128228190588
4271789	0.00103647415665	-0.118290446
4274314	0.0011218835295	-0.10110213072
4276951	0.0011218835295	-0.0359144043177
4279491	0.0011218835295	-0.00453018490225
4282769	0.0011218835295	-0.000271442346275
4285398	0.00122745532026	0.0232320826035
4287936	0.00122745532026	0.0330815897323
4290574	0.00266695359922	0.0613151609432
4293174	0.00266695359922	0.12622094946
4295809	0.00302875350855	0.17131646839
4298765	0.00427251092267	0.217455216683
4301756	0.00560167770965	0.289214171702
4304321	0.00560167770965	0.318593400531
4306841	0.00560167770965	0.336994411889
4309456	0.00560167770965	0.314601321006
4312261	0.00560167770965	0.304510413203
4314776	0.00427251092267	0.260845353594
4317889	0.00560167770965	0.337688122876
4320411	0.00560167770965	0.445010865107
4322935	0.00383776270005	0.231061578495
4325543	0.00122745532026	0.0377528974786
4328158	0.0011218835295	-0.0127623416483
4332547	0.0011218835295	-0.0486310275737
4335089	0.0011218835295	-0.103735330747
4337714	0.00103647415665	-0.15815851232
4340248	0.00103647415665	-0.191474216525
4342898	0.00103647415665	-0.186052366626
4345548	0.00103647415665	-0.194512078771
4348382	0.00103647415665	-0.21529922029
4351042	0.00103647415665	-0.262177603086
4354263	0.00106909763412	-0.32840102748
4356983	0.00106909763412	-0.34520689561
4359860	0.00103647415665	-0.312965118559
4362570	0.00103647415665	-0.288652129006
4365074	0.00103647415665	-0.312731542625
4367587	0.00103647415665	-0.32659075316
4370093	0.00106909763412	-0.371483690105
4372604	0.00106909763412	-0.378761449363
4375183	0.00106909763412	-0.404331309721
4377940	0.00106909763412	-0.381672449643
4380925	0.00106909763412	-0.396034356207
4383464	0.00106909763412	-0.446372247534
4386079	0.00106909763412	-0.47927366849
4388687	0.00106909763412	-0.48332935106
4391245	0.00106909763412	-0.438787099672
4393778	0.00106909763412	-0.427939442918
4396285	0.00106909763412	-0.436422013212
4398807	0.00106909763412	-0.394804454874
4401355	0.00106909763412	-0.406575985719
4403928	0.00106909763412	-0.403955527814
4406440	0.00106909763412	-0.453212520573
4408979	0.00106909763412	-0.47207481158
4411494	0.00106909763412	-0.497606908437
4414095	0.00106909763412	-0.503336630994
4416621	0.00106909763412	-0.600853763521
4419140	0.00106909763412	-0.650296332547
4421852	0.00106909763412	-0.629862779751
4425631	0.00106909763412	-0.632119037444
4428150	0.00106909763412	-0.654196926393
4430796	0.00106909763412	-0.626021759352
4433482	0.00106909763412	-0.595621383749
4436166	0.00106909763412	-0.614476793911
4438739	0.00106909763412	-0.619817856234
4441248	0.00106909763412	-0.637778133387
4443816	0.00106909763412	-0.641409622505
4446470	0.00106909763412	-0.689067195635
4449131	0.00106909763412	-0.699122429127
4451686	0.00106909763412	-0.613230435178
4454244	0.00106909763412	-0.627753044479
4456764	0.00106909763412	-0.610327799339
4459417	0.00106909763412	-0.598233023426
4462014	0.00106909763412	-0.615449895384
4464527	0.00106909763412	-0.623222140362
4467077	0.00106909763412	-0.676122325938
4469735	0.00106909763412	-0.721887561958
4472277	0.00106909763412	-0.625244453549
4474778	0.00106909763412	-0.633702849038
4477555	0.00106909763412	-0.626495081233
4480073	0.00106909763412	-0.633140766295
4482766	0.00106909763412	-0.63329513045
4485317	0.00106909763412	-0.637519986369
4487837	0.00106909763412	-0.638891930459
4490344	0.00106909763412	-0.650175754912
4492852	0.00106909763412	-0.638500553556
4495357	0.00106909763412	-0.636902458267
4497896	0.00106909763412	-0.687888334505
4500485	0.00106909763412	-0.674458541675
4503358	0.00106909763412	-0.642674314091
4505884	0.00106909763412	-0.587119400967
4508424	0.00106909763412	-0.594555760501
4510926	0.00106909763412	-0.565294469241
4513432	0.00106909763412	-0.573556262767
4516175	0.00106909763412	-0.570516659878
4518911	0.00106909763412	-0.566833319841
4521535	0.00106909763412	-0.574598076753
4524038	0.00106909763412	-0.613093769411
4526570	0.00106909763412	-0.618814757559
4529344	0.00106909763412	-0.640456192195
4532085	0.00106909763412	-0.653901430313
4534599	0.00106909763412	-0.663719677832
4537326	0.00106909763412	-0.647572248476
4539958	0.00106909763412	-0.489936595317
4542868	0.00106909763412	-0.490382076707
4545455	0.00106909763412	-0.48762266594
4548162	0.00106909763412	-0.470578951295
4550706	0.00103647415665	-0.331387191312
4553244	0.00103647415665	-0.354618786369
4555803	0.00101631173874	-0.368267191108
4558333	0.00103647415665	-0.362761367112
4560868	0.00101631173874	-0.386809671065
4563772	0.00106909763412	-0.495801361743
4566275	0.00106909763412	-0.64029083983
4569073	0.00106909763412	-0.655623642728
4572334	0.00106909763412	-0.693532866426
4577439	0.00106909763412	-0.733409419423
4581637	0.00106909763412	-0.716367544373
4584568	0.00106909763412	-0.720292641548
4587768	0.00106909763412	-0.738071956672
4592360	0.00106909763412	-0.742786004674
4596529	0.00106909763412	-0.679594719782
4599811	0.00106909763412	-0.77629890875
4606864	0.00106909763412	-0.73811233812
4614566	0.00106909763412	-0.858664303552
4619478	0.00106909763412	-0.866910728393
4625108	0.00106909763412	-0.850541095482
4630647	0.00106909763412	-0.93338749907
4636000	0.00106909763412	-1.00773533713
4640656	0.00106909763412	-0.974911614787
4645695	0.00106909763412	-0.999599595787
4650602	0.00106909763412	-0.921809940133
4656360	0.00106909763412	-0.804423941299
4661573	0.00106909763412	-0.895645812154
4666969	0.00106909763412	-0.844884496182
4674209	0.00106909763412	-0.678122156532
4679430	0.00106909763412	-0.702170064673
4684099	0.00106909763412	-0.678982936079
4688751	0.00106909763412	-0.690302266041
4693438	0.00106909763412	-0.691195873544
4698515	0.00106909763412	-0.671014069812
4704080	0.00106909763412	-0.665678319987
4709935	0.00106909763412	-0.670026798965
4715789	0.00106909763412	-0.619682844263
4721625	0.00106909763412	-0.53126963228
4727453	0.00106909763412	-0.552465469576
4733268	0.00106909763412	-0.575449116528
4739272	0.00106909763412	-0.544180584606
4745226	0.00106909763412	-0.521431295667
4751073	0.00106909763412	-0.51138930209
4756979	0.00106909763412	-0.55292530614
4762853	0.00106909763412	-0.551002640277
4768671	0.00106909763412	-0.521532719256
4774521	0.00106909763412	-0.521600106265
4780371	0.00106909763412	-0.528092211578
4786187	0.00106909763412	-0.561229578918
4792042	0.00106909763412	-0.552325108321
4797907	0.00106909763412	-0.533190629212
4810169	0.00106909763412	-0.530869984766
4825894	0.00106909763412	-0.486796816345
4841543	0.00106909763412	-0.504308869364
4860039	0.00106909763412	-0.496498037362
4875837	0.00106909763412	-0.49132212624
4891520	0.00106909763412	-0.491054805461
4904617	0.00106909763412	-0.555069840979
4914704	0.00106909763412	-0.52188484068
4924859	0.00106909763412	-0.513420341769
4936199	0.00106909763412	-0.519792395644
4946288	0.00106909763412	-0.56559491693
4956295	0.00106909763412	-0.590940841008
4966302	0.00106909763412	-0.513839569641
4976638	0.00106909763412	-0.546051880345
4988295	0.00106909763412	-0.498909142334
5042985	0.00106909763412	-0.520557389362
5046529	0.00106909763412	-0.549351057736
5050325	0.00106909763412	-0.5656181206
5056193	0.00106909763412	-0.579277040903
5060275	0.00106909763412	-0.593472167151
5063972	0.00106909763412	-0.603637866909
5067487	0.00106909763412	-0.593866237439
5071057	0.00106909763412	-0.573669834062
5074777	0.00106909763412	-0.54957783944
5078638	0.00106909763412	-0.546653535683
5082254	0.00106909763412	-0.583197279135
5085896	0.00106909763412	-0.58790998091
5089848	0.00106909763412	-0.589056677883
5093686	0.00106909763412	-0.595146580599
5097275	0.00106909763412	-0.591924895998
5100645	0.00106909763412	-0.623391622677
5103154	0.00106909763412	-0.632696191082
5105811	0.00106909763412	-0.622954725521
5108410	0.00106909763412	-0.625022524735
5111348	0.00106909763412	-0.610593931051
5113883	0.00106909763412	-0.623086718144
5116510	0.00106909763412	-0.62257012492
5119408	0.00106909763412	-0.596890756395
5122346	0.00106909763412	-0.778182664188
5144249	0.00106909763412	-0.787666072836
5146758	0.00106909763412	-0.757453270722
5149310	0.00106909763412	-0.76893192553
5151823	0.00106909763412	-0.767940387363
5154375	0.00106909763412	-0.765763859265
5156920	0.00106909763412	-0.774507215247
5159834	0.00106909763412	-0.770320674172
5162946	0.00106909763412	-0.768916906323
5165615	0.00106909763412	-0.766157856211
5168354	0.00106909763412	-0.7537908128
5171241	0.00106909763412	-0.768546267413
5173742	0.00106909763412	-0.788760672323
5176429	0.00106909763412	-0.795087244827
5178939	0.00106909763412	-0.781113663921
5182409	0.00106909763412	-0.768924688455
5184935	0.00106909763412	-0.791647558566
5187453	0.00106909763412	-0.830803405959
5190001	0.00106909763412	-0.867077729432
5192768	0.00106909763412	-0.84819787438
5195347	0.00106909763412	-0.926608625567
5197891	0.00106909763412	-0.933586108964
5200534	0.00106909763412	-0.936350756092
5203053	0.00106909763412	-0.927528275177
5205680	0.00106909763412	-0.910453557502
5208576	0.00106909763412	-0.941916972399
5211090	0.00106909763412	-0.961273971014
5213768	0.00106909763412	-1.03324659634
5216283	0.00106909763412	-1.01838020096
5218908	0.00106909763412	-0.931344112614
5221813	0.00106909763412	-0.975658319425
5224326	0.00106909763412	-0.95078551583
5227409	0.00106909763412	-0.960954968352
5230313	0.00106909763412	-0.947475350695
5232846	0.00106909763412	-0.936274390202
5235407	0.00106909763412	-0.906360398512
5238008	0.00106909763412	-0.923267411999
5240653	0.00106909763412	-0.908146745758
5244812	0.00106909763412	-0.911397991935
5247315	0.00106909763412	-0.938258024165
5249833	0.00106909763412	-0.945446240716
5252749	0.00106909763412	-0.940144375665
5255476	0.00106909763412	-0.909538548673
5258130	0.00106909763412	-0.907067252789
5260676	0.00106909763412	-0.906570064835
5263182	0.00106909763412	-0.915608861949
5265684	0.00106909763412	-0.946703557391
5268195	0.00106909763412	-0.936125379987
5270881	0.00106909763412	-0.941791333258
5276247	0.00106909763412	-0.927483784035
5279176	0.00106909763412	-0.917900485918
5281692	0.00106909763412	-0.90840036422
5284204	0.00106909763412	-0.928991500288
5287666	0.00106909763412	-0.994911117014
5290459	0.00106909763412	-0.992038649507
5292986	0.00106909763412	-0.990989930695
5295496	0.00106909763412	-1.00389404222
5298011	0.00106909763412	-0.976910260972
5300512	0.00106909763412	-1.0022179666
5303036	0.00106909763412	-1.01891852822
5305678	0.00106909763412	-0.946833329974
5308195	0.00106909763412	-0.948952895124
5310699	0.00106909763412	-0.948001341196
5313472	0.00106909763412	-0.828724156832
5317744	0.00106909763412	-0.769979986828
5320274	0.00106909763412	-0.814910571324
5322804	0.00106909763412	-0.821500317659
5325389	0.00106909763412	-0.831289341673
5328688	0.00106909763412	-0.785474363016
5331209	0.00106909763412	-0.729026500601
5334031	0.00106909763412	-0.74768552254
5336624	0.00106909763412	-0.76050538267
5339182	0.00106909763412	-0.785427366383
5341820	0.00106909763412	-0.783984913724
5344334	0.00106909763412	-0.800742114196
5347037	0.00106909763412	-0.805456218077
5349555	0.00106909763412	-0.782399967313
5352112	0.00106909763412	-0.759511373006
5354822	0.00106909763412	-0.771360247629
5357342	0.00106909763412	-0.918268180452
5360271	0.00106909763412	-0.91721278918
5362846	0.00106909763412	-0.992059718585
5365418	0.00106909763412	-0.97972534853
5368040	0.00106909763412	-0.839200204704
5370602	0.00106909763412	-0.845192961395
5373181	0.00106909763412	-0.864629460499
5375830	0.00106909763412	-0.723212909652
5378923	0.00106909763412	-0.770544508472
5381836	0.00106909763412	-0.768093694933
5384485	0.00106909763412	-0.746635903139
5387053	0.00106909763412	-0.741520559881
5389579	0.00106909763412	-0.728416642174
5392124	0.00106909763412	-0.748137256363
5394731	0.00106909763412	-0.708354946459
5397239	0.00106909763412	-0.707666880684
5400003	0.00106909763412	-0.718333452009
5402820	0.00106909763412	-0.786407974083
5405357	0.00106909763412	-0.793013475602
5407893	0.00106909763412	-0.801024840446
5410466	0.00106909763412	-0.773854398867
5413133	0.00106909763412	-0.757229268318
5415794	0.00106909763412	-0.782354827039
5418331	0.00106909763412	-0.772984720999
5421663	0.00106909763412	-0.757661362179
5424164	0.00106909763412	-0.719873089343
5426789	0.00106909763412	-0.78312476771
5429728	0.00106909763412	-0.765614876524
5432304	0.00106909763412	-0.769174084067
5434895	0.00106909763412	-0.803056751844
5437409	0.00106909763412	-0.801490703598
5439925	0.00106909763412	-0.802226448432
5443289	0.00106909763412	-0.714666697197
5445793	0.00106909763412	-0.705262816045
5448349	0.00106909763412	-0.703122333391
5450866	0.00106909763412	-0.685002207989
5453424	0.00106909763412	-0.65520057641
5456399	0.00106909763412	-0.614726386033
5459023	0.00106909763412	-0.623406980187
5461661	0.00106909763412	-0.622381598456
5464260	0.00106909763412	-0.612615380436
5466895	0.00106909763412	-0.593640362378
5469412	0.00106909763412	-0.613175089005
5472139	0.00106909763412	-0.677004903555
5474670	0.00106909763412	-0.666257567005
5477259	0.00106909763412	-0.67825411167
5479781	0.00106909763412	-0.670643915189
5482586	0.00106909763412	-0.607155575184
5485290	0.00106909763412	-0.600459530484
5487901	0.00106909763412	-0.575828497997
5490405	0.00106909763412	-0.515509463847
5492976	0.00106909763412	-0.506205269601
5495517	0.00106909763412	-0.542794712586
5498084	0.00106909763412	-0.456389185041
5500997	0.00106909763412	-0.444849350955
5503526	0.00106909763412	-0.402983313426
5506032	0.00106909763412	-0.394232081017
5508559	0.00106909763412	-0.370396792889
5511391	0.00106909763412	-0.339078231482
5513993	0.00106909763412	-0.390033150325
5516611	0.00106909763412	-0.369299922837
5519204	0.00106909763412	-0.349164519459
5521792	0.00106909763412	-0.338058708934
5524875	0.00106909763412	-0.287829307839
5527711	0.00106909763412	-0.276607710402
5530267	0.00103647415665	-0.219438616186
5532817	0.00106909763412	-0.259743406903
5535580	0.00106909763412	-0.288347512949
5538114	0.00103647415665	-0.214356139535
5540661	0.00103647415665	-0.209897821071
5543285	0.00103647415665	-0.216923264554
5545886	0.00103647415665	-0.131935273763
5548476	0.0011218835295	-0.0475362255238
5551804	0.0011218835295	0.00400324468501
5554321	0.00266695359922	0.0838797546457
5556980	0.00401628280411	0.22001814167
5559581	0.00451627798167	0.352868187241
5562274	0.00560167770965	0.370233197464
5564890	0.00401628280411	0.24177059764
5567410	0.00268711601713	0.156778556295
5569915	0.0011218835295	-0.0659017651342
5572439	0.0011218835295	-0.00862971507013
5575107	0.0011218835295	-0.0325577934273
5578850	0.0011218835295	-0.0341563725378
5581354	0.00122745532026	0.0120728397742
5583979	0.00122745532026	0.03436573199
5586481	0.00217465978001	0.0419495112728
5589014	0.00217465978001	0.0462762559764
5591533	0.00270727843504	0.115958992392
5594089	0.00268711601713	0.0806829091161
5596735	0.00122745532026	0.0399788701907
5599255	0.00270727843504	0.0622419139836
5601984	0.00397595796829	0.124209219357
5604732	0.00560167770965	0.274655153742
5607261	0.00650855733357	0.448168946197
5609833	0.00902869563929	0.56583052408
5612419	0.00900853322138	0.525438399753
5614957	0.00900853322138	0.501383899944
5617694	0.00650855733357	0.320268472424
5620573	0.00397595796829	0.107883028686
5623212	0.00122745532026	0.0115805757232
5625868	0.0011218835295	-0.0124505513813
5628434	0.00103647415665	-0.0311047211289
5634179	0.00106909763412	-0.179408616154
5636717	0.00106909763412	-0.0882198917679
5639367	0.0011218835295	-0.0339632653631
5641901	0.00217465978001	0.0502168799285
5645015	0.00265449253966	0.0622558435425
5647532	0.00122745532026	0.0238221068867
5650225	0.00122745532026	0.0120465569198
5652877	0.0011218835295	-0.00222580414265
5655434	0.00106909763412	-0.0527168912813
5666798	0.00106909763412	-0.116778902011
5669358	0.00106909763412	-0.185385026038
5671900	0.00106909763412	-0.215498154983
5674533	0.00106909763412	-0.163722593803
5677189	0.00106909763412	-0.144735449227
5679762	0.00106909763412	-0.133171842666
5682360	0.00106909763412	-0.095087783644
5684996	0.00106909763412	-0.0802795668133
5687522	0.00110172111159	-0.0488621226978
5690057	0.00120729290235	0.00564110185951
5692804	0.00120729290235	0.00706649315543
5695329	0.00145105996135	0.00840220204554
5700108	0.00120729290235	0.00147279328667
5702711	0.00217465978001	0.0446803567465
5705320	0.00334546888084	0.0972617650405
5707903	0.00659396670643	0.438907211414
5710680	0.0098377048308	0.89103599498
5713504	0.0132647227604	1.38033488044
5717488	0.0147042210394	1.24816191872
5720711	0.0147042210394	1.13135475689
5723334	0.0119557183914	0.894286219263
5725964	0.00902869563929	0.554750822252
5729041	0.00808149117955	0.33456257591
5731668	0.00659396670643	0.220578115666
5734376	0.00483775305518	0.177057419438
5736988	0.00334546888084	0.0476412032731
5739647	0.00334546888084	0.0811968392227
5742241	0.00356907352193	0.133366636932
5745079	0.00659396670643	0.316594938748
5748760	0.00898837080348	0.599051566096
5751527	0.00808149117955	0.529669679934
5754069	0.00659396670643	0.4309965875
5756608	0.00550856697845	0.313033761689
5759321	0.00550856697845	0.282145108329
5762171	0.00550856697845	0.294718846679
5764832	0.00808149117955	0.518925756216
5767612	0.00898837080348	0.645308447769
5770134	0.00979737999498	0.740178219276
5772755	0.00898837080348	0.555400279816
5775411	0.00915918954918	0.738405968994
5778127	0.00979737999498	0.821603951743
5781083	0.0132647227604	1.40352206538
5783788	0.0158625690807	2.0457629743
5786450	0.0193222104878	3.10702882335
5788975	0.0231638142221	3.6063493134
5791788	0.0231638142221	3.46140378551
5794291	0.0211964569894	3.14703560737
5796879	0.0188951636235	2.660122131
5799415	0.0147042210394	1.48360724514
5802203	0.0147042210394	1.52184774913
5804861	0.0194930292335	2.46846471145
5807679	0.0231638142221	2.4281944558
5810243	0.0231638142221	2.12354767602
5812821	0.0193222104878	1.62747679069
5816638	0.0179479591638	1.14098678133
5871347	0.00171974913948	-0.00703481095843
5924971	0.0189402481606	0.269243113697
5928799	0.00171974913948	0.00070381257683
5931805	0.00108926005203	-0.0275797504
5934536	0.00442316725047	0.0887943599373
5937142	0.00616691984216	0.191929394379
5939843	0.00878492858029	0.290686765919
5942670	0.0109154032004	0.490888507105
5945309	0.0145737271295	0.786251860671
5948233	0.0145737271295	0.721683194395
5951082	0.011415398378	0.545528600924
5953646	0.00878492858029	0.325571305351
5956327	0.0101063940089	0.525256692898
5958890	0.0145737271295	1.01048944565
5961437	0.0131265274922	1.07832591212
5964231	0.0109154032004	0.725704428507
5966926	0.0101063940089	0.667886312352
5969495	0.011415398378	1.05557189463
5972011	0.0211513724523	2.71300168056
5974608	0.0269200085836	3.82115806639
5977129	0.0306685015868	4.87462034798
5980016	0.0325178259692	5.38616503868
5982668	0.0320629153287	5.32861767872
5986986	0.0318796355234	5.25000812253
5990070	0.024578390382	4.21505223005
5993279	0.0241311810998	4.30044700229
5995950	0.0235457765494	3.65330625023
5999090	0.0269200085836	4.4128427119
6001631	0.0288595020402	4.87436019676
6005944	0.0306886640047	5.33776212204
6009409	0.0269200085836	4.87172477855
6012298	0.0211513724523	4.11236766283
6015286	0.0211513724523	3.69923112239
6017900	0.0211513724523	3.64038347895
6020770	0.0189402481606	3.67875863588
6023641	0.0145737271295	1.66950870887
6026418	0.0167771500629	1.72154886555
6029592	0.0145737271295	1.38119563856
6032420	0.011415398378	0.815216125455
6035018	0.0109154032004	0.62769349548
6037588	0.00940295660818	0.420487389434
6040223	0.00940295660818	0.365355015034
6042774	0.00728494304761	0.284145844402
6045488	0.00535791065065	0.188530111918
6048333	0.00280514886746	0.0473333729897
6050837	0.00108926005203	-0.0849618562497
6053362	0.00108926005203	-0.0671334783547
6055903	0.00171974913948	0.00269179744646
6058452	0.00419956260938	0.0665622616652
6061380	0.00171974913948	0.00758930016309
6063903	0.00171974913948	-0.0139657575637
6066679	0.00171974913948	-0.0160012096167
6069262	0.00171974913948	-0.0101577513851
6071868	0.00171974913948	0.00620702700689
6074424	0.00280514886746	0.0461551165208
6076956	0.00501627315923	0.201465866528
6079854	0.00940295660818	0.574074983597
6083051	0.011415398378	0.962231818121
6085572	0.011415398378	1.0450720205
6088239	0.0155333926488	1.6283830055
6090817	0.0183548436101	1.94572058739
6093337	0.0145737271295	1.36171310162
6095875	0.0145737271295	1.09311636304
6098385	0.0109154032004	0.754654510878
6101065	0.00816690055241	0.43101610383
6104023	0.00280514886746	0.0576788356993
6106850	0.00171974913948	-0.0233783531003
6109606	0.00171974913948	-0.0279318483081
6112177	0.00171974913948	-0.0013314851094
6114699	0.00690298072037	0.478485923493
6117508	0.011415398378	0.925084731309
6120078	0.0118175231231	1.10940350778
6122614	0.0183548436101	1.87678538496
6125260	0.0211513724523	2.2282586589
6127786	0.0235457765494	2.6089507693
6130361	0.0271963991201	2.92169169732
6133314	0.0306032546318	3.57057349989
6135908	0.0399495650206	4.69670023606
6138423	0.0399495650206	5.52729167603
6141096	0.0510473293594	7.65991759626
6144480	0.0529541993384	9.15097223362
6147294	0.0584790684107	10.7564181553
6150143	0.0584790684107	11.2244660144
6152812	0.0584790684107	10.1908850889
6155431	0.0670970192796	11.1211546811
6158369	0.0705240372093	11.906507052
6161158	0.0705240372093	12.6309967416
6163664	0.0705240372093	13.7397994858
6166711	0.0718656650558	15.0983564074
6169247	0.0718656650558	15.8361166832
6171865	0.0718656650558	17.7636572206
6174370	0.0718656650558	17.7719426728
6176903	0.0718656650558	17.3389917065
6179418	0.0718656650558	16.7803396904
6181951	0.0718656650558	15.8603371228
6184546	0.0718656650558	15.2941469245
6187401	0.0719635354882	14.9855316477
6189921	0.0719635354882	14.5563736109
6193067	0.0719635354882	13.6650092003
6199573	0.0719635354882	12.553892954
6202081	0.071760093265	11.1873449148
6204585	0.071760093265	10.4268242803
6207356	0.0705240372093	11.225642778
6209998	0.0705240372093	11.5764939503
6212512	0.0705240372093	11.5288807976
6216441	0.0705240372093	10.2090351211
6222662	0.0716545214743	9.20770661719
6225253	0.0682150424851	8.03188178083
6227946	0.066418503998	7.35671462212
6230542	0.0510473293594	5.9668935081
6233121	0.0454945965108	6.59569393774
6235664	0.0454945965108	8.35524767824
6238193	0.0486126004265	7.76565647591
6240706	0.0454945965108	6.68109665322
6243322	0.0510473293594	6.73868761864
6246218	0.0454945965108	5.43259244994
6248736	0.0454945965108	3.93498088582
6251264	0.0454945965108	3.63436433394
6253816	0.0454945965108	4.63650743198
6256319	0.0454945965108	5.14955776487
6258837	0.0454945965108	6.16753546544
6261343	0.0510473293594	7.52823948651
6263855	0.052921575861	7.98082391266
6266359	0.0552833564805	7.89802874532
6269037	0.0584790684107	8.50017963909
6271553	0.0584790684107	9.42379569449
6274290	0.0584790684107	10.5932822987
6277023	0.0584790684107	11.8940903996
6279584	0.0584790684107	12.6516901001
6282217	0.0584790684107	13.606897735
6284806	0.0584790684107	14.4115143954
6287338	0.0552833564805	13.4973659064
6289873	0.0529541993384	12.4386829187
6292383	0.0510473293594	11.4364134385
6295038	0.0504542234506	10.2432308404
6297930	0.0468036008799	9.27719487157
6300740	0.0433765829502	8.15534263686
6303346	0.0399495650206	7.43127697194
6306095	0.0329650352514	6.05443048081
6308658	0.0329650352514	5.57308136486
6311238	0.0321560260599	4.85102284024
6313768	0.0306032546318	4.88049601461
6316495	0.0269650931207	4.23224868835
6319197	0.0269650931207	4.23551703244
6322089	0.0235457765494	3.47151789791
6324621	0.0189402481606	2.46462157485
6327195	0.0189402481606	2.31033146661
6329954	0.0189402481606	2.01329216175
6332463	0.0189402481606	2.00512916967
6335212	0.0189402481606	2.08077416825
6338100	0.0189402481606	1.91319946758
6340630	0.0189402481606	1.86930880742
6343176	0.015980601931	1.38704764284
6345948	0.011415398378	0.80254689767
6348460	0.00804116634373	0.236894649686
6351042	0.00334546888084	0.0655049039051
6353557	0.00171974913948	0.0049147112295
6356063	0.00158925522959	-0.0420030541718
6358799	0.00108926005203	-0.0606313503813
6361930	0.00108926005203	-0.150668196846
6364523	0.00108926005203	-0.134968483821
6367141	0.00108926005203	-0.0773084303364
6369702	0.00108926005203	-0.0671381822322
6372209	0.00108926005203	-0.0755598843098
6374721	0.00108926005203	-0.0793819844257
6377319	0.00108926005203	-0.0920895300806
6380116	0.00108926005203	-0.116276411572
6382733	0.00106909763412	-0.144572066376
6385339	0.00106909763412	-0.139846297447
6387917	0.00106909763412	-0.16409036913
6390429	0.00106909763412	-0.160193189047
6392941	0.00106909763412	-0.159681936726
6395594	0.00106909763412	-0.157435832079
6398166	0.00106909763412	-0.148115610238
6400742	0.00106909763412	-0.108215937158
6403274	0.00106909763412	-0.0987186545972
6405788	0.00106909763412	-0.09061274142
6408365	0.00106909763412	-0.081942924764
6411180	0.00106909763412	-0.0684410165995
6413723	0.00106909763412	-0.0709407387767
6416322	0.00145105996135	-0.022836541757
6419102	0.00145105996135	0.00474605802447
6421606	0.00145105996135	0.0100365597755
6424218	0.00145105996135	-0.00176954059862
6426748	0.00145105996135	0.0021393566858
6429393	0.00145105996135	-0.00141253951006
6431956	0.00442316725047	0.136777947424
6434641	0.00397595796829	0.0867386602331
6437184	0.00397595796829	0.105595730944
6439910	0.00397595796829	0.0687765693292
6442434	0.00217465978001	0.0532296537422
6444972	0.00442316725047	0.151432748651
6447655	0.00442316725047	0.197311258176
6450249	0.00650855733357	0.27743058838
6452987	0.00650855733357	0.260986979352
6455553	0.00442316725047	0.187215482583
6458207	0.00217465978001	0.0394503679127
6460856	0.00217465978001	0.0355780879036
6463420	0.00145105996135	0.0276575353928
6466291	0.00217465978001	0.0322330933996
6468870	0.00145105996135	0.00552348978817
6472401	0.00122745532026	0.0050457327161
6474909	0.0011218835295	-0.0204291278496
6477423	0.0011218835295	-0.0547361015342
6480129	0.00106909763412	-0.0952749175485
6482699	0.00106909763412	-0.134098562645
6485347	0.00106909763412	-0.195550246397
6487963	0.00106909763412	-0.289031333057
6490668	0.00106909763412	-0.305917979684
6493516	0.00106909763412	-0.336855453206
6496154	0.00106909763412	-0.497988923918
6498720	0.00106909763412	-0.56374734873
6501264	0.00106909763412	-0.57136682095
6504559	0.00106909763412	-0.385087695671
6507418	0.00106909763412	-0.347951961216
6510034	0.00106909763412	-0.285741150612
6512641	0.00106909763412	-0.24961303873
6515159	0.00106909763412	-0.253040842013
6517809	0.00106909763412	-0.284839418484
6520477	0.00106909763412	-0.3372245098
6523359	0.00106909763412	-0.394077908946
6525866	0.00106909763412	-0.466142282588
6529649	0.00106909763412	-0.191782264039
6533698	0.00103647415665	-0.145907231607
6536294	0.0011218835295	-0.120418175124
6539145	0.0011218835295	-0.0675984199625
6541931	0.0011218835295	-0.0771032504272
6544514	0.0011218835295	-0.107062764233
6547181	0.0011218835295	-0.113083149306
6549895	0.0011218835295	-0.135982272914
6552396	0.0011218835295	-0.158275486669
6555232	0.00103647415665	-0.163038742263
6557851	0.00106909763412	-0.215277618496
6560354	0.00106909763412	-0.24310445576
6563160	0.00106909763412	-0.261774991872
6565834	0.00106909763412	-0.261768200202
6568384	0.00106909763412	-0.523818700574
6570965	0.00106909763412	-0.457895704545
6573743	0.00106909763412	-0.300982061075
6576272	0.00106909763412	-0.283880905248
6578920	0.00106909763412	-0.283989475342
6581573	0.00106909763412	-0.289350445848
6584177	0.00106909763412	-0.34154537064
6587467	0.00106909763412	-0.371244734153
6590444	0.00106909763412	-0.362863046816
6593433	0.00106909763412	-0.358978744596
6596111	0.00106909763412	-0.342082334682
6598638	0.00106909763412	-0.334946444724
6601152	0.00106909763412	-0.345017177984
6604320	0.00106909763412	-0.342598186573
6607071	0.00106909763412	-0.366020463873
6609788	0.00106909763412	-0.387297240552
6612397	0.00106909763412	-0.436475086259
6615017	0.00106909763412	-0.458442174131
6618528	0.00106909763412	-0.487076107878
6621115	0.00106909763412	-0.516156452009
6623682	0.00106909763412	-0.544459338533
6626234	0.00106909763412	-0.544685925823
6628762	0.00106909763412	-0.517140402924
6631263	0.00106909763412	-0.506161721423
6633996	0.00106909763412	-0.478340764064
6636764	0.00106909763412	-0.46164526185
6639886	0.00106909763412	-0.452778609004
6643539	0.00106909763412	-0.448278293479
6646125	0.00106909763412	-0.443137169816
6648660	0.00106909763412	-0.428608766757
6651244	0.00106909763412	-0.44149861997
6655269	0.00106909763412	-0.525870935526
6658006	0.00106909763412	-0.604237914318
6660697	0.00106909763412	-0.628874569433
6663278	0.00106909763412	-0.592790361494
6665839	0.00106909763412	-0.593105822802
6668381	0.00106909763412	-0.560226701899
6670979	0.00106909763412	-0.527731524315
6673923	0.00106909763412	-0.491544931429
6677022	0.00106909763412	-0.486312665977
6679593	0.00106909763412	-0.445373459952
6682175	0.00106909763412	-0.417302297661
6684771	0.00106909763412	-0.395802219631
6687276	0.00106909763412	-0.397914296715
6689892	0.00106909763412	-0.416950565996
6692758	0.00106909763412	-0.426212559221
6695620	0.00106909763412	-0.45676964405
6698138	0.00106909763412	-0.455286323326
6700655	0.00106909763412	-0.344121659407
6703302	0.0011218835295	-0.289023361169
6705878	0.0011218835295	-0.240566691617
6708928	0.0011218835295	-0.222354276106
6711436	0.0011218835295	-0.221623448422
6714040	0.0011218835295	-0.242822395172
6716795	0.0011218835295	-0.270853893831
6719440	0.0011218835295	-0.279885174474
6721965	0.0011218835295	-0.271962790517
6724587	0.0011218835295	-0.260948963463
6727422	0.0011218835295	-0.267465017969
6730384	0.0011218835295	-0.261253797449
6733570	0.0011218835295	-0.239150912268
6736299	0.0011218835295	-0.312208819669
6738881	0.00106909763412	-0.343471386703
6741554	0.00106909763412	-0.389907450415
6744307	0.00106909763412	-0.433056453941
6747066	0.00106909763412	-0.464627757901
6749736	0.00106909763412	-0.435620093253
6752700	0.00106909763412	-0.409322079737
6755941	0.00106909763412	-0.414072114741
6758821	0.00106909763412	-0.344287326559
6761445	0.0011218835295	-0.137712934986
6764385	0.0011218835295	-0.0359690038022
6767276	0.0011218835295	-0.0982460037339
6770968	0.0011218835295	-0.111883055884
6773660	0.0011218835295	-0.0610919608735
6776388	0.0011218835295	-0.0617436184548
6779059	0.0011218835295	-0.110960501712
6781561	0.0011218835295	-0.222506838618
6784272	0.0011218835295	-0.270485834917
6786961	0.0011218835295	-0.308572428068
6789462	0.00103647415665	-0.333761941874
6792116	0.00106909763412	-0.42260522116
6794901	0.00106909763412	-0.456049470697
6797879	0.00106909763412	-0.475804850459
6800857	0.00106909763412	-0.485164721729
6803931	0.00106909763412	-0.517405010294
6806976	0.00106909763412	-0.566958507756
6809484	0.00106909763412	-0.642873500008
6812282	0.00106909763412	-0.807734784205
6814807	0.00106909763412	-0.939902751241
6817310	0.00106909763412	-0.952282875543
6820140	0.00106909763412	-0.780934075359
6822645	0.00106909763412	-0.748331519309
6825220	0.00106909763412	-0.745687486371
6828266	0.00106909763412	-0.752548887627
6830771	0.00106909763412	-0.765854956582
6833384	0.00106909763412	-0.752456071321
6836203	0.00106909763412	-0.721155306092
6838931	0.00106909763412	-0.701413291274
6842562	0.00106909763412	-0.670293283882
6845169	0.00106909763412	-0.669931850396
6847696	0.00106909763412	-0.686105161905
6850322	0.00106909763412	-0.671899426263
6852860	0.00106909763412	-0.684386907844
6855697	0.00106909763412	-0.706231708638
6859171	0.00106909763412	-0.608009219868
6861780	0.00103647415665	-0.521982126636
6864403	0.00103647415665	-0.490724994801
6867025	0.00103647415665	-0.512896963861
6869620	0.00103647415665	-0.506384389941
6872171	0.00103647415665	-0.511690274579
6875169	0.00103647415665	-0.523365182802
6877704	0.00103647415665	-0.517145458376
6880469	0.00103647415665	-0.480644101044
6883078	0.00103647415665	-0.468446312938
6885701	0.00106909763412	-0.604903094471
6888286	0.00106909763412	-0.638341140235
6890813	0.00106909763412	-0.676069068955
6893689	0.00106909763412	-0.765797786647
6896244	0.00106909763412	-0.798038000241
6898897	0.00106909763412	-0.807284027571
6901557	0.00106909763412	-0.889086179901
6904379	0.00106909763412	-1.00248098909
6907045	0.00106909763412	-1.02067691903
6909600	0.00106909763412	-0.922153470339
6912115	0.00106909763412	-0.856586287264
6914676	0.00106909763412	-0.663933058269
6917218	0.00106909763412	-0.571868629195
6920031	0.00103647415665	-0.479924786603
6922700	0.00103647415665	-0.438691405114
6925258	0.00103647415665	-0.416927265702
6927795	0.00103647415665	-0.409857296851
6930450	0.00103647415665	-0.404629714554
6933096	0.00103647415665	-0.421312814346
6936084	0.00103647415665	-0.434755493887
6938727	0.00103647415665	-0.430788391037
6941335	0.00103647415665	-0.428058834048
6944073	0.00106909763412	-0.474827863043
6946636	0.00106909763412	-0.526086515049
6949148	0.00106909763412	-0.533683913993
6951655	0.00106909763412	-0.549237247789
6954156	0.00106909763412	-0.560113851912
6956798	0.00106909763412	-0.613984717056
6960001	0.00106909763412	-0.608556283405
6962520	0.00106909763412	-0.637685871916
6965442	0.00106909763412	-0.672581868479
6967971	0.00106909763412	-0.757548448863
6970761	0.00106909763412	-0.743790264241
6973381	0.00106909763412	-0.696669806726
6975960	0.00106909763412	-0.687886760803
6978541	0.00106909763412	-0.689922327641
6981208	0.00106909763412	-0.678129001521
6984029	0.00106909763412	-0.706069786102
6986561	0.00106909763412	-0.713254101342
6989243	0.00106909763412	-0.728985353373
6991813	0.00106909763412	-0.67294367915
6995686	0.00106909763412	-0.620660487795
6998314	0.00106909763412	-0.542917003157
7000950	0.00106909763412	-0.526855661068
7003698	0.00106909763412	-0.523409921909
7006245	0.00106909763412	-0.469665838405
7009247	0.00106909763412	-0.425834510475
7011977	0.00106909763412	-0.395929739578
7014494	0.00106909763412	-0.371640479425
7017007	0.00106909763412	-0.33255320834
7019683	0.00106909763412	-0.307932259981
7022454	0.00106909763412	-0.274931606371
7025310	0.00106909763412	-0.25624255836
7027960	0.00106909763412	-0.251077815425
7030553	0.00110172111159	-0.23521523946
7033202	0.00110172111159	-0.196325850673
7035889	0.00110172111159	-0.133475418203
7038586	0.00110172111159	-0.107704065042
7041360	0.00110172111159	-0.0696112180594
7043875	0.00122745532026	-0.00420495355502
7046474	0.00145105996135	0.019709476037
7049037	0.00145105996135	-0.00421292963438
7051547	0.00145105996135	0.0177870858461
7054119	0.00217465978001	0.0495016325731
7056997	0.0039961203862	0.0957158044912
7059502	0.0039961203862	0.1477039936
7062068	0.00659396670643	0.251338768285
7064619	0.00900853322138	0.467167968163
7067131	0.0115085091092	0.679513494484
7069672	0.0118827700781	0.956345112296
7072210	0.0118827700781	1.05328997504
7074807	0.0161514206767	1.90240075043
7077845	0.0179479591638	2.04121676157
7080793	0.0179479591638	1.68672608095
7083659	0.0161514206767	1.28923725849
7086318	0.0147042210394	0.975712375948
7088822	0.0118626076602	0.730630110484
7091443	0.0118626076602	0.634432078572
7093983	0.0161514206767	1.1842426057
7096535	0.0179479591638	1.36058238475
7099790	0.0188951636235	1.38130733324
7102307	0.0179479591638	1.213044815
7105023	0.0179479591638	0.948670387501
7107979	0.0147042210394	0.762482641032
7111148	0.0118626076602	0.5855737729
7118387	0.00898837080348	0.276161420625
7120920	0.00145105996135	0.0126274391077
7123553	0.00145105996135	-0.0108351521194
7126413	0.00145105996135	-0.0427362746559
7128936	0.00145105996135	-0.0790377655067
7131597	0.00110172111159	-0.0560420805123
7134227	0.00110172111159	-0.0906746080145
7136737	0.00110172111159	-0.0792399845086
7139428	0.00145105996135	-0.0519162300043
7141936	0.00334546888084	0.0364357379731
7144463	0.0039961203862	0.0865150978789
7147128	0.00898837080348	0.167111900635
7151123	0.00898837080348	0.150599240558
